2026-04-12 15:03:08 | APIGateway | INFO  | o.h.validator.internal.util.Version | HV000001: Hibernate Validator 8.0.3.Final
2026-04-12 15:03:08 | APIGateway | INFO  | l.c.apigateway.ApiGatewayApplication | Starting ApiGatewayApplication using Java 22 with PID 24200 (D:\Library\APIGateway\target\classes started by vasia in D:\Library\APIGateway)
2026-04-12 15:03:08 | APIGateway | INFO  | l.c.apigateway.ApiGatewayApplication | No active profile set, falling back to 1 default profile: "default"
2026-04-12 15:03:09 | APIGateway | INFO  | o.s.cloud.context.scope.GenericScope | BeanFactory id=75412cec-13ab-32f1-87e6-021d8240753f
2026-04-12 15:03:10 | APIGateway | WARN  | o.s.c.g.c.GatewayClassPathWarningAutoConfiguration | 

**********************************************************

The artifact spring-cloud-gateway-server is deprecated. It will be removed in the next major release. Please add spring-cloud-gateway-server-webflux dependency.

**********************************************************


2026-04-12 15:03:10 | APIGateway | INFO  | o.s.c.g.r.RouteDefinitionRouteLocator | Loaded RoutePredicateFactory [After]
2026-04-12 15:03:10 | APIGateway | INFO  | o.s.c.g.r.RouteDefinitionRouteLocator | Loaded RoutePredicateFactory [Before]
2026-04-12 15:03:10 | APIGateway | INFO  | o.s.c.g.r.RouteDefinitionRouteLocator | Loaded RoutePredicateFactory [Between]
2026-04-12 15:03:10 | APIGateway | INFO  | o.s.c.g.r.RouteDefinitionRouteLocator | Loaded RoutePredicateFactory [Cookie]
2026-04-12 15:03:10 | APIGateway | INFO  | o.s.c.g.r.RouteDefinitionRouteLocator | Loaded RoutePredicateFactory [Header]
2026-04-12 15:03:10 | APIGateway | INFO  | o.s.c.g.r.RouteDefinitionRouteLocator | Loaded RoutePredicateFactory [Host]
2026-04-12 15:03:10 | APIGateway | INFO  | o.s.c.g.r.RouteDefinitionRouteLocator | Loaded RoutePredicateFactory [Method]
2026-04-12 15:03:10 | APIGateway | INFO  | o.s.c.g.r.RouteDefinitionRouteLocator | Loaded RoutePredicateFactory [Path]
2026-04-12 15:03:10 | APIGateway | INFO  | o.s.c.g.r.RouteDefinitionRouteLocator | Loaded RoutePredicateFactory [Query]
2026-04-12 15:03:10 | APIGateway | INFO  | o.s.c.g.r.RouteDefinitionRouteLocator | Loaded RoutePredicateFactory [ReadBody]
2026-04-12 15:03:10 | APIGateway | INFO  | o.s.c.g.r.RouteDefinitionRouteLocator | Loaded RoutePredicateFactory [RemoteAddr]
2026-04-12 15:03:10 | APIGateway | INFO  | o.s.c.g.r.RouteDefinitionRouteLocator | Loaded RoutePredicateFactory [XForwardedRemoteAddr]
2026-04-12 15:03:10 | APIGateway | INFO  | o.s.c.g.r.RouteDefinitionRouteLocator | Loaded RoutePredicateFactory [Weight]
2026-04-12 15:03:10 | APIGateway | INFO  | o.s.c.g.r.RouteDefinitionRouteLocator | Loaded RoutePredicateFactory [CloudFoundryRouteService]
2026-04-12 15:03:11 | APIGateway | WARN  | o.s.c.g.s.w.s.StarterDeprecatedAutoConfiguration | 

**********************************************************

spring-cloud-starter-gateway is deprecated. It will be removed in the next major release. Please use spring-cloud-starter-gateway-server-webflux instead.

**********************************************************


2026-04-12 15:03:11 | APIGateway | INFO  | o.s.b.w.e.netty.NettyWebServer | Netty started on port 8080 (http)
2026-04-12 15:03:11 | APIGateway | INFO  | l.c.apigateway.ApiGatewayApplication | Started ApiGatewayApplication in 3.133 seconds (process running for 11.311)
2026-04-12 15:05:22 | APIGateway | INFO  | l.c.a.filters.AuthenticationFilter | Starting of the filter
2026-04-12 15:05:22 | APIGateway | INFO  | l.c.a.filters.AuthenticationFilter | The route is public. Path: '/api/announcement/get-all'
2026-04-12 15:05:27 | APIGateway | INFO  | l.c.a.filters.AuthenticationFilter | Starting of the filter
2026-04-12 15:05:27 | APIGateway | INFO  | l.c.a.filters.AuthenticationFilter | The route is public. Path: '/api/book/most-popular-books'
2026-04-12 15:05:27 | APIGateway | ERROR | o.s.b.a.w.r.e.AbstractErrorWebExceptionHandler | [ef9d39a6-2]  500 Server Error for HTTP GET "/api/book/most-popular-books"
io.netty.channel.AbstractChannel$AnnotatedConnectException: Connection refused: getsockopt: localhost/127.0.0.1:8081
	Suppressed: reactor.core.publisher.FluxOnAssembly$OnAssemblyException: 
Error has been observed at the following site(s):
	*__checkpoint ⇢ org.springframework.cloud.gateway.filter.WeightCalculatorWebFilter [DefaultWebFilterChain]
	*__checkpoint ⇢ HTTP GET "/api/book/most-popular-books" [ExceptionHandlingWebHandler]
Original Stack Trace:
Caused by: java.net.ConnectException: Connection refused: getsockopt
	at java.base/sun.nio.ch.Net.pollConnect(Native Method)
	at java.base/sun.nio.ch.Net.pollConnectNow(Net.java:682)
	at java.base/sun.nio.ch.SocketChannelImpl.finishConnect(SocketChannelImpl.java:1060)
	at io.netty.channel.socket.nio.NioSocketChannel.doFinishConnect(NioSocketChannel.java:336)
	at io.netty.channel.nio.AbstractNioChannel$AbstractNioUnsafe.finishConnect(AbstractNioChannel.java:339)
	at io.netty.channel.nio.NioEventLoop.processSelectedKey(NioEventLoop.java:784)
	at io.netty.channel.nio.NioEventLoop.processSelectedKeysOptimized(NioEventLoop.java:732)
	at io.netty.channel.nio.NioEventLoop.processSelectedKeys(NioEventLoop.java:658)
	at io.netty.channel.nio.NioEventLoop.run(NioEventLoop.java:562)
	at io.netty.util.concurrent.SingleThreadEventExecutor$4.run(SingleThreadEventExecutor.java:998)
	at io.netty.util.internal.ThreadExecutorMap$2.run(ThreadExecutorMap.java:74)
	at io.netty.util.concurrent.FastThreadLocalRunnable.run(FastThreadLocalRunnable.java:30)
	at java.base/java.lang.Thread.run(Thread.java:1570)
2026-04-12 15:05:34 | APIGateway | INFO  | l.c.a.filters.AuthenticationFilter | Starting of the filter
2026-04-12 15:05:34 | APIGateway | INFO  | l.c.a.filters.AuthenticationFilter | The route is public. Path: '/api/book/most-popular-books'
2026-04-12 15:05:34 | APIGateway | ERROR | o.s.b.a.w.r.e.AbstractErrorWebExceptionHandler | [f846355e-3]  500 Server Error for HTTP GET "/api/book/most-popular-books"
io.netty.channel.AbstractChannel$AnnotatedConnectException: Connection refused: getsockopt: localhost/127.0.0.1:8081
	Suppressed: reactor.core.publisher.FluxOnAssembly$OnAssemblyException: 
Error has been observed at the following site(s):
	*__checkpoint ⇢ org.springframework.cloud.gateway.filter.WeightCalculatorWebFilter [DefaultWebFilterChain]
	*__checkpoint ⇢ HTTP GET "/api/book/most-popular-books" [ExceptionHandlingWebHandler]
Original Stack Trace:
Caused by: java.net.ConnectException: Connection refused: getsockopt
	at java.base/sun.nio.ch.Net.pollConnect(Native Method)
	at java.base/sun.nio.ch.Net.pollConnectNow(Net.java:682)
	at java.base/sun.nio.ch.SocketChannelImpl.finishConnect(SocketChannelImpl.java:1060)
	at io.netty.channel.socket.nio.NioSocketChannel.doFinishConnect(NioSocketChannel.java:336)
	at io.netty.channel.nio.AbstractNioChannel$AbstractNioUnsafe.finishConnect(AbstractNioChannel.java:339)
	at io.netty.channel.nio.NioEventLoop.processSelectedKey(NioEventLoop.java:784)
	at io.netty.channel.nio.NioEventLoop.processSelectedKeysOptimized(NioEventLoop.java:732)
	at io.netty.channel.nio.NioEventLoop.processSelectedKeys(NioEventLoop.java:658)
	at io.netty.channel.nio.NioEventLoop.run(NioEventLoop.java:562)
	at io.netty.util.concurrent.SingleThreadEventExecutor$4.run(SingleThreadEventExecutor.java:998)
	at io.netty.util.internal.ThreadExecutorMap$2.run(ThreadExecutorMap.java:74)
	at io.netty.util.concurrent.FastThreadLocalRunnable.run(FastThreadLocalRunnable.java:30)
	at java.base/java.lang.Thread.run(Thread.java:1570)
2026-04-12 15:05:37 | APIGateway | INFO  | l.c.a.filters.AuthenticationFilter | Starting of the filter
2026-04-12 15:05:37 | APIGateway | INFO  | l.c.a.filters.AuthenticationFilter | The route is public. Path: '/api/news/get-all'
2026-04-12 15:05:40 | APIGateway | INFO  | l.c.a.filters.AuthenticationFilter | Starting of the filter
2026-04-12 15:05:40 | APIGateway | INFO  | l.c.a.filters.AuthenticationFilter | The route is public. Path: '/api/auth/login'
2026-04-12 15:05:40 | APIGateway | INFO  | l.c.a.filters.AuthenticationFilter | Starting of the filter
2026-04-12 15:05:40 | APIGateway | INFO  | l.c.a.filters.AuthenticationFilter | The route is public. Path: '/api/book/most-popular-books'
2026-04-12 15:05:40 | APIGateway | ERROR | o.s.b.a.w.r.e.AbstractErrorWebExceptionHandler | [f846355e-6]  500 Server Error for HTTP GET "/api/book/most-popular-books"
io.netty.channel.AbstractChannel$AnnotatedConnectException: Connection refused: getsockopt: localhost/127.0.0.1:8081
	Suppressed: reactor.core.publisher.FluxOnAssembly$OnAssemblyException: 
Error has been observed at the following site(s):
	*__checkpoint ⇢ org.springframework.cloud.gateway.filter.WeightCalculatorWebFilter [DefaultWebFilterChain]
	*__checkpoint ⇢ HTTP GET "/api/book/most-popular-books" [ExceptionHandlingWebHandler]
Original Stack Trace:
Caused by: java.net.ConnectException: Connection refused: getsockopt
	at java.base/sun.nio.ch.Net.pollConnect(Native Method)
	at java.base/sun.nio.ch.Net.pollConnectNow(Net.java:682)
	at java.base/sun.nio.ch.SocketChannelImpl.finishConnect(SocketChannelImpl.java:1060)
	at io.netty.channel.socket.nio.NioSocketChannel.doFinishConnect(NioSocketChannel.java:336)
	at io.netty.channel.nio.AbstractNioChannel$AbstractNioUnsafe.finishConnect(AbstractNioChannel.java:339)
	at io.netty.channel.nio.NioEventLoop.processSelectedKey(NioEventLoop.java:784)
	at io.netty.channel.nio.NioEventLoop.processSelectedKeysOptimized(NioEventLoop.java:732)
	at io.netty.channel.nio.NioEventLoop.processSelectedKeys(NioEventLoop.java:658)
	at io.netty.channel.nio.NioEventLoop.run(NioEventLoop.java:562)
	at io.netty.util.concurrent.SingleThreadEventExecutor$4.run(SingleThreadEventExecutor.java:998)
	at io.netty.util.internal.ThreadExecutorMap$2.run(ThreadExecutorMap.java:74)
	at io.netty.util.concurrent.FastThreadLocalRunnable.run(FastThreadLocalRunnable.java:30)
	at java.base/java.lang.Thread.run(Thread.java:1570)
2026-04-12 15:05:41 | APIGateway | INFO  | l.c.a.filters.AuthenticationFilter | Starting of the filter
2026-04-12 15:05:41 | APIGateway | INFO  | l.c.a.filters.AuthenticationFilter | The route is public. Path: '/api/book/most-popular-books'
2026-04-12 15:05:41 | APIGateway | ERROR | o.s.b.a.w.r.e.AbstractErrorWebExceptionHandler | [f846355e-7]  500 Server Error for HTTP GET "/api/book/most-popular-books"
io.netty.channel.AbstractChannel$AnnotatedConnectException: Connection refused: getsockopt: localhost/127.0.0.1:8081
	Suppressed: reactor.core.publisher.FluxOnAssembly$OnAssemblyException: 
Error has been observed at the following site(s):
	*__checkpoint ⇢ org.springframework.cloud.gateway.filter.WeightCalculatorWebFilter [DefaultWebFilterChain]
	*__checkpoint ⇢ HTTP GET "/api/book/most-popular-books" [ExceptionHandlingWebHandler]
Original Stack Trace:
Caused by: java.net.ConnectException: Connection refused: getsockopt
	at java.base/sun.nio.ch.Net.pollConnect(Native Method)
	at java.base/sun.nio.ch.Net.pollConnectNow(Net.java:682)
	at java.base/sun.nio.ch.SocketChannelImpl.finishConnect(SocketChannelImpl.java:1060)
	at io.netty.channel.socket.nio.NioSocketChannel.doFinishConnect(NioSocketChannel.java:336)
	at io.netty.channel.nio.AbstractNioChannel$AbstractNioUnsafe.finishConnect(AbstractNioChannel.java:339)
	at io.netty.channel.nio.NioEventLoop.processSelectedKey(NioEventLoop.java:784)
	at io.netty.channel.nio.NioEventLoop.processSelectedKeysOptimized(NioEventLoop.java:732)
	at io.netty.channel.nio.NioEventLoop.processSelectedKeys(NioEventLoop.java:658)
	at io.netty.channel.nio.NioEventLoop.run(NioEventLoop.java:562)
	at io.netty.util.concurrent.SingleThreadEventExecutor$4.run(SingleThreadEventExecutor.java:998)
	at io.netty.util.internal.ThreadExecutorMap$2.run(ThreadExecutorMap.java:74)
	at io.netty.util.concurrent.FastThreadLocalRunnable.run(FastThreadLocalRunnable.java:30)
	at java.base/java.lang.Thread.run(Thread.java:1570)
2026-04-12 15:05:43 | APIGateway | INFO  | l.c.a.filters.AuthenticationFilter | Starting of the filter
2026-04-12 15:05:43 | APIGateway | INFO  | l.c.a.filters.AuthenticationFilter | The route is not public. Path: '/api/user/c0a80065-9d3f-168f-819d-3f0734b20000'
2026-04-12 15:05:43 | APIGateway | INFO  | l.com.apigateway.security.JwtUtil | Trying to extract all claims from token
2026-04-12 15:05:43 | APIGateway | INFO  | l.com.apigateway.security.JwtUtil | Trying to extract all claims from token
2026-04-12 15:05:43 | APIGateway | INFO  | l.c.a.filters.AuthenticationFilter | The filter is completed
2026-04-12 15:05:57 | APIGateway | INFO  | l.c.a.filters.AuthenticationFilter | Starting of the filter
2026-04-12 15:05:57 | APIGateway | INFO  | l.c.a.filters.AuthenticationFilter | The route is not public. Path: '/api/user/c0a80065-9d3f-168f-819d-3f0734b20000'
2026-04-12 15:05:57 | APIGateway | INFO  | l.com.apigateway.security.JwtUtil | Trying to extract all claims from token
2026-04-12 15:05:57 | APIGateway | INFO  | l.com.apigateway.security.JwtUtil | Trying to extract all claims from token
2026-04-12 15:05:57 | APIGateway | INFO  | l.c.a.filters.AuthenticationFilter | The filter is completed
2026-04-12 15:05:57 | APIGateway | INFO  | l.c.a.filters.AuthenticationFilter | Starting of the filter
2026-04-12 15:05:57 | APIGateway | INFO  | l.c.a.filters.AuthenticationFilter | The route is not public. Path: '/api/user/c0a80065-9d3f-168f-819d-3f0734b20000'
2026-04-12 15:05:57 | APIGateway | INFO  | l.com.apigateway.security.JwtUtil | Trying to extract all claims from token
2026-04-12 15:05:57 | APIGateway | INFO  | l.com.apigateway.security.JwtUtil | Trying to extract all claims from token
2026-04-12 15:05:57 | APIGateway | INFO  | l.c.a.filters.AuthenticationFilter | The filter is completed
2026-04-12 15:07:55 | APIGateway | INFO  | l.c.a.filters.AuthenticationFilter | Starting of the filter
2026-04-12 15:07:55 | APIGateway | INFO  | l.c.a.filters.AuthenticationFilter | The route is public. Path: '/api/announcement/get-all'
2026-04-12 15:08:07 | APIGateway | INFO  | l.c.a.filters.AuthenticationFilter | Starting of the filter
2026-04-12 15:08:07 | APIGateway | INFO  | l.c.a.filters.AuthenticationFilter | The route is not public. Path: '/api/user/c0a80065-9d3f-168f-819d-3f0734b20000'
2026-04-12 15:08:07 | APIGateway | INFO  | l.com.apigateway.security.JwtUtil | Trying to extract all claims from token
2026-04-12 15:08:07 | APIGateway | INFO  | l.com.apigateway.security.JwtUtil | Trying to extract all claims from token
2026-04-12 15:08:07 | APIGateway | INFO  | l.c.a.filters.AuthenticationFilter | The filter is completed
2026-04-12 15:08:19 | APIGateway | INFO  | l.c.a.filters.AuthenticationFilter | Starting of the filter
2026-04-12 15:08:19 | APIGateway | INFO  | l.c.a.filters.AuthenticationFilter | The route is not public. Path: '/api/user/c0a80065-9d3f-168f-819d-3f0734b20000'
2026-04-12 15:08:19 | APIGateway | INFO  | l.com.apigateway.security.JwtUtil | Trying to extract all claims from token
2026-04-12 15:08:19 | APIGateway | INFO  | l.com.apigateway.security.JwtUtil | Trying to extract all claims from token
2026-04-12 15:08:19 | APIGateway | INFO  | l.c.a.filters.AuthenticationFilter | The filter is completed
2026-04-12 15:08:19 | APIGateway | INFO  | l.c.a.filters.AuthenticationFilter | Starting of the filter
2026-04-12 15:08:19 | APIGateway | INFO  | l.c.a.filters.AuthenticationFilter | The route is not public. Path: '/api/user/c0a80065-9d3f-168f-819d-3f0734b20000'
2026-04-12 15:08:19 | APIGateway | INFO  | l.com.apigateway.security.JwtUtil | Trying to extract all claims from token
2026-04-12 15:08:19 | APIGateway | INFO  | l.com.apigateway.security.JwtUtil | Trying to extract all claims from token
2026-04-12 15:08:19 | APIGateway | INFO  | l.c.a.filters.AuthenticationFilter | The filter is completed
2026-04-12 15:10:42 | APIGateway | INFO  | l.c.a.filters.AuthenticationFilter | Starting of the filter
2026-04-12 15:10:42 | APIGateway | INFO  | l.c.a.filters.AuthenticationFilter | The route is public. Path: '/api/announcement/get-all'
2026-04-12 15:10:44 | APIGateway | INFO  | l.c.a.filters.AuthenticationFilter | Starting of the filter
2026-04-12 15:10:44 | APIGateway | INFO  | l.c.a.filters.AuthenticationFilter | The route is not public. Path: '/api/user/c0a80065-9d3f-168f-819d-3f0734b20000'
2026-04-12 15:10:44 | APIGateway | INFO  | l.com.apigateway.security.JwtUtil | Trying to extract all claims from token
2026-04-12 15:10:44 | APIGateway | INFO  | l.com.apigateway.security.JwtUtil | Trying to extract all claims from token
2026-04-12 15:10:44 | APIGateway | INFO  | l.c.a.filters.AuthenticationFilter | The filter is completed
2026-04-12 15:10:54 | APIGateway | INFO  | l.c.a.filters.AuthenticationFilter | Starting of the filter
2026-04-12 15:10:54 | APIGateway | INFO  | l.c.a.filters.AuthenticationFilter | The route is not public. Path: '/api/user/c0a80065-9d3f-168f-819d-3f0734b20000'
2026-04-12 15:10:54 | APIGateway | INFO  | l.com.apigateway.security.JwtUtil | Trying to extract all claims from token
2026-04-12 15:10:54 | APIGateway | INFO  | l.com.apigateway.security.JwtUtil | Trying to extract all claims from token
2026-04-12 15:10:54 | APIGateway | INFO  | l.c.a.filters.AuthenticationFilter | The filter is completed
2026-04-12 15:10:54 | APIGateway | INFO  | l.c.a.filters.AuthenticationFilter | Starting of the filter
2026-04-12 15:10:54 | APIGateway | INFO  | l.c.a.filters.AuthenticationFilter | The route is not public. Path: '/api/user/c0a80065-9d3f-168f-819d-3f0734b20000'
2026-04-12 15:10:54 | APIGateway | INFO  | l.com.apigateway.security.JwtUtil | Trying to extract all claims from token
2026-04-12 15:10:54 | APIGateway | INFO  | l.com.apigateway.security.JwtUtil | Trying to extract all claims from token
2026-04-12 15:10:54 | APIGateway | INFO  | l.c.a.filters.AuthenticationFilter | The filter is completed
2026-04-12 15:15:39 | APIGateway | INFO  | o.s.b.w.e.netty.GracefulShutdown | Commencing graceful shutdown. Waiting for active requests to complete
2026-04-12 15:15:39 | APIGateway | INFO  | o.s.b.w.e.netty.GracefulShutdown | Graceful shutdown complete
2026-04-12 15:15:47 | APIGateway | INFO  | o.h.validator.internal.util.Version | HV000001: Hibernate Validator 8.0.3.Final
2026-04-12 15:15:47 | APIGateway | INFO  | l.c.apigateway.ApiGatewayApplication | Starting ApiGatewayApplication using Java 22 with PID 26184 (D:\Library\APIGateway\target\classes started by vasia in D:\Library\APIGateway)
2026-04-12 15:15:47 | APIGateway | INFO  | l.c.apigateway.ApiGatewayApplication | No active profile set, falling back to 1 default profile: "default"
2026-04-12 15:15:48 | APIGateway | INFO  | o.s.cloud.context.scope.GenericScope | BeanFactory id=75412cec-13ab-32f1-87e6-021d8240753f
2026-04-12 15:15:49 | APIGateway | WARN  | o.s.c.g.c.GatewayClassPathWarningAutoConfiguration | 

**********************************************************

The artifact spring-cloud-gateway-server is deprecated. It will be removed in the next major release. Please add spring-cloud-gateway-server-webflux dependency.

**********************************************************


2026-04-12 15:15:49 | APIGateway | INFO  | o.s.c.g.r.RouteDefinitionRouteLocator | Loaded RoutePredicateFactory [After]
2026-04-12 15:15:49 | APIGateway | INFO  | o.s.c.g.r.RouteDefinitionRouteLocator | Loaded RoutePredicateFactory [Before]
2026-04-12 15:15:49 | APIGateway | INFO  | o.s.c.g.r.RouteDefinitionRouteLocator | Loaded RoutePredicateFactory [Between]
2026-04-12 15:15:49 | APIGateway | INFO  | o.s.c.g.r.RouteDefinitionRouteLocator | Loaded RoutePredicateFactory [Cookie]
2026-04-12 15:15:49 | APIGateway | INFO  | o.s.c.g.r.RouteDefinitionRouteLocator | Loaded RoutePredicateFactory [Header]
2026-04-12 15:15:49 | APIGateway | INFO  | o.s.c.g.r.RouteDefinitionRouteLocator | Loaded RoutePredicateFactory [Host]
2026-04-12 15:15:49 | APIGateway | INFO  | o.s.c.g.r.RouteDefinitionRouteLocator | Loaded RoutePredicateFactory [Method]
2026-04-12 15:15:49 | APIGateway | INFO  | o.s.c.g.r.RouteDefinitionRouteLocator | Loaded RoutePredicateFactory [Path]
2026-04-12 15:15:49 | APIGateway | INFO  | o.s.c.g.r.RouteDefinitionRouteLocator | Loaded RoutePredicateFactory [Query]
2026-04-12 15:15:49 | APIGateway | INFO  | o.s.c.g.r.RouteDefinitionRouteLocator | Loaded RoutePredicateFactory [ReadBody]
2026-04-12 15:15:49 | APIGateway | INFO  | o.s.c.g.r.RouteDefinitionRouteLocator | Loaded RoutePredicateFactory [RemoteAddr]
2026-04-12 15:15:49 | APIGateway | INFO  | o.s.c.g.r.RouteDefinitionRouteLocator | Loaded RoutePredicateFactory [XForwardedRemoteAddr]
2026-04-12 15:15:49 | APIGateway | INFO  | o.s.c.g.r.RouteDefinitionRouteLocator | Loaded RoutePredicateFactory [Weight]
2026-04-12 15:15:49 | APIGateway | INFO  | o.s.c.g.r.RouteDefinitionRouteLocator | Loaded RoutePredicateFactory [CloudFoundryRouteService]
2026-04-12 15:15:49 | APIGateway | WARN  | o.s.c.g.s.w.s.StarterDeprecatedAutoConfiguration | 

**********************************************************

spring-cloud-starter-gateway is deprecated. It will be removed in the next major release. Please use spring-cloud-starter-gateway-server-webflux instead.

**********************************************************


2026-04-12 15:15:49 | APIGateway | INFO  | o.s.b.w.e.netty.NettyWebServer | Netty started on port 8080 (http)
2026-04-12 15:15:49 | APIGateway | INFO  | l.c.apigateway.ApiGatewayApplication | Started ApiGatewayApplication in 2.645 seconds (process running for 3.469)
2026-04-12 15:15:58 | APIGateway | INFO  | l.c.a.filters.AuthenticationFilter | Starting of the filter
2026-04-12 15:15:58 | APIGateway | INFO  | l.c.a.filters.AuthenticationFilter | The route is public. Path: '/api/announcement/get-all'
2026-04-12 15:16:00 | APIGateway | INFO  | l.c.a.filters.AuthenticationFilter | Starting of the filter
2026-04-12 15:16:00 | APIGateway | INFO  | l.c.a.filters.AuthenticationFilter | The route is not public. Path: '/api/user/c0a80065-9d3f-168f-819d-3f0734b20000'
2026-04-12 15:16:00 | APIGateway | INFO  | l.com.apigateway.security.JwtUtil | Trying to extract all claims from token
2026-04-12 15:16:00 | APIGateway | INFO  | l.com.apigateway.security.JwtUtil | Trying to extract all claims from token
2026-04-12 15:16:00 | APIGateway | INFO  | l.c.a.filters.AuthenticationFilter | The filter is completed
2026-04-12 15:16:10 | APIGateway | INFO  | l.c.a.filters.AuthenticationFilter | Starting of the filter
2026-04-12 15:16:10 | APIGateway | INFO  | l.c.a.filters.AuthenticationFilter | The route is not public. Path: '/api/user/c0a80065-9d3f-168f-819d-3f0734b20000'
2026-04-12 15:16:10 | APIGateway | INFO  | l.com.apigateway.security.JwtUtil | Trying to extract all claims from token
2026-04-12 15:16:10 | APIGateway | INFO  | l.com.apigateway.security.JwtUtil | Trying to extract all claims from token
2026-04-12 15:16:10 | APIGateway | INFO  | l.c.a.filters.AuthenticationFilter | The filter is completed
2026-04-12 15:16:10 | APIGateway | INFO  | l.c.a.filters.AuthenticationFilter | Starting of the filter
2026-04-12 15:16:10 | APIGateway | INFO  | l.c.a.filters.AuthenticationFilter | The route is not public. Path: '/api/user/c0a80065-9d3f-168f-819d-3f0734b20000'
2026-04-12 15:16:10 | APIGateway | INFO  | l.com.apigateway.security.JwtUtil | Trying to extract all claims from token
2026-04-12 15:16:10 | APIGateway | INFO  | l.com.apigateway.security.JwtUtil | Trying to extract all claims from token
2026-04-12 15:16:10 | APIGateway | INFO  | l.c.a.filters.AuthenticationFilter | The filter is completed
2026-04-12 15:17:49 | APIGateway | INFO  | l.c.a.filters.AuthenticationFilter | Starting of the filter
2026-04-12 15:17:49 | APIGateway | INFO  | l.c.a.filters.AuthenticationFilter | The route is public. Path: '/api/announcement/get-all'
2026-04-12 15:17:52 | APIGateway | INFO  | l.c.a.filters.AuthenticationFilter | Starting of the filter
2026-04-12 15:17:52 | APIGateway | INFO  | l.c.a.filters.AuthenticationFilter | The route is not public. Path: '/api/user/c0a80065-9d3f-168f-819d-3f0734b20000'
2026-04-12 15:17:52 | APIGateway | INFO  | l.com.apigateway.security.JwtUtil | Trying to extract all claims from token
2026-04-12 15:17:52 | APIGateway | INFO  | l.com.apigateway.security.JwtUtil | Trying to extract all claims from token
2026-04-12 15:17:52 | APIGateway | INFO  | l.c.a.filters.AuthenticationFilter | The filter is completed
2026-04-12 15:18:01 | APIGateway | INFO  | l.c.a.filters.AuthenticationFilter | Starting of the filter
2026-04-12 15:18:01 | APIGateway | INFO  | l.c.a.filters.AuthenticationFilter | The route is not public. Path: '/api/auth/change-credentials/c0a80065-9d3f-168f-819d-3f0734b20000'
2026-04-12 15:18:01 | APIGateway | INFO  | l.com.apigateway.security.JwtUtil | Trying to extract all claims from token
2026-04-12 15:18:01 | APIGateway | INFO  | l.com.apigateway.security.JwtUtil | Trying to extract all claims from token
2026-04-12 15:18:01 | APIGateway | INFO  | l.c.a.filters.AuthenticationFilter | The filter is completed
2026-04-12 15:18:02 | APIGateway | INFO  | l.c.a.filters.AuthenticationFilter | Starting of the filter
2026-04-12 15:18:02 | APIGateway | INFO  | l.c.a.filters.AuthenticationFilter | The route is not public. Path: '/api/auth/logout'
2026-04-12 15:18:02 | APIGateway | INFO  | l.com.apigateway.security.JwtUtil | Trying to extract all claims from token
2026-04-12 15:18:02 | APIGateway | INFO  | l.com.apigateway.security.JwtUtil | Trying to extract all claims from token
2026-04-12 15:18:02 | APIGateway | INFO  | l.c.a.filters.AuthenticationFilter | The filter is completed
2026-04-12 15:18:02 | APIGateway | INFO  | l.c.a.filters.AuthenticationFilter | Starting of the filter
2026-04-12 15:18:02 | APIGateway | INFO  | l.c.a.filters.AuthenticationFilter | The route is not public. Path: '/api/user/c0a80065-9d3f-168f-819d-3f0734b20000'
2026-04-12 15:18:02 | APIGateway | INFO  | l.com.apigateway.security.JwtUtil | Trying to extract all claims from token
2026-04-12 15:18:02 | APIGateway | INFO  | l.com.apigateway.security.JwtUtil | Trying to extract all claims from token
2026-04-12 15:18:02 | APIGateway | INFO  | l.c.a.filters.AuthenticationFilter | The filter is completed
2026-04-12 15:18:02 | APIGateway | INFO  | l.c.a.filters.AuthenticationFilter | Starting of the filter
2026-04-12 15:18:02 | APIGateway | INFO  | l.c.a.filters.AuthenticationFilter | The route is not public. Path: '/api/user/c0a80065-9d3f-168f-819d-3f0734b20000'
2026-04-12 15:18:02 | APIGateway | INFO  | l.com.apigateway.security.JwtUtil | Trying to extract all claims from token
2026-04-12 15:18:02 | APIGateway | INFO  | l.com.apigateway.security.JwtUtil | Trying to extract all claims from token
2026-04-12 15:18:02 | APIGateway | INFO  | l.c.a.filters.AuthenticationFilter | The filter is completed
2026-04-12 15:21:22 | APIGateway | INFO  | l.c.a.filters.AuthenticationFilter | Starting of the filter
2026-04-12 15:21:22 | APIGateway | INFO  | l.c.a.filters.AuthenticationFilter | The route is not public. Path: '/api/user/c0a80065-9d3f-168f-819d-3f0734b20000'
2026-04-12 15:21:22 | APIGateway | INFO  | l.com.apigateway.security.JwtUtil | Trying to extract all claims from token
2026-04-12 15:21:22 | APIGateway | INFO  | l.com.apigateway.security.JwtUtil | Trying to extract all claims from token
2026-04-12 15:21:22 | APIGateway | INFO  | l.c.a.filters.AuthenticationFilter | The filter is completed
2026-04-12 15:21:36 | APIGateway | INFO  | l.c.a.filters.AuthenticationFilter | Starting of the filter
2026-04-12 15:21:36 | APIGateway | INFO  | l.c.a.filters.AuthenticationFilter | The route is not public. Path: '/api/auth/change-credentials/c0a80065-9d3f-168f-819d-3f0734b20000'
2026-04-12 15:21:36 | APIGateway | INFO  | l.com.apigateway.security.JwtUtil | Trying to extract all claims from token
2026-04-12 15:21:36 | APIGateway | INFO  | l.com.apigateway.security.JwtUtil | Trying to extract all claims from token
2026-04-12 15:21:36 | APIGateway | INFO  | l.c.a.filters.AuthenticationFilter | The filter is completed
2026-04-12 15:21:36 | APIGateway | INFO  | l.c.a.filters.AuthenticationFilter | Starting of the filter
2026-04-12 15:21:36 | APIGateway | INFO  | l.c.a.filters.AuthenticationFilter | The route is not public. Path: '/api/user/c0a80065-9d3f-168f-819d-3f0734b20000'
2026-04-12 15:21:36 | APIGateway | INFO  | l.com.apigateway.security.JwtUtil | Trying to extract all claims from token
2026-04-12 15:21:36 | APIGateway | INFO  | l.com.apigateway.security.JwtUtil | Trying to extract all claims from token
2026-04-12 15:21:36 | APIGateway | INFO  | l.c.a.filters.AuthenticationFilter | The filter is completed
2026-04-12 15:21:36 | APIGateway | INFO  | l.c.a.filters.AuthenticationFilter | Starting of the filter
2026-04-12 15:21:36 | APIGateway | INFO  | l.c.a.filters.AuthenticationFilter | The route is not public. Path: '/api/user/c0a80065-9d3f-168f-819d-3f0734b20000'
2026-04-12 15:21:36 | APIGateway | INFO  | l.com.apigateway.security.JwtUtil | Trying to extract all claims from token
2026-04-12 15:21:36 | APIGateway | INFO  | l.com.apigateway.security.JwtUtil | Trying to extract all claims from token
2026-04-12 15:21:36 | APIGateway | INFO  | l.c.a.filters.AuthenticationFilter | The filter is completed
2026-04-12 15:22:28 | APIGateway | INFO  | l.c.a.filters.AuthenticationFilter | Starting of the filter
2026-04-12 15:22:28 | APIGateway | INFO  | l.c.a.filters.AuthenticationFilter | The route is not public. Path: '/api/auth/change-credentials/c0a80065-9d3f-168f-819d-3f0734b20000'
2026-04-12 15:22:28 | APIGateway | INFO  | l.com.apigateway.security.JwtUtil | Trying to extract all claims from token
2026-04-12 15:22:28 | APIGateway | INFO  | l.com.apigateway.security.JwtUtil | Trying to extract all claims from token
2026-04-12 15:22:28 | APIGateway | INFO  | l.c.a.filters.AuthenticationFilter | The filter is completed
2026-04-12 15:22:29 | APIGateway | INFO  | l.c.a.filters.AuthenticationFilter | Starting of the filter
2026-04-12 15:22:29 | APIGateway | INFO  | l.c.a.filters.AuthenticationFilter | The route is not public. Path: '/api/user/c0a80065-9d3f-168f-819d-3f0734b20000'
2026-04-12 15:22:29 | APIGateway | INFO  | l.com.apigateway.security.JwtUtil | Trying to extract all claims from token
2026-04-12 15:22:29 | APIGateway | INFO  | l.com.apigateway.security.JwtUtil | Trying to extract all claims from token
2026-04-12 15:22:29 | APIGateway | INFO  | l.c.a.filters.AuthenticationFilter | The filter is completed
2026-04-12 15:22:29 | APIGateway | INFO  | l.c.a.filters.AuthenticationFilter | Starting of the filter
2026-04-12 15:22:29 | APIGateway | INFO  | l.c.a.filters.AuthenticationFilter | The route is not public. Path: '/api/user/c0a80065-9d3f-168f-819d-3f0734b20000'
2026-04-12 15:22:29 | APIGateway | INFO  | l.com.apigateway.security.JwtUtil | Trying to extract all claims from token
2026-04-12 15:22:29 | APIGateway | INFO  | l.com.apigateway.security.JwtUtil | Trying to extract all claims from token
2026-04-12 15:22:29 | APIGateway | INFO  | l.c.a.filters.AuthenticationFilter | The filter is completed
2026-04-12 15:27:52 | APIGateway | INFO  | l.c.a.filters.AuthenticationFilter | Starting of the filter
2026-04-12 15:27:52 | APIGateway | INFO  | l.c.a.filters.AuthenticationFilter | The route is not public. Path: '/api/auth/change-credentials/c0a80065-9d3f-168f-819d-3f0734b20000'
2026-04-12 15:27:52 | APIGateway | INFO  | l.com.apigateway.security.JwtUtil | Trying to extract all claims from token
2026-04-12 15:27:52 | APIGateway | INFO  | l.com.apigateway.security.JwtUtil | Trying to extract all claims from token
2026-04-12 15:27:52 | APIGateway | INFO  | l.c.a.filters.AuthenticationFilter | The filter is completed
2026-04-12 15:27:53 | APIGateway | INFO  | l.c.a.filters.AuthenticationFilter | Starting of the filter
2026-04-12 15:27:53 | APIGateway | INFO  | l.c.a.filters.AuthenticationFilter | The route is not public. Path: '/api/auth/logout'
2026-04-12 15:27:53 | APIGateway | INFO  | l.com.apigateway.security.JwtUtil | Trying to extract all claims from token
2026-04-12 15:27:53 | APIGateway | INFO  | l.com.apigateway.security.JwtUtil | Trying to extract all claims from token
2026-04-12 15:27:53 | APIGateway | INFO  | l.c.a.filters.AuthenticationFilter | The filter is completed
2026-04-12 15:27:53 | APIGateway | INFO  | l.c.a.filters.AuthenticationFilter | Starting of the filter
2026-04-12 15:27:53 | APIGateway | INFO  | l.c.a.filters.AuthenticationFilter | The route is not public. Path: '/api/user/c0a80065-9d3f-168f-819d-3f0734b20000'
2026-04-12 15:27:53 | APIGateway | INFO  | l.com.apigateway.security.JwtUtil | Trying to extract all claims from token
2026-04-12 15:27:53 | APIGateway | INFO  | l.com.apigateway.security.JwtUtil | Trying to extract all claims from token
2026-04-12 15:27:53 | APIGateway | INFO  | l.c.a.filters.AuthenticationFilter | The filter is completed
2026-04-12 15:27:53 | APIGateway | INFO  | l.c.a.filters.AuthenticationFilter | Starting of the filter
2026-04-12 15:27:53 | APIGateway | INFO  | l.c.a.filters.AuthenticationFilter | The route is not public. Path: '/api/user/c0a80065-9d3f-168f-819d-3f0734b20000'
2026-04-12 15:27:53 | APIGateway | INFO  | l.com.apigateway.security.JwtUtil | Trying to extract all claims from token
2026-04-12 15:27:53 | APIGateway | INFO  | l.com.apigateway.security.JwtUtil | Trying to extract all claims from token
2026-04-12 15:27:53 | APIGateway | INFO  | l.c.a.filters.AuthenticationFilter | The filter is completed
2026-04-12 15:28:57 | APIGateway | INFO  | l.c.a.filters.AuthenticationFilter | Starting of the filter
2026-04-12 15:28:57 | APIGateway | INFO  | l.c.a.filters.AuthenticationFilter | The route is not public. Path: '/api/auth/change-credentials/c0a80065-9d3f-168f-819d-3f0734b20000'
2026-04-12 15:28:57 | APIGateway | INFO  | l.com.apigateway.security.JwtUtil | Trying to extract all claims from token
2026-04-12 15:28:57 | APIGateway | INFO  | l.com.apigateway.security.JwtUtil | Trying to extract all claims from token
2026-04-12 15:28:57 | APIGateway | INFO  | l.c.a.filters.AuthenticationFilter | The filter is completed
2026-04-12 15:28:57 | APIGateway | INFO  | l.c.a.filters.AuthenticationFilter | Starting of the filter
2026-04-12 15:28:57 | APIGateway | INFO  | l.c.a.filters.AuthenticationFilter | The route is not public. Path: '/api/user/c0a80065-9d3f-168f-819d-3f0734b20000'
2026-04-12 15:28:57 | APIGateway | INFO  | l.com.apigateway.security.JwtUtil | Trying to extract all claims from token
2026-04-12 15:28:57 | APIGateway | INFO  | l.com.apigateway.security.JwtUtil | Trying to extract all claims from token
2026-04-12 15:28:57 | APIGateway | INFO  | l.c.a.filters.AuthenticationFilter | The filter is completed
2026-04-12 15:28:57 | APIGateway | INFO  | l.c.a.filters.AuthenticationFilter | Starting of the filter
2026-04-12 15:28:57 | APIGateway | INFO  | l.c.a.filters.AuthenticationFilter | The route is not public. Path: '/api/user/c0a80065-9d3f-168f-819d-3f0734b20000'
2026-04-12 15:28:57 | APIGateway | INFO  | l.com.apigateway.security.JwtUtil | Trying to extract all claims from token
2026-04-12 15:28:57 | APIGateway | INFO  | l.com.apigateway.security.JwtUtil | Trying to extract all claims from token
2026-04-12 15:28:57 | APIGateway | INFO  | l.c.a.filters.AuthenticationFilter | The filter is completed
2026-04-12 15:29:30 | APIGateway | INFO  | l.c.a.filters.AuthenticationFilter | Starting of the filter
2026-04-12 15:29:30 | APIGateway | INFO  | l.c.a.filters.AuthenticationFilter | The route is not public. Path: '/api/auth/change-credentials/c0a80065-9d3f-168f-819d-3f0734b20000'
2026-04-12 15:29:30 | APIGateway | INFO  | l.com.apigateway.security.JwtUtil | Trying to extract all claims from token
2026-04-12 15:29:30 | APIGateway | INFO  | l.com.apigateway.security.JwtUtil | Trying to extract all claims from token
2026-04-12 15:29:30 | APIGateway | INFO  | l.c.a.filters.AuthenticationFilter | The filter is completed
2026-04-12 15:29:30 | APIGateway | INFO  | l.c.a.filters.AuthenticationFilter | Starting of the filter
2026-04-12 15:29:30 | APIGateway | INFO  | l.c.a.filters.AuthenticationFilter | The route is not public. Path: '/api/user/c0a80065-9d3f-168f-819d-3f0734b20000'
2026-04-12 15:29:30 | APIGateway | INFO  | l.com.apigateway.security.JwtUtil | Trying to extract all claims from token
2026-04-12 15:29:30 | APIGateway | INFO  | l.com.apigateway.security.JwtUtil | Trying to extract all claims from token
2026-04-12 15:29:30 | APIGateway | INFO  | l.c.a.filters.AuthenticationFilter | The filter is completed
2026-04-12 15:29:30 | APIGateway | INFO  | l.c.a.filters.AuthenticationFilter | Starting of the filter
2026-04-12 15:29:30 | APIGateway | INFO  | l.c.a.filters.AuthenticationFilter | The route is not public. Path: '/api/user/c0a80065-9d3f-168f-819d-3f0734b20000'
2026-04-12 15:29:30 | APIGateway | INFO  | l.com.apigateway.security.JwtUtil | Trying to extract all claims from token
2026-04-12 15:29:30 | APIGateway | INFO  | l.com.apigateway.security.JwtUtil | Trying to extract all claims from token
2026-04-12 15:29:30 | APIGateway | INFO  | l.c.a.filters.AuthenticationFilter | The filter is completed
2026-04-12 15:30:10 | APIGateway | INFO  | l.c.a.filters.AuthenticationFilter | Starting of the filter
2026-04-12 15:30:10 | APIGateway | INFO  | l.c.a.filters.AuthenticationFilter | The route is public. Path: '/api/book/most-popular-books'
2026-04-12 15:30:10 | APIGateway | ERROR | o.s.b.a.w.r.e.AbstractErrorWebExceptionHandler | [828bf91e-28]  500 Server Error for HTTP GET "/api/book/most-popular-books"
io.netty.channel.AbstractChannel$AnnotatedConnectException: Connection refused: getsockopt: localhost/127.0.0.1:8081
	Suppressed: reactor.core.publisher.FluxOnAssembly$OnAssemblyException: 
Error has been observed at the following site(s):
	*__checkpoint ⇢ org.springframework.cloud.gateway.filter.WeightCalculatorWebFilter [DefaultWebFilterChain]
	*__checkpoint ⇢ HTTP GET "/api/book/most-popular-books" [ExceptionHandlingWebHandler]
Original Stack Trace:
Caused by: java.net.ConnectException: Connection refused: getsockopt
	at java.base/sun.nio.ch.Net.pollConnect(Native Method)
	at java.base/sun.nio.ch.Net.pollConnectNow(Net.java:682)
	at java.base/sun.nio.ch.SocketChannelImpl.finishConnect(SocketChannelImpl.java:1060)
	at io.netty.channel.socket.nio.NioSocketChannel.doFinishConnect(NioSocketChannel.java:336)
	at io.netty.channel.nio.AbstractNioChannel$AbstractNioUnsafe.finishConnect(AbstractNioChannel.java:339)
	at io.netty.channel.nio.NioEventLoop.processSelectedKey(NioEventLoop.java:784)
	at io.netty.channel.nio.NioEventLoop.processSelectedKeysOptimized(NioEventLoop.java:732)
	at io.netty.channel.nio.NioEventLoop.processSelectedKeys(NioEventLoop.java:658)
	at io.netty.channel.nio.NioEventLoop.run(NioEventLoop.java:562)
	at io.netty.util.concurrent.SingleThreadEventExecutor$4.run(SingleThreadEventExecutor.java:998)
	at io.netty.util.internal.ThreadExecutorMap$2.run(ThreadExecutorMap.java:74)
	at io.netty.util.concurrent.FastThreadLocalRunnable.run(FastThreadLocalRunnable.java:30)
	at java.base/java.lang.Thread.run(Thread.java:1570)
2026-04-12 15:30:15 | APIGateway | INFO  | l.c.a.filters.AuthenticationFilter | Starting of the filter
2026-04-12 15:30:15 | APIGateway | INFO  | l.c.a.filters.AuthenticationFilter | The route is public. Path: '/api/auth/login'
2026-04-12 15:30:22 | APIGateway | INFO  | l.c.a.filters.AuthenticationFilter | Starting of the filter
2026-04-12 15:30:22 | APIGateway | INFO  | l.c.a.filters.AuthenticationFilter | The route is public. Path: '/api/auth/login'
2026-04-12 15:30:37 | APIGateway | INFO  | l.c.a.filters.AuthenticationFilter | Starting of the filter
2026-04-12 15:30:37 | APIGateway | INFO  | l.c.a.filters.AuthenticationFilter | The route is public. Path: '/api/auth/login'
2026-04-12 15:30:55 | APIGateway | INFO  | l.c.a.filters.AuthenticationFilter | Starting of the filter
2026-04-12 15:30:55 | APIGateway | INFO  | l.c.a.filters.AuthenticationFilter | The route is public. Path: '/api/auth/login'
2026-04-12 15:31:04 | APIGateway | INFO  | l.c.a.filters.AuthenticationFilter | Starting of the filter
2026-04-12 15:31:04 | APIGateway | INFO  | l.c.a.filters.AuthenticationFilter | The route is public. Path: '/api/auth/login'
2026-04-12 15:31:04 | APIGateway | INFO  | l.c.a.filters.AuthenticationFilter | Starting of the filter
2026-04-12 15:31:04 | APIGateway | INFO  | l.c.a.filters.AuthenticationFilter | The route is public. Path: '/api/book/most-popular-books'
2026-04-12 15:31:04 | APIGateway | ERROR | o.s.b.a.w.r.e.AbstractErrorWebExceptionHandler | [7c44b6e2-34]  500 Server Error for HTTP GET "/api/book/most-popular-books"
io.netty.channel.AbstractChannel$AnnotatedConnectException: Connection refused: getsockopt: localhost/127.0.0.1:8081
	Suppressed: reactor.core.publisher.FluxOnAssembly$OnAssemblyException: 
Error has been observed at the following site(s):
	*__checkpoint ⇢ org.springframework.cloud.gateway.filter.WeightCalculatorWebFilter [DefaultWebFilterChain]
	*__checkpoint ⇢ HTTP GET "/api/book/most-popular-books" [ExceptionHandlingWebHandler]
Original Stack Trace:
Caused by: java.net.ConnectException: Connection refused: getsockopt
	at java.base/sun.nio.ch.Net.pollConnect(Native Method)
	at java.base/sun.nio.ch.Net.pollConnectNow(Net.java:682)
	at java.base/sun.nio.ch.SocketChannelImpl.finishConnect(SocketChannelImpl.java:1060)
	at io.netty.channel.socket.nio.NioSocketChannel.doFinishConnect(NioSocketChannel.java:336)
	at io.netty.channel.nio.AbstractNioChannel$AbstractNioUnsafe.finishConnect(AbstractNioChannel.java:339)
	at io.netty.channel.nio.NioEventLoop.processSelectedKey(NioEventLoop.java:784)
	at io.netty.channel.nio.NioEventLoop.processSelectedKeysOptimized(NioEventLoop.java:732)
	at io.netty.channel.nio.NioEventLoop.processSelectedKeys(NioEventLoop.java:658)
	at io.netty.channel.nio.NioEventLoop.run(NioEventLoop.java:562)
	at io.netty.util.concurrent.SingleThreadEventExecutor$4.run(SingleThreadEventExecutor.java:998)
	at io.netty.util.internal.ThreadExecutorMap$2.run(ThreadExecutorMap.java:74)
	at io.netty.util.concurrent.FastThreadLocalRunnable.run(FastThreadLocalRunnable.java:30)
	at java.base/java.lang.Thread.run(Thread.java:1570)
2026-04-12 15:31:04 | APIGateway | INFO  | l.c.a.filters.AuthenticationFilter | Starting of the filter
2026-04-12 15:31:04 | APIGateway | INFO  | l.c.a.filters.AuthenticationFilter | The route is public. Path: '/api/book/most-popular-books'
2026-04-12 15:31:04 | APIGateway | ERROR | o.s.b.a.w.r.e.AbstractErrorWebExceptionHandler | [7c44b6e2-35]  500 Server Error for HTTP GET "/api/book/most-popular-books"
io.netty.channel.AbstractChannel$AnnotatedConnectException: Connection refused: getsockopt: localhost/127.0.0.1:8081
	Suppressed: reactor.core.publisher.FluxOnAssembly$OnAssemblyException: 
Error has been observed at the following site(s):
	*__checkpoint ⇢ org.springframework.cloud.gateway.filter.WeightCalculatorWebFilter [DefaultWebFilterChain]
	*__checkpoint ⇢ HTTP GET "/api/book/most-popular-books" [ExceptionHandlingWebHandler]
Original Stack Trace:
Caused by: java.net.ConnectException: Connection refused: getsockopt
	at java.base/sun.nio.ch.Net.pollConnect(Native Method)
	at java.base/sun.nio.ch.Net.pollConnectNow(Net.java:682)
	at java.base/sun.nio.ch.SocketChannelImpl.finishConnect(SocketChannelImpl.java:1060)
	at io.netty.channel.socket.nio.NioSocketChannel.doFinishConnect(NioSocketChannel.java:336)
	at io.netty.channel.nio.AbstractNioChannel$AbstractNioUnsafe.finishConnect(AbstractNioChannel.java:339)
	at io.netty.channel.nio.NioEventLoop.processSelectedKey(NioEventLoop.java:784)
	at io.netty.channel.nio.NioEventLoop.processSelectedKeysOptimized(NioEventLoop.java:732)
	at io.netty.channel.nio.NioEventLoop.processSelectedKeys(NioEventLoop.java:658)
	at io.netty.channel.nio.NioEventLoop.run(NioEventLoop.java:562)
	at io.netty.util.concurrent.SingleThreadEventExecutor$4.run(SingleThreadEventExecutor.java:998)
	at io.netty.util.internal.ThreadExecutorMap$2.run(ThreadExecutorMap.java:74)
	at io.netty.util.concurrent.FastThreadLocalRunnable.run(FastThreadLocalRunnable.java:30)
	at java.base/java.lang.Thread.run(Thread.java:1570)
2026-04-12 15:31:06 | APIGateway | INFO  | l.c.a.filters.AuthenticationFilter | Starting of the filter
2026-04-12 15:31:06 | APIGateway | INFO  | l.c.a.filters.AuthenticationFilter | The route is not public. Path: '/api/user/c0a80065-9d3e-1e22-819d-3f0373d40001'
2026-04-12 15:31:06 | APIGateway | INFO  | l.com.apigateway.security.JwtUtil | Trying to extract all claims from token
2026-04-12 15:31:06 | APIGateway | INFO  | l.com.apigateway.security.JwtUtil | Trying to extract all claims from token
2026-04-12 15:31:06 | APIGateway | INFO  | l.c.a.filters.AuthenticationFilter | The filter is completed
2026-04-12 15:31:21 | APIGateway | INFO  | l.c.a.filters.AuthenticationFilter | Starting of the filter
2026-04-12 15:31:21 | APIGateway | INFO  | l.c.a.filters.AuthenticationFilter | The route is not public. Path: '/api/auth/change-credentials/c0a80065-9d3e-1e22-819d-3f0373d40001'
2026-04-12 15:31:21 | APIGateway | INFO  | l.com.apigateway.security.JwtUtil | Trying to extract all claims from token
2026-04-12 15:31:21 | APIGateway | INFO  | l.com.apigateway.security.JwtUtil | Trying to extract all claims from token
2026-04-12 15:31:21 | APIGateway | INFO  | l.c.a.filters.AuthenticationFilter | The filter is completed
2026-04-12 15:31:21 | APIGateway | INFO  | l.c.a.filters.AuthenticationFilter | Starting of the filter
2026-04-12 15:31:21 | APIGateway | INFO  | l.c.a.filters.AuthenticationFilter | The route is not public. Path: '/api/user/c0a80065-9d3e-1e22-819d-3f0373d40001'
2026-04-12 15:31:21 | APIGateway | INFO  | l.com.apigateway.security.JwtUtil | Trying to extract all claims from token
2026-04-12 15:31:21 | APIGateway | INFO  | l.com.apigateway.security.JwtUtil | Trying to extract all claims from token
2026-04-12 15:31:21 | APIGateway | INFO  | l.c.a.filters.AuthenticationFilter | The filter is completed
2026-04-12 15:31:21 | APIGateway | INFO  | l.c.a.filters.AuthenticationFilter | Starting of the filter
2026-04-12 15:31:21 | APIGateway | INFO  | l.c.a.filters.AuthenticationFilter | The route is not public. Path: '/api/user/c0a80065-9d3e-1e22-819d-3f0373d40001'
2026-04-12 15:31:21 | APIGateway | INFO  | l.com.apigateway.security.JwtUtil | Trying to extract all claims from token
2026-04-12 15:31:21 | APIGateway | INFO  | l.com.apigateway.security.JwtUtil | Trying to extract all claims from token
2026-04-12 15:31:21 | APIGateway | INFO  | l.c.a.filters.AuthenticationFilter | The filter is completed
2026-04-12 15:36:20 | APIGateway | INFO  | l.c.a.filters.AuthenticationFilter | Starting of the filter
2026-04-12 15:36:20 | APIGateway | INFO  | l.c.a.filters.AuthenticationFilter | The route is not public. Path: '/api/auth/change-credentials/c0a80065-9d3e-1e22-819d-3f0373d40001'
2026-04-12 15:36:20 | APIGateway | INFO  | l.com.apigateway.security.JwtUtil | Trying to extract all claims from token
2026-04-12 15:36:20 | APIGateway | INFO  | l.com.apigateway.security.JwtUtil | Trying to extract all claims from token
2026-04-12 15:36:20 | APIGateway | INFO  | l.c.a.filters.AuthenticationFilter | The filter is completed
2026-04-12 15:36:20 | APIGateway | INFO  | l.c.a.filters.AuthenticationFilter | Starting of the filter
2026-04-12 15:36:20 | APIGateway | INFO  | l.c.a.filters.AuthenticationFilter | The route is not public. Path: '/api/user/c0a80065-9d3e-1e22-819d-3f0373d40001'
2026-04-12 15:36:20 | APIGateway | INFO  | l.com.apigateway.security.JwtUtil | Trying to extract all claims from token
2026-04-12 15:36:20 | APIGateway | INFO  | l.com.apigateway.security.JwtUtil | Trying to extract all claims from token
2026-04-12 15:36:20 | APIGateway | INFO  | l.c.a.filters.AuthenticationFilter | The filter is completed
2026-04-12 15:36:20 | APIGateway | INFO  | l.c.a.filters.AuthenticationFilter | Starting of the filter
2026-04-12 15:36:20 | APIGateway | INFO  | l.c.a.filters.AuthenticationFilter | The route is not public. Path: '/api/user/c0a80065-9d3e-1e22-819d-3f0373d40001'
2026-04-12 15:36:20 | APIGateway | INFO  | l.com.apigateway.security.JwtUtil | Trying to extract all claims from token
2026-04-12 15:36:20 | APIGateway | INFO  | l.com.apigateway.security.JwtUtil | Trying to extract all claims from token
2026-04-12 15:36:20 | APIGateway | INFO  | l.c.a.filters.AuthenticationFilter | The filter is completed
2026-04-12 15:36:54 | APIGateway | INFO  | l.c.a.filters.AuthenticationFilter | Starting of the filter
2026-04-12 15:36:54 | APIGateway | INFO  | l.c.a.filters.AuthenticationFilter | The route is not public. Path: '/api/auth/change-credentials/c0a80065-9d3e-1e22-819d-3f0373d40001'
2026-04-12 15:36:54 | APIGateway | INFO  | l.com.apigateway.security.JwtUtil | Trying to extract all claims from token
2026-04-12 15:36:54 | APIGateway | INFO  | l.com.apigateway.security.JwtUtil | Trying to extract all claims from token
2026-04-12 15:36:54 | APIGateway | INFO  | l.c.a.filters.AuthenticationFilter | The filter is completed
2026-04-12 15:36:54 | APIGateway | INFO  | l.c.a.filters.AuthenticationFilter | Starting of the filter
2026-04-12 15:36:54 | APIGateway | INFO  | l.c.a.filters.AuthenticationFilter | The route is not public. Path: '/api/user/c0a80065-9d3e-1e22-819d-3f0373d40001'
2026-04-12 15:36:54 | APIGateway | INFO  | l.com.apigateway.security.JwtUtil | Trying to extract all claims from token
2026-04-12 15:36:54 | APIGateway | INFO  | l.com.apigateway.security.JwtUtil | Trying to extract all claims from token
2026-04-12 15:36:54 | APIGateway | INFO  | l.c.a.filters.AuthenticationFilter | The filter is completed
2026-04-12 15:36:54 | APIGateway | INFO  | l.c.a.filters.AuthenticationFilter | Starting of the filter
2026-04-12 15:36:54 | APIGateway | INFO  | l.c.a.filters.AuthenticationFilter | The route is not public. Path: '/api/user/c0a80065-9d3e-1e22-819d-3f0373d40001'
2026-04-12 15:36:54 | APIGateway | INFO  | l.com.apigateway.security.JwtUtil | Trying to extract all claims from token
2026-04-12 15:36:54 | APIGateway | INFO  | l.com.apigateway.security.JwtUtil | Trying to extract all claims from token
2026-04-12 15:36:54 | APIGateway | INFO  | l.c.a.filters.AuthenticationFilter | The filter is completed
2026-04-12 15:37:22 | APIGateway | INFO  | l.c.a.filters.AuthenticationFilter | Starting of the filter
2026-04-12 15:37:22 | APIGateway | INFO  | l.c.a.filters.AuthenticationFilter | The route is not public. Path: '/api/auth/change-credentials/c0a80065-9d3e-1e22-819d-3f0373d40001'
2026-04-12 15:37:22 | APIGateway | INFO  | l.com.apigateway.security.JwtUtil | Trying to extract all claims from token
2026-04-12 15:37:22 | APIGateway | INFO  | l.com.apigateway.security.JwtUtil | Trying to extract all claims from token
2026-04-12 15:37:22 | APIGateway | INFO  | l.c.a.filters.AuthenticationFilter | The filter is completed
2026-04-12 15:37:22 | APIGateway | INFO  | l.c.a.filters.AuthenticationFilter | Starting of the filter
2026-04-12 15:37:22 | APIGateway | INFO  | l.c.a.filters.AuthenticationFilter | The route is not public. Path: '/api/user/c0a80065-9d3e-1e22-819d-3f0373d40001'
2026-04-12 15:37:22 | APIGateway | INFO  | l.com.apigateway.security.JwtUtil | Trying to extract all claims from token
2026-04-12 15:37:22 | APIGateway | INFO  | l.com.apigateway.security.JwtUtil | Trying to extract all claims from token
2026-04-12 15:37:22 | APIGateway | INFO  | l.c.a.filters.AuthenticationFilter | The filter is completed
2026-04-12 15:37:23 | APIGateway | INFO  | l.c.a.filters.AuthenticationFilter | Starting of the filter
2026-04-12 15:37:23 | APIGateway | INFO  | l.c.a.filters.AuthenticationFilter | The route is not public. Path: '/api/user/c0a80065-9d3e-1e22-819d-3f0373d40001'
2026-04-12 15:37:23 | APIGateway | INFO  | l.com.apigateway.security.JwtUtil | Trying to extract all claims from token
2026-04-12 15:37:23 | APIGateway | INFO  | l.com.apigateway.security.JwtUtil | Trying to extract all claims from token
2026-04-12 15:37:23 | APIGateway | INFO  | l.c.a.filters.AuthenticationFilter | The filter is completed
2026-04-12 15:38:32 | APIGateway | INFO  | l.c.a.filters.AuthenticationFilter | Starting of the filter
2026-04-12 15:38:32 | APIGateway | INFO  | l.c.a.filters.AuthenticationFilter | The route is public. Path: '/api/book/most-popular-books'
2026-04-12 15:38:32 | APIGateway | ERROR | o.s.b.a.w.r.e.AbstractErrorWebExceptionHandler | [a87b86c8-49]  500 Server Error for HTTP GET "/api/book/most-popular-books"
io.netty.channel.AbstractChannel$AnnotatedConnectException: Connection refused: getsockopt: localhost/127.0.0.1:8081
	Suppressed: reactor.core.publisher.FluxOnAssembly$OnAssemblyException: 
Error has been observed at the following site(s):
	*__checkpoint ⇢ org.springframework.cloud.gateway.filter.WeightCalculatorWebFilter [DefaultWebFilterChain]
	*__checkpoint ⇢ HTTP GET "/api/book/most-popular-books" [ExceptionHandlingWebHandler]
Original Stack Trace:
Caused by: java.net.ConnectException: Connection refused: getsockopt
	at java.base/sun.nio.ch.Net.pollConnect(Native Method)
	at java.base/sun.nio.ch.Net.pollConnectNow(Net.java:682)
	at java.base/sun.nio.ch.SocketChannelImpl.finishConnect(SocketChannelImpl.java:1060)
	at io.netty.channel.socket.nio.NioSocketChannel.doFinishConnect(NioSocketChannel.java:336)
	at io.netty.channel.nio.AbstractNioChannel$AbstractNioUnsafe.finishConnect(AbstractNioChannel.java:339)
	at io.netty.channel.nio.NioEventLoop.processSelectedKey(NioEventLoop.java:784)
	at io.netty.channel.nio.NioEventLoop.processSelectedKeysOptimized(NioEventLoop.java:732)
	at io.netty.channel.nio.NioEventLoop.processSelectedKeys(NioEventLoop.java:658)
	at io.netty.channel.nio.NioEventLoop.run(NioEventLoop.java:562)
	at io.netty.util.concurrent.SingleThreadEventExecutor$4.run(SingleThreadEventExecutor.java:998)
	at io.netty.util.internal.ThreadExecutorMap$2.run(ThreadExecutorMap.java:74)
	at io.netty.util.concurrent.FastThreadLocalRunnable.run(FastThreadLocalRunnable.java:30)
	at java.base/java.lang.Thread.run(Thread.java:1570)
2026-04-12 15:38:49 | APIGateway | INFO  | l.c.a.filters.AuthenticationFilter | Starting of the filter
2026-04-12 15:38:49 | APIGateway | INFO  | l.c.a.filters.AuthenticationFilter | The route is public. Path: '/api/auth/registration'
2026-04-12 15:40:34 | APIGateway | INFO  | l.c.a.filters.AuthenticationFilter | Starting of the filter
2026-04-12 15:40:34 | APIGateway | INFO  | l.c.a.filters.AuthenticationFilter | The route is public. Path: '/api/auth/registration'
2026-04-12 15:40:34 | APIGateway | INFO  | l.c.a.filters.AuthenticationFilter | Starting of the filter
2026-04-12 15:40:34 | APIGateway | INFO  | l.c.a.filters.AuthenticationFilter | The route is public. Path: '/api/book/most-popular-books'
2026-04-12 15:40:34 | APIGateway | ERROR | o.s.b.a.w.r.e.AbstractErrorWebExceptionHandler | [49aa161b-52]  500 Server Error for HTTP GET "/api/book/most-popular-books"
io.netty.channel.AbstractChannel$AnnotatedConnectException: Connection refused: getsockopt: localhost/127.0.0.1:8081
	Suppressed: reactor.core.publisher.FluxOnAssembly$OnAssemblyException: 
Error has been observed at the following site(s):
	*__checkpoint ⇢ org.springframework.cloud.gateway.filter.WeightCalculatorWebFilter [DefaultWebFilterChain]
	*__checkpoint ⇢ HTTP GET "/api/book/most-popular-books" [ExceptionHandlingWebHandler]
Original Stack Trace:
Caused by: java.net.ConnectException: Connection refused: getsockopt
	at java.base/sun.nio.ch.Net.pollConnect(Native Method)
	at java.base/sun.nio.ch.Net.pollConnectNow(Net.java:682)
	at java.base/sun.nio.ch.SocketChannelImpl.finishConnect(SocketChannelImpl.java:1060)
	at io.netty.channel.socket.nio.NioSocketChannel.doFinishConnect(NioSocketChannel.java:336)
	at io.netty.channel.nio.AbstractNioChannel$AbstractNioUnsafe.finishConnect(AbstractNioChannel.java:339)
	at io.netty.channel.nio.NioEventLoop.processSelectedKey(NioEventLoop.java:784)
	at io.netty.channel.nio.NioEventLoop.processSelectedKeysOptimized(NioEventLoop.java:732)
	at io.netty.channel.nio.NioEventLoop.processSelectedKeys(NioEventLoop.java:658)
	at io.netty.channel.nio.NioEventLoop.run(NioEventLoop.java:562)
	at io.netty.util.concurrent.SingleThreadEventExecutor$4.run(SingleThreadEventExecutor.java:998)
	at io.netty.util.internal.ThreadExecutorMap$2.run(ThreadExecutorMap.java:74)
	at io.netty.util.concurrent.FastThreadLocalRunnable.run(FastThreadLocalRunnable.java:30)
	at java.base/java.lang.Thread.run(Thread.java:1570)
2026-04-12 15:40:40 | APIGateway | INFO  | l.c.a.filters.AuthenticationFilter | Starting of the filter
2026-04-12 15:40:40 | APIGateway | INFO  | l.c.a.filters.AuthenticationFilter | The route is not public. Path: '/api/user/c0a80065-9d81-1ffe-819d-81b5493c0001'
2026-04-12 15:40:40 | APIGateway | INFO  | l.com.apigateway.security.JwtUtil | Trying to extract all claims from token
2026-04-12 15:40:40 | APIGateway | INFO  | l.com.apigateway.security.JwtUtil | Trying to extract all claims from token
2026-04-12 15:40:40 | APIGateway | INFO  | l.c.a.filters.AuthenticationFilter | The filter is completed
2026-04-12 15:40:49 | APIGateway | INFO  | l.c.a.filters.AuthenticationFilter | Starting of the filter
2026-04-12 15:40:49 | APIGateway | INFO  | l.c.a.filters.AuthenticationFilter | The route is not public. Path: '/api/auth/change-credentials/c0a80065-9d81-1ffe-819d-81b5493c0001'
2026-04-12 15:40:49 | APIGateway | INFO  | l.com.apigateway.security.JwtUtil | Trying to extract all claims from token
2026-04-12 15:40:49 | APIGateway | INFO  | l.com.apigateway.security.JwtUtil | Trying to extract all claims from token
2026-04-12 15:40:49 | APIGateway | INFO  | l.c.a.filters.AuthenticationFilter | The filter is completed
2026-04-12 15:40:49 | APIGateway | INFO  | l.c.a.filters.AuthenticationFilter | Starting of the filter
2026-04-12 15:40:49 | APIGateway | INFO  | l.c.a.filters.AuthenticationFilter | The route is not public. Path: '/api/auth/logout'
2026-04-12 15:40:49 | APIGateway | INFO  | l.com.apigateway.security.JwtUtil | Trying to extract all claims from token
2026-04-12 15:40:49 | APIGateway | INFO  | l.com.apigateway.security.JwtUtil | Trying to extract all claims from token
2026-04-12 15:40:49 | APIGateway | INFO  | l.c.a.filters.AuthenticationFilter | The filter is completed
2026-04-12 15:40:53 | APIGateway | INFO  | l.c.a.filters.AuthenticationFilter | Starting of the filter
2026-04-12 15:40:53 | APIGateway | INFO  | l.c.a.filters.AuthenticationFilter | The route is public. Path: '/api/auth/login'
2026-04-12 15:40:53 | APIGateway | INFO  | l.c.a.filters.AuthenticationFilter | Starting of the filter
2026-04-12 15:40:53 | APIGateway | INFO  | l.c.a.filters.AuthenticationFilter | The route is public. Path: '/api/book/most-popular-books'
2026-04-12 15:40:53 | APIGateway | ERROR | o.s.b.a.w.r.e.AbstractErrorWebExceptionHandler | [ad43ed09-57]  500 Server Error for HTTP GET "/api/book/most-popular-books"
io.netty.channel.AbstractChannel$AnnotatedConnectException: Connection refused: getsockopt: localhost/127.0.0.1:8081
	Suppressed: reactor.core.publisher.FluxOnAssembly$OnAssemblyException: 
Error has been observed at the following site(s):
	*__checkpoint ⇢ org.springframework.cloud.gateway.filter.WeightCalculatorWebFilter [DefaultWebFilterChain]
	*__checkpoint ⇢ HTTP GET "/api/book/most-popular-books" [ExceptionHandlingWebHandler]
Original Stack Trace:
Caused by: java.net.ConnectException: Connection refused: getsockopt
	at java.base/sun.nio.ch.Net.pollConnect(Native Method)
	at java.base/sun.nio.ch.Net.pollConnectNow(Net.java:682)
	at java.base/sun.nio.ch.SocketChannelImpl.finishConnect(SocketChannelImpl.java:1060)
	at io.netty.channel.socket.nio.NioSocketChannel.doFinishConnect(NioSocketChannel.java:336)
	at io.netty.channel.nio.AbstractNioChannel$AbstractNioUnsafe.finishConnect(AbstractNioChannel.java:339)
	at io.netty.channel.nio.NioEventLoop.processSelectedKey(NioEventLoop.java:784)
	at io.netty.channel.nio.NioEventLoop.processSelectedKeysOptimized(NioEventLoop.java:732)
	at io.netty.channel.nio.NioEventLoop.processSelectedKeys(NioEventLoop.java:658)
	at io.netty.channel.nio.NioEventLoop.run(NioEventLoop.java:562)
	at io.netty.util.concurrent.SingleThreadEventExecutor$4.run(SingleThreadEventExecutor.java:998)
	at io.netty.util.internal.ThreadExecutorMap$2.run(ThreadExecutorMap.java:74)
	at io.netty.util.concurrent.FastThreadLocalRunnable.run(FastThreadLocalRunnable.java:30)
	at java.base/java.lang.Thread.run(Thread.java:1570)
2026-04-12 15:40:53 | APIGateway | INFO  | l.c.a.filters.AuthenticationFilter | Starting of the filter
2026-04-12 15:40:53 | APIGateway | INFO  | l.c.a.filters.AuthenticationFilter | The route is public. Path: '/api/book/most-popular-books'
2026-04-12 15:40:53 | APIGateway | ERROR | o.s.b.a.w.r.e.AbstractErrorWebExceptionHandler | [ad43ed09-58]  500 Server Error for HTTP GET "/api/book/most-popular-books"
io.netty.channel.AbstractChannel$AnnotatedConnectException: Connection refused: getsockopt: localhost/127.0.0.1:8081
	Suppressed: reactor.core.publisher.FluxOnAssembly$OnAssemblyException: 
Error has been observed at the following site(s):
	*__checkpoint ⇢ org.springframework.cloud.gateway.filter.WeightCalculatorWebFilter [DefaultWebFilterChain]
	*__checkpoint ⇢ HTTP GET "/api/book/most-popular-books" [ExceptionHandlingWebHandler]
Original Stack Trace:
Caused by: java.net.ConnectException: Connection refused: getsockopt
	at java.base/sun.nio.ch.Net.pollConnect(Native Method)
	at java.base/sun.nio.ch.Net.pollConnectNow(Net.java:682)
	at java.base/sun.nio.ch.SocketChannelImpl.finishConnect(SocketChannelImpl.java:1060)
	at io.netty.channel.socket.nio.NioSocketChannel.doFinishConnect(NioSocketChannel.java:336)
	at io.netty.channel.nio.AbstractNioChannel$AbstractNioUnsafe.finishConnect(AbstractNioChannel.java:339)
	at io.netty.channel.nio.NioEventLoop.processSelectedKey(NioEventLoop.java:784)
	at io.netty.channel.nio.NioEventLoop.processSelectedKeysOptimized(NioEventLoop.java:732)
	at io.netty.channel.nio.NioEventLoop.processSelectedKeys(NioEventLoop.java:658)
	at io.netty.channel.nio.NioEventLoop.run(NioEventLoop.java:562)
	at io.netty.util.concurrent.SingleThreadEventExecutor$4.run(SingleThreadEventExecutor.java:998)
	at io.netty.util.internal.ThreadExecutorMap$2.run(ThreadExecutorMap.java:74)
	at io.netty.util.concurrent.FastThreadLocalRunnable.run(FastThreadLocalRunnable.java:30)
	at java.base/java.lang.Thread.run(Thread.java:1570)
2026-04-12 15:47:42 | APIGateway | INFO  | l.c.a.filters.AuthenticationFilter | Starting of the filter
2026-04-12 15:47:42 | APIGateway | INFO  | l.c.a.filters.AuthenticationFilter | The route is public. Path: '/api/book/category'
2026-04-12 15:47:42 | APIGateway | INFO  | l.c.a.filters.AuthenticationFilter | Starting of the filter
2026-04-12 15:47:42 | APIGateway | INFO  | l.c.a.filters.AuthenticationFilter | The route is public. Path: '/api/book'
2026-04-12 15:47:49 | APIGateway | INFO  | l.c.a.filters.AuthenticationFilter | Starting of the filter
2026-04-12 15:47:49 | APIGateway | INFO  | l.c.a.filters.AuthenticationFilter | The route is public. Path: '/api/book/most-popular-books'
2026-04-12 15:47:50 | APIGateway | INFO  | l.c.a.filters.AuthenticationFilter | Starting of the filter
2026-04-12 15:47:50 | APIGateway | INFO  | l.c.a.filters.AuthenticationFilter | The route is public. Path: '/api/book/recently-added-at'
2026-04-12 15:47:50 | APIGateway | INFO  | l.c.a.filters.AuthenticationFilter | Starting of the filter
2026-04-12 15:47:50 | APIGateway | INFO  | l.c.a.filters.AuthenticationFilter | The route is public. Path: '/api/expected-book/get-all'
2026-04-12 15:49:39 | APIGateway | INFO  | l.c.a.filters.AuthenticationFilter | Starting of the filter
2026-04-12 15:49:39 | APIGateway | INFO  | l.c.a.filters.AuthenticationFilter | The route is public. Path: '/api/book/category'
2026-04-12 15:49:39 | APIGateway | INFO  | l.c.a.filters.AuthenticationFilter | Starting of the filter
2026-04-12 15:49:39 | APIGateway | INFO  | l.c.a.filters.AuthenticationFilter | The route is public. Path: '/api/book'
2026-04-12 15:51:20 | APIGateway | INFO  | l.c.a.filters.AuthenticationFilter | Starting of the filter
2026-04-12 15:51:20 | APIGateway | INFO  | l.c.a.filters.AuthenticationFilter | The route is public. Path: '/api/book/c0a80064-99d8-1dee-8199-d890840b0001'
2026-04-12 15:51:20 | APIGateway | INFO  | l.c.a.filters.AuthenticationFilter | Starting of the filter
2026-04-12 15:51:20 | APIGateway | INFO  | l.c.a.filters.AuthenticationFilter | The route is public. Path: '/api/book/author/TestBookAuthor'
2026-04-12 15:51:20 | APIGateway | INFO  | l.c.a.filters.AuthenticationFilter | Starting of the filter
2026-04-12 15:51:20 | APIGateway | INFO  | l.c.a.filters.AuthenticationFilter | The route is public. Path: '/api/book/genre/TestBookGenre'
2026-04-12 15:51:22 | APIGateway | INFO  | l.c.a.filters.AuthenticationFilter | Starting of the filter
2026-04-12 15:51:22 | APIGateway | INFO  | l.c.a.filters.AuthenticationFilter | The route is public. Path: '/api/book/category'
2026-04-12 15:51:22 | APIGateway | INFO  | l.c.a.filters.AuthenticationFilter | Starting of the filter
2026-04-12 15:51:22 | APIGateway | INFO  | l.c.a.filters.AuthenticationFilter | The route is public. Path: '/api/book'
2026-04-12 15:51:26 | APIGateway | INFO  | l.c.a.filters.AuthenticationFilter | Starting of the filter
2026-04-12 15:51:26 | APIGateway | INFO  | l.c.a.filters.AuthenticationFilter | The route is public. Path: '/api/book/category'
2026-04-12 15:51:26 | APIGateway | INFO  | l.c.a.filters.AuthenticationFilter | Starting of the filter
2026-04-12 15:51:26 | APIGateway | INFO  | l.c.a.filters.AuthenticationFilter | The route is public. Path: '/api/book/most-popular-books'
2026-04-12 16:21:59 | APIGateway | INFO  | l.c.a.filters.AuthenticationFilter | Starting of the filter
2026-04-12 16:21:59 | APIGateway | INFO  | l.c.a.filters.AuthenticationFilter | The route is public. Path: '/api/book/most-popular-books'
2026-04-12 16:21:59 | APIGateway | INFO  | l.c.a.filters.AuthenticationFilter | Starting of the filter
2026-04-12 16:21:59 | APIGateway | INFO  | l.c.a.filters.AuthenticationFilter | The route is public. Path: '/api/book/recently-added-at'
2026-04-12 16:21:59 | APIGateway | INFO  | l.c.a.filters.AuthenticationFilter | Starting of the filter
2026-04-12 16:21:59 | APIGateway | INFO  | l.c.a.filters.AuthenticationFilter | The route is public. Path: '/api/expected-book/get-all'
2026-04-12 16:22:01 | APIGateway | INFO  | l.c.a.filters.AuthenticationFilter | Starting of the filter
2026-04-12 16:22:01 | APIGateway | INFO  | l.c.a.filters.AuthenticationFilter | The route is not public. Path: '/api/auth/logout'
2026-04-12 16:22:01 | APIGateway | INFO  | l.com.apigateway.security.JwtUtil | Trying to extract all claims from token
2026-04-12 16:22:01 | APIGateway | INFO  | l.com.apigateway.security.JwtUtil | Trying to extract all claims from token
2026-04-12 16:22:01 | APIGateway | INFO  | l.c.a.filters.AuthenticationFilter | The filter is completed
2026-04-12 16:22:01 | APIGateway | INFO  | l.c.a.filters.AuthenticationFilter | Starting of the filter
2026-04-12 16:22:01 | APIGateway | INFO  | l.c.a.filters.AuthenticationFilter | The route is public. Path: '/api/book/most-popular-books'
2026-04-12 16:22:01 | APIGateway | INFO  | l.c.a.filters.AuthenticationFilter | Starting of the filter
2026-04-12 16:22:01 | APIGateway | INFO  | l.c.a.filters.AuthenticationFilter | The route is public. Path: '/api/book/recently-added-at'
2026-04-12 16:22:01 | APIGateway | INFO  | l.c.a.filters.AuthenticationFilter | Starting of the filter
2026-04-12 16:22:01 | APIGateway | INFO  | l.c.a.filters.AuthenticationFilter | The route is public. Path: '/api/expected-book/get-all'
2026-04-12 16:22:05 | APIGateway | INFO  | l.c.a.filters.AuthenticationFilter | Starting of the filter
2026-04-12 16:22:05 | APIGateway | INFO  | l.c.a.filters.AuthenticationFilter | The route is public. Path: '/api/auth/login'
2026-04-12 16:22:05 | APIGateway | INFO  | l.c.a.filters.AuthenticationFilter | Starting of the filter
2026-04-12 16:22:05 | APIGateway | INFO  | l.c.a.filters.AuthenticationFilter | The route is public. Path: '/api/book/most-popular-books'
2026-04-12 16:22:05 | APIGateway | INFO  | l.c.a.filters.AuthenticationFilter | Starting of the filter
2026-04-12 16:22:05 | APIGateway | INFO  | l.c.a.filters.AuthenticationFilter | The route is public. Path: '/api/book/recently-added-at'
2026-04-12 16:22:05 | APIGateway | INFO  | l.c.a.filters.AuthenticationFilter | Starting of the filter
2026-04-12 16:22:05 | APIGateway | INFO  | l.c.a.filters.AuthenticationFilter | The route is public. Path: '/api/expected-book/get-all'
2026-04-12 16:22:05 | APIGateway | INFO  | l.c.a.filters.AuthenticationFilter | Starting of the filter
2026-04-12 16:22:05 | APIGateway | INFO  | l.c.a.filters.AuthenticationFilter | The route is public. Path: '/api/book/most-popular-books'
2026-04-12 16:22:05 | APIGateway | INFO  | l.c.a.filters.AuthenticationFilter | Starting of the filter
2026-04-12 16:22:05 | APIGateway | INFO  | l.c.a.filters.AuthenticationFilter | The route is public. Path: '/api/book/recently-added-at'
2026-04-12 16:22:05 | APIGateway | INFO  | l.c.a.filters.AuthenticationFilter | Starting of the filter
2026-04-12 16:22:05 | APIGateway | INFO  | l.c.a.filters.AuthenticationFilter | The route is public. Path: '/api/expected-book/get-all'
2026-04-12 16:22:07 | APIGateway | INFO  | l.c.a.filters.AuthenticationFilter | Starting of the filter
2026-04-12 16:22:07 | APIGateway | INFO  | l.c.a.filters.AuthenticationFilter | The route is not public. Path: '/api/user/c0a80065-9d81-1ffe-819d-81b5493c0001'
2026-04-12 16:22:07 | APIGateway | INFO  | l.com.apigateway.security.JwtUtil | Trying to extract all claims from token
2026-04-12 16:22:07 | APIGateway | INFO  | l.com.apigateway.security.JwtUtil | Trying to extract all claims from token
2026-04-12 16:22:07 | APIGateway | INFO  | l.c.a.filters.AuthenticationFilter | The filter is completed
2026-04-12 16:22:29 | APIGateway | INFO  | l.c.a.filters.AuthenticationFilter | Starting of the filter
2026-04-12 16:22:29 | APIGateway | INFO  | l.c.a.filters.AuthenticationFilter | The route is not public. Path: '/api/auth/change-credentials/c0a80065-9d81-1ffe-819d-81b5493c0001'
2026-04-12 16:22:29 | APIGateway | INFO  | l.com.apigateway.security.JwtUtil | Trying to extract all claims from token
2026-04-12 16:22:29 | APIGateway | INFO  | l.com.apigateway.security.JwtUtil | Trying to extract all claims from token
2026-04-12 16:22:29 | APIGateway | INFO  | l.c.a.filters.AuthenticationFilter | The filter is completed
2026-04-12 16:22:29 | APIGateway | INFO  | l.c.a.filters.AuthenticationFilter | Starting of the filter
2026-04-12 16:22:29 | APIGateway | INFO  | l.c.a.filters.AuthenticationFilter | The route is not public. Path: '/api/user/c0a80065-9d81-1ffe-819d-81b5493c0001'
2026-04-12 16:22:29 | APIGateway | INFO  | l.com.apigateway.security.JwtUtil | Trying to extract all claims from token
2026-04-12 16:22:29 | APIGateway | INFO  | l.com.apigateway.security.JwtUtil | Trying to extract all claims from token
2026-04-12 16:22:29 | APIGateway | INFO  | l.c.a.filters.AuthenticationFilter | The filter is completed
2026-04-12 16:22:29 | APIGateway | INFO  | l.c.a.filters.AuthenticationFilter | Starting of the filter
2026-04-12 16:22:29 | APIGateway | INFO  | l.c.a.filters.AuthenticationFilter | The route is not public. Path: '/api/user/c0a80065-9d81-1ffe-819d-81b5493c0001'
2026-04-12 16:22:29 | APIGateway | INFO  | l.com.apigateway.security.JwtUtil | Trying to extract all claims from token
2026-04-12 16:22:29 | APIGateway | INFO  | l.com.apigateway.security.JwtUtil | Trying to extract all claims from token
2026-04-12 16:22:29 | APIGateway | INFO  | l.c.a.filters.AuthenticationFilter | The filter is completed
2026-04-12 16:22:57 | APIGateway | INFO  | l.c.a.filters.AuthenticationFilter | Starting of the filter
2026-04-12 16:22:57 | APIGateway | INFO  | l.c.a.filters.AuthenticationFilter | The route is not public. Path: '/api/auth/change-credentials/c0a80065-9d81-1ffe-819d-81b5493c0001'
2026-04-12 16:22:57 | APIGateway | INFO  | l.com.apigateway.security.JwtUtil | Trying to extract all claims from token
2026-04-12 16:22:57 | APIGateway | INFO  | l.com.apigateway.security.JwtUtil | Trying to extract all claims from token
2026-04-12 16:22:57 | APIGateway | INFO  | l.c.a.filters.AuthenticationFilter | The filter is completed
2026-04-12 16:22:57 | APIGateway | INFO  | l.c.a.filters.AuthenticationFilter | Starting of the filter
2026-04-12 16:22:57 | APIGateway | INFO  | l.c.a.filters.AuthenticationFilter | The route is not public. Path: '/api/auth/logout'
2026-04-12 16:22:57 | APIGateway | INFO  | l.com.apigateway.security.JwtUtil | Trying to extract all claims from token
2026-04-12 16:22:57 | APIGateway | INFO  | l.com.apigateway.security.JwtUtil | Trying to extract all claims from token
2026-04-12 16:22:57 | APIGateway | INFO  | l.c.a.filters.AuthenticationFilter | The filter is completed
2026-04-12 16:23:34 | APIGateway | INFO  | l.c.a.filters.AuthenticationFilter | Starting of the filter
2026-04-12 16:23:34 | APIGateway | INFO  | l.c.a.filters.AuthenticationFilter | The route is public. Path: '/api/auth/login'
2026-04-12 16:23:35 | APIGateway | INFO  | l.c.a.filters.AuthenticationFilter | Starting of the filter
2026-04-12 16:23:35 | APIGateway | INFO  | l.c.a.filters.AuthenticationFilter | The route is public. Path: '/api/book/most-popular-books'
2026-04-12 16:23:35 | APIGateway | INFO  | l.c.a.filters.AuthenticationFilter | Starting of the filter
2026-04-12 16:23:35 | APIGateway | INFO  | l.c.a.filters.AuthenticationFilter | The route is public. Path: '/api/book/recently-added-at'
2026-04-12 16:23:35 | APIGateway | INFO  | l.c.a.filters.AuthenticationFilter | Starting of the filter
2026-04-12 16:23:35 | APIGateway | INFO  | l.c.a.filters.AuthenticationFilter | The route is public. Path: '/api/expected-book/get-all'
2026-04-12 16:23:35 | APIGateway | INFO  | l.c.a.filters.AuthenticationFilter | Starting of the filter
2026-04-12 16:23:35 | APIGateway | INFO  | l.c.a.filters.AuthenticationFilter | The route is public. Path: '/api/book/most-popular-books'
2026-04-12 16:23:35 | APIGateway | INFO  | l.c.a.filters.AuthenticationFilter | Starting of the filter
2026-04-12 16:23:35 | APIGateway | INFO  | l.c.a.filters.AuthenticationFilter | The route is public. Path: '/api/book/recently-added-at'
2026-04-12 16:23:35 | APIGateway | INFO  | l.c.a.filters.AuthenticationFilter | Starting of the filter
2026-04-12 16:23:35 | APIGateway | INFO  | l.c.a.filters.AuthenticationFilter | The route is public. Path: '/api/expected-book/get-all'
2026-04-12 16:26:01 | APIGateway | INFO  | l.c.a.filters.AuthenticationFilter | Starting of the filter
2026-04-12 16:26:01 | APIGateway | INFO  | l.c.a.filters.AuthenticationFilter | The route is public. Path: '/api/book/most-popular-books'
2026-04-12 16:26:01 | APIGateway | INFO  | l.c.a.filters.AuthenticationFilter | Starting of the filter
2026-04-12 16:26:01 | APIGateway | INFO  | l.c.a.filters.AuthenticationFilter | The route is public. Path: '/api/book/recently-added-at'
2026-04-12 16:26:01 | APIGateway | INFO  | l.c.a.filters.AuthenticationFilter | Starting of the filter
2026-04-12 16:26:01 | APIGateway | INFO  | l.c.a.filters.AuthenticationFilter | The route is public. Path: '/api/expected-book/get-all'
2026-04-12 16:48:08 | APIGateway | INFO  | l.c.a.filters.AuthenticationFilter | Starting of the filter
2026-04-12 16:48:08 | APIGateway | INFO  | l.c.a.filters.AuthenticationFilter | The route is public. Path: '/api/book/category'
2026-04-12 16:48:08 | APIGateway | INFO  | l.c.a.filters.AuthenticationFilter | Starting of the filter
2026-04-12 16:48:08 | APIGateway | INFO  | l.c.a.filters.AuthenticationFilter | The route is public. Path: '/api/book'
2026-04-12 16:48:11 | APIGateway | INFO  | l.c.a.filters.AuthenticationFilter | Starting of the filter
2026-04-12 16:48:11 | APIGateway | INFO  | l.c.a.filters.AuthenticationFilter | The route is not public. Path: '/api/user/c0a80065-9d81-1ffe-819d-81b5493c0001'
2026-04-12 16:48:11 | APIGateway | INFO  | l.com.apigateway.security.JwtUtil | Trying to extract all claims from token
2026-04-12 16:48:11 | APIGateway | INFO  | l.com.apigateway.security.JwtUtil | Trying to extract all claims from token
2026-04-12 16:48:11 | APIGateway | INFO  | l.c.a.filters.AuthenticationFilter | The filter is completed
2026-04-12 16:49:06 | APIGateway | INFO  | l.c.a.filters.AuthenticationFilter | Starting of the filter
2026-04-12 16:49:06 | APIGateway | INFO  | l.c.a.filters.AuthenticationFilter | The route is public. Path: '/api/book/category'
2026-04-12 16:49:06 | APIGateway | INFO  | l.c.a.filters.AuthenticationFilter | Starting of the filter
2026-04-12 16:49:06 | APIGateway | INFO  | l.c.a.filters.AuthenticationFilter | The route is public. Path: '/api/book'
2026-04-12 16:49:08 | APIGateway | INFO  | l.c.a.filters.AuthenticationFilter | Starting of the filter
2026-04-12 16:49:08 | APIGateway | INFO  | l.c.a.filters.AuthenticationFilter | The route is not public. Path: '/api/user/c0a80065-9d81-1ffe-819d-81b5493c0001'
2026-04-12 16:49:08 | APIGateway | INFO  | l.com.apigateway.security.JwtUtil | Trying to extract all claims from token
2026-04-12 16:49:08 | APIGateway | INFO  | l.com.apigateway.security.JwtUtil | Trying to extract all claims from token
2026-04-12 16:49:08 | APIGateway | INFO  | l.c.a.filters.AuthenticationFilter | The filter is completed
2026-04-12 16:50:42 | APIGateway | INFO  | o.s.b.w.e.netty.GracefulShutdown | Commencing graceful shutdown. Waiting for active requests to complete
2026-04-12 16:50:42 | APIGateway | INFO  | o.s.b.w.e.netty.GracefulShutdown | Graceful shutdown complete
2026-04-12 16:50:51 | APIGateway | INFO  | o.h.validator.internal.util.Version | HV000001: Hibernate Validator 8.0.3.Final
2026-04-12 16:50:52 | APIGateway | INFO  | l.c.apigateway.ApiGatewayApplication | Starting ApiGatewayApplication using Java 22 with PID 27808 (D:\Library\APIGateway\target\classes started by vasia in D:\Library\APIGateway)
2026-04-12 16:50:52 | APIGateway | INFO  | l.c.apigateway.ApiGatewayApplication | No active profile set, falling back to 1 default profile: "default"
2026-04-12 16:50:52 | APIGateway | INFO  | o.s.cloud.context.scope.GenericScope | BeanFactory id=75412cec-13ab-32f1-87e6-021d8240753f
2026-04-12 16:50:53 | APIGateway | WARN  | o.s.c.g.c.GatewayClassPathWarningAutoConfiguration | 

**********************************************************

The artifact spring-cloud-gateway-server is deprecated. It will be removed in the next major release. Please add spring-cloud-gateway-server-webflux dependency.

**********************************************************


2026-04-12 16:50:53 | APIGateway | INFO  | o.s.c.g.r.RouteDefinitionRouteLocator | Loaded RoutePredicateFactory [After]
2026-04-12 16:50:53 | APIGateway | INFO  | o.s.c.g.r.RouteDefinitionRouteLocator | Loaded RoutePredicateFactory [Before]
2026-04-12 16:50:53 | APIGateway | INFO  | o.s.c.g.r.RouteDefinitionRouteLocator | Loaded RoutePredicateFactory [Between]
2026-04-12 16:50:53 | APIGateway | INFO  | o.s.c.g.r.RouteDefinitionRouteLocator | Loaded RoutePredicateFactory [Cookie]
2026-04-12 16:50:53 | APIGateway | INFO  | o.s.c.g.r.RouteDefinitionRouteLocator | Loaded RoutePredicateFactory [Header]
2026-04-12 16:50:53 | APIGateway | INFO  | o.s.c.g.r.RouteDefinitionRouteLocator | Loaded RoutePredicateFactory [Host]
2026-04-12 16:50:53 | APIGateway | INFO  | o.s.c.g.r.RouteDefinitionRouteLocator | Loaded RoutePredicateFactory [Method]
2026-04-12 16:50:53 | APIGateway | INFO  | o.s.c.g.r.RouteDefinitionRouteLocator | Loaded RoutePredicateFactory [Path]
2026-04-12 16:50:53 | APIGateway | INFO  | o.s.c.g.r.RouteDefinitionRouteLocator | Loaded RoutePredicateFactory [Query]
2026-04-12 16:50:53 | APIGateway | INFO  | o.s.c.g.r.RouteDefinitionRouteLocator | Loaded RoutePredicateFactory [ReadBody]
2026-04-12 16:50:53 | APIGateway | INFO  | o.s.c.g.r.RouteDefinitionRouteLocator | Loaded RoutePredicateFactory [RemoteAddr]
2026-04-12 16:50:53 | APIGateway | INFO  | o.s.c.g.r.RouteDefinitionRouteLocator | Loaded RoutePredicateFactory [XForwardedRemoteAddr]
2026-04-12 16:50:53 | APIGateway | INFO  | o.s.c.g.r.RouteDefinitionRouteLocator | Loaded RoutePredicateFactory [Weight]
2026-04-12 16:50:53 | APIGateway | INFO  | o.s.c.g.r.RouteDefinitionRouteLocator | Loaded RoutePredicateFactory [CloudFoundryRouteService]
2026-04-12 16:50:53 | APIGateway | WARN  | o.s.c.g.s.w.s.StarterDeprecatedAutoConfiguration | 

**********************************************************

spring-cloud-starter-gateway is deprecated. It will be removed in the next major release. Please use spring-cloud-starter-gateway-server-webflux instead.

**********************************************************


2026-04-12 16:50:54 | APIGateway | INFO  | o.s.b.w.e.netty.NettyWebServer | Netty started on port 8080 (http)
2026-04-12 16:50:54 | APIGateway | INFO  | l.c.apigateway.ApiGatewayApplication | Started ApiGatewayApplication in 2.913 seconds (process running for 3.891)
2026-04-12 16:52:28 | APIGateway | INFO  | l.c.a.filters.AuthenticationFilter | Starting of the filter
2026-04-12 16:52:28 | APIGateway | INFO  | l.c.a.filters.AuthenticationFilter | The route is public. Path: '/api/book/category'
2026-04-12 16:52:28 | APIGateway | INFO  | l.c.a.filters.AuthenticationFilter | Starting of the filter
2026-04-12 16:52:28 | APIGateway | INFO  | l.c.a.filters.AuthenticationFilter | The route is public. Path: '/api/book'
2026-04-12 16:52:30 | APIGateway | INFO  | l.c.a.filters.AuthenticationFilter | Starting of the filter
2026-04-12 16:52:30 | APIGateway | INFO  | l.c.a.filters.AuthenticationFilter | The route is not public. Path: '/api/user/c0a80065-9d81-1ffe-819d-81b5493c0001'
2026-04-12 16:52:30 | APIGateway | INFO  | l.com.apigateway.security.JwtUtil | Trying to extract all claims from token
2026-04-12 16:52:30 | APIGateway | INFO  | l.com.apigateway.security.JwtUtil | Trying to extract all claims from token
2026-04-12 16:52:30 | APIGateway | INFO  | l.c.a.filters.AuthenticationFilter | The filter is completed
2026-04-12 16:59:01 | APIGateway | INFO  | l.c.a.filters.AuthenticationFilter | Starting of the filter
2026-04-12 16:59:01 | APIGateway | INFO  | l.c.a.filters.AuthenticationFilter | The route is public. Path: '/api/news/get-all'
2026-04-12 16:59:03 | APIGateway | INFO  | l.c.a.filters.AuthenticationFilter | Starting of the filter
2026-04-12 16:59:03 | APIGateway | INFO  | l.c.a.filters.AuthenticationFilter | The route is not public. Path: '/api/user/c0a80065-9d81-1ffe-819d-81b5493c0001'
2026-04-12 16:59:03 | APIGateway | INFO  | l.com.apigateway.security.JwtUtil | Trying to extract all claims from token
2026-04-12 16:59:03 | APIGateway | INFO  | l.com.apigateway.security.JwtUtil | Trying to extract all claims from token
2026-04-12 16:59:03 | APIGateway | INFO  | l.c.a.filters.AuthenticationFilter | The filter is completed
2026-04-12 16:59:32 | APIGateway | INFO  | l.c.a.filters.AuthenticationFilter | Starting of the filter
2026-04-12 16:59:32 | APIGateway | INFO  | l.c.a.filters.AuthenticationFilter | The route is public. Path: '/api/reset-password/send-code'
2026-04-12 17:01:03 | APIGateway | INFO  | l.c.a.filters.AuthenticationFilter | Starting of the filter
2026-04-12 17:01:03 | APIGateway | INFO  | l.c.a.filters.AuthenticationFilter | The route is public. Path: '/api/reset-password/reset'
2026-04-12 17:01:08 | APIGateway | INFO  | l.c.a.filters.AuthenticationFilter | Starting of the filter
2026-04-12 17:01:08 | APIGateway | INFO  | l.c.a.filters.AuthenticationFilter | The route is public. Path: '/api/auth/login'
2026-04-12 17:01:12 | APIGateway | INFO  | l.c.a.filters.AuthenticationFilter | Starting of the filter
2026-04-12 17:01:12 | APIGateway | INFO  | l.c.a.filters.AuthenticationFilter | The route is public. Path: '/api/auth/login'
2026-04-12 17:01:37 | APIGateway | INFO  | l.c.a.filters.AuthenticationFilter | Starting of the filter
2026-04-12 17:01:37 | APIGateway | INFO  | l.c.a.filters.AuthenticationFilter | The route is public. Path: '/api/auth/login'
2026-04-12 17:02:00 | APIGateway | INFO  | l.c.a.filters.AuthenticationFilter | Starting of the filter
2026-04-12 17:02:00 | APIGateway | INFO  | l.c.a.filters.AuthenticationFilter | The route is public. Path: '/api/auth/login'
2026-04-12 17:03:14 | APIGateway | INFO  | l.c.a.filters.AuthenticationFilter | Starting of the filter
2026-04-12 17:03:14 | APIGateway | INFO  | l.c.a.filters.AuthenticationFilter | The route is public. Path: '/api/auth/login'
2026-04-12 17:04:02 | APIGateway | INFO  | l.c.a.filters.AuthenticationFilter | Starting of the filter
2026-04-12 17:04:02 | APIGateway | INFO  | l.c.a.filters.AuthenticationFilter | The route is public. Path: '/api/auth/login'
2026-04-12 17:04:13 | APIGateway | INFO  | l.c.a.filters.AuthenticationFilter | Starting of the filter
2026-04-12 17:04:13 | APIGateway | INFO  | l.c.a.filters.AuthenticationFilter | The route is public. Path: '/api/auth/login'
2026-04-12 17:04:29 | APIGateway | INFO  | l.c.a.filters.AuthenticationFilter | Starting of the filter
2026-04-12 17:04:29 | APIGateway | INFO  | l.c.a.filters.AuthenticationFilter | The route is public. Path: '/api/auth/login'
2026-04-12 17:04:35 | APIGateway | INFO  | l.c.a.filters.AuthenticationFilter | Starting of the filter
2026-04-12 17:04:35 | APIGateway | INFO  | l.c.a.filters.AuthenticationFilter | The route is public. Path: '/api/auth/login'
2026-04-12 17:06:23 | APIGateway | INFO  | l.c.a.filters.AuthenticationFilter | Starting of the filter
2026-04-12 17:06:23 | APIGateway | INFO  | l.c.a.filters.AuthenticationFilter | The route is public. Path: '/api/auth/login'
2026-04-12 17:06:38 | APIGateway | INFO  | l.c.a.filters.AuthenticationFilter | Starting of the filter
2026-04-12 17:06:38 | APIGateway | INFO  | l.c.a.filters.AuthenticationFilter | The route is public. Path: '/api/auth/login'
2026-04-12 17:06:42 | APIGateway | INFO  | l.c.a.filters.AuthenticationFilter | Starting of the filter
2026-04-12 17:06:42 | APIGateway | INFO  | l.c.a.filters.AuthenticationFilter | The route is public. Path: '/api/auth/login'
2026-04-12 17:07:16 | APIGateway | INFO  | l.c.a.filters.AuthenticationFilter | Starting of the filter
2026-04-12 17:07:16 | APIGateway | INFO  | l.c.a.filters.AuthenticationFilter | The route is public. Path: '/api/auth/registration'
2026-04-12 17:09:06 | APIGateway | INFO  | l.c.a.filters.AuthenticationFilter | Starting of the filter
2026-04-12 17:09:06 | APIGateway | INFO  | l.c.a.filters.AuthenticationFilter | The route is public. Path: '/api/auth/registration'
2026-04-12 17:11:31 | APIGateway | INFO  | l.c.a.filters.AuthenticationFilter | Starting of the filter
2026-04-12 17:11:31 | APIGateway | INFO  | l.c.a.filters.AuthenticationFilter | The route is public. Path: '/api/auth/registration'
2026-04-12 17:11:32 | APIGateway | INFO  | l.c.a.filters.AuthenticationFilter | Starting of the filter
2026-04-12 17:11:32 | APIGateway | INFO  | l.c.a.filters.AuthenticationFilter | The route is public. Path: '/api/book/most-popular-books'
2026-04-12 17:11:32 | APIGateway | INFO  | l.c.a.filters.AuthenticationFilter | Starting of the filter
2026-04-12 17:11:32 | APIGateway | INFO  | l.c.a.filters.AuthenticationFilter | The route is public. Path: '/api/book/recently-added-at'
2026-04-12 17:11:32 | APIGateway | INFO  | l.c.a.filters.AuthenticationFilter | Starting of the filter
2026-04-12 17:11:32 | APIGateway | INFO  | l.c.a.filters.AuthenticationFilter | The route is public. Path: '/api/expected-book/get-all'
2026-04-12 17:11:35 | APIGateway | INFO  | l.c.a.filters.AuthenticationFilter | Starting of the filter
2026-04-12 17:11:35 | APIGateway | INFO  | l.c.a.filters.AuthenticationFilter | The route is not public. Path: '/api/user/c0a80065-9d82-186c-819d-82088e0a0000'
2026-04-12 17:11:35 | APIGateway | INFO  | l.com.apigateway.security.JwtUtil | Trying to extract all claims from token
2026-04-12 17:11:35 | APIGateway | INFO  | l.com.apigateway.security.JwtUtil | Trying to extract all claims from token
2026-04-12 17:11:35 | APIGateway | INFO  | l.c.a.filters.AuthenticationFilter | The filter is completed
2026-04-12 17:11:39 | APIGateway | INFO  | l.c.a.filters.AuthenticationFilter | Starting of the filter
2026-04-12 17:11:39 | APIGateway | INFO  | l.c.a.filters.AuthenticationFilter | The route is not public. Path: '/api/auth/logout'
2026-04-12 17:11:39 | APIGateway | INFO  | l.com.apigateway.security.JwtUtil | Trying to extract all claims from token
2026-04-12 17:11:39 | APIGateway | INFO  | l.com.apigateway.security.JwtUtil | Trying to extract all claims from token
2026-04-12 17:11:39 | APIGateway | INFO  | l.c.a.filters.AuthenticationFilter | The filter is completed
2026-04-12 17:11:40 | APIGateway | INFO  | l.c.a.filters.AuthenticationFilter | Starting of the filter
2026-04-12 17:11:40 | APIGateway | INFO  | l.c.a.filters.AuthenticationFilter | The route is public. Path: '/api/book/most-popular-books'
2026-04-12 17:11:40 | APIGateway | INFO  | l.c.a.filters.AuthenticationFilter | Starting of the filter
2026-04-12 17:11:40 | APIGateway | INFO  | l.c.a.filters.AuthenticationFilter | The route is public. Path: '/api/book/recently-added-at'
2026-04-12 17:11:40 | APIGateway | INFO  | l.c.a.filters.AuthenticationFilter | Starting of the filter
2026-04-12 17:11:40 | APIGateway | INFO  | l.c.a.filters.AuthenticationFilter | The route is public. Path: '/api/expected-book/get-all'
2026-04-12 17:11:58 | APIGateway | INFO  | l.c.a.filters.AuthenticationFilter | Starting of the filter
2026-04-12 17:11:58 | APIGateway | INFO  | l.c.a.filters.AuthenticationFilter | The route is public. Path: '/api/auth/login'
2026-04-12 17:11:58 | APIGateway | INFO  | l.c.a.filters.AuthenticationFilter | Starting of the filter
2026-04-12 17:11:58 | APIGateway | INFO  | l.c.a.filters.AuthenticationFilter | The route is public. Path: '/api/book/most-popular-books'
2026-04-12 17:11:58 | APIGateway | INFO  | l.c.a.filters.AuthenticationFilter | Starting of the filter
2026-04-12 17:11:58 | APIGateway | INFO  | l.c.a.filters.AuthenticationFilter | The route is public. Path: '/api/book/recently-added-at'
2026-04-12 17:11:58 | APIGateway | INFO  | l.c.a.filters.AuthenticationFilter | Starting of the filter
2026-04-12 17:11:58 | APIGateway | INFO  | l.c.a.filters.AuthenticationFilter | The route is public. Path: '/api/expected-book/get-all'
2026-04-12 17:11:58 | APIGateway | INFO  | l.c.a.filters.AuthenticationFilter | Starting of the filter
2026-04-12 17:11:58 | APIGateway | INFO  | l.c.a.filters.AuthenticationFilter | The route is public. Path: '/api/book/most-popular-books'
2026-04-12 17:11:58 | APIGateway | INFO  | l.c.a.filters.AuthenticationFilter | Starting of the filter
2026-04-12 17:11:58 | APIGateway | INFO  | l.c.a.filters.AuthenticationFilter | The route is public. Path: '/api/book/recently-added-at'
2026-04-12 17:11:58 | APIGateway | INFO  | l.c.a.filters.AuthenticationFilter | Starting of the filter
2026-04-12 17:11:58 | APIGateway | INFO  | l.c.a.filters.AuthenticationFilter | The route is public. Path: '/api/expected-book/get-all'
2026-04-12 17:12:01 | APIGateway | INFO  | l.c.a.filters.AuthenticationFilter | Starting of the filter
2026-04-12 17:12:01 | APIGateway | INFO  | l.c.a.filters.AuthenticationFilter | The route is not public. Path: '/api/user/c0a80065-9d82-186c-819d-82088e0a0000'
2026-04-12 17:12:01 | APIGateway | INFO  | l.com.apigateway.security.JwtUtil | Trying to extract all claims from token
2026-04-12 17:12:01 | APIGateway | INFO  | l.com.apigateway.security.JwtUtil | Trying to extract all claims from token
2026-04-12 17:12:01 | APIGateway | INFO  | l.c.a.filters.AuthenticationFilter | The filter is completed
2026-04-12 17:12:10 | APIGateway | INFO  | l.c.a.filters.AuthenticationFilter | Starting of the filter
2026-04-12 17:12:10 | APIGateway | INFO  | l.c.a.filters.AuthenticationFilter | The route is public. Path: '/api/reset-password/send-code'
2026-04-12 17:12:27 | APIGateway | INFO  | l.c.a.filters.AuthenticationFilter | Starting of the filter
2026-04-12 17:12:27 | APIGateway | INFO  | l.c.a.filters.AuthenticationFilter | The route is public. Path: '/api/reset-password/reset'
2026-04-12 17:12:37 | APIGateway | INFO  | l.c.a.filters.AuthenticationFilter | Starting of the filter
2026-04-12 17:12:37 | APIGateway | INFO  | l.c.a.filters.AuthenticationFilter | The route is public. Path: '/api/auth/login'
2026-04-12 17:12:42 | APIGateway | INFO  | l.c.a.filters.AuthenticationFilter | Starting of the filter
2026-04-12 17:12:42 | APIGateway | INFO  | l.c.a.filters.AuthenticationFilter | The route is public. Path: '/api/auth/login'
2026-04-12 17:16:45 | APIGateway | INFO  | l.c.a.filters.AuthenticationFilter | Starting of the filter
2026-04-12 17:16:45 | APIGateway | INFO  | l.c.a.filters.AuthenticationFilter | The route is not public. Path: '/api/auth/logout'
2026-04-12 17:16:45 | APIGateway | INFO  | l.com.apigateway.security.JwtUtil | Trying to extract all claims from token
2026-04-12 17:16:45 | APIGateway | INFO  | l.com.apigateway.security.JwtUtil | Trying to extract all claims from token
2026-04-12 17:16:45 | APIGateway | INFO  | l.c.a.filters.AuthenticationFilter | The filter is completed
2026-04-12 17:16:46 | APIGateway | INFO  | l.c.a.filters.AuthenticationFilter | Starting of the filter
2026-04-12 17:16:46 | APIGateway | INFO  | l.c.a.filters.AuthenticationFilter | The route is public. Path: '/api/book/most-popular-books'
2026-04-12 17:16:46 | APIGateway | INFO  | l.c.a.filters.AuthenticationFilter | Starting of the filter
2026-04-12 17:16:46 | APIGateway | INFO  | l.c.a.filters.AuthenticationFilter | The route is public. Path: '/api/book/recently-added-at'
2026-04-12 17:16:46 | APIGateway | INFO  | l.c.a.filters.AuthenticationFilter | Starting of the filter
2026-04-12 17:16:46 | APIGateway | INFO  | l.c.a.filters.AuthenticationFilter | The route is public. Path: '/api/expected-book/get-all'
2026-04-12 17:17:25 | APIGateway | INFO  | l.c.a.filters.AuthenticationFilter | Starting of the filter
2026-04-12 17:17:25 | APIGateway | INFO  | l.c.a.filters.AuthenticationFilter | The route is public. Path: '/api/auth/registration'
2026-04-12 17:17:26 | APIGateway | INFO  | l.c.a.filters.AuthenticationFilter | Starting of the filter
2026-04-12 17:17:26 | APIGateway | INFO  | l.c.a.filters.AuthenticationFilter | The route is public. Path: '/api/book/most-popular-books'
2026-04-12 17:17:26 | APIGateway | INFO  | l.c.a.filters.AuthenticationFilter | Starting of the filter
2026-04-12 17:17:26 | APIGateway | INFO  | l.c.a.filters.AuthenticationFilter | The route is public. Path: '/api/book/recently-added-at'
2026-04-12 17:17:26 | APIGateway | INFO  | l.c.a.filters.AuthenticationFilter | Starting of the filter
2026-04-12 17:17:26 | APIGateway | INFO  | l.c.a.filters.AuthenticationFilter | The route is public. Path: '/api/expected-book/get-all'
2026-04-12 17:17:29 | APIGateway | INFO  | l.c.a.filters.AuthenticationFilter | Starting of the filter
2026-04-12 17:17:29 | APIGateway | INFO  | l.c.a.filters.AuthenticationFilter | The route is not public. Path: '/api/user/c0a80065-9d82-1d10-819d-820df6260000'
2026-04-12 17:17:29 | APIGateway | INFO  | l.com.apigateway.security.JwtUtil | Trying to extract all claims from token
2026-04-12 17:17:29 | APIGateway | INFO  | l.com.apigateway.security.JwtUtil | Trying to extract all claims from token
2026-04-12 17:17:29 | APIGateway | INFO  | l.c.a.filters.AuthenticationFilter | The filter is completed
2026-04-12 17:17:34 | APIGateway | INFO  | l.c.a.filters.AuthenticationFilter | Starting of the filter
2026-04-12 17:17:34 | APIGateway | INFO  | l.c.a.filters.AuthenticationFilter | The route is public. Path: '/api/reset-password/send-code'
2026-04-12 17:17:51 | APIGateway | INFO  | l.c.a.filters.AuthenticationFilter | Starting of the filter
2026-04-12 17:17:51 | APIGateway | INFO  | l.c.a.filters.AuthenticationFilter | The route is public. Path: '/api/reset-password/reset'
2026-04-12 17:17:57 | APIGateway | INFO  | l.c.a.filters.AuthenticationFilter | Starting of the filter
2026-04-12 17:17:57 | APIGateway | INFO  | l.c.a.filters.AuthenticationFilter | The route is public. Path: '/api/auth/login'
2026-04-12 17:17:57 | APIGateway | INFO  | l.c.a.filters.AuthenticationFilter | Starting of the filter
2026-04-12 17:17:57 | APIGateway | INFO  | l.c.a.filters.AuthenticationFilter | The route is public. Path: '/api/book/most-popular-books'
2026-04-12 17:17:57 | APIGateway | INFO  | l.c.a.filters.AuthenticationFilter | Starting of the filter
2026-04-12 17:17:57 | APIGateway | INFO  | l.c.a.filters.AuthenticationFilter | The route is public. Path: '/api/book/recently-added-at'
2026-04-12 17:17:57 | APIGateway | INFO  | l.c.a.filters.AuthenticationFilter | Starting of the filter
2026-04-12 17:17:57 | APIGateway | INFO  | l.c.a.filters.AuthenticationFilter | The route is public. Path: '/api/expected-book/get-all'
2026-04-12 17:17:57 | APIGateway | INFO  | l.c.a.filters.AuthenticationFilter | Starting of the filter
2026-04-12 17:17:57 | APIGateway | INFO  | l.c.a.filters.AuthenticationFilter | The route is public. Path: '/api/book/most-popular-books'
2026-04-12 17:17:57 | APIGateway | INFO  | l.c.a.filters.AuthenticationFilter | Starting of the filter
2026-04-12 17:17:57 | APIGateway | INFO  | l.c.a.filters.AuthenticationFilter | The route is public. Path: '/api/book/recently-added-at'
2026-04-12 17:17:57 | APIGateway | INFO  | l.c.a.filters.AuthenticationFilter | Starting of the filter
2026-04-12 17:17:57 | APIGateway | INFO  | l.c.a.filters.AuthenticationFilter | The route is public. Path: '/api/expected-book/get-all'
2026-04-12 17:18:52 | APIGateway | INFO  | o.s.b.w.e.netty.GracefulShutdown | Commencing graceful shutdown. Waiting for active requests to complete
2026-04-12 17:18:52 | APIGateway | INFO  | o.s.b.w.e.netty.GracefulShutdown | Graceful shutdown complete
