2026-04-21 14:16:49 | APIGateway | INFO  | o.h.validator.internal.util.Version | HV000001: Hibernate Validator 8.0.3.Final
2026-04-21 14:16:49 | APIGateway | INFO  | l.c.apigateway.ApiGatewayApplication | Starting ApiGatewayApplication using Java 22 with PID 2580 (D:\Library\APIGateway\target\classes started by vasia in D:\Library\APIGateway)
2026-04-21 14:16:49 | APIGateway | INFO  | l.c.apigateway.ApiGatewayApplication | No active profile set, falling back to 1 default profile: "default"
2026-04-21 14:16:50 | APIGateway | INFO  | o.s.cloud.context.scope.GenericScope | BeanFactory id=75412cec-13ab-32f1-87e6-021d8240753f
2026-04-21 14:16:51 | APIGateway | WARN  | o.s.c.g.c.GatewayClassPathWarningAutoConfiguration | 

**********************************************************

The artifact spring-cloud-gateway-server is deprecated. It will be removed in the next major release. Please add spring-cloud-gateway-server-webflux dependency.

**********************************************************


2026-04-21 14:16:51 | APIGateway | INFO  | o.s.c.g.r.RouteDefinitionRouteLocator | Loaded RoutePredicateFactory [After]
2026-04-21 14:16:51 | APIGateway | INFO  | o.s.c.g.r.RouteDefinitionRouteLocator | Loaded RoutePredicateFactory [Before]
2026-04-21 14:16:51 | APIGateway | INFO  | o.s.c.g.r.RouteDefinitionRouteLocator | Loaded RoutePredicateFactory [Between]
2026-04-21 14:16:51 | APIGateway | INFO  | o.s.c.g.r.RouteDefinitionRouteLocator | Loaded RoutePredicateFactory [Cookie]
2026-04-21 14:16:51 | APIGateway | INFO  | o.s.c.g.r.RouteDefinitionRouteLocator | Loaded RoutePredicateFactory [Header]
2026-04-21 14:16:51 | APIGateway | INFO  | o.s.c.g.r.RouteDefinitionRouteLocator | Loaded RoutePredicateFactory [Host]
2026-04-21 14:16:51 | APIGateway | INFO  | o.s.c.g.r.RouteDefinitionRouteLocator | Loaded RoutePredicateFactory [Method]
2026-04-21 14:16:51 | APIGateway | INFO  | o.s.c.g.r.RouteDefinitionRouteLocator | Loaded RoutePredicateFactory [Path]
2026-04-21 14:16:51 | APIGateway | INFO  | o.s.c.g.r.RouteDefinitionRouteLocator | Loaded RoutePredicateFactory [Query]
2026-04-21 14:16:51 | APIGateway | INFO  | o.s.c.g.r.RouteDefinitionRouteLocator | Loaded RoutePredicateFactory [ReadBody]
2026-04-21 14:16:51 | APIGateway | INFO  | o.s.c.g.r.RouteDefinitionRouteLocator | Loaded RoutePredicateFactory [RemoteAddr]
2026-04-21 14:16:51 | APIGateway | INFO  | o.s.c.g.r.RouteDefinitionRouteLocator | Loaded RoutePredicateFactory [XForwardedRemoteAddr]
2026-04-21 14:16:51 | APIGateway | INFO  | o.s.c.g.r.RouteDefinitionRouteLocator | Loaded RoutePredicateFactory [Weight]
2026-04-21 14:16:51 | APIGateway | INFO  | o.s.c.g.r.RouteDefinitionRouteLocator | Loaded RoutePredicateFactory [CloudFoundryRouteService]
2026-04-21 14:16:51 | APIGateway | WARN  | o.s.c.g.s.w.s.StarterDeprecatedAutoConfiguration | 

**********************************************************

spring-cloud-starter-gateway is deprecated. It will be removed in the next major release. Please use spring-cloud-starter-gateway-server-webflux instead.

**********************************************************


2026-04-21 14:16:52 | APIGateway | INFO  | o.s.b.w.e.netty.NettyWebServer | Netty started on port 8080 (http)
2026-04-21 14:16:52 | APIGateway | INFO  | l.c.apigateway.ApiGatewayApplication | Started ApiGatewayApplication in 3.584 seconds (process running for 10.723)
2026-04-21 14:18:38 | APIGateway | INFO  | l.c.a.filters.AuthenticationFilter | Starting of the filter
2026-04-21 14:18:38 | APIGateway | INFO  | l.c.a.filters.AuthenticationFilter | The route is not public. Path: '/api/auth/logout'
2026-04-21 14:18:38 | APIGateway | INFO  | l.com.apigateway.security.JwtUtil | Trying to extract all claims from token
2026-04-21 14:18:38 | APIGateway | INFO  | l.com.apigateway.security.JwtUtil | JWT token expired
2026-04-21 14:18:38 | APIGateway | INFO  | l.c.a.filters.AuthenticationFilter | Invalid jwt token
2026-04-21 14:18:38 | APIGateway | INFO  | l.c.a.filters.AuthenticationFilter | Starting of the filter
2026-04-21 14:18:38 | APIGateway | INFO  | l.c.a.filters.AuthenticationFilter | The route is public. Path: '/api/book/public/most-popular-books'
2026-04-21 14:18:40 | APIGateway | INFO  | l.c.a.filters.AuthenticationFilter | Starting of the filter
2026-04-21 14:18:40 | APIGateway | INFO  | l.c.a.filters.AuthenticationFilter | The route is public. Path: '/api/book/public/recently-added-at'
2026-04-21 14:18:40 | APIGateway | INFO  | l.c.a.filters.AuthenticationFilter | Starting of the filter
2026-04-21 14:18:40 | APIGateway | INFO  | l.c.a.filters.AuthenticationFilter | The route is public. Path: '/api/expected-book/get-all'
2026-04-21 14:18:43 | APIGateway | INFO  | l.c.a.filters.AuthenticationFilter | Starting of the filter
2026-04-21 14:18:43 | APIGateway | INFO  | l.c.a.filters.AuthenticationFilter | The route is public. Path: '/api/auth/login'
2026-04-21 14:18:44 | APIGateway | INFO  | l.c.a.filters.AuthenticationFilter | Starting of the filter
2026-04-21 14:18:44 | APIGateway | INFO  | l.c.a.filters.AuthenticationFilter | The route is public. Path: '/api/book/public/most-popular-books'
2026-04-21 14:18:44 | APIGateway | INFO  | l.c.a.filters.AuthenticationFilter | Starting of the filter
2026-04-21 14:18:44 | APIGateway | INFO  | l.c.a.filters.AuthenticationFilter | The route is public. Path: '/api/book/public/recently-added-at'
2026-04-21 14:18:44 | APIGateway | INFO  | l.c.a.filters.AuthenticationFilter | Starting of the filter
2026-04-21 14:18:44 | APIGateway | INFO  | l.c.a.filters.AuthenticationFilter | The route is public. Path: '/api/expected-book/get-all'
2026-04-21 14:18:44 | APIGateway | INFO  | l.c.a.filters.AuthenticationFilter | Starting of the filter
2026-04-21 14:18:44 | APIGateway | INFO  | l.c.a.filters.AuthenticationFilter | The route is public. Path: '/api/book/public/most-popular-books'
2026-04-21 14:18:44 | APIGateway | INFO  | l.c.a.filters.AuthenticationFilter | Starting of the filter
2026-04-21 14:18:44 | APIGateway | INFO  | l.c.a.filters.AuthenticationFilter | The route is public. Path: '/api/book/public/recently-added-at'
2026-04-21 14:18:44 | APIGateway | INFO  | l.c.a.filters.AuthenticationFilter | Starting of the filter
2026-04-21 14:18:44 | APIGateway | INFO  | l.c.a.filters.AuthenticationFilter | The route is public. Path: '/api/expected-book/get-all'
2026-04-21 14:33:57 | APIGateway | INFO  | l.c.a.filters.AuthenticationFilter | Starting of the filter
2026-04-21 14:33:57 | APIGateway | INFO  | l.c.a.filters.AuthenticationFilter | The route is not public. Path: '/api/news/auth/create'
2026-04-21 14:33:57 | APIGateway | INFO  | l.com.apigateway.security.JwtUtil | Trying to extract all claims from token
2026-04-21 14:33:57 | APIGateway | INFO  | l.com.apigateway.security.JwtUtil | Trying to extract all claims from token
2026-04-21 14:33:57 | APIGateway | INFO  | l.c.a.filters.AuthenticationFilter | The filter is completed
2026-04-21 14:36:42 | APIGateway | INFO  | l.c.a.filters.AuthenticationFilter | Starting of the filter
2026-04-21 14:36:42 | APIGateway | INFO  | l.c.a.filters.AuthenticationFilter | The route is not public. Path: '/api/news/auth/create'
2026-04-21 14:36:42 | APIGateway | INFO  | l.com.apigateway.security.JwtUtil | Trying to extract all claims from token
2026-04-21 14:36:42 | APIGateway | INFO  | l.com.apigateway.security.JwtUtil | Trying to extract all claims from token
2026-04-21 14:36:42 | APIGateway | INFO  | l.c.a.filters.AuthenticationFilter | The filter is completed
2026-04-21 14:44:32 | APIGateway | INFO  | l.c.a.filters.AuthenticationFilter | Starting of the filter
2026-04-21 14:44:32 | APIGateway | INFO  | l.c.a.filters.AuthenticationFilter | The route is not public. Path: '/api/news/auth/create'
2026-04-21 14:44:32 | APIGateway | INFO  | l.com.apigateway.security.JwtUtil | Trying to extract all claims from token
2026-04-21 14:44:32 | APIGateway | INFO  | l.com.apigateway.security.JwtUtil | Trying to extract all claims from token
2026-04-21 14:44:32 | APIGateway | INFO  | l.c.a.filters.AuthenticationFilter | The filter is completed
2026-04-21 14:47:33 | APIGateway | INFO  | l.c.a.filters.AuthenticationFilter | Starting of the filter
2026-04-21 14:47:33 | APIGateway | INFO  | l.c.a.filters.AuthenticationFilter | The route is not public. Path: '/api/news/auth/create'
2026-04-21 14:47:33 | APIGateway | INFO  | l.com.apigateway.security.JwtUtil | Trying to extract all claims from token
2026-04-21 14:47:33 | APIGateway | INFO  | l.com.apigateway.security.JwtUtil | Trying to extract all claims from token
2026-04-21 14:47:33 | APIGateway | INFO  | l.c.a.filters.AuthenticationFilter | The filter is completed
2026-04-21 14:49:53 | APIGateway | INFO  | l.c.a.filters.AuthenticationFilter | Starting of the filter
2026-04-21 14:49:53 | APIGateway | INFO  | l.c.a.filters.AuthenticationFilter | The route is not public. Path: '/api/news/auth/create'
2026-04-21 14:49:53 | APIGateway | INFO  | l.com.apigateway.security.JwtUtil | Trying to extract all claims from token
2026-04-21 14:49:53 | APIGateway | INFO  | l.com.apigateway.security.JwtUtil | Trying to extract all claims from token
2026-04-21 14:49:53 | APIGateway | INFO  | l.c.a.filters.AuthenticationFilter | The filter is completed
2026-04-21 14:50:35 | APIGateway | INFO  | l.c.a.filters.AuthenticationFilter | Starting of the filter
2026-04-21 14:50:35 | APIGateway | INFO  | l.c.a.filters.AuthenticationFilter | The route is public. Path: '/api/announcement/get-all'
2026-04-21 14:50:36 | APIGateway | INFO  | l.c.a.filters.AuthenticationFilter | Starting of the filter
2026-04-21 14:50:36 | APIGateway | INFO  | l.c.a.filters.AuthenticationFilter | The route is public. Path: '/api/news/get-all'
2026-04-21 14:50:39 | APIGateway | INFO  | l.c.a.filters.AuthenticationFilter | Starting of the filter
2026-04-21 14:50:39 | APIGateway | INFO  | l.c.a.filters.AuthenticationFilter | The route is public. Path: '/api/news/get-all'
2026-04-21 14:50:45 | APIGateway | INFO  | l.c.a.filters.AuthenticationFilter | Starting of the filter
2026-04-21 14:50:45 | APIGateway | INFO  | l.c.a.filters.AuthenticationFilter | The route is public. Path: '/api/news/get-one/c0a80067-9daf-1231-819d-afddfa250003'
2026-04-21 14:52:29 | APIGateway | INFO  | l.c.a.filters.AuthenticationFilter | Starting of the filter
2026-04-21 14:52:29 | APIGateway | INFO  | l.c.a.filters.AuthenticationFilter | The route is public. Path: '/api/book/public'
2026-04-21 15:10:02 | APIGateway | INFO  | l.c.a.filters.AuthenticationFilter | Starting of the filter
2026-04-21 15:10:02 | APIGateway | INFO  | l.c.a.filters.AuthenticationFilter | The route is public. Path: '/api/news/get-all'
2026-04-21 15:10:11 | APIGateway | INFO  | l.c.a.filters.AuthenticationFilter | Starting of the filter
2026-04-21 15:10:11 | APIGateway | INFO  | l.c.a.filters.AuthenticationFilter | The route is not public. Path: '/api/news/auth/delete/c0a80067-9daf-1231-819d-afe01d940004'
2026-04-21 15:10:11 | APIGateway | INFO  | l.com.apigateway.security.JwtUtil | Trying to extract all claims from token
2026-04-21 15:10:11 | APIGateway | INFO  | l.com.apigateway.security.JwtUtil | Trying to extract all claims from token
2026-04-21 15:10:11 | APIGateway | INFO  | l.c.a.filters.AuthenticationFilter | The filter is completed
2026-04-21 15:10:13 | APIGateway | INFO  | l.c.a.filters.AuthenticationFilter | Starting of the filter
2026-04-21 15:10:13 | APIGateway | INFO  | l.c.a.filters.AuthenticationFilter | The route is public. Path: '/api/news/get-all'
2026-04-21 15:18:43 | APIGateway | INFO  | l.c.a.filters.AuthenticationFilter | Starting of the filter
2026-04-21 15:18:43 | APIGateway | INFO  | l.c.a.filters.AuthenticationFilter | The route is public. Path: '/api/news/get-all'
2026-04-21 15:18:48 | APIGateway | INFO  | l.c.a.filters.AuthenticationFilter | Starting of the filter
2026-04-21 15:18:48 | APIGateway | INFO  | l.c.a.filters.AuthenticationFilter | The route is public. Path: '/api/news/get-one/c0a80067-9daf-1231-819d-afddfa250003'
2026-04-21 15:18:48 | APIGateway | INFO  | l.c.a.filters.AuthenticationFilter | Starting of the filter
2026-04-21 15:18:48 | APIGateway | INFO  | l.c.a.filters.AuthenticationFilter | The route is public. Path: '/api/news/get-one/c0a80067-9daf-1231-819d-afddfa250003'
2026-04-21 15:20:15 | APIGateway | INFO  | l.c.a.filters.AuthenticationFilter | Starting of the filter
2026-04-21 15:20:15 | APIGateway | INFO  | l.c.a.filters.AuthenticationFilter | The route is public. Path: '/api/news/get-one/c0a80067-9daf-1231-819d-afddfa250003'
2026-04-21 15:20:16 | APIGateway | INFO  | l.c.a.filters.AuthenticationFilter | Starting of the filter
2026-04-21 15:20:16 | APIGateway | INFO  | l.c.a.filters.AuthenticationFilter | The route is public. Path: '/api/news/get-one/c0a80067-9daf-1231-819d-afddfa250003'
2026-04-21 15:21:09 | APIGateway | INFO  | l.c.a.filters.AuthenticationFilter | Starting of the filter
2026-04-21 15:21:09 | APIGateway | INFO  | l.c.a.filters.AuthenticationFilter | The route is public. Path: '/api/news/get-one/c0a80067-9daf-1231-819d-afddfa250003'
2026-04-21 15:21:09 | APIGateway | INFO  | l.c.a.filters.AuthenticationFilter | Starting of the filter
2026-04-21 15:21:09 | APIGateway | INFO  | l.c.a.filters.AuthenticationFilter | The route is public. Path: '/api/news/get-one/c0a80067-9daf-1231-819d-afddfa250003'
2026-04-21 15:21:09 | APIGateway | INFO  | l.c.a.filters.AuthenticationFilter | Starting of the filter
2026-04-21 15:21:09 | APIGateway | INFO  | l.c.a.filters.AuthenticationFilter | The route is public. Path: '/api/news/get-one/c0a80067-9daf-1231-819d-afddfa250003'
2026-04-21 15:21:10 | APIGateway | INFO  | l.c.a.filters.AuthenticationFilter | Starting of the filter
2026-04-21 15:21:10 | APIGateway | INFO  | l.c.a.filters.AuthenticationFilter | The route is public. Path: '/api/news/get-one/c0a80067-9daf-1231-819d-afddfa250003'
2026-04-21 15:24:48 | APIGateway | INFO  | l.c.a.filters.AuthenticationFilter | Starting of the filter
2026-04-21 15:24:48 | APIGateway | INFO  | l.c.a.filters.AuthenticationFilter | The route is public. Path: '/api/news/get-one/c0a80067-9daf-1231-819d-afddfa250003'
2026-04-21 15:24:48 | APIGateway | INFO  | l.c.a.filters.AuthenticationFilter | Starting of the filter
2026-04-21 15:24:48 | APIGateway | INFO  | l.c.a.filters.AuthenticationFilter | The route is public. Path: '/api/news/get-one/c0a80067-9daf-1231-819d-afddfa250003'
2026-04-21 15:24:51 | APIGateway | INFO  | l.c.a.filters.AuthenticationFilter | Starting of the filter
2026-04-21 15:24:51 | APIGateway | INFO  | l.c.a.filters.AuthenticationFilter | The route is not public. Path: '/api/news/auth/change-book/c0a80067-9daf-1231-819d-afddfa250003'
2026-04-21 15:24:51 | APIGateway | INFO  | l.com.apigateway.security.JwtUtil | Trying to extract all claims from token
2026-04-21 15:24:51 | APIGateway | INFO  | l.com.apigateway.security.JwtUtil | Trying to extract all claims from token
2026-04-21 15:24:51 | APIGateway | INFO  | l.c.a.filters.AuthenticationFilter | The filter is completed
2026-04-21 15:24:51 | APIGateway | INFO  | l.c.a.filters.AuthenticationFilter | Starting of the filter
2026-04-21 15:24:51 | APIGateway | INFO  | l.c.a.filters.AuthenticationFilter | The route is public. Path: '/api/news/get-one/c0a80067-9daf-1231-819d-afddfa250003'
2026-04-21 15:24:51 | APIGateway | INFO  | l.c.a.filters.AuthenticationFilter | Starting of the filter
2026-04-21 15:24:51 | APIGateway | INFO  | l.c.a.filters.AuthenticationFilter | The route is public. Path: '/api/news/get-one/c0a80067-9daf-1231-819d-afddfa250003'
2026-04-21 15:24:51 | APIGateway | INFO  | l.c.a.filters.AuthenticationFilter | Starting of the filter
2026-04-21 15:24:51 | APIGateway | INFO  | l.c.a.filters.AuthenticationFilter | The route is public. Path: '/api/news/get-one/c0a80067-9daf-1231-819d-afddfa250003'
2026-04-21 15:25:41 | APIGateway | INFO  | l.c.a.filters.AuthenticationFilter | Starting of the filter
2026-04-21 15:25:41 | APIGateway | INFO  | l.c.a.filters.AuthenticationFilter | The route is public. Path: '/api/news/get-one/c0a80067-9daf-1231-819d-afddfa250003'
2026-04-21 15:25:41 | APIGateway | INFO  | l.c.a.filters.AuthenticationFilter | Starting of the filter
2026-04-21 15:25:41 | APIGateway | INFO  | l.c.a.filters.AuthenticationFilter | The route is public. Path: '/api/news/get-one/c0a80067-9daf-1231-819d-afddfa250003'
2026-04-21 15:25:45 | APIGateway | INFO  | l.c.a.filters.AuthenticationFilter | Starting of the filter
2026-04-21 15:25:45 | APIGateway | INFO  | l.c.a.filters.AuthenticationFilter | The route is not public. Path: '/api/news/auth/change/c0a80067-9daf-1231-819d-afddfa250003'
2026-04-21 15:25:45 | APIGateway | INFO  | l.com.apigateway.security.JwtUtil | Trying to extract all claims from token
2026-04-21 15:25:45 | APIGateway | INFO  | l.com.apigateway.security.JwtUtil | Trying to extract all claims from token
2026-04-21 15:25:45 | APIGateway | INFO  | l.c.a.filters.AuthenticationFilter | The filter is completed
2026-04-21 15:25:45 | APIGateway | INFO  | l.c.a.filters.AuthenticationFilter | Starting of the filter
2026-04-21 15:25:45 | APIGateway | INFO  | l.c.a.filters.AuthenticationFilter | The route is public. Path: '/api/news/get-all'
2026-04-21 15:25:45 | APIGateway | INFO  | l.c.a.filters.AuthenticationFilter | Starting of the filter
2026-04-21 15:25:45 | APIGateway | INFO  | l.c.a.filters.AuthenticationFilter | The route is public. Path: '/api/news/get-all'
2026-04-21 15:26:09 | APIGateway | INFO  | l.c.a.filters.AuthenticationFilter | Starting of the filter
2026-04-21 15:26:09 | APIGateway | INFO  | l.c.a.filters.AuthenticationFilter | The route is public. Path: '/api/news/get-one/c0a80067-9daf-1231-819d-afddfa250003'
2026-04-21 15:26:09 | APIGateway | INFO  | l.c.a.filters.AuthenticationFilter | Starting of the filter
2026-04-21 15:26:09 | APIGateway | INFO  | l.c.a.filters.AuthenticationFilter | The route is public. Path: '/api/news/get-one/c0a80067-9daf-1231-819d-afddfa250003'
2026-04-21 15:26:14 | APIGateway | INFO  | l.c.a.filters.AuthenticationFilter | Starting of the filter
2026-04-21 15:26:14 | APIGateway | INFO  | l.c.a.filters.AuthenticationFilter | The route is not public. Path: '/api/news/auth/change/c0a80067-9daf-1231-819d-afddfa250003'
2026-04-21 15:26:14 | APIGateway | INFO  | l.com.apigateway.security.JwtUtil | Trying to extract all claims from token
2026-04-21 15:26:14 | APIGateway | INFO  | l.com.apigateway.security.JwtUtil | Trying to extract all claims from token
2026-04-21 15:26:14 | APIGateway | INFO  | l.c.a.filters.AuthenticationFilter | The filter is completed
2026-04-21 15:26:14 | APIGateway | INFO  | l.c.a.filters.AuthenticationFilter | Starting of the filter
2026-04-21 15:26:14 | APIGateway | INFO  | l.c.a.filters.AuthenticationFilter | The route is public. Path: '/api/news/get-all'
2026-04-21 15:26:14 | APIGateway | INFO  | l.c.a.filters.AuthenticationFilter | Starting of the filter
2026-04-21 15:26:14 | APIGateway | INFO  | l.c.a.filters.AuthenticationFilter | The route is public. Path: '/api/news/get-all'
2026-04-21 15:36:11 | APIGateway | INFO  | l.c.a.filters.AuthenticationFilter | Starting of the filter
2026-04-21 15:36:11 | APIGateway | INFO  | l.c.a.filters.AuthenticationFilter | The route is public. Path: '/api/announcement/auth/create'
2026-04-21 15:37:23 | APIGateway | INFO  | l.c.a.filters.AuthenticationFilter | Starting of the filter
2026-04-21 15:37:23 | APIGateway | INFO  | l.c.a.filters.AuthenticationFilter | The route is public. Path: '/api/announcement/auth/create'
2026-04-21 15:53:00 | APIGateway | INFO  | l.c.a.filters.AuthenticationFilter | Starting of the filter
2026-04-21 15:53:00 | APIGateway | INFO  | l.c.a.filters.AuthenticationFilter | The route is public. Path: '/api/announcement/get-all'
2026-04-21 15:53:17 | APIGateway | INFO  | l.c.a.filters.AuthenticationFilter | Starting of the filter
2026-04-21 15:53:17 | APIGateway | INFO  | l.c.a.filters.AuthenticationFilter | The route is public. Path: '/api/announcement/get-all'
2026-04-21 15:53:36 | APIGateway | INFO  | l.c.a.filters.AuthenticationFilter | Starting of the filter
2026-04-21 15:53:36 | APIGateway | INFO  | l.c.a.filters.AuthenticationFilter | The route is public. Path: '/api/announcement/get-all'
2026-04-21 15:53:44 | APIGateway | INFO  | l.c.a.filters.AuthenticationFilter | Starting of the filter
2026-04-21 15:53:44 | APIGateway | INFO  | l.c.a.filters.AuthenticationFilter | The route is public. Path: '/api/announcement/get-all'
2026-04-21 15:53:50 | APIGateway | INFO  | l.c.a.filters.AuthenticationFilter | Starting of the filter
2026-04-21 15:53:50 | APIGateway | INFO  | l.c.a.filters.AuthenticationFilter | The route is public. Path: '/api/news/get-all'
2026-04-21 15:53:56 | APIGateway | INFO  | l.c.a.filters.AuthenticationFilter | Starting of the filter
2026-04-21 15:53:56 | APIGateway | INFO  | l.c.a.filters.AuthenticationFilter | The route is public. Path: '/api/news/get-all'
2026-04-21 15:55:59 | APIGateway | INFO  | l.c.a.filters.AuthenticationFilter | Starting of the filter
2026-04-21 15:55:59 | APIGateway | INFO  | l.c.a.filters.AuthenticationFilter | The route is public. Path: '/api/news/get-all'
2026-04-21 15:56:01 | APIGateway | INFO  | l.c.a.filters.AuthenticationFilter | Starting of the filter
2026-04-21 15:56:01 | APIGateway | INFO  | l.c.a.filters.AuthenticationFilter | The route is public. Path: '/api/news/get-all'
2026-04-21 15:56:10 | APIGateway | INFO  | l.c.a.filters.AuthenticationFilter | Starting of the filter
2026-04-21 15:56:10 | APIGateway | INFO  | l.c.a.filters.AuthenticationFilter | The route is public. Path: '/api/news/get-all'
2026-04-21 15:58:40 | APIGateway | INFO  | l.c.a.filters.AuthenticationFilter | Starting of the filter
2026-04-21 15:58:40 | APIGateway | INFO  | l.c.a.filters.AuthenticationFilter | The route is public. Path: '/api/book/public'
2026-04-21 15:58:46 | APIGateway | INFO  | l.c.a.filters.AuthenticationFilter | Starting of the filter
2026-04-21 15:58:46 | APIGateway | INFO  | l.c.a.filters.AuthenticationFilter | The route is not public. Path: '/api/book/auth'
2026-04-21 15:58:46 | APIGateway | INFO  | l.com.apigateway.security.JwtUtil | Trying to extract all claims from token
2026-04-21 15:58:46 | APIGateway | INFO  | l.com.apigateway.security.JwtUtil | Trying to extract all claims from token
2026-04-21 15:58:46 | APIGateway | INFO  | l.c.a.filters.AuthenticationFilter | The filter is completed
2026-04-21 15:58:55 | APIGateway | INFO  | l.c.a.filters.AuthenticationFilter | Starting of the filter
2026-04-21 15:58:55 | APIGateway | INFO  | l.c.a.filters.AuthenticationFilter | The route is not public. Path: '/api/reservation/auth/view_all'
2026-04-21 15:58:55 | APIGateway | INFO  | l.com.apigateway.security.JwtUtil | Trying to extract all claims from token
2026-04-21 15:58:55 | APIGateway | INFO  | l.com.apigateway.security.JwtUtil | Trying to extract all claims from token
2026-04-21 15:58:55 | APIGateway | INFO  | l.c.a.filters.AuthenticationFilter | The filter is completed
2026-04-21 15:58:56 | APIGateway | INFO  | l.c.a.filters.AuthenticationFilter | Starting of the filter
2026-04-21 15:58:56 | APIGateway | INFO  | l.c.a.filters.AuthenticationFilter | The route is not public. Path: '/api/user/for-reservations'
2026-04-21 15:58:56 | APIGateway | INFO  | l.com.apigateway.security.JwtUtil | Trying to extract all claims from token
2026-04-21 15:58:56 | APIGateway | INFO  | l.com.apigateway.security.JwtUtil | Trying to extract all claims from token
2026-04-21 15:58:56 | APIGateway | INFO  | l.c.a.filters.AuthenticationFilter | The filter is completed
2026-04-21 15:58:57 | APIGateway | INFO  | l.c.a.filters.AuthenticationFilter | Starting of the filter
2026-04-21 15:58:57 | APIGateway | INFO  | l.c.a.filters.AuthenticationFilter | The route is not public. Path: '/api/book/auth/for-reservations'
2026-04-21 15:58:57 | APIGateway | INFO  | l.com.apigateway.security.JwtUtil | Trying to extract all claims from token
2026-04-21 15:58:57 | APIGateway | INFO  | l.com.apigateway.security.JwtUtil | Trying to extract all claims from token
2026-04-21 15:58:57 | APIGateway | INFO  | l.c.a.filters.AuthenticationFilter | The filter is completed
2026-04-21 15:59:00 | APIGateway | INFO  | l.c.a.filters.AuthenticationFilter | Starting of the filter
2026-04-21 15:59:00 | APIGateway | INFO  | l.c.a.filters.AuthenticationFilter | The route is not public. Path: '/api/reservation/auth/view_all'
2026-04-21 15:59:00 | APIGateway | INFO  | l.com.apigateway.security.JwtUtil | Trying to extract all claims from token
2026-04-21 15:59:00 | APIGateway | INFO  | l.com.apigateway.security.JwtUtil | Trying to extract all claims from token
2026-04-21 15:59:00 | APIGateway | INFO  | l.c.a.filters.AuthenticationFilter | The filter is completed
2026-04-21 15:59:09 | APIGateway | INFO  | l.c.a.filters.AuthenticationFilter | Starting of the filter
2026-04-21 15:59:09 | APIGateway | INFO  | l.c.a.filters.AuthenticationFilter | The route is not public. Path: '/api/user/get-all'
2026-04-21 15:59:09 | APIGateway | INFO  | l.com.apigateway.security.JwtUtil | Trying to extract all claims from token
2026-04-21 15:59:09 | APIGateway | INFO  | l.com.apigateway.security.JwtUtil | Trying to extract all claims from token
2026-04-21 15:59:09 | APIGateway | INFO  | l.c.a.filters.AuthenticationFilter | The filter is completed
2026-04-21 15:59:14 | APIGateway | INFO  | l.c.a.filters.AuthenticationFilter | Starting of the filter
2026-04-21 15:59:14 | APIGateway | INFO  | l.c.a.filters.AuthenticationFilter | The route is not public. Path: '/api/user/get-all'
2026-04-21 15:59:14 | APIGateway | INFO  | l.com.apigateway.security.JwtUtil | Trying to extract all claims from token
2026-04-21 15:59:14 | APIGateway | INFO  | l.com.apigateway.security.JwtUtil | Trying to extract all claims from token
2026-04-21 15:59:14 | APIGateway | INFO  | l.c.a.filters.AuthenticationFilter | The filter is completed
2026-04-21 16:03:22 | APIGateway | INFO  | l.c.a.filters.AuthenticationFilter | Starting of the filter
2026-04-21 16:03:22 | APIGateway | INFO  | l.c.a.filters.AuthenticationFilter | The route is public. Path: '/api/book/public'
2026-04-21 16:03:25 | APIGateway | INFO  | l.c.a.filters.AuthenticationFilter | Starting of the filter
2026-04-21 16:03:25 | APIGateway | INFO  | l.c.a.filters.AuthenticationFilter | The route is not public. Path: '/api/book/auth'
2026-04-21 16:03:25 | APIGateway | INFO  | l.com.apigateway.security.JwtUtil | Trying to extract all claims from token
2026-04-21 16:03:25 | APIGateway | INFO  | l.com.apigateway.security.JwtUtil | Trying to extract all claims from token
2026-04-21 16:03:25 | APIGateway | INFO  | l.c.a.filters.AuthenticationFilter | The filter is completed
2026-04-21 16:05:17 | APIGateway | INFO  | l.c.a.filters.AuthenticationFilter | Starting of the filter
2026-04-21 16:05:17 | APIGateway | INFO  | l.c.a.filters.AuthenticationFilter | The route is not public. Path: '/api/book/auth'
2026-04-21 16:05:17 | APIGateway | INFO  | l.com.apigateway.security.JwtUtil | Trying to extract all claims from token
2026-04-21 16:05:17 | APIGateway | INFO  | l.com.apigateway.security.JwtUtil | Trying to extract all claims from token
2026-04-21 16:05:17 | APIGateway | INFO  | l.c.a.filters.AuthenticationFilter | The filter is completed
2026-04-21 16:05:23 | APIGateway | INFO  | l.c.a.filters.AuthenticationFilter | Starting of the filter
2026-04-21 16:05:23 | APIGateway | INFO  | l.c.a.filters.AuthenticationFilter | The route is not public. Path: '/api/book/auth'
2026-04-21 16:05:23 | APIGateway | INFO  | l.com.apigateway.security.JwtUtil | Trying to extract all claims from token
2026-04-21 16:05:23 | APIGateway | INFO  | l.com.apigateway.security.JwtUtil | Trying to extract all claims from token
2026-04-21 16:05:23 | APIGateway | INFO  | l.c.a.filters.AuthenticationFilter | The filter is completed
2026-04-21 16:05:54 | APIGateway | INFO  | l.c.a.filters.AuthenticationFilter | Starting of the filter
2026-04-21 16:05:54 | APIGateway | INFO  | l.c.a.filters.AuthenticationFilter | The route is public. Path: '/api/book/public'
2026-04-21 16:06:06 | APIGateway | INFO  | l.c.a.filters.AuthenticationFilter | Starting of the filter
2026-04-21 16:06:06 | APIGateway | INFO  | l.c.a.filters.AuthenticationFilter | The route is not public. Path: '/api/book/auth'
2026-04-21 16:06:06 | APIGateway | INFO  | l.com.apigateway.security.JwtUtil | Trying to extract all claims from token
2026-04-21 16:06:06 | APIGateway | INFO  | l.com.apigateway.security.JwtUtil | Trying to extract all claims from token
2026-04-21 16:06:06 | APIGateway | INFO  | l.c.a.filters.AuthenticationFilter | The filter is completed
2026-04-21 16:07:34 | APIGateway | INFO  | l.c.a.filters.AuthenticationFilter | Starting of the filter
2026-04-21 16:07:34 | APIGateway | INFO  | l.c.a.filters.AuthenticationFilter | The route is public. Path: '/api/book/public'
2026-04-21 16:07:38 | APIGateway | INFO  | l.c.a.filters.AuthenticationFilter | Starting of the filter
2026-04-21 16:07:38 | APIGateway | INFO  | l.c.a.filters.AuthenticationFilter | The route is not public. Path: '/api/book/auth'
2026-04-21 16:07:38 | APIGateway | INFO  | l.com.apigateway.security.JwtUtil | Trying to extract all claims from token
2026-04-21 16:07:38 | APIGateway | INFO  | l.com.apigateway.security.JwtUtil | Trying to extract all claims from token
2026-04-21 16:07:38 | APIGateway | INFO  | l.c.a.filters.AuthenticationFilter | The filter is completed
2026-04-21 16:07:41 | APIGateway | INFO  | l.c.a.filters.AuthenticationFilter | Starting of the filter
2026-04-21 16:07:41 | APIGateway | INFO  | l.c.a.filters.AuthenticationFilter | The route is not public. Path: '/api/book/auth'
2026-04-21 16:07:41 | APIGateway | INFO  | l.com.apigateway.security.JwtUtil | Trying to extract all claims from token
2026-04-21 16:07:41 | APIGateway | INFO  | l.com.apigateway.security.JwtUtil | Trying to extract all claims from token
2026-04-21 16:07:41 | APIGateway | INFO  | l.c.a.filters.AuthenticationFilter | The filter is completed
2026-04-21 16:11:32 | APIGateway | INFO  | l.c.a.filters.AuthenticationFilter | Starting of the filter
2026-04-21 16:11:32 | APIGateway | INFO  | l.c.a.filters.AuthenticationFilter | The route is not public. Path: '/api/book/auth'
2026-04-21 16:11:32 | APIGateway | INFO  | l.com.apigateway.security.JwtUtil | Trying to extract all claims from token
2026-04-21 16:11:32 | APIGateway | INFO  | l.com.apigateway.security.JwtUtil | Trying to extract all claims from token
2026-04-21 16:11:32 | APIGateway | INFO  | l.c.a.filters.AuthenticationFilter | The filter is completed
2026-04-21 16:14:18 | APIGateway | INFO  | l.c.a.filters.AuthenticationFilter | Starting of the filter
2026-04-21 16:14:18 | APIGateway | INFO  | l.c.a.filters.AuthenticationFilter | The route is not public. Path: '/api/book/auth'
2026-04-21 16:14:18 | APIGateway | INFO  | l.com.apigateway.security.JwtUtil | Trying to extract all claims from token
2026-04-21 16:14:18 | APIGateway | INFO  | l.com.apigateway.security.JwtUtil | Trying to extract all claims from token
2026-04-21 16:14:18 | APIGateway | INFO  | l.c.a.filters.AuthenticationFilter | The filter is completed
2026-04-21 16:15:49 | APIGateway | INFO  | l.c.a.filters.AuthenticationFilter | Starting of the filter
2026-04-21 16:15:49 | APIGateway | INFO  | l.c.a.filters.AuthenticationFilter | The route is not public. Path: '/api/book/auth'
2026-04-21 16:15:49 | APIGateway | INFO  | l.com.apigateway.security.JwtUtil | Trying to extract all claims from token
2026-04-21 16:15:49 | APIGateway | INFO  | l.com.apigateway.security.JwtUtil | Trying to extract all claims from token
2026-04-21 16:15:49 | APIGateway | INFO  | l.c.a.filters.AuthenticationFilter | The filter is completed
2026-04-21 16:15:49 | APIGateway | ERROR | o.s.b.a.w.r.e.AbstractErrorWebExceptionHandler | [ec732b62-80]  500 Server Error for HTTP GET "/api/book/auth?page=0&sortBy=bookAddedAt&sortDir=disc"
io.netty.channel.AbstractChannel$AnnotatedConnectException: Connection refused: getsockopt: localhost/127.0.0.1:8081
	Suppressed: reactor.core.publisher.FluxOnAssembly$OnAssemblyException: 
Error has been observed at the following site(s):
	*__checkpoint ⇢ org.springframework.cloud.gateway.filter.WeightCalculatorWebFilter [DefaultWebFilterChain]
	*__checkpoint ⇢ HTTP GET "/api/book/auth?page=0&sortBy=bookAddedAt&sortDir=disc" [ExceptionHandlingWebHandler]
Original Stack Trace:
Caused by: java.net.ConnectException: Connection refused: getsockopt
	at java.base/sun.nio.ch.Net.pollConnect(Native Method)
	at java.base/sun.nio.ch.Net.pollConnectNow(Net.java:682)
	at java.base/sun.nio.ch.SocketChannelImpl.finishConnect(SocketChannelImpl.java:1060)
	at io.netty.channel.socket.nio.NioSocketChannel.doFinishConnect(NioSocketChannel.java:336)
	at io.netty.channel.nio.AbstractNioChannel$AbstractNioUnsafe.finishConnect(AbstractNioChannel.java:339)
	at io.netty.channel.nio.NioEventLoop.processSelectedKey(NioEventLoop.java:784)
	at io.netty.channel.nio.NioEventLoop.processSelectedKeysOptimized(NioEventLoop.java:732)
	at io.netty.channel.nio.NioEventLoop.processSelectedKeys(NioEventLoop.java:658)
	at io.netty.channel.nio.NioEventLoop.run(NioEventLoop.java:562)
	at io.netty.util.concurrent.SingleThreadEventExecutor$4.run(SingleThreadEventExecutor.java:998)
	at io.netty.util.internal.ThreadExecutorMap$2.run(ThreadExecutorMap.java:74)
	at io.netty.util.concurrent.FastThreadLocalRunnable.run(FastThreadLocalRunnable.java:30)
	at java.base/java.lang.Thread.run(Thread.java:1570)
2026-04-21 16:15:56 | APIGateway | INFO  | l.c.a.filters.AuthenticationFilter | Starting of the filter
2026-04-21 16:15:56 | APIGateway | INFO  | l.c.a.filters.AuthenticationFilter | The route is not public. Path: '/api/book/auth'
2026-04-21 16:15:56 | APIGateway | INFO  | l.com.apigateway.security.JwtUtil | Trying to extract all claims from token
2026-04-21 16:15:56 | APIGateway | INFO  | l.com.apigateway.security.JwtUtil | Trying to extract all claims from token
2026-04-21 16:15:56 | APIGateway | INFO  | l.c.a.filters.AuthenticationFilter | The filter is completed
2026-04-21 16:16:08 | APIGateway | INFO  | l.c.a.filters.AuthenticationFilter | Starting of the filter
2026-04-21 16:16:08 | APIGateway | INFO  | l.c.a.filters.AuthenticationFilter | The route is not public. Path: '/api/book/auth'
2026-04-21 16:16:08 | APIGateway | INFO  | l.com.apigateway.security.JwtUtil | Trying to extract all claims from token
2026-04-21 16:16:08 | APIGateway | INFO  | l.com.apigateway.security.JwtUtil | Trying to extract all claims from token
2026-04-21 16:16:08 | APIGateway | INFO  | l.c.a.filters.AuthenticationFilter | The filter is completed
2026-04-21 16:16:12 | APIGateway | INFO  | l.c.a.filters.AuthenticationFilter | Starting of the filter
2026-04-21 16:16:12 | APIGateway | INFO  | l.c.a.filters.AuthenticationFilter | The route is not public. Path: '/api/book/auth'
2026-04-21 16:16:12 | APIGateway | INFO  | l.com.apigateway.security.JwtUtil | Trying to extract all claims from token
2026-04-21 16:16:12 | APIGateway | INFO  | l.com.apigateway.security.JwtUtil | Trying to extract all claims from token
2026-04-21 16:16:12 | APIGateway | INFO  | l.c.a.filters.AuthenticationFilter | The filter is completed
2026-04-21 16:18:27 | APIGateway | INFO  | l.c.a.filters.AuthenticationFilter | Starting of the filter
2026-04-21 16:18:27 | APIGateway | INFO  | l.c.a.filters.AuthenticationFilter | The route is not public. Path: '/api/book/auth'
2026-04-21 16:18:27 | APIGateway | INFO  | l.com.apigateway.security.JwtUtil | Trying to extract all claims from token
2026-04-21 16:18:27 | APIGateway | INFO  | l.com.apigateway.security.JwtUtil | Trying to extract all claims from token
2026-04-21 16:18:27 | APIGateway | INFO  | l.c.a.filters.AuthenticationFilter | The filter is completed
2026-04-21 16:18:27 | APIGateway | ERROR | o.s.b.a.w.r.e.AbstractErrorWebExceptionHandler | [f99f1af7-84]  500 Server Error for HTTP GET "/api/book/auth?page=0&sortBy=bookAddedAt&sortDir=disc"
io.netty.channel.AbstractChannel$AnnotatedConnectException: Connection refused: getsockopt: localhost/127.0.0.1:8081
	Suppressed: reactor.core.publisher.FluxOnAssembly$OnAssemblyException: 
Error has been observed at the following site(s):
	*__checkpoint ⇢ org.springframework.cloud.gateway.filter.WeightCalculatorWebFilter [DefaultWebFilterChain]
	*__checkpoint ⇢ HTTP GET "/api/book/auth?page=0&sortBy=bookAddedAt&sortDir=disc" [ExceptionHandlingWebHandler]
Original Stack Trace:
Caused by: java.net.ConnectException: Connection refused: getsockopt
	at java.base/sun.nio.ch.Net.pollConnect(Native Method)
	at java.base/sun.nio.ch.Net.pollConnectNow(Net.java:682)
	at java.base/sun.nio.ch.SocketChannelImpl.finishConnect(SocketChannelImpl.java:1060)
	at io.netty.channel.socket.nio.NioSocketChannel.doFinishConnect(NioSocketChannel.java:336)
	at io.netty.channel.nio.AbstractNioChannel$AbstractNioUnsafe.finishConnect(AbstractNioChannel.java:339)
	at io.netty.channel.nio.NioEventLoop.processSelectedKey(NioEventLoop.java:784)
	at io.netty.channel.nio.NioEventLoop.processSelectedKeysOptimized(NioEventLoop.java:732)
	at io.netty.channel.nio.NioEventLoop.processSelectedKeys(NioEventLoop.java:658)
	at io.netty.channel.nio.NioEventLoop.run(NioEventLoop.java:562)
	at io.netty.util.concurrent.SingleThreadEventExecutor$4.run(SingleThreadEventExecutor.java:998)
	at io.netty.util.internal.ThreadExecutorMap$2.run(ThreadExecutorMap.java:74)
	at io.netty.util.concurrent.FastThreadLocalRunnable.run(FastThreadLocalRunnable.java:30)
	at java.base/java.lang.Thread.run(Thread.java:1570)
2026-04-21 16:25:21 | APIGateway | INFO  | l.c.a.filters.AuthenticationFilter | Starting of the filter
2026-04-21 16:25:21 | APIGateway | INFO  | l.c.a.filters.AuthenticationFilter | The route is not public. Path: '/api/book/auth'
2026-04-21 16:25:21 | APIGateway | INFO  | l.com.apigateway.security.JwtUtil | Trying to extract all claims from token
2026-04-21 16:25:21 | APIGateway | INFO  | l.com.apigateway.security.JwtUtil | JWT token expired
2026-04-21 16:25:21 | APIGateway | INFO  | l.c.a.filters.AuthenticationFilter | Invalid jwt token
2026-04-21 16:25:28 | APIGateway | INFO  | l.c.a.filters.AuthenticationFilter | Starting of the filter
2026-04-21 16:25:28 | APIGateway | INFO  | l.c.a.filters.AuthenticationFilter | The route is not public. Path: '/api/auth/logout'
2026-04-21 16:25:28 | APIGateway | INFO  | l.com.apigateway.security.JwtUtil | Trying to extract all claims from token
2026-04-21 16:25:28 | APIGateway | INFO  | l.com.apigateway.security.JwtUtil | JWT token expired
2026-04-21 16:25:28 | APIGateway | INFO  | l.c.a.filters.AuthenticationFilter | Invalid jwt token
2026-04-21 16:25:28 | APIGateway | INFO  | l.c.a.filters.AuthenticationFilter | Starting of the filter
2026-04-21 16:25:28 | APIGateway | INFO  | l.c.a.filters.AuthenticationFilter | The route is public. Path: '/api/book/public/most-popular-books'
2026-04-21 16:25:29 | APIGateway | INFO  | l.c.a.filters.AuthenticationFilter | Starting of the filter
2026-04-21 16:25:29 | APIGateway | INFO  | l.c.a.filters.AuthenticationFilter | The route is public. Path: '/api/book/public/recently-added-at'
2026-04-21 16:25:29 | APIGateway | INFO  | l.c.a.filters.AuthenticationFilter | Starting of the filter
2026-04-21 16:25:29 | APIGateway | INFO  | l.c.a.filters.AuthenticationFilter | The route is public. Path: '/api/expected-book/get-all'
2026-04-21 16:25:32 | APIGateway | INFO  | l.c.a.filters.AuthenticationFilter | Starting of the filter
2026-04-21 16:25:32 | APIGateway | INFO  | l.c.a.filters.AuthenticationFilter | The route is public. Path: '/api/auth/login'
2026-04-21 16:25:32 | APIGateway | INFO  | l.c.a.filters.AuthenticationFilter | Starting of the filter
2026-04-21 16:25:32 | APIGateway | INFO  | l.c.a.filters.AuthenticationFilter | The route is public. Path: '/api/book/public/most-popular-books'
2026-04-21 16:25:32 | APIGateway | INFO  | l.c.a.filters.AuthenticationFilter | Starting of the filter
2026-04-21 16:25:32 | APIGateway | INFO  | l.c.a.filters.AuthenticationFilter | The route is public. Path: '/api/book/public/recently-added-at'
2026-04-21 16:25:32 | APIGateway | INFO  | l.c.a.filters.AuthenticationFilter | Starting of the filter
2026-04-21 16:25:32 | APIGateway | INFO  | l.c.a.filters.AuthenticationFilter | The route is public. Path: '/api/expected-book/get-all'
2026-04-21 16:25:32 | APIGateway | INFO  | l.c.a.filters.AuthenticationFilter | Starting of the filter
2026-04-21 16:25:32 | APIGateway | INFO  | l.c.a.filters.AuthenticationFilter | The route is public. Path: '/api/book/public/most-popular-books'
2026-04-21 16:25:32 | APIGateway | INFO  | l.c.a.filters.AuthenticationFilter | Starting of the filter
2026-04-21 16:25:32 | APIGateway | INFO  | l.c.a.filters.AuthenticationFilter | The route is public. Path: '/api/book/public/recently-added-at'
2026-04-21 16:25:32 | APIGateway | INFO  | l.c.a.filters.AuthenticationFilter | Starting of the filter
2026-04-21 16:25:32 | APIGateway | INFO  | l.c.a.filters.AuthenticationFilter | The route is public. Path: '/api/expected-book/get-all'
2026-04-21 16:25:34 | APIGateway | INFO  | l.c.a.filters.AuthenticationFilter | Starting of the filter
2026-04-21 16:25:34 | APIGateway | INFO  | l.c.a.filters.AuthenticationFilter | The route is not public. Path: '/api/book/auth'
2026-04-21 16:25:34 | APIGateway | INFO  | l.com.apigateway.security.JwtUtil | Trying to extract all claims from token
2026-04-21 16:25:34 | APIGateway | INFO  | l.com.apigateway.security.JwtUtil | Trying to extract all claims from token
2026-04-21 16:25:34 | APIGateway | INFO  | l.c.a.filters.AuthenticationFilter | The filter is completed
2026-04-21 16:25:39 | APIGateway | INFO  | l.c.a.filters.AuthenticationFilter | Starting of the filter
2026-04-21 16:25:39 | APIGateway | INFO  | l.c.a.filters.AuthenticationFilter | The route is not public. Path: '/api/book/auth'
2026-04-21 16:25:39 | APIGateway | INFO  | l.com.apigateway.security.JwtUtil | Trying to extract all claims from token
2026-04-21 16:25:39 | APIGateway | INFO  | l.com.apigateway.security.JwtUtil | Trying to extract all claims from token
2026-04-21 16:25:39 | APIGateway | INFO  | l.c.a.filters.AuthenticationFilter | The filter is completed
2026-04-21 16:29:44 | APIGateway | INFO  | l.c.a.filters.AuthenticationFilter | Starting of the filter
2026-04-21 16:29:44 | APIGateway | INFO  | l.c.a.filters.AuthenticationFilter | The route is not public. Path: '/api/reservation/auth/view_all'
2026-04-21 16:29:44 | APIGateway | INFO  | l.com.apigateway.security.JwtUtil | Trying to extract all claims from token
2026-04-21 16:29:44 | APIGateway | INFO  | l.com.apigateway.security.JwtUtil | Trying to extract all claims from token
2026-04-21 16:29:44 | APIGateway | INFO  | l.c.a.filters.AuthenticationFilter | The filter is completed
2026-04-21 16:29:45 | APIGateway | INFO  | l.c.a.filters.AuthenticationFilter | Starting of the filter
2026-04-21 16:29:45 | APIGateway | INFO  | l.c.a.filters.AuthenticationFilter | The route is not public. Path: '/api/user/for-reservations'
2026-04-21 16:29:45 | APIGateway | INFO  | l.com.apigateway.security.JwtUtil | Trying to extract all claims from token
2026-04-21 16:29:45 | APIGateway | INFO  | l.com.apigateway.security.JwtUtil | Trying to extract all claims from token
2026-04-21 16:29:45 | APIGateway | INFO  | l.c.a.filters.AuthenticationFilter | The filter is completed
2026-04-21 16:29:46 | APIGateway | INFO  | l.c.a.filters.AuthenticationFilter | Starting of the filter
2026-04-21 16:29:46 | APIGateway | INFO  | l.c.a.filters.AuthenticationFilter | The route is not public. Path: '/api/book/auth/for-reservations'
2026-04-21 16:29:46 | APIGateway | INFO  | l.com.apigateway.security.JwtUtil | Trying to extract all claims from token
2026-04-21 16:29:46 | APIGateway | INFO  | l.com.apigateway.security.JwtUtil | Trying to extract all claims from token
2026-04-21 16:29:46 | APIGateway | INFO  | l.c.a.filters.AuthenticationFilter | The filter is completed
2026-04-21 16:29:53 | APIGateway | INFO  | l.c.a.filters.AuthenticationFilter | Starting of the filter
2026-04-21 16:29:53 | APIGateway | INFO  | l.c.a.filters.AuthenticationFilter | The route is not public. Path: '/api/user/get-all'
2026-04-21 16:29:53 | APIGateway | INFO  | l.com.apigateway.security.JwtUtil | Trying to extract all claims from token
2026-04-21 16:29:53 | APIGateway | INFO  | l.com.apigateway.security.JwtUtil | Trying to extract all claims from token
2026-04-21 16:29:53 | APIGateway | INFO  | l.c.a.filters.AuthenticationFilter | The filter is completed
2026-04-21 16:30:05 | APIGateway | INFO  | l.c.a.filters.AuthenticationFilter | Starting of the filter
2026-04-21 16:30:05 | APIGateway | INFO  | l.c.a.filters.AuthenticationFilter | The route is not public. Path: '/api/reservation/auth/view_all'
2026-04-21 16:30:05 | APIGateway | INFO  | l.com.apigateway.security.JwtUtil | Trying to extract all claims from token
2026-04-21 16:30:05 | APIGateway | INFO  | l.com.apigateway.security.JwtUtil | Trying to extract all claims from token
2026-04-21 16:30:05 | APIGateway | INFO  | l.c.a.filters.AuthenticationFilter | The filter is completed
2026-04-21 16:30:05 | APIGateway | INFO  | l.c.a.filters.AuthenticationFilter | Starting of the filter
2026-04-21 16:30:05 | APIGateway | INFO  | l.c.a.filters.AuthenticationFilter | The route is not public. Path: '/api/user/for-reservations'
2026-04-21 16:30:05 | APIGateway | INFO  | l.com.apigateway.security.JwtUtil | Trying to extract all claims from token
2026-04-21 16:30:05 | APIGateway | INFO  | l.com.apigateway.security.JwtUtil | Trying to extract all claims from token
2026-04-21 16:30:05 | APIGateway | INFO  | l.c.a.filters.AuthenticationFilter | The filter is completed
2026-04-21 16:30:05 | APIGateway | INFO  | l.c.a.filters.AuthenticationFilter | Starting of the filter
2026-04-21 16:30:05 | APIGateway | INFO  | l.c.a.filters.AuthenticationFilter | The route is not public. Path: '/api/book/auth/for-reservations'
2026-04-21 16:30:05 | APIGateway | INFO  | l.com.apigateway.security.JwtUtil | Trying to extract all claims from token
2026-04-21 16:30:05 | APIGateway | INFO  | l.com.apigateway.security.JwtUtil | Trying to extract all claims from token
2026-04-21 16:30:05 | APIGateway | INFO  | l.c.a.filters.AuthenticationFilter | The filter is completed
2026-04-21 16:30:06 | APIGateway | INFO  | l.c.a.filters.AuthenticationFilter | Starting of the filter
2026-04-21 16:30:06 | APIGateway | INFO  | l.c.a.filters.AuthenticationFilter | The route is not public. Path: '/api/reservation/auth/view_all'
2026-04-21 16:30:06 | APIGateway | INFO  | l.com.apigateway.security.JwtUtil | Trying to extract all claims from token
2026-04-21 16:30:06 | APIGateway | INFO  | l.com.apigateway.security.JwtUtil | Trying to extract all claims from token
2026-04-21 16:30:06 | APIGateway | INFO  | l.c.a.filters.AuthenticationFilter | The filter is completed
2026-04-21 16:30:07 | APIGateway | INFO  | l.c.a.filters.AuthenticationFilter | Starting of the filter
2026-04-21 16:30:07 | APIGateway | INFO  | l.c.a.filters.AuthenticationFilter | The route is not public. Path: '/api/user/for-reservations'
2026-04-21 16:30:07 | APIGateway | INFO  | l.com.apigateway.security.JwtUtil | Trying to extract all claims from token
2026-04-21 16:30:07 | APIGateway | INFO  | l.com.apigateway.security.JwtUtil | Trying to extract all claims from token
2026-04-21 16:30:07 | APIGateway | INFO  | l.c.a.filters.AuthenticationFilter | The filter is completed
2026-04-21 16:30:07 | APIGateway | INFO  | l.c.a.filters.AuthenticationFilter | Starting of the filter
2026-04-21 16:30:07 | APIGateway | INFO  | l.c.a.filters.AuthenticationFilter | The route is not public. Path: '/api/book/auth/for-reservations'
2026-04-21 16:30:07 | APIGateway | INFO  | l.com.apigateway.security.JwtUtil | Trying to extract all claims from token
2026-04-21 16:30:07 | APIGateway | INFO  | l.com.apigateway.security.JwtUtil | Trying to extract all claims from token
2026-04-21 16:30:07 | APIGateway | INFO  | l.c.a.filters.AuthenticationFilter | The filter is completed
2026-04-21 16:32:13 | APIGateway | INFO  | l.c.a.filters.AuthenticationFilter | Starting of the filter
2026-04-21 16:32:13 | APIGateway | INFO  | l.c.a.filters.AuthenticationFilter | The route is not public. Path: '/api/reservation/auth/view_all'
2026-04-21 16:32:13 | APIGateway | INFO  | l.com.apigateway.security.JwtUtil | Trying to extract all claims from token
2026-04-21 16:32:13 | APIGateway | INFO  | l.com.apigateway.security.JwtUtil | Trying to extract all claims from token
2026-04-21 16:32:13 | APIGateway | INFO  | l.c.a.filters.AuthenticationFilter | The filter is completed
2026-04-21 16:32:13 | APIGateway | INFO  | l.c.a.filters.AuthenticationFilter | Starting of the filter
2026-04-21 16:32:13 | APIGateway | INFO  | l.c.a.filters.AuthenticationFilter | The route is not public. Path: '/api/user/for-reservations'
2026-04-21 16:32:13 | APIGateway | INFO  | l.com.apigateway.security.JwtUtil | Trying to extract all claims from token
2026-04-21 16:32:13 | APIGateway | INFO  | l.com.apigateway.security.JwtUtil | Trying to extract all claims from token
2026-04-21 16:32:13 | APIGateway | INFO  | l.c.a.filters.AuthenticationFilter | The filter is completed
2026-04-21 16:32:13 | APIGateway | INFO  | l.c.a.filters.AuthenticationFilter | Starting of the filter
2026-04-21 16:32:13 | APIGateway | INFO  | l.c.a.filters.AuthenticationFilter | The route is not public. Path: '/api/book/auth/for-reservations'
2026-04-21 16:32:13 | APIGateway | INFO  | l.com.apigateway.security.JwtUtil | Trying to extract all claims from token
2026-04-21 16:32:13 | APIGateway | INFO  | l.com.apigateway.security.JwtUtil | Trying to extract all claims from token
2026-04-21 16:32:13 | APIGateway | INFO  | l.c.a.filters.AuthenticationFilter | The filter is completed
2026-04-21 16:33:39 | APIGateway | INFO  | l.c.a.filters.AuthenticationFilter | Starting of the filter
2026-04-21 16:33:39 | APIGateway | INFO  | l.c.a.filters.AuthenticationFilter | The route is not public. Path: '/api/user/get-all'
2026-04-21 16:33:39 | APIGateway | INFO  | l.com.apigateway.security.JwtUtil | Trying to extract all claims from token
2026-04-21 16:33:39 | APIGateway | INFO  | l.com.apigateway.security.JwtUtil | Trying to extract all claims from token
2026-04-21 16:33:39 | APIGateway | INFO  | l.c.a.filters.AuthenticationFilter | The filter is completed
2026-04-21 16:33:47 | APIGateway | INFO  | l.c.a.filters.AuthenticationFilter | Starting of the filter
2026-04-21 16:33:47 | APIGateway | INFO  | l.c.a.filters.AuthenticationFilter | The route is not public. Path: '/api/reservation/auth/view_all'
2026-04-21 16:33:47 | APIGateway | INFO  | l.com.apigateway.security.JwtUtil | Trying to extract all claims from token
2026-04-21 16:33:47 | APIGateway | INFO  | l.com.apigateway.security.JwtUtil | Trying to extract all claims from token
2026-04-21 16:33:47 | APIGateway | INFO  | l.c.a.filters.AuthenticationFilter | The filter is completed
2026-04-21 16:33:47 | APIGateway | INFO  | l.c.a.filters.AuthenticationFilter | Starting of the filter
2026-04-21 16:33:47 | APIGateway | INFO  | l.c.a.filters.AuthenticationFilter | The route is not public. Path: '/api/user/for-reservations'
2026-04-21 16:33:47 | APIGateway | INFO  | l.com.apigateway.security.JwtUtil | Trying to extract all claims from token
2026-04-21 16:33:47 | APIGateway | INFO  | l.com.apigateway.security.JwtUtil | Trying to extract all claims from token
2026-04-21 16:33:47 | APIGateway | INFO  | l.c.a.filters.AuthenticationFilter | The filter is completed
2026-04-21 16:33:47 | APIGateway | INFO  | l.c.a.filters.AuthenticationFilter | Starting of the filter
2026-04-21 16:33:47 | APIGateway | INFO  | l.c.a.filters.AuthenticationFilter | The route is not public. Path: '/api/book/auth/for-reservations'
2026-04-21 16:33:47 | APIGateway | INFO  | l.com.apigateway.security.JwtUtil | Trying to extract all claims from token
2026-04-21 16:33:47 | APIGateway | INFO  | l.com.apigateway.security.JwtUtil | Trying to extract all claims from token
2026-04-21 16:33:47 | APIGateway | INFO  | l.c.a.filters.AuthenticationFilter | The filter is completed
2026-04-21 16:34:01 | APIGateway | INFO  | l.c.a.filters.AuthenticationFilter | Starting of the filter
2026-04-21 16:34:01 | APIGateway | INFO  | l.c.a.filters.AuthenticationFilter | The route is not public. Path: '/api/reservation/auth/view_all'
2026-04-21 16:34:01 | APIGateway | INFO  | l.com.apigateway.security.JwtUtil | Trying to extract all claims from token
2026-04-21 16:34:01 | APIGateway | INFO  | l.com.apigateway.security.JwtUtil | Trying to extract all claims from token
2026-04-21 16:34:01 | APIGateway | INFO  | l.c.a.filters.AuthenticationFilter | The filter is completed
2026-04-21 16:34:01 | APIGateway | INFO  | l.c.a.filters.AuthenticationFilter | Starting of the filter
2026-04-21 16:34:01 | APIGateway | INFO  | l.c.a.filters.AuthenticationFilter | The route is not public. Path: '/api/user/for-reservations'
2026-04-21 16:34:01 | APIGateway | INFO  | l.com.apigateway.security.JwtUtil | Trying to extract all claims from token
2026-04-21 16:34:01 | APIGateway | INFO  | l.com.apigateway.security.JwtUtil | Trying to extract all claims from token
2026-04-21 16:34:01 | APIGateway | INFO  | l.c.a.filters.AuthenticationFilter | The filter is completed
2026-04-21 16:34:01 | APIGateway | INFO  | l.c.a.filters.AuthenticationFilter | Starting of the filter
2026-04-21 16:34:01 | APIGateway | INFO  | l.c.a.filters.AuthenticationFilter | The route is not public. Path: '/api/book/auth/for-reservations'
2026-04-21 16:34:01 | APIGateway | INFO  | l.com.apigateway.security.JwtUtil | Trying to extract all claims from token
2026-04-21 16:34:01 | APIGateway | INFO  | l.com.apigateway.security.JwtUtil | Trying to extract all claims from token
2026-04-21 16:34:01 | APIGateway | INFO  | l.c.a.filters.AuthenticationFilter | The filter is completed
2026-04-21 16:34:11 | APIGateway | INFO  | l.c.a.filters.AuthenticationFilter | Starting of the filter
2026-04-21 16:34:11 | APIGateway | INFO  | l.c.a.filters.AuthenticationFilter | The route is not public. Path: '/api/reservation/auth/view_all'
2026-04-21 16:34:11 | APIGateway | INFO  | l.com.apigateway.security.JwtUtil | Trying to extract all claims from token
2026-04-21 16:34:11 | APIGateway | INFO  | l.com.apigateway.security.JwtUtil | Trying to extract all claims from token
2026-04-21 16:34:11 | APIGateway | INFO  | l.c.a.filters.AuthenticationFilter | The filter is completed
2026-04-21 16:34:11 | APIGateway | INFO  | l.c.a.filters.AuthenticationFilter | Starting of the filter
2026-04-21 16:34:11 | APIGateway | INFO  | l.c.a.filters.AuthenticationFilter | The route is not public. Path: '/api/user/for-reservations'
2026-04-21 16:34:11 | APIGateway | INFO  | l.com.apigateway.security.JwtUtil | Trying to extract all claims from token
2026-04-21 16:34:11 | APIGateway | INFO  | l.com.apigateway.security.JwtUtil | Trying to extract all claims from token
2026-04-21 16:34:11 | APIGateway | INFO  | l.c.a.filters.AuthenticationFilter | The filter is completed
2026-04-21 16:34:11 | APIGateway | INFO  | l.c.a.filters.AuthenticationFilter | Starting of the filter
2026-04-21 16:34:11 | APIGateway | INFO  | l.c.a.filters.AuthenticationFilter | The route is not public. Path: '/api/book/auth/for-reservations'
2026-04-21 16:34:11 | APIGateway | INFO  | l.com.apigateway.security.JwtUtil | Trying to extract all claims from token
2026-04-21 16:34:11 | APIGateway | INFO  | l.com.apigateway.security.JwtUtil | Trying to extract all claims from token
2026-04-21 16:34:11 | APIGateway | INFO  | l.c.a.filters.AuthenticationFilter | The filter is completed
2026-04-21 16:34:24 | APIGateway | INFO  | l.c.a.filters.AuthenticationFilter | Starting of the filter
2026-04-21 16:34:24 | APIGateway | INFO  | l.c.a.filters.AuthenticationFilter | The route is not public. Path: '/api/reservation/auth/view_all'
2026-04-21 16:34:24 | APIGateway | INFO  | l.com.apigateway.security.JwtUtil | Trying to extract all claims from token
2026-04-21 16:34:24 | APIGateway | INFO  | l.com.apigateway.security.JwtUtil | Trying to extract all claims from token
2026-04-21 16:34:24 | APIGateway | INFO  | l.c.a.filters.AuthenticationFilter | The filter is completed
2026-04-21 16:34:24 | APIGateway | INFO  | l.c.a.filters.AuthenticationFilter | Starting of the filter
2026-04-21 16:34:24 | APIGateway | INFO  | l.c.a.filters.AuthenticationFilter | The route is not public. Path: '/api/user/for-reservations'
2026-04-21 16:34:24 | APIGateway | INFO  | l.com.apigateway.security.JwtUtil | Trying to extract all claims from token
2026-04-21 16:34:24 | APIGateway | INFO  | l.com.apigateway.security.JwtUtil | Trying to extract all claims from token
2026-04-21 16:34:24 | APIGateway | INFO  | l.c.a.filters.AuthenticationFilter | The filter is completed
2026-04-21 16:34:24 | APIGateway | INFO  | l.c.a.filters.AuthenticationFilter | Starting of the filter
2026-04-21 16:34:24 | APIGateway | INFO  | l.c.a.filters.AuthenticationFilter | The route is not public. Path: '/api/book/auth/for-reservations'
2026-04-21 16:34:24 | APIGateway | INFO  | l.com.apigateway.security.JwtUtil | Trying to extract all claims from token
2026-04-21 16:34:24 | APIGateway | INFO  | l.com.apigateway.security.JwtUtil | Trying to extract all claims from token
2026-04-21 16:34:24 | APIGateway | INFO  | l.c.a.filters.AuthenticationFilter | The filter is completed
2026-04-21 16:37:23 | APIGateway | INFO  | l.c.a.filters.AuthenticationFilter | Starting of the filter
2026-04-21 16:37:23 | APIGateway | INFO  | l.c.a.filters.AuthenticationFilter | The route is public. Path: '/api/news/get-all'
2026-04-21 16:37:27 | APIGateway | INFO  | l.c.a.filters.AuthenticationFilter | Starting of the filter
2026-04-21 16:37:27 | APIGateway | INFO  | l.c.a.filters.AuthenticationFilter | The route is public. Path: '/api/news/get-all'
2026-04-21 16:37:34 | APIGateway | INFO  | l.c.a.filters.AuthenticationFilter | Starting of the filter
2026-04-21 16:37:34 | APIGateway | INFO  | l.c.a.filters.AuthenticationFilter | The route is public. Path: '/api/news/get-all'
2026-04-21 16:37:45 | APIGateway | INFO  | l.c.a.filters.AuthenticationFilter | Starting of the filter
2026-04-21 16:37:45 | APIGateway | INFO  | l.c.a.filters.AuthenticationFilter | The route is public. Path: '/api/news/get-all'
2026-04-21 16:41:24 | APIGateway | INFO  | l.c.a.filters.AuthenticationFilter | Starting of the filter
2026-04-21 16:41:24 | APIGateway | INFO  | l.c.a.filters.AuthenticationFilter | The route is public. Path: '/api/news/get-all'
2026-04-21 16:41:29 | APIGateway | INFO  | l.c.a.filters.AuthenticationFilter | Starting of the filter
2026-04-21 16:41:29 | APIGateway | INFO  | l.c.a.filters.AuthenticationFilter | The route is public. Path: '/api/news/get-all'
2026-04-21 16:44:14 | APIGateway | INFO  | l.c.a.filters.AuthenticationFilter | Starting of the filter
2026-04-21 16:44:14 | APIGateway | INFO  | l.c.a.filters.AuthenticationFilter | The route is public. Path: '/api/news/get-all'
2026-04-21 16:44:18 | APIGateway | INFO  | l.c.a.filters.AuthenticationFilter | Starting of the filter
2026-04-21 16:44:18 | APIGateway | INFO  | l.c.a.filters.AuthenticationFilter | The route is public. Path: '/api/news/get-all'
2026-04-21 16:44:54 | APIGateway | INFO  | l.c.a.filters.AuthenticationFilter | Starting of the filter
2026-04-21 16:44:54 | APIGateway | INFO  | l.c.a.filters.AuthenticationFilter | The route is public. Path: '/api/news/get-all'
2026-04-21 16:44:58 | APIGateway | INFO  | l.c.a.filters.AuthenticationFilter | Starting of the filter
2026-04-21 16:44:58 | APIGateway | INFO  | l.c.a.filters.AuthenticationFilter | The route is public. Path: '/api/news/get-all'
2026-04-21 16:45:23 | APIGateway | INFO  | l.c.a.filters.AuthenticationFilter | Starting of the filter
2026-04-21 16:45:23 | APIGateway | INFO  | l.c.a.filters.AuthenticationFilter | The route is public. Path: '/api/news/get-all'
2026-04-21 16:45:27 | APIGateway | INFO  | l.c.a.filters.AuthenticationFilter | Starting of the filter
2026-04-21 16:45:27 | APIGateway | INFO  | l.c.a.filters.AuthenticationFilter | The route is public. Path: '/api/news/get-all'
2026-04-21 16:46:14 | APIGateway | INFO  | l.c.a.filters.AuthenticationFilter | Starting of the filter
2026-04-21 16:46:14 | APIGateway | INFO  | l.c.a.filters.AuthenticationFilter | The route is public. Path: '/api/news/get-all'
2026-04-21 16:46:17 | APIGateway | INFO  | l.c.a.filters.AuthenticationFilter | Starting of the filter
2026-04-21 16:46:17 | APIGateway | INFO  | l.c.a.filters.AuthenticationFilter | The route is public. Path: '/api/news/get-all'
2026-04-21 16:46:19 | APIGateway | INFO  | l.c.a.filters.AuthenticationFilter | Starting of the filter
2026-04-21 16:46:19 | APIGateway | INFO  | l.c.a.filters.AuthenticationFilter | The route is public. Path: '/api/news/get-all'
2026-04-21 16:47:36 | APIGateway | INFO  | l.c.a.filters.AuthenticationFilter | Starting of the filter
2026-04-21 16:47:36 | APIGateway | INFO  | l.c.a.filters.AuthenticationFilter | The route is public. Path: '/api/news/get-all'
2026-04-21 16:47:47 | APIGateway | INFO  | l.c.a.filters.AuthenticationFilter | Starting of the filter
2026-04-21 16:47:47 | APIGateway | INFO  | l.c.a.filters.AuthenticationFilter | The route is public. Path: '/api/news/get-all'
2026-04-21 16:49:11 | APIGateway | INFO  | l.c.a.filters.AuthenticationFilter | Starting of the filter
2026-04-21 16:49:11 | APIGateway | INFO  | l.c.a.filters.AuthenticationFilter | The route is not public. Path: '/api/book/auth'
2026-04-21 16:49:11 | APIGateway | INFO  | l.com.apigateway.security.JwtUtil | Trying to extract all claims from token
2026-04-21 16:49:11 | APIGateway | INFO  | l.com.apigateway.security.JwtUtil | Trying to extract all claims from token
2026-04-21 16:49:11 | APIGateway | INFO  | l.c.a.filters.AuthenticationFilter | The filter is completed
2026-04-21 16:49:17 | APIGateway | INFO  | l.c.a.filters.AuthenticationFilter | Starting of the filter
2026-04-21 16:49:17 | APIGateway | INFO  | l.c.a.filters.AuthenticationFilter | The route is not public. Path: '/api/book/auth'
2026-04-21 16:49:17 | APIGateway | INFO  | l.com.apigateway.security.JwtUtil | Trying to extract all claims from token
2026-04-21 16:49:17 | APIGateway | INFO  | l.com.apigateway.security.JwtUtil | Trying to extract all claims from token
2026-04-21 16:49:17 | APIGateway | INFO  | l.c.a.filters.AuthenticationFilter | The filter is completed
2026-04-21 16:49:22 | APIGateway | INFO  | l.c.a.filters.AuthenticationFilter | Starting of the filter
2026-04-21 16:49:22 | APIGateway | INFO  | l.c.a.filters.AuthenticationFilter | The route is not public. Path: '/api/user/get-all'
2026-04-21 16:49:22 | APIGateway | INFO  | l.com.apigateway.security.JwtUtil | Trying to extract all claims from token
2026-04-21 16:49:22 | APIGateway | INFO  | l.com.apigateway.security.JwtUtil | Trying to extract all claims from token
2026-04-21 16:49:22 | APIGateway | INFO  | l.c.a.filters.AuthenticationFilter | The filter is completed
2026-04-21 16:49:28 | APIGateway | INFO  | l.c.a.filters.AuthenticationFilter | Starting of the filter
2026-04-21 16:49:28 | APIGateway | INFO  | l.c.a.filters.AuthenticationFilter | The route is not public. Path: '/api/user/get-all'
2026-04-21 16:49:28 | APIGateway | INFO  | l.com.apigateway.security.JwtUtil | Trying to extract all claims from token
2026-04-21 16:49:28 | APIGateway | INFO  | l.com.apigateway.security.JwtUtil | Trying to extract all claims from token
2026-04-21 16:49:28 | APIGateway | INFO  | l.c.a.filters.AuthenticationFilter | The filter is completed
2026-04-21 16:49:33 | APIGateway | INFO  | l.c.a.filters.AuthenticationFilter | Starting of the filter
2026-04-21 16:49:33 | APIGateway | INFO  | l.c.a.filters.AuthenticationFilter | The route is public. Path: '/api/announcement/get-all'
2026-04-21 16:49:39 | APIGateway | INFO  | l.c.a.filters.AuthenticationFilter | Starting of the filter
2026-04-21 16:49:39 | APIGateway | INFO  | l.c.a.filters.AuthenticationFilter | The route is public. Path: '/api/announcement/get-all'
2026-04-21 16:52:20 | APIGateway | INFO  | l.c.a.filters.AuthenticationFilter | Starting of the filter
2026-04-21 16:52:20 | APIGateway | INFO  | l.c.a.filters.AuthenticationFilter | The route is public. Path: '/api/announcement/get-all'
2026-04-21 16:52:25 | APIGateway | INFO  | l.c.a.filters.AuthenticationFilter | Starting of the filter
2026-04-21 16:52:25 | APIGateway | INFO  | l.c.a.filters.AuthenticationFilter | The route is public. Path: '/api/announcement/get-all'
2026-04-21 16:52:28 | APIGateway | INFO  | l.c.a.filters.AuthenticationFilter | Starting of the filter
2026-04-21 16:52:28 | APIGateway | INFO  | l.c.a.filters.AuthenticationFilter | The route is public. Path: '/api/announcement/get-all'
2026-04-21 16:52:36 | APIGateway | INFO  | l.c.a.filters.AuthenticationFilter | Starting of the filter
2026-04-21 16:52:36 | APIGateway | INFO  | l.c.a.filters.AuthenticationFilter | The route is public. Path: '/api/announcement/get-all'
2026-04-21 16:52:41 | APIGateway | INFO  | l.c.a.filters.AuthenticationFilter | Starting of the filter
2026-04-21 16:52:41 | APIGateway | INFO  | l.c.a.filters.AuthenticationFilter | The route is public. Path: '/api/announcement/get-all'
2026-04-21 16:52:47 | APIGateway | INFO  | l.c.a.filters.AuthenticationFilter | Starting of the filter
2026-04-21 16:52:47 | APIGateway | INFO  | l.c.a.filters.AuthenticationFilter | The route is public. Path: '/api/announcement/auth/delete/c0a80067-9daf-1a72-819d-b00a80f70000'
2026-04-21 16:52:48 | APIGateway | INFO  | l.c.a.filters.AuthenticationFilter | Starting of the filter
2026-04-21 16:52:48 | APIGateway | INFO  | l.c.a.filters.AuthenticationFilter | The route is public. Path: '/api/announcement/get-all'
2026-04-21 16:58:29 | APIGateway | INFO  | l.c.a.filters.AuthenticationFilter | Starting of the filter
2026-04-21 16:58:29 | APIGateway | INFO  | l.c.a.filters.AuthenticationFilter | The route is public. Path: '/api/announcement/c0a80067-9daf-1a72-819d-b00b99c70001'
2026-04-21 16:58:29 | APIGateway | INFO  | l.c.a.filters.AuthenticationFilter | Starting of the filter
2026-04-21 16:58:29 | APIGateway | INFO  | l.c.a.filters.AuthenticationFilter | The route is public. Path: '/api/announcement/c0a80067-9daf-1a72-819d-b00b99c70001'
2026-04-21 16:58:35 | APIGateway | INFO  | l.c.a.filters.AuthenticationFilter | Starting of the filter
2026-04-21 16:58:35 | APIGateway | INFO  | l.c.a.filters.AuthenticationFilter | The route is public. Path: '/api/announcement/auth/change/c0a80067-9daf-1a72-819d-b00b99c70001'
2026-04-21 16:58:35 | APIGateway | INFO  | l.c.a.filters.AuthenticationFilter | Starting of the filter
2026-04-21 16:58:35 | APIGateway | INFO  | l.c.a.filters.AuthenticationFilter | The route is public. Path: '/api/announcement/get-all'
2026-04-21 16:58:35 | APIGateway | INFO  | l.c.a.filters.AuthenticationFilter | Starting of the filter
2026-04-21 16:58:35 | APIGateway | INFO  | l.c.a.filters.AuthenticationFilter | The route is public. Path: '/api/announcement/get-all'
2026-04-21 16:59:53 | APIGateway | INFO  | l.c.a.filters.AuthenticationFilter | Starting of the filter
2026-04-21 16:59:53 | APIGateway | INFO  | l.c.a.filters.AuthenticationFilter | The route is public. Path: '/api/book/public/category'
2026-04-21 16:59:53 | APIGateway | INFO  | l.c.a.filters.AuthenticationFilter | Starting of the filter
2026-04-21 16:59:53 | APIGateway | INFO  | l.c.a.filters.AuthenticationFilter | The route is public. Path: '/api/book/public'
2026-04-21 16:59:58 | APIGateway | INFO  | l.c.a.filters.AuthenticationFilter | Starting of the filter
2026-04-21 16:59:58 | APIGateway | INFO  | l.c.a.filters.AuthenticationFilter | The route is public. Path: '/api/book/public/most-popular-books'
2026-04-21 16:59:58 | APIGateway | INFO  | l.c.a.filters.AuthenticationFilter | Starting of the filter
2026-04-21 16:59:58 | APIGateway | INFO  | l.c.a.filters.AuthenticationFilter | The route is public. Path: '/api/book/public/recently-added-at'
2026-04-21 16:59:58 | APIGateway | INFO  | l.c.a.filters.AuthenticationFilter | Starting of the filter
2026-04-21 16:59:58 | APIGateway | INFO  | l.c.a.filters.AuthenticationFilter | The route is public. Path: '/api/expected-book/get-all'
2026-04-21 17:00:04 | APIGateway | INFO  | l.c.a.filters.AuthenticationFilter | Starting of the filter
2026-04-21 17:00:04 | APIGateway | INFO  | l.c.a.filters.AuthenticationFilter | The route is public. Path: '/api/book/public/category'
2026-04-21 17:00:04 | APIGateway | INFO  | l.c.a.filters.AuthenticationFilter | Starting of the filter
2026-04-21 17:00:04 | APIGateway | INFO  | l.c.a.filters.AuthenticationFilter | The route is public. Path: '/api/book/public'
2026-04-21 17:00:06 | APIGateway | INFO  | l.c.a.filters.AuthenticationFilter | Starting of the filter
2026-04-21 17:00:06 | APIGateway | INFO  | l.c.a.filters.AuthenticationFilter | The route is public. Path: '/api/news/get-all'
2026-04-21 17:00:11 | APIGateway | INFO  | l.c.a.filters.AuthenticationFilter | Starting of the filter
2026-04-21 17:00:11 | APIGateway | INFO  | l.c.a.filters.AuthenticationFilter | The route is public. Path: '/api/announcement/get-all'
2026-04-21 17:01:48 | APIGateway | INFO  | o.s.b.w.e.netty.GracefulShutdown | Commencing graceful shutdown. Waiting for active requests to complete
2026-04-21 17:01:48 | APIGateway | INFO  | o.s.b.w.e.netty.GracefulShutdown | Graceful shutdown complete
