2026-05-06 16:48:57 | APIGateway | INFO  | o.h.validator.internal.util.Version | HV000001: Hibernate Validator 8.0.3.Final
2026-05-06 16:48:57 | APIGateway | INFO  | l.c.apigateway.ApiGatewayApplication | Starting ApiGatewayApplication using Java 22 with PID 15928 (D:\Library\APIGateway\target\classes started by vasia in D:\Library\APIGateway)
2026-05-06 16:48:57 | APIGateway | INFO  | l.c.apigateway.ApiGatewayApplication | No active profile set, falling back to 1 default profile: "default"
2026-05-06 16:48:58 | APIGateway | INFO  | o.s.cloud.context.scope.GenericScope | BeanFactory id=4576b019-0fe0-3945-b60e-b0fbab6d7581
2026-05-06 16:48:59 | APIGateway | WARN  | o.s.c.g.c.GatewayClassPathWarningAutoConfiguration | 

**********************************************************

The artifact spring-cloud-gateway-server is deprecated. It will be removed in the next major release. Please add spring-cloud-gateway-server-webflux dependency.

**********************************************************


2026-05-06 16:48:59 | APIGateway | INFO  | o.s.c.g.r.RouteDefinitionRouteLocator | Loaded RoutePredicateFactory [After]
2026-05-06 16:48:59 | APIGateway | INFO  | o.s.c.g.r.RouteDefinitionRouteLocator | Loaded RoutePredicateFactory [Before]
2026-05-06 16:48:59 | APIGateway | INFO  | o.s.c.g.r.RouteDefinitionRouteLocator | Loaded RoutePredicateFactory [Between]
2026-05-06 16:48:59 | APIGateway | INFO  | o.s.c.g.r.RouteDefinitionRouteLocator | Loaded RoutePredicateFactory [Cookie]
2026-05-06 16:48:59 | APIGateway | INFO  | o.s.c.g.r.RouteDefinitionRouteLocator | Loaded RoutePredicateFactory [Header]
2026-05-06 16:48:59 | APIGateway | INFO  | o.s.c.g.r.RouteDefinitionRouteLocator | Loaded RoutePredicateFactory [Host]
2026-05-06 16:48:59 | APIGateway | INFO  | o.s.c.g.r.RouteDefinitionRouteLocator | Loaded RoutePredicateFactory [Method]
2026-05-06 16:48:59 | APIGateway | INFO  | o.s.c.g.r.RouteDefinitionRouteLocator | Loaded RoutePredicateFactory [Path]
2026-05-06 16:48:59 | APIGateway | INFO  | o.s.c.g.r.RouteDefinitionRouteLocator | Loaded RoutePredicateFactory [Query]
2026-05-06 16:48:59 | APIGateway | INFO  | o.s.c.g.r.RouteDefinitionRouteLocator | Loaded RoutePredicateFactory [ReadBody]
2026-05-06 16:48:59 | APIGateway | INFO  | o.s.c.g.r.RouteDefinitionRouteLocator | Loaded RoutePredicateFactory [RemoteAddr]
2026-05-06 16:48:59 | APIGateway | INFO  | o.s.c.g.r.RouteDefinitionRouteLocator | Loaded RoutePredicateFactory [XForwardedRemoteAddr]
2026-05-06 16:48:59 | APIGateway | INFO  | o.s.c.g.r.RouteDefinitionRouteLocator | Loaded RoutePredicateFactory [Weight]
2026-05-06 16:48:59 | APIGateway | INFO  | o.s.c.g.r.RouteDefinitionRouteLocator | Loaded RoutePredicateFactory [CloudFoundryRouteService]
2026-05-06 16:48:59 | APIGateway | WARN  | o.s.c.g.s.w.s.StarterDeprecatedAutoConfiguration | 

**********************************************************

spring-cloud-starter-gateway is deprecated. It will be removed in the next major release. Please use spring-cloud-starter-gateway-server-webflux instead.

**********************************************************


2026-05-06 16:48:59 | APIGateway | INFO  | o.s.b.w.e.netty.NettyWebServer | Netty started on port 8080 (http)
2026-05-06 16:48:59 | APIGateway | INFO  | l.c.apigateway.ApiGatewayApplication | Started ApiGatewayApplication in 3.348 seconds (process running for 11.443)
2026-05-06 16:51:01 | APIGateway | INFO  | l.c.a.filters.AuthenticationFilter | Starting of the filter
2026-05-06 16:51:01 | APIGateway | INFO  | l.c.a.filters.AuthenticationFilter | The route is public. Path: '/catalog'
2026-05-06 16:51:01 | APIGateway | INFO  | l.c.a.filters.AuthenticationFilter | Starting of the filter
2026-05-06 16:51:01 | APIGateway | INFO  | l.c.a.filters.AuthenticationFilter | The route is public. Path: '/api/book/public/category'
2026-05-06 16:51:02 | APIGateway | INFO  | l.c.a.filters.AuthenticationFilter | Starting of the filter
2026-05-06 16:51:02 | APIGateway | INFO  | l.c.a.filters.AuthenticationFilter | The route is public. Path: '/api/book/public'
2026-05-06 16:51:02 | APIGateway | INFO  | l.c.a.filters.AuthenticationFilter | Starting of the filter
2026-05-06 16:51:02 | APIGateway | INFO  | l.c.a.filters.AuthenticationFilter | The route is public. Path: '/api/images/c0a80066-9a82-1577-819a-82f5beb60000.jpg'
2026-05-06 16:51:02 | APIGateway | INFO  | l.c.a.filters.AuthenticationFilter | Starting of the filter
2026-05-06 16:51:02 | APIGateway | INFO  | l.c.a.filters.AuthenticationFilter | The route is public. Path: '/api/images/c0a80067-9d96-1406-819d-965c73520000.jpg'
2026-05-06 16:51:06 | APIGateway | INFO  | l.c.a.filters.AuthenticationFilter | Starting of the filter
2026-05-06 16:51:06 | APIGateway | INFO  | l.c.a.filters.AuthenticationFilter | The route is public. Path: '/catalog/upcoming-books'
2026-05-06 16:51:06 | APIGateway | INFO  | l.c.a.filters.AuthenticationFilter | Starting of the filter
2026-05-06 16:51:06 | APIGateway | INFO  | l.c.a.filters.AuthenticationFilter | The route is public. Path: '/api/book/public/category'
2026-05-06 16:51:06 | APIGateway | INFO  | l.c.a.filters.AuthenticationFilter | Starting of the filter
2026-05-06 16:51:06 | APIGateway | INFO  | l.c.a.filters.AuthenticationFilter | The route is public. Path: '/api/expected-book/public/get-all'
2026-05-06 16:51:06 | APIGateway | INFO  | l.c.a.filters.AuthenticationFilter | Starting of the filter
2026-05-06 16:51:06 | APIGateway | INFO  | l.c.a.filters.AuthenticationFilter | The route is public. Path: '/api/images//c0a80064-99d8-1dee-8199-d89097070002.jpg'
2026-05-06 16:51:06 | APIGateway | INFO  | l.c.a.filters.AuthenticationFilter | Starting of the filter
2026-05-06 16:51:06 | APIGateway | INFO  | l.c.a.filters.AuthenticationFilter | The route is public. Path: '/api/images/default-book-cover.jpg'
2026-05-06 16:51:07 | APIGateway | INFO  | l.c.a.filters.AuthenticationFilter | Starting of the filter
2026-05-06 16:51:07 | APIGateway | INFO  | l.c.a.filters.AuthenticationFilter | The route is public. Path: '/catalog'
2026-05-06 16:51:07 | APIGateway | INFO  | l.c.a.filters.AuthenticationFilter | Starting of the filter
2026-05-06 16:51:07 | APIGateway | INFO  | l.c.a.filters.AuthenticationFilter | The route is public. Path: '/api/book/public/category'
2026-05-06 16:51:07 | APIGateway | INFO  | l.c.a.filters.AuthenticationFilter | Starting of the filter
2026-05-06 16:51:07 | APIGateway | INFO  | l.c.a.filters.AuthenticationFilter | The route is public. Path: '/api/book/public'
2026-05-06 16:51:11 | APIGateway | INFO  | l.c.a.filters.AuthenticationFilter | Starting of the filter
2026-05-06 16:51:11 | APIGateway | INFO  | l.c.a.filters.AuthenticationFilter | The route is public. Path: '/events'
2026-05-06 16:51:11 | APIGateway | INFO  | l.c.a.filters.AuthenticationFilter | Starting of the filter
2026-05-06 16:51:11 | APIGateway | INFO  | l.c.a.filters.AuthenticationFilter | The route is public. Path: '/api/announcement/public/get-all'
2026-05-06 16:51:12 | APIGateway | INFO  | l.c.a.filters.AuthenticationFilter | Starting of the filter
2026-05-06 16:51:12 | APIGateway | INFO  | l.c.a.filters.AuthenticationFilter | The route is public. Path: '/news'
2026-05-06 16:51:12 | APIGateway | INFO  | l.c.a.filters.AuthenticationFilter | Starting of the filter
2026-05-06 16:51:12 | APIGateway | INFO  | l.c.a.filters.AuthenticationFilter | The route is public. Path: '/api/news/public/get-all'
2026-05-06 16:51:17 | APIGateway | INFO  | l.c.a.filters.AuthenticationFilter | Starting of the filter
2026-05-06 16:51:17 | APIGateway | INFO  | l.c.a.filters.AuthenticationFilter | The route is public. Path: '/catalog'
2026-05-06 16:51:17 | APIGateway | INFO  | l.c.a.filters.AuthenticationFilter | Starting of the filter
2026-05-06 16:51:17 | APIGateway | INFO  | l.c.a.filters.AuthenticationFilter | The route is public. Path: '/api/book/public/category'
2026-05-06 16:51:17 | APIGateway | INFO  | l.c.a.filters.AuthenticationFilter | Starting of the filter
2026-05-06 16:51:17 | APIGateway | INFO  | l.c.a.filters.AuthenticationFilter | The route is public. Path: '/api/book/public'
2026-05-06 16:51:19 | APIGateway | INFO  | l.c.a.filters.AuthenticationFilter | Starting of the filter
2026-05-06 16:51:19 | APIGateway | INFO  | l.c.a.filters.AuthenticationFilter | The route is public. Path: '/catalog/most-popular-books'
2026-05-06 16:51:19 | APIGateway | INFO  | l.c.a.filters.AuthenticationFilter | Starting of the filter
2026-05-06 16:51:19 | APIGateway | INFO  | l.c.a.filters.AuthenticationFilter | The route is public. Path: '/api/book/public/category'
2026-05-06 16:51:19 | APIGateway | INFO  | l.c.a.filters.AuthenticationFilter | Starting of the filter
2026-05-06 16:51:19 | APIGateway | INFO  | l.c.a.filters.AuthenticationFilter | The route is public. Path: '/api/book/public/most-popular-books'
2026-05-06 16:51:19 | APIGateway | INFO  | l.c.a.filters.AuthenticationFilter | Starting of the filter
2026-05-06 16:51:19 | APIGateway | INFO  | l.c.a.filters.AuthenticationFilter | The route is public. Path: '/catalog/TestBookImage'
2026-05-06 16:51:26 | APIGateway | INFO  | l.c.a.filters.AuthenticationFilter | Starting of the filter
2026-05-06 16:51:26 | APIGateway | INFO  | l.c.a.filters.AuthenticationFilter | The route is public. Path: '/catalog'
2026-05-06 16:51:26 | APIGateway | INFO  | l.c.a.filters.AuthenticationFilter | Starting of the filter
2026-05-06 16:51:26 | APIGateway | INFO  | l.c.a.filters.AuthenticationFilter | The route is public. Path: '/api/book/public/category'
2026-05-06 16:51:26 | APIGateway | INFO  | l.c.a.filters.AuthenticationFilter | Starting of the filter
2026-05-06 16:51:26 | APIGateway | INFO  | l.c.a.filters.AuthenticationFilter | The route is public. Path: '/api/book/public'
2026-05-06 16:51:28 | APIGateway | INFO  | l.c.a.filters.AuthenticationFilter | Starting of the filter
2026-05-06 16:51:28 | APIGateway | INFO  | l.c.a.filters.AuthenticationFilter | The route is public. Path: '/catalog'
2026-05-06 16:51:28 | APIGateway | INFO  | l.c.a.filters.AuthenticationFilter | Starting of the filter
2026-05-06 16:51:28 | APIGateway | INFO  | l.c.a.filters.AuthenticationFilter | The route is public. Path: '/api/book/public/category'
2026-05-06 16:51:28 | APIGateway | INFO  | l.c.a.filters.AuthenticationFilter | Starting of the filter
2026-05-06 16:51:28 | APIGateway | INFO  | l.c.a.filters.AuthenticationFilter | The route is public. Path: '/api/book/public'
2026-05-06 16:51:30 | APIGateway | INFO  | l.c.a.filters.AuthenticationFilter | Starting of the filter
2026-05-06 16:51:30 | APIGateway | INFO  | l.c.a.filters.AuthenticationFilter | The route is public. Path: '/catalog/upcoming-books'
2026-05-06 16:51:30 | APIGateway | INFO  | l.c.a.filters.AuthenticationFilter | Starting of the filter
2026-05-06 16:51:30 | APIGateway | INFO  | l.c.a.filters.AuthenticationFilter | The route is public. Path: '/api/book/public/category'
2026-05-06 16:51:30 | APIGateway | INFO  | l.c.a.filters.AuthenticationFilter | Starting of the filter
2026-05-06 16:51:30 | APIGateway | INFO  | l.c.a.filters.AuthenticationFilter | The route is public. Path: '/api/expected-book/public/get-all'
2026-05-06 16:51:30 | APIGateway | INFO  | l.c.a.filters.AuthenticationFilter | Starting of the filter
2026-05-06 16:51:30 | APIGateway | INFO  | l.c.a.filters.AuthenticationFilter | The route is public. Path: '/api/images/default-book-cover.jpg'
2026-05-06 16:51:31 | APIGateway | INFO  | l.c.a.filters.AuthenticationFilter | Starting of the filter
2026-05-06 16:51:31 | APIGateway | INFO  | l.c.a.filters.AuthenticationFilter | The route is public. Path: '/catalog'
2026-05-06 16:51:31 | APIGateway | INFO  | l.c.a.filters.AuthenticationFilter | Starting of the filter
2026-05-06 16:51:31 | APIGateway | INFO  | l.c.a.filters.AuthenticationFilter | The route is public. Path: '/api/book/public/category'
2026-05-06 16:51:31 | APIGateway | INFO  | l.c.a.filters.AuthenticationFilter | Starting of the filter
2026-05-06 16:51:31 | APIGateway | INFO  | l.c.a.filters.AuthenticationFilter | The route is public. Path: '/api/book/public'
2026-05-06 16:54:40 | APIGateway | INFO  | l.c.a.filters.AuthenticationFilter | Starting of the filter
2026-05-06 16:54:40 | APIGateway | INFO  | l.c.a.filters.AuthenticationFilter | The route is public. Path: '/catalog/upcoming-books'
2026-05-06 16:54:41 | APIGateway | INFO  | l.c.a.filters.AuthenticationFilter | Starting of the filter
2026-05-06 16:54:41 | APIGateway | INFO  | l.c.a.filters.AuthenticationFilter | The route is public. Path: '/api/book/public/category'
2026-05-06 16:54:41 | APIGateway | INFO  | l.c.a.filters.AuthenticationFilter | Starting of the filter
2026-05-06 16:54:41 | APIGateway | INFO  | l.c.a.filters.AuthenticationFilter | The route is public. Path: '/api/expected-book/public/get-all'
2026-05-06 16:54:41 | APIGateway | INFO  | l.c.a.filters.AuthenticationFilter | Starting of the filter
2026-05-06 16:54:41 | APIGateway | INFO  | l.c.a.filters.AuthenticationFilter | The route is public. Path: '/api/images/default-book-cover.jpg'
2026-05-06 16:54:42 | APIGateway | INFO  | l.c.a.filters.AuthenticationFilter | Starting of the filter
2026-05-06 16:54:42 | APIGateway | INFO  | l.c.a.filters.AuthenticationFilter | The route is public. Path: '/catalog'
2026-05-06 16:54:42 | APIGateway | INFO  | l.c.a.filters.AuthenticationFilter | Starting of the filter
2026-05-06 16:54:42 | APIGateway | INFO  | l.c.a.filters.AuthenticationFilter | The route is public. Path: '/api/book/public/category'
2026-05-06 16:54:42 | APIGateway | INFO  | l.c.a.filters.AuthenticationFilter | Starting of the filter
2026-05-06 16:54:42 | APIGateway | INFO  | l.c.a.filters.AuthenticationFilter | The route is public. Path: '/api/book/public'
2026-05-06 16:54:47 | APIGateway | INFO  | l.c.a.filters.AuthenticationFilter | Starting of the filter
2026-05-06 16:54:47 | APIGateway | INFO  | l.c.a.filters.AuthenticationFilter | The route is public. Path: '/catalog/most-popular-books'
2026-05-06 16:54:47 | APIGateway | INFO  | l.c.a.filters.AuthenticationFilter | Starting of the filter
2026-05-06 16:54:47 | APIGateway | INFO  | l.c.a.filters.AuthenticationFilter | The route is public. Path: '/api/book/public/category'
2026-05-06 16:54:47 | APIGateway | INFO  | l.c.a.filters.AuthenticationFilter | Starting of the filter
2026-05-06 16:54:47 | APIGateway | INFO  | l.c.a.filters.AuthenticationFilter | The route is public. Path: '/api/book/public/most-popular-books'
2026-05-06 16:54:47 | APIGateway | INFO  | l.c.a.filters.AuthenticationFilter | Starting of the filter
2026-05-06 16:54:47 | APIGateway | INFO  | l.c.a.filters.AuthenticationFilter | The route is public. Path: '/catalog/TestBookImage'
2026-05-06 16:54:49 | APIGateway | INFO  | l.c.a.filters.AuthenticationFilter | Starting of the filter
2026-05-06 16:54:49 | APIGateway | INFO  | l.c.a.filters.AuthenticationFilter | The route is public. Path: '/catalog'
2026-05-06 16:54:49 | APIGateway | INFO  | l.c.a.filters.AuthenticationFilter | Starting of the filter
2026-05-06 16:54:49 | APIGateway | INFO  | l.c.a.filters.AuthenticationFilter | The route is public. Path: '/api/book/public/category'
2026-05-06 16:54:49 | APIGateway | INFO  | l.c.a.filters.AuthenticationFilter | Starting of the filter
2026-05-06 16:54:49 | APIGateway | INFO  | l.c.a.filters.AuthenticationFilter | The route is public. Path: '/api/book/public'
2026-05-06 16:54:50 | APIGateway | INFO  | l.c.a.filters.AuthenticationFilter | Starting of the filter
2026-05-06 16:54:50 | APIGateway | INFO  | l.c.a.filters.AuthenticationFilter | The route is public. Path: '/catalog'
2026-05-06 16:54:50 | APIGateway | INFO  | l.c.a.filters.AuthenticationFilter | Starting of the filter
2026-05-06 16:54:50 | APIGateway | INFO  | l.c.a.filters.AuthenticationFilter | The route is public. Path: '/api/book/public/category'
2026-05-06 16:54:50 | APIGateway | INFO  | l.c.a.filters.AuthenticationFilter | Starting of the filter
2026-05-06 16:54:50 | APIGateway | INFO  | l.c.a.filters.AuthenticationFilter | The route is public. Path: '/api/book/public'
2026-05-06 16:54:53 | APIGateway | INFO  | l.c.a.filters.AuthenticationFilter | Starting of the filter
2026-05-06 16:54:53 | APIGateway | INFO  | l.c.a.filters.AuthenticationFilter | The route is public. Path: '/catalog'
2026-05-06 16:54:53 | APIGateway | INFO  | l.c.a.filters.AuthenticationFilter | Starting of the filter
2026-05-06 16:54:53 | APIGateway | INFO  | l.c.a.filters.AuthenticationFilter | The route is public. Path: '/api/book/public/category'
2026-05-06 16:54:53 | APIGateway | INFO  | l.c.a.filters.AuthenticationFilter | Starting of the filter
2026-05-06 16:54:53 | APIGateway | INFO  | l.c.a.filters.AuthenticationFilter | The route is public. Path: '/api/book/public'
2026-05-06 16:54:57 | APIGateway | INFO  | l.c.a.filters.AuthenticationFilter | Starting of the filter
2026-05-06 16:54:57 | APIGateway | INFO  | l.c.a.filters.AuthenticationFilter | The route is public. Path: '/catalog'
2026-05-06 16:54:57 | APIGateway | INFO  | l.c.a.filters.AuthenticationFilter | Starting of the filter
2026-05-06 16:54:57 | APIGateway | INFO  | l.c.a.filters.AuthenticationFilter | The route is public. Path: '/api/book/public/category'
2026-05-06 16:54:57 | APIGateway | INFO  | l.c.a.filters.AuthenticationFilter | Starting of the filter
2026-05-06 16:54:57 | APIGateway | INFO  | l.c.a.filters.AuthenticationFilter | The route is public. Path: '/api/book/public'
2026-05-06 16:54:59 | APIGateway | INFO  | l.c.a.filters.AuthenticationFilter | Starting of the filter
2026-05-06 16:54:59 | APIGateway | INFO  | l.c.a.filters.AuthenticationFilter | The route is public. Path: '/catalog'
2026-05-06 16:54:59 | APIGateway | INFO  | l.c.a.filters.AuthenticationFilter | Starting of the filter
2026-05-06 16:54:59 | APIGateway | INFO  | l.c.a.filters.AuthenticationFilter | The route is public. Path: '/api/book/public/category'
2026-05-06 16:54:59 | APIGateway | INFO  | l.c.a.filters.AuthenticationFilter | Starting of the filter
2026-05-06 16:54:59 | APIGateway | INFO  | l.c.a.filters.AuthenticationFilter | The route is public. Path: '/api/book/public'
2026-05-06 16:54:59 | APIGateway | INFO  | l.c.a.filters.AuthenticationFilter | Starting of the filter
2026-05-06 16:54:59 | APIGateway | INFO  | l.c.a.filters.AuthenticationFilter | The route is public. Path: '/catalog'
2026-05-06 16:54:59 | APIGateway | INFO  | l.c.a.filters.AuthenticationFilter | Starting of the filter
2026-05-06 16:54:59 | APIGateway | INFO  | l.c.a.filters.AuthenticationFilter | The route is public. Path: '/api/book/public/category'
2026-05-06 16:54:59 | APIGateway | INFO  | l.c.a.filters.AuthenticationFilter | Starting of the filter
2026-05-06 16:54:59 | APIGateway | INFO  | l.c.a.filters.AuthenticationFilter | The route is public. Path: '/api/book/public'
2026-05-06 16:55:01 | APIGateway | INFO  | l.c.a.filters.AuthenticationFilter | Starting of the filter
2026-05-06 16:55:01 | APIGateway | INFO  | l.c.a.filters.AuthenticationFilter | The route is public. Path: '/catalog/upcoming-books'
2026-05-06 16:55:01 | APIGateway | INFO  | l.c.a.filters.AuthenticationFilter | Starting of the filter
2026-05-06 16:55:01 | APIGateway | INFO  | l.c.a.filters.AuthenticationFilter | The route is public. Path: '/api/book/public/category'
2026-05-06 16:55:01 | APIGateway | INFO  | l.c.a.filters.AuthenticationFilter | Starting of the filter
2026-05-06 16:55:01 | APIGateway | INFO  | l.c.a.filters.AuthenticationFilter | The route is public. Path: '/api/expected-book/public/get-all'
2026-05-06 16:55:01 | APIGateway | INFO  | l.c.a.filters.AuthenticationFilter | Starting of the filter
2026-05-06 16:55:01 | APIGateway | INFO  | l.c.a.filters.AuthenticationFilter | The route is public. Path: '/api/images/default-book-cover.jpg'
2026-05-06 16:55:09 | APIGateway | INFO  | l.c.a.filters.AuthenticationFilter | Starting of the filter
2026-05-06 16:55:09 | APIGateway | INFO  | l.c.a.filters.AuthenticationFilter | The route is public. Path: '/catalog'
2026-05-06 16:55:09 | APIGateway | INFO  | l.c.a.filters.AuthenticationFilter | Starting of the filter
2026-05-06 16:55:09 | APIGateway | INFO  | l.c.a.filters.AuthenticationFilter | The route is public. Path: '/api/book/public/category'
2026-05-06 16:55:09 | APIGateway | INFO  | l.c.a.filters.AuthenticationFilter | Starting of the filter
2026-05-06 16:55:09 | APIGateway | INFO  | l.c.a.filters.AuthenticationFilter | The route is public. Path: '/api/book/public'
2026-05-06 16:58:08 | APIGateway | INFO  | l.c.a.filters.AuthenticationFilter | Starting of the filter
2026-05-06 16:58:08 | APIGateway | INFO  | l.c.a.filters.AuthenticationFilter | The route is public. Path: '/catalog'
2026-05-06 16:58:08 | APIGateway | INFO  | l.c.a.filters.AuthenticationFilter | Starting of the filter
2026-05-06 16:58:08 | APIGateway | INFO  | l.c.a.filters.AuthenticationFilter | The route is public. Path: '/api/book/public/category'
2026-05-06 16:58:08 | APIGateway | INFO  | l.c.a.filters.AuthenticationFilter | Starting of the filter
2026-05-06 16:58:08 | APIGateway | INFO  | l.c.a.filters.AuthenticationFilter | The route is public. Path: '/api/book/public'
2026-05-06 16:58:10 | APIGateway | INFO  | l.c.a.filters.AuthenticationFilter | Starting of the filter
2026-05-06 16:58:10 | APIGateway | INFO  | l.c.a.filters.AuthenticationFilter | The route is public. Path: '/catalog'
2026-05-06 16:58:10 | APIGateway | INFO  | l.c.a.filters.AuthenticationFilter | Starting of the filter
2026-05-06 16:58:10 | APIGateway | INFO  | l.c.a.filters.AuthenticationFilter | The route is public. Path: '/api/book/public/category'
2026-05-06 16:58:10 | APIGateway | INFO  | l.c.a.filters.AuthenticationFilter | Starting of the filter
2026-05-06 16:58:10 | APIGateway | INFO  | l.c.a.filters.AuthenticationFilter | The route is public. Path: '/api/book/public'
2026-05-06 16:58:12 | APIGateway | INFO  | l.c.a.filters.AuthenticationFilter | Starting of the filter
2026-05-06 16:58:12 | APIGateway | INFO  | l.c.a.filters.AuthenticationFilter | The route is public. Path: '/catalog'
2026-05-06 16:58:12 | APIGateway | INFO  | l.c.a.filters.AuthenticationFilter | Starting of the filter
2026-05-06 16:58:12 | APIGateway | INFO  | l.c.a.filters.AuthenticationFilter | The route is public. Path: '/api/book/public/category'
2026-05-06 16:58:12 | APIGateway | INFO  | l.c.a.filters.AuthenticationFilter | Starting of the filter
2026-05-06 16:58:12 | APIGateway | INFO  | l.c.a.filters.AuthenticationFilter | The route is public. Path: '/api/book/public'
2026-05-06 16:58:18 | APIGateway | INFO  | l.c.a.filters.AuthenticationFilter | Starting of the filter
2026-05-06 16:58:18 | APIGateway | INFO  | l.c.a.filters.AuthenticationFilter | The route is public. Path: '/catalog'
2026-05-06 16:58:18 | APIGateway | INFO  | l.c.a.filters.AuthenticationFilter | Starting of the filter
2026-05-06 16:58:18 | APIGateway | INFO  | l.c.a.filters.AuthenticationFilter | The route is public. Path: '/api/book/public/category'
2026-05-06 16:58:18 | APIGateway | INFO  | l.c.a.filters.AuthenticationFilter | Starting of the filter
2026-05-06 16:58:18 | APIGateway | INFO  | l.c.a.filters.AuthenticationFilter | The route is public. Path: '/api/book/public'
2026-05-06 16:58:19 | APIGateway | INFO  | l.c.a.filters.AuthenticationFilter | Starting of the filter
2026-05-06 16:58:19 | APIGateway | INFO  | l.c.a.filters.AuthenticationFilter | The route is public. Path: '/catalog'
2026-05-06 16:58:19 | APIGateway | INFO  | l.c.a.filters.AuthenticationFilter | Starting of the filter
2026-05-06 16:58:19 | APIGateway | INFO  | l.c.a.filters.AuthenticationFilter | The route is public. Path: '/api/book/public/category'
2026-05-06 16:58:19 | APIGateway | INFO  | l.c.a.filters.AuthenticationFilter | Starting of the filter
2026-05-06 16:58:19 | APIGateway | INFO  | l.c.a.filters.AuthenticationFilter | The route is public. Path: '/api/book/public'
2026-05-06 16:58:20 | APIGateway | INFO  | l.c.a.filters.AuthenticationFilter | Starting of the filter
2026-05-06 16:58:20 | APIGateway | INFO  | l.c.a.filters.AuthenticationFilter | The route is public. Path: '/catalog/most-popular-books'
2026-05-06 16:58:20 | APIGateway | INFO  | l.c.a.filters.AuthenticationFilter | Starting of the filter
2026-05-06 16:58:20 | APIGateway | INFO  | l.c.a.filters.AuthenticationFilter | The route is public. Path: '/api/book/public/category'
2026-05-06 16:58:20 | APIGateway | INFO  | l.c.a.filters.AuthenticationFilter | Starting of the filter
2026-05-06 16:58:20 | APIGateway | INFO  | l.c.a.filters.AuthenticationFilter | The route is public. Path: '/api/book/public/most-popular-books'
2026-05-06 16:58:20 | APIGateway | INFO  | l.c.a.filters.AuthenticationFilter | Starting of the filter
2026-05-06 16:58:20 | APIGateway | INFO  | l.c.a.filters.AuthenticationFilter | The route is public. Path: '/catalog/TestBookImage'
2026-05-06 16:58:22 | APIGateway | INFO  | l.c.a.filters.AuthenticationFilter | Starting of the filter
2026-05-06 16:58:22 | APIGateway | INFO  | l.c.a.filters.AuthenticationFilter | The route is public. Path: '/catalog'
2026-05-06 16:58:22 | APIGateway | INFO  | l.c.a.filters.AuthenticationFilter | Starting of the filter
2026-05-06 16:58:22 | APIGateway | INFO  | l.c.a.filters.AuthenticationFilter | The route is public. Path: '/api/book/public/category'
2026-05-06 16:58:22 | APIGateway | INFO  | l.c.a.filters.AuthenticationFilter | Starting of the filter
2026-05-06 16:58:22 | APIGateway | INFO  | l.c.a.filters.AuthenticationFilter | The route is public. Path: '/api/book/public'
2026-05-06 16:58:26 | APIGateway | INFO  | l.c.a.filters.AuthenticationFilter | Starting of the filter
2026-05-06 16:58:26 | APIGateway | INFO  | l.c.a.filters.AuthenticationFilter | The route is public. Path: '/catalog'
2026-05-06 16:58:26 | APIGateway | INFO  | l.c.a.filters.AuthenticationFilter | Starting of the filter
2026-05-06 16:58:26 | APIGateway | INFO  | l.c.a.filters.AuthenticationFilter | The route is public. Path: '/api/book/public/category'
2026-05-06 16:58:26 | APIGateway | INFO  | l.c.a.filters.AuthenticationFilter | Starting of the filter
2026-05-06 16:58:26 | APIGateway | INFO  | l.c.a.filters.AuthenticationFilter | The route is public. Path: '/api/book/public'
2026-05-06 16:58:28 | APIGateway | INFO  | l.c.a.filters.AuthenticationFilter | Starting of the filter
2026-05-06 16:58:28 | APIGateway | INFO  | l.c.a.filters.AuthenticationFilter | The route is public. Path: '/catalog/upcoming-books'
2026-05-06 16:58:28 | APIGateway | INFO  | l.c.a.filters.AuthenticationFilter | Starting of the filter
2026-05-06 16:58:28 | APIGateway | INFO  | l.c.a.filters.AuthenticationFilter | The route is public. Path: '/api/book/public/category'
2026-05-06 16:58:28 | APIGateway | INFO  | l.c.a.filters.AuthenticationFilter | Starting of the filter
2026-05-06 16:58:28 | APIGateway | INFO  | l.c.a.filters.AuthenticationFilter | The route is public. Path: '/api/expected-book/public/get-all'
2026-05-06 16:58:28 | APIGateway | INFO  | l.c.a.filters.AuthenticationFilter | Starting of the filter
2026-05-06 16:58:28 | APIGateway | INFO  | l.c.a.filters.AuthenticationFilter | The route is public. Path: '/api/images/default-book-cover.jpg'
2026-05-06 16:58:29 | APIGateway | INFO  | l.c.a.filters.AuthenticationFilter | Starting of the filter
2026-05-06 16:58:29 | APIGateway | INFO  | l.c.a.filters.AuthenticationFilter | The route is public. Path: '/catalog/most-popular-books'
2026-05-06 16:58:29 | APIGateway | INFO  | l.c.a.filters.AuthenticationFilter | Starting of the filter
2026-05-06 16:58:29 | APIGateway | INFO  | l.c.a.filters.AuthenticationFilter | The route is public. Path: '/api/book/public/category'
2026-05-06 16:58:29 | APIGateway | INFO  | l.c.a.filters.AuthenticationFilter | Starting of the filter
2026-05-06 16:58:29 | APIGateway | INFO  | l.c.a.filters.AuthenticationFilter | The route is public. Path: '/api/book/public/most-popular-books'
2026-05-06 16:58:29 | APIGateway | INFO  | l.c.a.filters.AuthenticationFilter | Starting of the filter
2026-05-06 16:58:29 | APIGateway | INFO  | l.c.a.filters.AuthenticationFilter | The route is public. Path: '/catalog/TestBookImage'
2026-05-06 16:58:30 | APIGateway | INFO  | l.c.a.filters.AuthenticationFilter | Starting of the filter
2026-05-06 16:58:30 | APIGateway | INFO  | l.c.a.filters.AuthenticationFilter | The route is public. Path: '/catalog/upcoming-books'
2026-05-06 16:58:30 | APIGateway | INFO  | l.c.a.filters.AuthenticationFilter | Starting of the filter
2026-05-06 16:58:30 | APIGateway | INFO  | l.c.a.filters.AuthenticationFilter | The route is public. Path: '/api/book/public/category'
2026-05-06 16:58:30 | APIGateway | INFO  | l.c.a.filters.AuthenticationFilter | Starting of the filter
2026-05-06 16:58:30 | APIGateway | INFO  | l.c.a.filters.AuthenticationFilter | The route is public. Path: '/api/expected-book/public/get-all'
2026-05-06 16:58:30 | APIGateway | INFO  | l.c.a.filters.AuthenticationFilter | Starting of the filter
2026-05-06 16:58:30 | APIGateway | INFO  | l.c.a.filters.AuthenticationFilter | The route is public. Path: '/api/images/default-book-cover.jpg'
2026-05-06 16:58:30 | APIGateway | INFO  | l.c.a.filters.AuthenticationFilter | Starting of the filter
2026-05-06 16:58:30 | APIGateway | INFO  | l.c.a.filters.AuthenticationFilter | The route is public. Path: '/catalog'
2026-05-06 16:58:30 | APIGateway | INFO  | l.c.a.filters.AuthenticationFilter | Starting of the filter
2026-05-06 16:58:30 | APIGateway | INFO  | l.c.a.filters.AuthenticationFilter | The route is public. Path: '/api/book/public/category'
2026-05-06 16:58:30 | APIGateway | INFO  | l.c.a.filters.AuthenticationFilter | Starting of the filter
2026-05-06 16:58:30 | APIGateway | INFO  | l.c.a.filters.AuthenticationFilter | The route is public. Path: '/api/book/public'
2026-05-06 16:59:14 | APIGateway | INFO  | l.c.a.filters.AuthenticationFilter | Starting of the filter
2026-05-06 16:59:14 | APIGateway | INFO  | l.c.a.filters.AuthenticationFilter | The route is public. Path: '/catalog/upcoming-books'
2026-05-06 16:59:14 | APIGateway | INFO  | l.c.a.filters.AuthenticationFilter | Starting of the filter
2026-05-06 16:59:14 | APIGateway | INFO  | l.c.a.filters.AuthenticationFilter | The route is public. Path: '/api/book/public/category'
2026-05-06 16:59:14 | APIGateway | INFO  | l.c.a.filters.AuthenticationFilter | Starting of the filter
2026-05-06 16:59:14 | APIGateway | INFO  | l.c.a.filters.AuthenticationFilter | The route is public. Path: '/api/expected-book/public/get-all'
2026-05-06 16:59:14 | APIGateway | INFO  | l.c.a.filters.AuthenticationFilter | Starting of the filter
2026-05-06 16:59:14 | APIGateway | INFO  | l.c.a.filters.AuthenticationFilter | The route is public. Path: '/api/images/default-book-cover.jpg'
2026-05-06 16:59:16 | APIGateway | INFO  | l.c.a.filters.AuthenticationFilter | Starting of the filter
2026-05-06 16:59:16 | APIGateway | INFO  | l.c.a.filters.AuthenticationFilter | The route is public. Path: '/catalog'
2026-05-06 16:59:16 | APIGateway | INFO  | l.c.a.filters.AuthenticationFilter | Starting of the filter
2026-05-06 16:59:16 | APIGateway | INFO  | l.c.a.filters.AuthenticationFilter | The route is public. Path: '/api/book/public/category'
2026-05-06 16:59:16 | APIGateway | INFO  | l.c.a.filters.AuthenticationFilter | Starting of the filter
2026-05-06 16:59:16 | APIGateway | INFO  | l.c.a.filters.AuthenticationFilter | The route is public. Path: '/api/book/public'
2026-05-06 17:03:49 | APIGateway | INFO  | l.c.a.filters.AuthenticationFilter | Starting of the filter
2026-05-06 17:03:49 | APIGateway | INFO  | l.c.a.filters.AuthenticationFilter | The route is public. Path: '/catalog/upcoming-books'
2026-05-06 17:03:50 | APIGateway | INFO  | l.c.a.filters.AuthenticationFilter | Starting of the filter
2026-05-06 17:03:50 | APIGateway | INFO  | l.c.a.filters.AuthenticationFilter | The route is public. Path: '/api/book/public/category'
2026-05-06 17:03:50 | APIGateway | INFO  | l.c.a.filters.AuthenticationFilter | Starting of the filter
2026-05-06 17:03:50 | APIGateway | INFO  | l.c.a.filters.AuthenticationFilter | The route is public. Path: '/api/expected-book/public/get-all'
2026-05-06 17:03:50 | APIGateway | INFO  | l.c.a.filters.AuthenticationFilter | Starting of the filter
2026-05-06 17:03:50 | APIGateway | INFO  | l.c.a.filters.AuthenticationFilter | The route is public. Path: '/api/images/default-book-cover.jpg'
2026-05-06 17:03:51 | APIGateway | INFO  | l.c.a.filters.AuthenticationFilter | Starting of the filter
2026-05-06 17:03:51 | APIGateway | INFO  | l.c.a.filters.AuthenticationFilter | The route is public. Path: '/catalog'
2026-05-06 17:03:51 | APIGateway | INFO  | l.c.a.filters.AuthenticationFilter | Starting of the filter
2026-05-06 17:03:51 | APIGateway | INFO  | l.c.a.filters.AuthenticationFilter | The route is public. Path: '/api/book/public/category'
2026-05-06 17:03:51 | APIGateway | INFO  | l.c.a.filters.AuthenticationFilter | Starting of the filter
2026-05-06 17:03:51 | APIGateway | INFO  | l.c.a.filters.AuthenticationFilter | The route is public. Path: '/api/book/public'
2026-05-06 17:03:55 | APIGateway | INFO  | l.c.a.filters.AuthenticationFilter | Starting of the filter
2026-05-06 17:03:55 | APIGateway | INFO  | l.c.a.filters.AuthenticationFilter | The route is public. Path: '/catalog/upcoming-books'
2026-05-06 17:03:55 | APIGateway | INFO  | l.c.a.filters.AuthenticationFilter | Starting of the filter
2026-05-06 17:03:55 | APIGateway | INFO  | l.c.a.filters.AuthenticationFilter | The route is public. Path: '/api/book/public/category'
2026-05-06 17:03:55 | APIGateway | INFO  | l.c.a.filters.AuthenticationFilter | Starting of the filter
2026-05-06 17:03:55 | APIGateway | INFO  | l.c.a.filters.AuthenticationFilter | The route is public. Path: '/api/expected-book/public/get-all'
2026-05-06 17:03:56 | APIGateway | INFO  | l.c.a.filters.AuthenticationFilter | Starting of the filter
2026-05-06 17:03:56 | APIGateway | INFO  | l.c.a.filters.AuthenticationFilter | The route is public. Path: '/api/images/default-book-cover.jpg'
2026-05-06 17:03:57 | APIGateway | INFO  | l.c.a.filters.AuthenticationFilter | Starting of the filter
2026-05-06 17:03:57 | APIGateway | INFO  | l.c.a.filters.AuthenticationFilter | The route is public. Path: '/catalog/upcoming-books'
2026-05-06 17:03:57 | APIGateway | INFO  | l.c.a.filters.AuthenticationFilter | Starting of the filter
2026-05-06 17:03:57 | APIGateway | INFO  | l.c.a.filters.AuthenticationFilter | The route is public. Path: '/api/book/public/category'
2026-05-06 17:03:57 | APIGateway | INFO  | l.c.a.filters.AuthenticationFilter | Starting of the filter
2026-05-06 17:03:57 | APIGateway | INFO  | l.c.a.filters.AuthenticationFilter | The route is public. Path: '/api/expected-book/public/get-all'
2026-05-06 17:03:57 | APIGateway | INFO  | l.c.a.filters.AuthenticationFilter | Starting of the filter
2026-05-06 17:03:57 | APIGateway | INFO  | l.c.a.filters.AuthenticationFilter | The route is public. Path: '/api/images/default-book-cover.jpg'
2026-05-06 17:03:58 | APIGateway | INFO  | l.c.a.filters.AuthenticationFilter | Starting of the filter
2026-05-06 17:03:58 | APIGateway | INFO  | l.c.a.filters.AuthenticationFilter | The route is public. Path: '/catalog'
2026-05-06 17:03:58 | APIGateway | INFO  | l.c.a.filters.AuthenticationFilter | Starting of the filter
2026-05-06 17:03:58 | APIGateway | INFO  | l.c.a.filters.AuthenticationFilter | The route is public. Path: '/api/book/public/category'
2026-05-06 17:03:58 | APIGateway | INFO  | l.c.a.filters.AuthenticationFilter | Starting of the filter
2026-05-06 17:03:58 | APIGateway | INFO  | l.c.a.filters.AuthenticationFilter | The route is public. Path: '/api/book/public'
2026-05-06 17:04:03 | APIGateway | INFO  | l.c.a.filters.AuthenticationFilter | Starting of the filter
2026-05-06 17:04:03 | APIGateway | INFO  | l.c.a.filters.AuthenticationFilter | The route is public. Path: '/catalog'
2026-05-06 17:04:03 | APIGateway | INFO  | l.c.a.filters.AuthenticationFilter | Starting of the filter
2026-05-06 17:04:03 | APIGateway | INFO  | l.c.a.filters.AuthenticationFilter | The route is public. Path: '/api/book/public/category'
2026-05-06 17:04:03 | APIGateway | INFO  | l.c.a.filters.AuthenticationFilter | Starting of the filter
2026-05-06 17:04:03 | APIGateway | INFO  | l.c.a.filters.AuthenticationFilter | The route is public. Path: '/api/book/public'
2026-05-06 17:04:04 | APIGateway | INFO  | l.c.a.filters.AuthenticationFilter | Starting of the filter
2026-05-06 17:04:04 | APIGateway | INFO  | l.c.a.filters.AuthenticationFilter | The route is public. Path: '/catalog'
2026-05-06 17:04:04 | APIGateway | INFO  | l.c.a.filters.AuthenticationFilter | Starting of the filter
2026-05-06 17:04:04 | APIGateway | INFO  | l.c.a.filters.AuthenticationFilter | The route is public. Path: '/api/book/public/category'
2026-05-06 17:04:04 | APIGateway | INFO  | l.c.a.filters.AuthenticationFilter | Starting of the filter
2026-05-06 17:04:04 | APIGateway | INFO  | l.c.a.filters.AuthenticationFilter | The route is public. Path: '/api/book/public'
2026-05-06 17:04:05 | APIGateway | INFO  | l.c.a.filters.AuthenticationFilter | Starting of the filter
2026-05-06 17:04:05 | APIGateway | INFO  | l.c.a.filters.AuthenticationFilter | The route is public. Path: '/catalog'
2026-05-06 17:04:05 | APIGateway | INFO  | l.c.a.filters.AuthenticationFilter | Starting of the filter
2026-05-06 17:04:05 | APIGateway | INFO  | l.c.a.filters.AuthenticationFilter | The route is public. Path: '/api/book/public/category'
2026-05-06 17:04:05 | APIGateway | INFO  | l.c.a.filters.AuthenticationFilter | Starting of the filter
2026-05-06 17:04:05 | APIGateway | INFO  | l.c.a.filters.AuthenticationFilter | The route is public. Path: '/api/book/public'
2026-05-06 17:04:05 | APIGateway | INFO  | l.c.a.filters.AuthenticationFilter | Starting of the filter
2026-05-06 17:04:05 | APIGateway | INFO  | l.c.a.filters.AuthenticationFilter | The route is public. Path: '/catalog'
2026-05-06 17:04:05 | APIGateway | INFO  | l.c.a.filters.AuthenticationFilter | Starting of the filter
2026-05-06 17:04:05 | APIGateway | INFO  | l.c.a.filters.AuthenticationFilter | The route is public. Path: '/api/book/public/category'
2026-05-06 17:04:05 | APIGateway | INFO  | l.c.a.filters.AuthenticationFilter | Starting of the filter
2026-05-06 17:04:05 | APIGateway | INFO  | l.c.a.filters.AuthenticationFilter | The route is public. Path: '/api/book/public'
2026-05-06 17:04:07 | APIGateway | INFO  | l.c.a.filters.AuthenticationFilter | Starting of the filter
2026-05-06 17:04:07 | APIGateway | INFO  | l.c.a.filters.AuthenticationFilter | The route is public. Path: '/catalog'
2026-05-06 17:04:07 | APIGateway | INFO  | l.c.a.filters.AuthenticationFilter | Starting of the filter
2026-05-06 17:04:07 | APIGateway | INFO  | l.c.a.filters.AuthenticationFilter | The route is public. Path: '/api/book/public/category'
2026-05-06 17:04:07 | APIGateway | INFO  | l.c.a.filters.AuthenticationFilter | Starting of the filter
2026-05-06 17:04:07 | APIGateway | INFO  | l.c.a.filters.AuthenticationFilter | The route is public. Path: '/api/book/public'
2026-05-06 17:04:08 | APIGateway | INFO  | l.c.a.filters.AuthenticationFilter | Starting of the filter
2026-05-06 17:04:08 | APIGateway | INFO  | l.c.a.filters.AuthenticationFilter | The route is public. Path: '/catalog/upcoming-books'
2026-05-06 17:04:08 | APIGateway | INFO  | l.c.a.filters.AuthenticationFilter | Starting of the filter
2026-05-06 17:04:08 | APIGateway | INFO  | l.c.a.filters.AuthenticationFilter | The route is public. Path: '/api/book/public/category'
2026-05-06 17:04:08 | APIGateway | INFO  | l.c.a.filters.AuthenticationFilter | Starting of the filter
2026-05-06 17:04:08 | APIGateway | INFO  | l.c.a.filters.AuthenticationFilter | The route is public. Path: '/api/expected-book/public/get-all'
2026-05-06 17:04:08 | APIGateway | INFO  | l.c.a.filters.AuthenticationFilter | Starting of the filter
2026-05-06 17:04:08 | APIGateway | INFO  | l.c.a.filters.AuthenticationFilter | The route is public. Path: '/api/images/default-book-cover.jpg'
2026-05-06 17:04:09 | APIGateway | INFO  | l.c.a.filters.AuthenticationFilter | Starting of the filter
2026-05-06 17:04:09 | APIGateway | INFO  | l.c.a.filters.AuthenticationFilter | The route is public. Path: '/catalog'
2026-05-06 17:04:09 | APIGateway | INFO  | l.c.a.filters.AuthenticationFilter | Starting of the filter
2026-05-06 17:04:09 | APIGateway | INFO  | l.c.a.filters.AuthenticationFilter | The route is public. Path: '/api/book/public/category'
2026-05-06 17:04:09 | APIGateway | INFO  | l.c.a.filters.AuthenticationFilter | Starting of the filter
2026-05-06 17:04:09 | APIGateway | INFO  | l.c.a.filters.AuthenticationFilter | The route is public. Path: '/api/book/public'
2026-05-06 17:04:31 | APIGateway | INFO  | l.c.a.filters.AuthenticationFilter | Starting of the filter
2026-05-06 17:04:31 | APIGateway | INFO  | l.c.a.filters.AuthenticationFilter | The route is public. Path: '/catalog'
2026-05-06 17:04:31 | APIGateway | INFO  | l.c.a.filters.AuthenticationFilter | Starting of the filter
2026-05-06 17:04:31 | APIGateway | INFO  | l.c.a.filters.AuthenticationFilter | The route is public. Path: '/api/book/public/category'
2026-05-06 17:04:31 | APIGateway | INFO  | l.c.a.filters.AuthenticationFilter | Starting of the filter
2026-05-06 17:04:31 | APIGateway | INFO  | l.c.a.filters.AuthenticationFilter | The route is public. Path: '/api/book/public'
2026-05-06 17:04:32 | APIGateway | INFO  | l.c.a.filters.AuthenticationFilter | Starting of the filter
2026-05-06 17:04:32 | APIGateway | INFO  | l.c.a.filters.AuthenticationFilter | The route is public. Path: '/catalog'
2026-05-06 17:04:32 | APIGateway | INFO  | l.c.a.filters.AuthenticationFilter | Starting of the filter
2026-05-06 17:04:32 | APIGateway | INFO  | l.c.a.filters.AuthenticationFilter | The route is public. Path: '/api/book/public/category'
2026-05-06 17:04:32 | APIGateway | INFO  | l.c.a.filters.AuthenticationFilter | Starting of the filter
2026-05-06 17:04:32 | APIGateway | INFO  | l.c.a.filters.AuthenticationFilter | The route is public. Path: '/api/book/public'
2026-05-06 17:04:32 | APIGateway | INFO  | l.c.a.filters.AuthenticationFilter | Starting of the filter
2026-05-06 17:04:32 | APIGateway | INFO  | l.c.a.filters.AuthenticationFilter | The route is public. Path: '/catalog/upcoming-books'
2026-05-06 17:04:32 | APIGateway | INFO  | l.c.a.filters.AuthenticationFilter | Starting of the filter
2026-05-06 17:04:32 | APIGateway | INFO  | l.c.a.filters.AuthenticationFilter | The route is public. Path: '/api/book/public/category'
2026-05-06 17:04:32 | APIGateway | INFO  | l.c.a.filters.AuthenticationFilter | Starting of the filter
2026-05-06 17:04:32 | APIGateway | INFO  | l.c.a.filters.AuthenticationFilter | The route is public. Path: '/api/expected-book/public/get-all'
2026-05-06 17:04:32 | APIGateway | INFO  | l.c.a.filters.AuthenticationFilter | Starting of the filter
2026-05-06 17:04:32 | APIGateway | INFO  | l.c.a.filters.AuthenticationFilter | The route is public. Path: '/api/images/default-book-cover.jpg'
2026-05-06 17:04:34 | APIGateway | INFO  | l.c.a.filters.AuthenticationFilter | Starting of the filter
2026-05-06 17:04:34 | APIGateway | INFO  | l.c.a.filters.AuthenticationFilter | The route is public. Path: '/catalog'
2026-05-06 17:04:34 | APIGateway | INFO  | l.c.a.filters.AuthenticationFilter | Starting of the filter
2026-05-06 17:04:34 | APIGateway | INFO  | l.c.a.filters.AuthenticationFilter | The route is public. Path: '/api/book/public/category'
2026-05-06 17:04:34 | APIGateway | INFO  | l.c.a.filters.AuthenticationFilter | Starting of the filter
2026-05-06 17:04:34 | APIGateway | INFO  | l.c.a.filters.AuthenticationFilter | The route is public. Path: '/api/book/public'
2026-05-06 17:04:37 | APIGateway | INFO  | l.c.a.filters.AuthenticationFilter | Starting of the filter
2026-05-06 17:04:37 | APIGateway | INFO  | l.c.a.filters.AuthenticationFilter | The route is public. Path: '/catalog'
2026-05-06 17:04:37 | APIGateway | INFO  | l.c.a.filters.AuthenticationFilter | Starting of the filter
2026-05-06 17:04:37 | APIGateway | INFO  | l.c.a.filters.AuthenticationFilter | The route is public. Path: '/api/book/public/category'
2026-05-06 17:04:37 | APIGateway | INFO  | l.c.a.filters.AuthenticationFilter | Starting of the filter
2026-05-06 17:04:37 | APIGateway | INFO  | l.c.a.filters.AuthenticationFilter | The route is public. Path: '/api/book/public'
2026-05-06 17:04:38 | APIGateway | INFO  | l.c.a.filters.AuthenticationFilter | Starting of the filter
2026-05-06 17:04:38 | APIGateway | INFO  | l.c.a.filters.AuthenticationFilter | The route is public. Path: '/catalog'
2026-05-06 17:04:38 | APIGateway | INFO  | l.c.a.filters.AuthenticationFilter | Starting of the filter
2026-05-06 17:04:38 | APIGateway | INFO  | l.c.a.filters.AuthenticationFilter | The route is public. Path: '/api/book/public/category'
2026-05-06 17:04:38 | APIGateway | INFO  | l.c.a.filters.AuthenticationFilter | Starting of the filter
2026-05-06 17:04:38 | APIGateway | INFO  | l.c.a.filters.AuthenticationFilter | The route is public. Path: '/api/book/public'
2026-05-06 17:04:39 | APIGateway | INFO  | l.c.a.filters.AuthenticationFilter | Starting of the filter
2026-05-06 17:04:39 | APIGateway | INFO  | l.c.a.filters.AuthenticationFilter | The route is public. Path: '/catalog/upcoming-books'
2026-05-06 17:04:39 | APIGateway | INFO  | l.c.a.filters.AuthenticationFilter | Starting of the filter
2026-05-06 17:04:39 | APIGateway | INFO  | l.c.a.filters.AuthenticationFilter | The route is public. Path: '/api/book/public/category'
2026-05-06 17:04:39 | APIGateway | INFO  | l.c.a.filters.AuthenticationFilter | Starting of the filter
2026-05-06 17:04:39 | APIGateway | INFO  | l.c.a.filters.AuthenticationFilter | The route is public. Path: '/api/expected-book/public/get-all'
2026-05-06 17:04:39 | APIGateway | INFO  | l.c.a.filters.AuthenticationFilter | Starting of the filter
2026-05-06 17:04:39 | APIGateway | INFO  | l.c.a.filters.AuthenticationFilter | The route is public. Path: '/api/images/default-book-cover.jpg'
2026-05-06 17:04:39 | APIGateway | INFO  | l.c.a.filters.AuthenticationFilter | Starting of the filter
2026-05-06 17:04:39 | APIGateway | INFO  | l.c.a.filters.AuthenticationFilter | The route is public. Path: '/catalog'
2026-05-06 17:04:39 | APIGateway | INFO  | l.c.a.filters.AuthenticationFilter | Starting of the filter
2026-05-06 17:04:39 | APIGateway | INFO  | l.c.a.filters.AuthenticationFilter | The route is public. Path: '/api/book/public/category'
2026-05-06 17:04:39 | APIGateway | INFO  | l.c.a.filters.AuthenticationFilter | Starting of the filter
2026-05-06 17:04:39 | APIGateway | INFO  | l.c.a.filters.AuthenticationFilter | The route is public. Path: '/api/book/public'
2026-05-06 17:04:40 | APIGateway | INFO  | l.c.a.filters.AuthenticationFilter | Starting of the filter
2026-05-06 17:04:40 | APIGateway | INFO  | l.c.a.filters.AuthenticationFilter | The route is public. Path: '/catalog/upcoming-books'
2026-05-06 17:04:40 | APIGateway | INFO  | l.c.a.filters.AuthenticationFilter | Starting of the filter
2026-05-06 17:04:40 | APIGateway | INFO  | l.c.a.filters.AuthenticationFilter | The route is public. Path: '/api/book/public/category'
2026-05-06 17:04:40 | APIGateway | INFO  | l.c.a.filters.AuthenticationFilter | Starting of the filter
2026-05-06 17:04:40 | APIGateway | INFO  | l.c.a.filters.AuthenticationFilter | The route is public. Path: '/api/expected-book/public/get-all'
2026-05-06 17:04:40 | APIGateway | INFO  | l.c.a.filters.AuthenticationFilter | Starting of the filter
2026-05-06 17:04:40 | APIGateway | INFO  | l.c.a.filters.AuthenticationFilter | The route is public. Path: '/api/images/default-book-cover.jpg'
2026-05-06 17:04:41 | APIGateway | INFO  | l.c.a.filters.AuthenticationFilter | Starting of the filter
2026-05-06 17:04:41 | APIGateway | INFO  | l.c.a.filters.AuthenticationFilter | The route is public. Path: '/catalog'
2026-05-06 17:04:41 | APIGateway | INFO  | l.c.a.filters.AuthenticationFilter | Starting of the filter
2026-05-06 17:04:41 | APIGateway | INFO  | l.c.a.filters.AuthenticationFilter | The route is public. Path: '/api/book/public/category'
2026-05-06 17:04:41 | APIGateway | INFO  | l.c.a.filters.AuthenticationFilter | Starting of the filter
2026-05-06 17:04:41 | APIGateway | INFO  | l.c.a.filters.AuthenticationFilter | The route is public. Path: '/api/book/public'
2026-05-06 17:04:43 | APIGateway | INFO  | l.c.a.filters.AuthenticationFilter | Starting of the filter
2026-05-06 17:04:43 | APIGateway | INFO  | l.c.a.filters.AuthenticationFilter | The route is public. Path: '/catalog'
2026-05-06 17:04:43 | APIGateway | INFO  | l.c.a.filters.AuthenticationFilter | Starting of the filter
2026-05-06 17:04:43 | APIGateway | INFO  | l.c.a.filters.AuthenticationFilter | The route is public. Path: '/api/book/public/category'
2026-05-06 17:04:43 | APIGateway | INFO  | l.c.a.filters.AuthenticationFilter | Starting of the filter
2026-05-06 17:04:43 | APIGateway | INFO  | l.c.a.filters.AuthenticationFilter | The route is public. Path: '/api/book/public'
2026-05-06 17:04:43 | APIGateway | INFO  | l.c.a.filters.AuthenticationFilter | Starting of the filter
2026-05-06 17:04:43 | APIGateway | INFO  | l.c.a.filters.AuthenticationFilter | The route is public. Path: '/catalog/upcoming-books'
2026-05-06 17:04:43 | APIGateway | INFO  | l.c.a.filters.AuthenticationFilter | Starting of the filter
2026-05-06 17:04:43 | APIGateway | INFO  | l.c.a.filters.AuthenticationFilter | The route is public. Path: '/api/book/public/category'
2026-05-06 17:04:43 | APIGateway | INFO  | l.c.a.filters.AuthenticationFilter | Starting of the filter
2026-05-06 17:04:43 | APIGateway | INFO  | l.c.a.filters.AuthenticationFilter | The route is public. Path: '/api/expected-book/public/get-all'
2026-05-06 17:04:43 | APIGateway | INFO  | l.c.a.filters.AuthenticationFilter | Starting of the filter
2026-05-06 17:04:43 | APIGateway | INFO  | l.c.a.filters.AuthenticationFilter | The route is public. Path: '/api/images/default-book-cover.jpg'
2026-05-06 17:04:44 | APIGateway | INFO  | l.c.a.filters.AuthenticationFilter | Starting of the filter
2026-05-06 17:04:44 | APIGateway | INFO  | l.c.a.filters.AuthenticationFilter | The route is public. Path: '/catalog'
2026-05-06 17:04:44 | APIGateway | INFO  | l.c.a.filters.AuthenticationFilter | Starting of the filter
2026-05-06 17:04:44 | APIGateway | INFO  | l.c.a.filters.AuthenticationFilter | The route is public. Path: '/api/book/public/category'
2026-05-06 17:04:44 | APIGateway | INFO  | l.c.a.filters.AuthenticationFilter | Starting of the filter
2026-05-06 17:04:44 | APIGateway | INFO  | l.c.a.filters.AuthenticationFilter | The route is public. Path: '/api/book/public'
2026-05-06 17:04:44 | APIGateway | INFO  | l.c.a.filters.AuthenticationFilter | Starting of the filter
2026-05-06 17:04:44 | APIGateway | INFO  | l.c.a.filters.AuthenticationFilter | The route is public. Path: '/catalog/upcoming-books'
2026-05-06 17:04:44 | APIGateway | INFO  | l.c.a.filters.AuthenticationFilter | Starting of the filter
2026-05-06 17:04:44 | APIGateway | INFO  | l.c.a.filters.AuthenticationFilter | The route is public. Path: '/api/book/public/category'
2026-05-06 17:04:44 | APIGateway | INFO  | l.c.a.filters.AuthenticationFilter | Starting of the filter
2026-05-06 17:04:44 | APIGateway | INFO  | l.c.a.filters.AuthenticationFilter | The route is public. Path: '/api/expected-book/public/get-all'
2026-05-06 17:04:45 | APIGateway | INFO  | l.c.a.filters.AuthenticationFilter | Starting of the filter
2026-05-06 17:04:45 | APIGateway | INFO  | l.c.a.filters.AuthenticationFilter | The route is public. Path: '/api/images/default-book-cover.jpg'
2026-05-06 17:04:46 | APIGateway | INFO  | l.c.a.filters.AuthenticationFilter | Starting of the filter
2026-05-06 17:04:46 | APIGateway | INFO  | l.c.a.filters.AuthenticationFilter | The route is public. Path: '/catalog/most-popular-books'
2026-05-06 17:04:46 | APIGateway | INFO  | l.c.a.filters.AuthenticationFilter | Starting of the filter
2026-05-06 17:04:46 | APIGateway | INFO  | l.c.a.filters.AuthenticationFilter | The route is public. Path: '/api/book/public/category'
2026-05-06 17:04:46 | APIGateway | INFO  | l.c.a.filters.AuthenticationFilter | Starting of the filter
2026-05-06 17:04:46 | APIGateway | INFO  | l.c.a.filters.AuthenticationFilter | The route is public. Path: '/api/book/public/most-popular-books'
2026-05-06 17:04:46 | APIGateway | INFO  | l.c.a.filters.AuthenticationFilter | Starting of the filter
2026-05-06 17:04:46 | APIGateway | INFO  | l.c.a.filters.AuthenticationFilter | The route is public. Path: '/catalog/TestBookImage'
2026-05-06 17:04:47 | APIGateway | INFO  | l.c.a.filters.AuthenticationFilter | Starting of the filter
2026-05-06 17:04:47 | APIGateway | INFO  | l.c.a.filters.AuthenticationFilter | The route is public. Path: '/catalog/upcoming-books'
2026-05-06 17:04:47 | APIGateway | INFO  | l.c.a.filters.AuthenticationFilter | Starting of the filter
2026-05-06 17:04:47 | APIGateway | INFO  | l.c.a.filters.AuthenticationFilter | The route is public. Path: '/api/book/public/category'
2026-05-06 17:04:47 | APIGateway | INFO  | l.c.a.filters.AuthenticationFilter | Starting of the filter
2026-05-06 17:04:47 | APIGateway | INFO  | l.c.a.filters.AuthenticationFilter | The route is public. Path: '/api/expected-book/public/get-all'
2026-05-06 17:04:47 | APIGateway | INFO  | l.c.a.filters.AuthenticationFilter | Starting of the filter
2026-05-06 17:04:47 | APIGateway | INFO  | l.c.a.filters.AuthenticationFilter | The route is public. Path: '/api/images/default-book-cover.jpg'
2026-05-06 17:04:48 | APIGateway | INFO  | l.c.a.filters.AuthenticationFilter | Starting of the filter
2026-05-06 17:04:48 | APIGateway | INFO  | l.c.a.filters.AuthenticationFilter | The route is public. Path: '/catalog'
2026-05-06 17:04:48 | APIGateway | INFO  | l.c.a.filters.AuthenticationFilter | Starting of the filter
2026-05-06 17:04:48 | APIGateway | INFO  | l.c.a.filters.AuthenticationFilter | The route is public. Path: '/api/book/public/category'
2026-05-06 17:04:48 | APIGateway | INFO  | l.c.a.filters.AuthenticationFilter | Starting of the filter
2026-05-06 17:04:48 | APIGateway | INFO  | l.c.a.filters.AuthenticationFilter | The route is public. Path: '/api/book/public'
2026-05-06 17:04:49 | APIGateway | INFO  | l.c.a.filters.AuthenticationFilter | Starting of the filter
2026-05-06 17:04:49 | APIGateway | INFO  | l.c.a.filters.AuthenticationFilter | The route is public. Path: '/catalog'
2026-05-06 17:04:49 | APIGateway | INFO  | l.c.a.filters.AuthenticationFilter | Starting of the filter
2026-05-06 17:04:49 | APIGateway | INFO  | l.c.a.filters.AuthenticationFilter | The route is public. Path: '/api/book/public/category'
2026-05-06 17:04:49 | APIGateway | INFO  | l.c.a.filters.AuthenticationFilter | Starting of the filter
2026-05-06 17:04:49 | APIGateway | INFO  | l.c.a.filters.AuthenticationFilter | The route is public. Path: '/api/book/public'
2026-05-06 17:04:50 | APIGateway | INFO  | l.c.a.filters.AuthenticationFilter | Starting of the filter
2026-05-06 17:04:50 | APIGateway | INFO  | l.c.a.filters.AuthenticationFilter | The route is public. Path: '/catalog/upcoming-books'
2026-05-06 17:04:50 | APIGateway | INFO  | l.c.a.filters.AuthenticationFilter | Starting of the filter
2026-05-06 17:04:50 | APIGateway | INFO  | l.c.a.filters.AuthenticationFilter | The route is public. Path: '/api/book/public/category'
2026-05-06 17:04:50 | APIGateway | INFO  | l.c.a.filters.AuthenticationFilter | Starting of the filter
2026-05-06 17:04:50 | APIGateway | INFO  | l.c.a.filters.AuthenticationFilter | The route is public. Path: '/api/expected-book/public/get-all'
2026-05-06 17:04:50 | APIGateway | INFO  | l.c.a.filters.AuthenticationFilter | Starting of the filter
2026-05-06 17:04:50 | APIGateway | INFO  | l.c.a.filters.AuthenticationFilter | The route is public. Path: '/api/images/default-book-cover.jpg'
2026-05-06 17:04:51 | APIGateway | INFO  | l.c.a.filters.AuthenticationFilter | Starting of the filter
2026-05-06 17:04:51 | APIGateway | INFO  | l.c.a.filters.AuthenticationFilter | The route is public. Path: '/catalog'
2026-05-06 17:04:51 | APIGateway | INFO  | l.c.a.filters.AuthenticationFilter | Starting of the filter
2026-05-06 17:04:51 | APIGateway | INFO  | l.c.a.filters.AuthenticationFilter | The route is public. Path: '/api/book/public/category'
2026-05-06 17:04:51 | APIGateway | INFO  | l.c.a.filters.AuthenticationFilter | Starting of the filter
2026-05-06 17:04:51 | APIGateway | INFO  | l.c.a.filters.AuthenticationFilter | The route is public. Path: '/api/book/public'
2026-05-06 17:05:21 | APIGateway | INFO  | l.c.a.filters.AuthenticationFilter | Starting of the filter
2026-05-06 17:05:21 | APIGateway | INFO  | l.c.a.filters.AuthenticationFilter | The route is public. Path: '/catalog'
2026-05-06 17:05:21 | APIGateway | INFO  | l.c.a.filters.AuthenticationFilter | Starting of the filter
2026-05-06 17:05:21 | APIGateway | INFO  | l.c.a.filters.AuthenticationFilter | The route is public. Path: '/api/book/public/category'
2026-05-06 17:05:21 | APIGateway | INFO  | l.c.a.filters.AuthenticationFilter | Starting of the filter
2026-05-06 17:05:21 | APIGateway | INFO  | l.c.a.filters.AuthenticationFilter | The route is public. Path: '/api/book/public'
2026-05-06 17:05:22 | APIGateway | INFO  | l.c.a.filters.AuthenticationFilter | Starting of the filter
2026-05-06 17:05:22 | APIGateway | INFO  | l.c.a.filters.AuthenticationFilter | The route is public. Path: '/catalog'
2026-05-06 17:05:22 | APIGateway | INFO  | l.c.a.filters.AuthenticationFilter | Starting of the filter
2026-05-06 17:05:22 | APIGateway | INFO  | l.c.a.filters.AuthenticationFilter | The route is public. Path: '/api/book/public/category'
2026-05-06 17:05:22 | APIGateway | INFO  | l.c.a.filters.AuthenticationFilter | Starting of the filter
2026-05-06 17:05:22 | APIGateway | INFO  | l.c.a.filters.AuthenticationFilter | The route is public. Path: '/api/book/public'
2026-05-06 17:05:22 | APIGateway | INFO  | l.c.a.filters.AuthenticationFilter | Starting of the filter
2026-05-06 17:05:22 | APIGateway | INFO  | l.c.a.filters.AuthenticationFilter | The route is public. Path: '/catalog'
2026-05-06 17:05:22 | APIGateway | INFO  | l.c.a.filters.AuthenticationFilter | Starting of the filter
2026-05-06 17:05:22 | APIGateway | INFO  | l.c.a.filters.AuthenticationFilter | The route is public. Path: '/api/book/public/category'
2026-05-06 17:05:22 | APIGateway | INFO  | l.c.a.filters.AuthenticationFilter | Starting of the filter
2026-05-06 17:05:22 | APIGateway | INFO  | l.c.a.filters.AuthenticationFilter | The route is public. Path: '/api/book/public'
2026-05-06 17:05:23 | APIGateway | INFO  | l.c.a.filters.AuthenticationFilter | Starting of the filter
2026-05-06 17:05:23 | APIGateway | INFO  | l.c.a.filters.AuthenticationFilter | The route is public. Path: '/catalog/upcoming-books'
2026-05-06 17:05:23 | APIGateway | INFO  | l.c.a.filters.AuthenticationFilter | Starting of the filter
2026-05-06 17:05:23 | APIGateway | INFO  | l.c.a.filters.AuthenticationFilter | The route is public. Path: '/api/book/public/category'
2026-05-06 17:05:23 | APIGateway | INFO  | l.c.a.filters.AuthenticationFilter | Starting of the filter
2026-05-06 17:05:23 | APIGateway | INFO  | l.c.a.filters.AuthenticationFilter | The route is public. Path: '/api/expected-book/public/get-all'
2026-05-06 17:05:23 | APIGateway | INFO  | l.c.a.filters.AuthenticationFilter | Starting of the filter
2026-05-06 17:05:23 | APIGateway | INFO  | l.c.a.filters.AuthenticationFilter | The route is public. Path: '/api/images/default-book-cover.jpg'
2026-05-06 17:05:23 | APIGateway | INFO  | l.c.a.filters.AuthenticationFilter | Starting of the filter
2026-05-06 17:05:23 | APIGateway | INFO  | l.c.a.filters.AuthenticationFilter | The route is public. Path: '/catalog'
2026-05-06 17:05:23 | APIGateway | INFO  | l.c.a.filters.AuthenticationFilter | Starting of the filter
2026-05-06 17:05:23 | APIGateway | INFO  | l.c.a.filters.AuthenticationFilter | The route is public. Path: '/api/book/public/category'
2026-05-06 17:05:23 | APIGateway | INFO  | l.c.a.filters.AuthenticationFilter | Starting of the filter
2026-05-06 17:05:23 | APIGateway | INFO  | l.c.a.filters.AuthenticationFilter | The route is public. Path: '/api/book/public'
2026-05-06 17:05:24 | APIGateway | INFO  | l.c.a.filters.AuthenticationFilter | Starting of the filter
2026-05-06 17:05:24 | APIGateway | INFO  | l.c.a.filters.AuthenticationFilter | The route is public. Path: '/catalog/upcoming-books'
2026-05-06 17:05:24 | APIGateway | INFO  | l.c.a.filters.AuthenticationFilter | Starting of the filter
2026-05-06 17:05:24 | APIGateway | INFO  | l.c.a.filters.AuthenticationFilter | The route is public. Path: '/api/book/public/category'
2026-05-06 17:05:24 | APIGateway | INFO  | l.c.a.filters.AuthenticationFilter | Starting of the filter
2026-05-06 17:05:24 | APIGateway | INFO  | l.c.a.filters.AuthenticationFilter | The route is public. Path: '/api/expected-book/public/get-all'
2026-05-06 17:05:24 | APIGateway | INFO  | l.c.a.filters.AuthenticationFilter | Starting of the filter
2026-05-06 17:05:24 | APIGateway | INFO  | l.c.a.filters.AuthenticationFilter | The route is public. Path: '/api/images/default-book-cover.jpg'
2026-05-06 17:07:04 | APIGateway | INFO  | l.c.a.filters.AuthenticationFilter | Starting of the filter
2026-05-06 17:07:04 | APIGateway | INFO  | l.c.a.filters.AuthenticationFilter | The route is public. Path: '/catalog/upcoming-books'
2026-05-06 17:07:05 | APIGateway | INFO  | l.c.a.filters.AuthenticationFilter | Starting of the filter
2026-05-06 17:07:05 | APIGateway | INFO  | l.c.a.filters.AuthenticationFilter | The route is public. Path: '/api/book/public/category'
2026-05-06 17:07:05 | APIGateway | INFO  | l.c.a.filters.AuthenticationFilter | Starting of the filter
2026-05-06 17:07:05 | APIGateway | INFO  | l.c.a.filters.AuthenticationFilter | The route is public. Path: '/api/expected-book/public/get-all'
2026-05-06 17:07:05 | APIGateway | INFO  | l.c.a.filters.AuthenticationFilter | Starting of the filter
2026-05-06 17:07:05 | APIGateway | INFO  | l.c.a.filters.AuthenticationFilter | The route is public. Path: '/api/images/default-book-cover.jpg'
2026-05-06 17:07:06 | APIGateway | INFO  | l.c.a.filters.AuthenticationFilter | Starting of the filter
2026-05-06 17:07:06 | APIGateway | INFO  | l.c.a.filters.AuthenticationFilter | The route is public. Path: '/catalog'
2026-05-06 17:07:06 | APIGateway | INFO  | l.c.a.filters.AuthenticationFilter | Starting of the filter
2026-05-06 17:07:06 | APIGateway | INFO  | l.c.a.filters.AuthenticationFilter | The route is public. Path: '/api/book/public/category'
2026-05-06 17:07:06 | APIGateway | INFO  | l.c.a.filters.AuthenticationFilter | Starting of the filter
2026-05-06 17:07:06 | APIGateway | INFO  | l.c.a.filters.AuthenticationFilter | The route is public. Path: '/api/book/public'
2026-05-06 17:07:10 | APIGateway | INFO  | l.c.a.filters.AuthenticationFilter | Starting of the filter
2026-05-06 17:07:10 | APIGateway | INFO  | l.c.a.filters.AuthenticationFilter | The route is public. Path: '/catalog/most-popular-books'
2026-05-06 17:07:10 | APIGateway | INFO  | l.c.a.filters.AuthenticationFilter | Starting of the filter
2026-05-06 17:07:10 | APIGateway | INFO  | l.c.a.filters.AuthenticationFilter | The route is public. Path: '/api/book/public/category'
2026-05-06 17:07:10 | APIGateway | INFO  | l.c.a.filters.AuthenticationFilter | Starting of the filter
2026-05-06 17:07:10 | APIGateway | INFO  | l.c.a.filters.AuthenticationFilter | The route is public. Path: '/api/book/public/most-popular-books'
2026-05-06 17:07:10 | APIGateway | INFO  | l.c.a.filters.AuthenticationFilter | Starting of the filter
2026-05-06 17:07:10 | APIGateway | INFO  | l.c.a.filters.AuthenticationFilter | The route is public. Path: '/catalog/TestBookImage'
2026-05-06 17:07:11 | APIGateway | INFO  | l.c.a.filters.AuthenticationFilter | Starting of the filter
2026-05-06 17:07:11 | APIGateway | INFO  | l.c.a.filters.AuthenticationFilter | The route is public. Path: '/catalog'
2026-05-06 17:07:11 | APIGateway | INFO  | l.c.a.filters.AuthenticationFilter | Starting of the filter
2026-05-06 17:07:11 | APIGateway | INFO  | l.c.a.filters.AuthenticationFilter | The route is public. Path: '/api/book/public/category'
2026-05-06 17:07:11 | APIGateway | INFO  | l.c.a.filters.AuthenticationFilter | Starting of the filter
2026-05-06 17:07:11 | APIGateway | INFO  | l.c.a.filters.AuthenticationFilter | The route is public. Path: '/api/book/public'
2026-05-06 17:09:10 | APIGateway | INFO  | l.c.a.filters.AuthenticationFilter | Starting of the filter
2026-05-06 17:09:10 | APIGateway | INFO  | l.c.a.filters.AuthenticationFilter | The route is public. Path: '/catalog'
2026-05-06 17:09:10 | APIGateway | INFO  | l.c.a.filters.AuthenticationFilter | Starting of the filter
2026-05-06 17:09:10 | APIGateway | INFO  | l.c.a.filters.AuthenticationFilter | The route is public. Path: '/api/book/public/category'
2026-05-06 17:09:10 | APIGateway | INFO  | l.c.a.filters.AuthenticationFilter | Starting of the filter
2026-05-06 17:09:10 | APIGateway | INFO  | l.c.a.filters.AuthenticationFilter | The route is public. Path: '/api/book/public'
2026-05-06 17:09:10 | APIGateway | INFO  | l.c.a.filters.AuthenticationFilter | Starting of the filter
2026-05-06 17:09:10 | APIGateway | INFO  | l.c.a.filters.AuthenticationFilter | The route is public. Path: '/TestBookImage'
2026-05-06 17:09:11 | APIGateway | INFO  | l.c.a.filters.AuthenticationFilter | Starting of the filter
2026-05-06 17:09:11 | APIGateway | INFO  | l.c.a.filters.AuthenticationFilter | The route is public. Path: '/catalog'
2026-05-06 17:09:11 | APIGateway | INFO  | l.c.a.filters.AuthenticationFilter | Starting of the filter
2026-05-06 17:09:11 | APIGateway | INFO  | l.c.a.filters.AuthenticationFilter | The route is public. Path: '/api/book/public/category'
2026-05-06 17:09:11 | APIGateway | INFO  | l.c.a.filters.AuthenticationFilter | Starting of the filter
2026-05-06 17:09:11 | APIGateway | INFO  | l.c.a.filters.AuthenticationFilter | The route is public. Path: '/api/book/public'
2026-05-06 17:09:12 | APIGateway | INFO  | l.c.a.filters.AuthenticationFilter | Starting of the filter
2026-05-06 17:09:12 | APIGateway | INFO  | l.c.a.filters.AuthenticationFilter | The route is public. Path: '/TestBookImage'
2026-05-06 17:09:15 | APIGateway | INFO  | l.c.a.filters.AuthenticationFilter | Starting of the filter
2026-05-06 17:09:15 | APIGateway | INFO  | l.c.a.filters.AuthenticationFilter | The route is public. Path: '/catalog'
2026-05-06 17:09:15 | APIGateway | INFO  | l.c.a.filters.AuthenticationFilter | Starting of the filter
2026-05-06 17:09:15 | APIGateway | INFO  | l.c.a.filters.AuthenticationFilter | The route is public. Path: '/api/book/public/category'
2026-05-06 17:09:15 | APIGateway | INFO  | l.c.a.filters.AuthenticationFilter | Starting of the filter
2026-05-06 17:09:15 | APIGateway | INFO  | l.c.a.filters.AuthenticationFilter | The route is public. Path: '/api/book/public'
2026-05-06 17:09:15 | APIGateway | INFO  | l.c.a.filters.AuthenticationFilter | Starting of the filter
2026-05-06 17:09:15 | APIGateway | INFO  | l.c.a.filters.AuthenticationFilter | The route is public. Path: '/api/images/c0a80065-9de3-14ee-819d-e3490ee90000.jpg'
2026-05-06 17:09:18 | APIGateway | INFO  | l.c.a.filters.AuthenticationFilter | Starting of the filter
2026-05-06 17:09:18 | APIGateway | INFO  | l.c.a.filters.AuthenticationFilter | The route is public. Path: '/catalog/upcoming-books'
2026-05-06 17:09:18 | APIGateway | INFO  | l.c.a.filters.AuthenticationFilter | Starting of the filter
2026-05-06 17:09:18 | APIGateway | INFO  | l.c.a.filters.AuthenticationFilter | The route is public. Path: '/api/book/public/category'
2026-05-06 17:09:18 | APIGateway | INFO  | l.c.a.filters.AuthenticationFilter | Starting of the filter
2026-05-06 17:09:18 | APIGateway | INFO  | l.c.a.filters.AuthenticationFilter | The route is public. Path: '/api/expected-book/public/get-all'
2026-05-06 17:09:18 | APIGateway | INFO  | l.c.a.filters.AuthenticationFilter | Starting of the filter
2026-05-06 17:09:18 | APIGateway | INFO  | l.c.a.filters.AuthenticationFilter | The route is public. Path: '/api/images/default-book-cover.jpg'
2026-05-06 17:09:18 | APIGateway | INFO  | l.c.a.filters.AuthenticationFilter | Starting of the filter
2026-05-06 17:09:18 | APIGateway | INFO  | l.c.a.filters.AuthenticationFilter | The route is public. Path: '/catalog/most-popular-books'
2026-05-06 17:09:18 | APIGateway | INFO  | l.c.a.filters.AuthenticationFilter | Starting of the filter
2026-05-06 17:09:18 | APIGateway | INFO  | l.c.a.filters.AuthenticationFilter | The route is public. Path: '/api/book/public/category'
2026-05-06 17:09:18 | APIGateway | INFO  | l.c.a.filters.AuthenticationFilter | Starting of the filter
2026-05-06 17:09:18 | APIGateway | INFO  | l.c.a.filters.AuthenticationFilter | The route is public. Path: '/api/book/public/most-popular-books'
2026-05-06 17:09:19 | APIGateway | INFO  | l.c.a.filters.AuthenticationFilter | Starting of the filter
2026-05-06 17:09:19 | APIGateway | INFO  | l.c.a.filters.AuthenticationFilter | The route is public. Path: '/catalog/TestBookImage'
2026-05-06 17:09:21 | APIGateway | INFO  | l.c.a.filters.AuthenticationFilter | Starting of the filter
2026-05-06 17:09:21 | APIGateway | INFO  | l.c.a.filters.AuthenticationFilter | The route is public. Path: '/catalog'
2026-05-06 17:09:21 | APIGateway | INFO  | l.c.a.filters.AuthenticationFilter | Starting of the filter
2026-05-06 17:09:21 | APIGateway | INFO  | l.c.a.filters.AuthenticationFilter | The route is public. Path: '/api/book/public/category'
2026-05-06 17:09:21 | APIGateway | INFO  | l.c.a.filters.AuthenticationFilter | Starting of the filter
2026-05-06 17:09:21 | APIGateway | INFO  | l.c.a.filters.AuthenticationFilter | The route is public. Path: '/api/book/public'
2026-05-06 17:09:24 | APIGateway | INFO  | l.c.a.filters.AuthenticationFilter | Starting of the filter
2026-05-06 17:09:24 | APIGateway | INFO  | l.c.a.filters.AuthenticationFilter | The route is public. Path: '/news'
2026-05-06 17:09:24 | APIGateway | INFO  | l.c.a.filters.AuthenticationFilter | Starting of the filter
2026-05-06 17:09:24 | APIGateway | INFO  | l.c.a.filters.AuthenticationFilter | The route is public. Path: '/api/news/public/get-all'
2026-05-06 17:09:24 | APIGateway | INFO  | l.c.a.filters.AuthenticationFilter | Starting of the filter
2026-05-06 17:09:24 | APIGateway | INFO  | l.c.a.filters.AuthenticationFilter | The route is public. Path: '/events'
2026-05-06 17:09:24 | APIGateway | INFO  | l.c.a.filters.AuthenticationFilter | Starting of the filter
2026-05-06 17:09:24 | APIGateway | INFO  | l.c.a.filters.AuthenticationFilter | The route is public. Path: '/api/announcement/public/get-all'
2026-05-06 17:09:25 | APIGateway | INFO  | l.c.a.filters.AuthenticationFilter | Starting of the filter
2026-05-06 17:09:25 | APIGateway | INFO  | l.c.a.filters.AuthenticationFilter | The route is public. Path: '/about'
2026-05-06 17:09:26 | APIGateway | INFO  | l.c.a.filters.AuthenticationFilter | Starting of the filter
2026-05-06 17:09:26 | APIGateway | INFO  | l.c.a.filters.AuthenticationFilter | The route is public. Path: '/news'
2026-05-06 17:09:26 | APIGateway | INFO  | l.c.a.filters.AuthenticationFilter | Starting of the filter
2026-05-06 17:09:26 | APIGateway | INFO  | l.c.a.filters.AuthenticationFilter | The route is public. Path: '/api/news/public/get-all'
2026-05-06 17:09:26 | APIGateway | INFO  | l.c.a.filters.AuthenticationFilter | Starting of the filter
2026-05-06 17:09:26 | APIGateway | INFO  | l.c.a.filters.AuthenticationFilter | The route is public. Path: '/catalog'
2026-05-06 17:09:26 | APIGateway | INFO  | l.c.a.filters.AuthenticationFilter | Starting of the filter
2026-05-06 17:09:26 | APIGateway | INFO  | l.c.a.filters.AuthenticationFilter | The route is public. Path: '/api/book/public/category'
2026-05-06 17:09:26 | APIGateway | INFO  | l.c.a.filters.AuthenticationFilter | Starting of the filter
2026-05-06 17:09:26 | APIGateway | INFO  | l.c.a.filters.AuthenticationFilter | The route is public. Path: '/api/book/public'
2026-05-06 17:09:27 | APIGateway | INFO  | l.c.a.filters.AuthenticationFilter | Starting of the filter
2026-05-06 17:09:27 | APIGateway | INFO  | l.c.a.filters.AuthenticationFilter | The route is public. Path: '/'
2026-05-06 17:09:27 | APIGateway | INFO  | l.c.a.filters.AuthenticationFilter | Starting of the filter
2026-05-06 17:09:27 | APIGateway | INFO  | l.c.a.filters.AuthenticationFilter | The route is public. Path: '/api/book/public/most-popular-books'
2026-05-06 17:09:27 | APIGateway | INFO  | l.c.a.filters.AuthenticationFilter | Starting of the filter
2026-05-06 17:09:27 | APIGateway | INFO  | l.c.a.filters.AuthenticationFilter | The route is public. Path: '/api/book/public/recently-added-at'
2026-05-06 17:09:27 | APIGateway | INFO  | l.c.a.filters.AuthenticationFilter | Starting of the filter
2026-05-06 17:09:27 | APIGateway | INFO  | l.c.a.filters.AuthenticationFilter | The route is public. Path: '/api/expected-book/public/get-all'
2026-05-06 17:09:27 | APIGateway | INFO  | l.c.a.filters.AuthenticationFilter | Starting of the filter
2026-05-06 17:09:27 | APIGateway | INFO  | l.c.a.filters.AuthenticationFilter | The route is public. Path: '/TestBookImage'
2026-05-06 17:09:27 | APIGateway | INFO  | l.c.a.filters.AuthenticationFilter | Starting of the filter
2026-05-06 17:09:27 | APIGateway | INFO  | l.c.a.filters.AuthenticationFilter | The route is public. Path: '/api/images/default-book-cover.jpg'
2026-05-06 17:09:27 | APIGateway | INFO  | l.c.a.filters.AuthenticationFilter | Starting of the filter
2026-05-06 17:09:27 | APIGateway | INFO  | l.c.a.filters.AuthenticationFilter | The route is public. Path: '/api/images/default-book-cover.jpg'
2026-05-06 17:09:51 | APIGateway | INFO  | o.s.b.w.e.netty.GracefulShutdown | Commencing graceful shutdown. Waiting for active requests to complete
2026-05-06 17:09:51 | APIGateway | INFO  | o.s.b.w.e.netty.GracefulShutdown | Graceful shutdown complete
