2026-04-08 15:20:56 | APIGateway | INFO  | o.h.validator.internal.util.Version | HV000001: Hibernate Validator 8.0.3.Final
2026-04-08 15:20:56 | APIGateway | INFO  | l.c.apigateway.ApiGatewayApplication | Starting ApiGatewayApplication using Java 22 with PID 27232 (D:\Library\APIGateway\target\classes started by vasia in D:\Library\APIGateway)
2026-04-08 15:20:56 | APIGateway | INFO  | l.c.apigateway.ApiGatewayApplication | No active profile set, falling back to 1 default profile: "default"
2026-04-08 15:20:57 | APIGateway | INFO  | o.s.cloud.context.scope.GenericScope | BeanFactory id=75412cec-13ab-32f1-87e6-021d8240753f
2026-04-08 15:20:57 | APIGateway | WARN  | o.s.c.g.c.GatewayClassPathWarningAutoConfiguration | 

**********************************************************

The artifact spring-cloud-gateway-server is deprecated. It will be removed in the next major release. Please add spring-cloud-gateway-server-webflux dependency.

**********************************************************


2026-04-08 15:20:58 | APIGateway | INFO  | o.s.c.g.r.RouteDefinitionRouteLocator | Loaded RoutePredicateFactory [After]
2026-04-08 15:20:58 | APIGateway | INFO  | o.s.c.g.r.RouteDefinitionRouteLocator | Loaded RoutePredicateFactory [Before]
2026-04-08 15:20:58 | APIGateway | INFO  | o.s.c.g.r.RouteDefinitionRouteLocator | Loaded RoutePredicateFactory [Between]
2026-04-08 15:20:58 | APIGateway | INFO  | o.s.c.g.r.RouteDefinitionRouteLocator | Loaded RoutePredicateFactory [Cookie]
2026-04-08 15:20:58 | APIGateway | INFO  | o.s.c.g.r.RouteDefinitionRouteLocator | Loaded RoutePredicateFactory [Header]
2026-04-08 15:20:58 | APIGateway | INFO  | o.s.c.g.r.RouteDefinitionRouteLocator | Loaded RoutePredicateFactory [Host]
2026-04-08 15:20:58 | APIGateway | INFO  | o.s.c.g.r.RouteDefinitionRouteLocator | Loaded RoutePredicateFactory [Method]
2026-04-08 15:20:58 | APIGateway | INFO  | o.s.c.g.r.RouteDefinitionRouteLocator | Loaded RoutePredicateFactory [Path]
2026-04-08 15:20:58 | APIGateway | INFO  | o.s.c.g.r.RouteDefinitionRouteLocator | Loaded RoutePredicateFactory [Query]
2026-04-08 15:20:58 | APIGateway | INFO  | o.s.c.g.r.RouteDefinitionRouteLocator | Loaded RoutePredicateFactory [ReadBody]
2026-04-08 15:20:58 | APIGateway | INFO  | o.s.c.g.r.RouteDefinitionRouteLocator | Loaded RoutePredicateFactory [RemoteAddr]
2026-04-08 15:20:58 | APIGateway | INFO  | o.s.c.g.r.RouteDefinitionRouteLocator | Loaded RoutePredicateFactory [XForwardedRemoteAddr]
2026-04-08 15:20:58 | APIGateway | INFO  | o.s.c.g.r.RouteDefinitionRouteLocator | Loaded RoutePredicateFactory [Weight]
2026-04-08 15:20:58 | APIGateway | INFO  | o.s.c.g.r.RouteDefinitionRouteLocator | Loaded RoutePredicateFactory [CloudFoundryRouteService]
2026-04-08 15:20:58 | APIGateway | WARN  | o.s.c.g.s.w.s.StarterDeprecatedAutoConfiguration | 

**********************************************************

spring-cloud-starter-gateway is deprecated. It will be removed in the next major release. Please use spring-cloud-starter-gateway-server-webflux instead.

**********************************************************


2026-04-08 15:20:58 | APIGateway | INFO  | o.s.b.w.e.netty.NettyWebServer | Netty started on port 8080 (http)
2026-04-08 15:20:58 | APIGateway | INFO  | l.c.apigateway.ApiGatewayApplication | Started ApiGatewayApplication in 2.958 seconds (process running for 4.038)
2026-04-08 15:21:00 | APIGateway | INFO  | o.s.b.w.e.netty.GracefulShutdown | Commencing graceful shutdown. Waiting for active requests to complete
2026-04-08 15:21:00 | APIGateway | INFO  | o.s.b.w.e.netty.GracefulShutdown | Graceful shutdown complete
2026-04-08 15:21:07 | APIGateway | INFO  | o.h.validator.internal.util.Version | HV000001: Hibernate Validator 8.0.3.Final
2026-04-08 15:21:08 | APIGateway | INFO  | l.c.apigateway.ApiGatewayApplication | Starting ApiGatewayApplication using Java 22 with PID 8532 (D:\Library\APIGateway\target\classes started by vasia in D:\Library\APIGateway)
2026-04-08 15:21:08 | APIGateway | INFO  | l.c.apigateway.ApiGatewayApplication | No active profile set, falling back to 1 default profile: "default"
2026-04-08 15:21:09 | APIGateway | INFO  | o.s.cloud.context.scope.GenericScope | BeanFactory id=75412cec-13ab-32f1-87e6-021d8240753f
2026-04-08 15:21:09 | APIGateway | WARN  | o.s.c.g.c.GatewayClassPathWarningAutoConfiguration | 

**********************************************************

The artifact spring-cloud-gateway-server is deprecated. It will be removed in the next major release. Please add spring-cloud-gateway-server-webflux dependency.

**********************************************************


2026-04-08 15:21:09 | APIGateway | INFO  | o.s.c.g.r.RouteDefinitionRouteLocator | Loaded RoutePredicateFactory [After]
2026-04-08 15:21:09 | APIGateway | INFO  | o.s.c.g.r.RouteDefinitionRouteLocator | Loaded RoutePredicateFactory [Before]
2026-04-08 15:21:09 | APIGateway | INFO  | o.s.c.g.r.RouteDefinitionRouteLocator | Loaded RoutePredicateFactory [Between]
2026-04-08 15:21:09 | APIGateway | INFO  | o.s.c.g.r.RouteDefinitionRouteLocator | Loaded RoutePredicateFactory [Cookie]
2026-04-08 15:21:09 | APIGateway | INFO  | o.s.c.g.r.RouteDefinitionRouteLocator | Loaded RoutePredicateFactory [Header]
2026-04-08 15:21:09 | APIGateway | INFO  | o.s.c.g.r.RouteDefinitionRouteLocator | Loaded RoutePredicateFactory [Host]
2026-04-08 15:21:09 | APIGateway | INFO  | o.s.c.g.r.RouteDefinitionRouteLocator | Loaded RoutePredicateFactory [Method]
2026-04-08 15:21:09 | APIGateway | INFO  | o.s.c.g.r.RouteDefinitionRouteLocator | Loaded RoutePredicateFactory [Path]
2026-04-08 15:21:09 | APIGateway | INFO  | o.s.c.g.r.RouteDefinitionRouteLocator | Loaded RoutePredicateFactory [Query]
2026-04-08 15:21:09 | APIGateway | INFO  | o.s.c.g.r.RouteDefinitionRouteLocator | Loaded RoutePredicateFactory [ReadBody]
2026-04-08 15:21:09 | APIGateway | INFO  | o.s.c.g.r.RouteDefinitionRouteLocator | Loaded RoutePredicateFactory [RemoteAddr]
2026-04-08 15:21:09 | APIGateway | INFO  | o.s.c.g.r.RouteDefinitionRouteLocator | Loaded RoutePredicateFactory [XForwardedRemoteAddr]
2026-04-08 15:21:09 | APIGateway | INFO  | o.s.c.g.r.RouteDefinitionRouteLocator | Loaded RoutePredicateFactory [Weight]
2026-04-08 15:21:09 | APIGateway | INFO  | o.s.c.g.r.RouteDefinitionRouteLocator | Loaded RoutePredicateFactory [CloudFoundryRouteService]
2026-04-08 15:21:09 | APIGateway | WARN  | o.s.c.g.s.w.s.StarterDeprecatedAutoConfiguration | 

**********************************************************

spring-cloud-starter-gateway is deprecated. It will be removed in the next major release. Please use spring-cloud-starter-gateway-server-webflux instead.

**********************************************************


2026-04-08 15:21:10 | APIGateway | INFO  | o.s.b.w.e.netty.NettyWebServer | Netty started on port 8080 (http)
2026-04-08 15:21:10 | APIGateway | INFO  | l.c.apigateway.ApiGatewayApplication | Started ApiGatewayApplication in 2.772 seconds (process running for 3.547)
2026-04-08 15:21:29 | APIGateway | INFO  | l.c.a.filters.AuthenticationFilter | Starting of the filter
2026-04-08 15:21:29 | APIGateway | INFO  | l.c.a.filters.AuthenticationFilter | The route is public. Path: '/api/announcement/get-all'
2026-04-08 15:21:33 | APIGateway | INFO  | l.c.a.filters.AuthenticationFilter | Starting of the filter
2026-04-08 15:21:33 | APIGateway | INFO  | l.c.a.filters.AuthenticationFilter | The route is public. Path: '/api/news/get-all'
2026-04-08 15:23:07 | APIGateway | INFO  | l.c.a.filters.AuthenticationFilter | Starting of the filter
2026-04-08 15:23:07 | APIGateway | INFO  | l.c.a.filters.AuthenticationFilter | The route is public. Path: '/api/news/get-all'
2026-04-08 15:23:10 | APIGateway | INFO  | l.c.a.filters.AuthenticationFilter | Starting of the filter
2026-04-08 15:23:10 | APIGateway | INFO  | l.c.a.filters.AuthenticationFilter | The route is public. Path: '/api/news/get-all'
2026-04-08 15:23:13 | APIGateway | INFO  | l.c.a.filters.AuthenticationFilter | Starting of the filter
2026-04-08 15:23:13 | APIGateway | INFO  | l.c.a.filters.AuthenticationFilter | The route is public. Path: '/api/news/get-all'
2026-04-08 15:23:14 | APIGateway | INFO  | l.c.a.filters.AuthenticationFilter | Starting of the filter
2026-04-08 15:23:14 | APIGateway | INFO  | l.c.a.filters.AuthenticationFilter | The route is public. Path: '/api/announcement/get-all'
2026-04-08 15:23:22 | APIGateway | INFO  | l.c.a.filters.AuthenticationFilter | Starting of the filter
2026-04-08 15:23:22 | APIGateway | INFO  | l.c.a.filters.AuthenticationFilter | The route is public. Path: '/api/news/get-all'
2026-04-08 15:23:39 | APIGateway | INFO  | l.c.a.filters.AuthenticationFilter | Starting of the filter
2026-04-08 15:23:39 | APIGateway | INFO  | l.c.a.filters.AuthenticationFilter | The route is public. Path: '/api/news/get-all'
2026-04-08 15:23:53 | APIGateway | INFO  | l.c.a.filters.AuthenticationFilter | Starting of the filter
2026-04-08 15:23:53 | APIGateway | INFO  | l.c.a.filters.AuthenticationFilter | The route is public. Path: '/api/news/get-all'
2026-04-08 15:25:31 | APIGateway | INFO  | l.c.a.filters.AuthenticationFilter | Starting of the filter
2026-04-08 15:25:31 | APIGateway | INFO  | l.c.a.filters.AuthenticationFilter | The route is public. Path: '/api/news/get-all'
2026-04-08 15:25:35 | APIGateway | INFO  | l.c.a.filters.AuthenticationFilter | Starting of the filter
2026-04-08 15:25:35 | APIGateway | INFO  | l.c.a.filters.AuthenticationFilter | The route is public. Path: '/api/news/get-all'
2026-04-08 15:25:37 | APIGateway | INFO  | l.c.a.filters.AuthenticationFilter | Starting of the filter
2026-04-08 15:25:37 | APIGateway | INFO  | l.c.a.filters.AuthenticationFilter | The route is public. Path: '/api/news/get-all'
2026-04-08 15:25:39 | APIGateway | INFO  | l.c.a.filters.AuthenticationFilter | Starting of the filter
2026-04-08 15:25:39 | APIGateway | INFO  | l.c.a.filters.AuthenticationFilter | The route is public. Path: '/api/news/get-all'
2026-04-08 15:25:40 | APIGateway | INFO  | l.c.a.filters.AuthenticationFilter | Starting of the filter
2026-04-08 15:25:40 | APIGateway | INFO  | l.c.a.filters.AuthenticationFilter | The route is public. Path: '/api/news/get-all'
2026-04-08 15:25:46 | APIGateway | INFO  | l.c.a.filters.AuthenticationFilter | Starting of the filter
2026-04-08 15:25:46 | APIGateway | INFO  | l.c.a.filters.AuthenticationFilter | The route is public. Path: '/api/announcement/get-all'
2026-04-08 15:25:47 | APIGateway | INFO  | l.c.a.filters.AuthenticationFilter | Starting of the filter
2026-04-08 15:25:47 | APIGateway | INFO  | l.c.a.filters.AuthenticationFilter | The route is public. Path: '/api/news/get-all'
2026-04-08 15:27:48 | APIGateway | INFO  | l.c.a.filters.AuthenticationFilter | Starting of the filter
2026-04-08 15:27:48 | APIGateway | INFO  | l.c.a.filters.AuthenticationFilter | The route is public. Path: '/api/news/get-all'
2026-04-08 15:28:51 | APIGateway | INFO  | l.c.a.filters.AuthenticationFilter | Starting of the filter
2026-04-08 15:28:51 | APIGateway | INFO  | l.c.a.filters.AuthenticationFilter | The route is public. Path: '/api/news/get-all'
2026-04-08 15:28:53 | APIGateway | INFO  | l.c.a.filters.AuthenticationFilter | Starting of the filter
2026-04-08 15:28:53 | APIGateway | INFO  | l.c.a.filters.AuthenticationFilter | The route is public. Path: '/api/news/get-all'
2026-04-08 15:28:57 | APIGateway | INFO  | l.c.a.filters.AuthenticationFilter | Starting of the filter
2026-04-08 15:28:57 | APIGateway | INFO  | l.c.a.filters.AuthenticationFilter | The route is public. Path: '/api/news/get-all'
2026-04-08 15:28:59 | APIGateway | INFO  | l.c.a.filters.AuthenticationFilter | Starting of the filter
2026-04-08 15:28:59 | APIGateway | INFO  | l.c.a.filters.AuthenticationFilter | The route is public. Path: '/api/news/get-all'
2026-04-08 15:29:21 | APIGateway | INFO  | l.c.a.filters.AuthenticationFilter | Starting of the filter
2026-04-08 15:29:21 | APIGateway | INFO  | l.c.a.filters.AuthenticationFilter | The route is public. Path: '/api/news/get-all'
2026-04-08 15:30:10 | APIGateway | INFO  | l.c.a.filters.AuthenticationFilter | Starting of the filter
2026-04-08 15:30:10 | APIGateway | INFO  | l.c.a.filters.AuthenticationFilter | The route is public. Path: '/api/news/get-all'
2026-04-08 15:30:13 | APIGateway | INFO  | l.c.a.filters.AuthenticationFilter | Starting of the filter
2026-04-08 15:30:13 | APIGateway | INFO  | l.c.a.filters.AuthenticationFilter | The route is public. Path: '/api/news/get-all'
2026-04-08 15:30:18 | APIGateway | INFO  | l.c.a.filters.AuthenticationFilter | Starting of the filter
2026-04-08 15:30:18 | APIGateway | INFO  | l.c.a.filters.AuthenticationFilter | The route is public. Path: '/api/news/get-one/cb0c255a-f9c0-48f1-8514-4ba3c47d6878'
2026-04-08 15:30:37 | APIGateway | INFO  | l.c.a.filters.AuthenticationFilter | Starting of the filter
2026-04-08 15:30:37 | APIGateway | INFO  | l.c.a.filters.AuthenticationFilter | The route is public. Path: '/api/news/get-all'
2026-04-08 15:31:54 | APIGateway | INFO  | o.s.b.w.e.netty.GracefulShutdown | Commencing graceful shutdown. Waiting for active requests to complete
2026-04-08 15:31:54 | APIGateway | INFO  | o.s.b.w.e.netty.GracefulShutdown | Graceful shutdown complete
