2026-04-10 15:18:56 | APIGateway | INFO  | o.h.validator.internal.util.Version | HV000001: Hibernate Validator 8.0.3.Final
2026-04-10 15:18:56 | APIGateway | INFO  | l.c.apigateway.ApiGatewayApplication | Starting ApiGatewayApplication using Java 22 with PID 28960 (D:\Library\APIGateway\target\classes started by vasia in D:\Library\APIGateway)
2026-04-10 15:18:56 | APIGateway | INFO  | l.c.apigateway.ApiGatewayApplication | No active profile set, falling back to 1 default profile: "default"
2026-04-10 15:18:57 | APIGateway | INFO  | o.s.cloud.context.scope.GenericScope | BeanFactory id=75412cec-13ab-32f1-87e6-021d8240753f
2026-04-10 15:18:58 | APIGateway | WARN  | o.s.c.g.c.GatewayClassPathWarningAutoConfiguration | 

**********************************************************

The artifact spring-cloud-gateway-server is deprecated. It will be removed in the next major release. Please add spring-cloud-gateway-server-webflux dependency.

**********************************************************


2026-04-10 15:18:58 | APIGateway | INFO  | o.s.c.g.r.RouteDefinitionRouteLocator | Loaded RoutePredicateFactory [After]
2026-04-10 15:18:58 | APIGateway | INFO  | o.s.c.g.r.RouteDefinitionRouteLocator | Loaded RoutePredicateFactory [Before]
2026-04-10 15:18:58 | APIGateway | INFO  | o.s.c.g.r.RouteDefinitionRouteLocator | Loaded RoutePredicateFactory [Between]
2026-04-10 15:18:58 | APIGateway | INFO  | o.s.c.g.r.RouteDefinitionRouteLocator | Loaded RoutePredicateFactory [Cookie]
2026-04-10 15:18:58 | APIGateway | INFO  | o.s.c.g.r.RouteDefinitionRouteLocator | Loaded RoutePredicateFactory [Header]
2026-04-10 15:18:58 | APIGateway | INFO  | o.s.c.g.r.RouteDefinitionRouteLocator | Loaded RoutePredicateFactory [Host]
2026-04-10 15:18:58 | APIGateway | INFO  | o.s.c.g.r.RouteDefinitionRouteLocator | Loaded RoutePredicateFactory [Method]
2026-04-10 15:18:58 | APIGateway | INFO  | o.s.c.g.r.RouteDefinitionRouteLocator | Loaded RoutePredicateFactory [Path]
2026-04-10 15:18:58 | APIGateway | INFO  | o.s.c.g.r.RouteDefinitionRouteLocator | Loaded RoutePredicateFactory [Query]
2026-04-10 15:18:58 | APIGateway | INFO  | o.s.c.g.r.RouteDefinitionRouteLocator | Loaded RoutePredicateFactory [ReadBody]
2026-04-10 15:18:58 | APIGateway | INFO  | o.s.c.g.r.RouteDefinitionRouteLocator | Loaded RoutePredicateFactory [RemoteAddr]
2026-04-10 15:18:58 | APIGateway | INFO  | o.s.c.g.r.RouteDefinitionRouteLocator | Loaded RoutePredicateFactory [XForwardedRemoteAddr]
2026-04-10 15:18:58 | APIGateway | INFO  | o.s.c.g.r.RouteDefinitionRouteLocator | Loaded RoutePredicateFactory [Weight]
2026-04-10 15:18:58 | APIGateway | INFO  | o.s.c.g.r.RouteDefinitionRouteLocator | Loaded RoutePredicateFactory [CloudFoundryRouteService]
2026-04-10 15:18:58 | APIGateway | WARN  | o.s.c.g.s.w.s.StarterDeprecatedAutoConfiguration | 

**********************************************************

spring-cloud-starter-gateway is deprecated. It will be removed in the next major release. Please use spring-cloud-starter-gateway-server-webflux instead.

**********************************************************


2026-04-10 15:18:59 | APIGateway | INFO  | o.s.b.w.e.netty.NettyWebServer | Netty started on port 8080 (http)
2026-04-10 15:18:59 | APIGateway | INFO  | l.c.apigateway.ApiGatewayApplication | Started ApiGatewayApplication in 3.191 seconds (process running for 9.441)
2026-04-10 15:32:57 | APIGateway | INFO  | o.s.b.w.e.netty.GracefulShutdown | Commencing graceful shutdown. Waiting for active requests to complete
2026-04-10 15:32:57 | APIGateway | INFO  | o.s.b.w.e.netty.GracefulShutdown | Graceful shutdown complete
2026-04-10 15:56:22 | APIGateway | INFO  | o.h.validator.internal.util.Version | HV000001: Hibernate Validator 8.0.3.Final
2026-04-10 15:56:23 | APIGateway | INFO  | l.c.apigateway.ApiGatewayApplication | Starting ApiGatewayApplication using Java 22 with PID 11208 (D:\Library\APIGateway\target\classes started by vasia in D:\Library\APIGateway)
2026-04-10 15:56:23 | APIGateway | INFO  | l.c.apigateway.ApiGatewayApplication | No active profile set, falling back to 1 default profile: "default"
2026-04-10 15:56:24 | APIGateway | INFO  | o.s.cloud.context.scope.GenericScope | BeanFactory id=75412cec-13ab-32f1-87e6-021d8240753f
2026-04-10 15:56:24 | APIGateway | WARN  | o.s.c.g.c.GatewayClassPathWarningAutoConfiguration | 

**********************************************************

The artifact spring-cloud-gateway-server is deprecated. It will be removed in the next major release. Please add spring-cloud-gateway-server-webflux dependency.

**********************************************************


2026-04-10 15:56:24 | APIGateway | INFO  | o.s.c.g.r.RouteDefinitionRouteLocator | Loaded RoutePredicateFactory [After]
2026-04-10 15:56:24 | APIGateway | INFO  | o.s.c.g.r.RouteDefinitionRouteLocator | Loaded RoutePredicateFactory [Before]
2026-04-10 15:56:24 | APIGateway | INFO  | o.s.c.g.r.RouteDefinitionRouteLocator | Loaded RoutePredicateFactory [Between]
2026-04-10 15:56:24 | APIGateway | INFO  | o.s.c.g.r.RouteDefinitionRouteLocator | Loaded RoutePredicateFactory [Cookie]
2026-04-10 15:56:24 | APIGateway | INFO  | o.s.c.g.r.RouteDefinitionRouteLocator | Loaded RoutePredicateFactory [Header]
2026-04-10 15:56:24 | APIGateway | INFO  | o.s.c.g.r.RouteDefinitionRouteLocator | Loaded RoutePredicateFactory [Host]
2026-04-10 15:56:24 | APIGateway | INFO  | o.s.c.g.r.RouteDefinitionRouteLocator | Loaded RoutePredicateFactory [Method]
2026-04-10 15:56:24 | APIGateway | INFO  | o.s.c.g.r.RouteDefinitionRouteLocator | Loaded RoutePredicateFactory [Path]
2026-04-10 15:56:24 | APIGateway | INFO  | o.s.c.g.r.RouteDefinitionRouteLocator | Loaded RoutePredicateFactory [Query]
2026-04-10 15:56:24 | APIGateway | INFO  | o.s.c.g.r.RouteDefinitionRouteLocator | Loaded RoutePredicateFactory [ReadBody]
2026-04-10 15:56:24 | APIGateway | INFO  | o.s.c.g.r.RouteDefinitionRouteLocator | Loaded RoutePredicateFactory [RemoteAddr]
2026-04-10 15:56:24 | APIGateway | INFO  | o.s.c.g.r.RouteDefinitionRouteLocator | Loaded RoutePredicateFactory [XForwardedRemoteAddr]
2026-04-10 15:56:24 | APIGateway | INFO  | o.s.c.g.r.RouteDefinitionRouteLocator | Loaded RoutePredicateFactory [Weight]
2026-04-10 15:56:24 | APIGateway | INFO  | o.s.c.g.r.RouteDefinitionRouteLocator | Loaded RoutePredicateFactory [CloudFoundryRouteService]
2026-04-10 15:56:25 | APIGateway | WARN  | o.s.c.g.s.w.s.StarterDeprecatedAutoConfiguration | 

**********************************************************

spring-cloud-starter-gateway is deprecated. It will be removed in the next major release. Please use spring-cloud-starter-gateway-server-webflux instead.

**********************************************************


2026-04-10 15:56:25 | APIGateway | INFO  | o.s.b.w.e.netty.NettyWebServer | Netty started on port 8080 (http)
2026-04-10 15:56:25 | APIGateway | INFO  | l.c.apigateway.ApiGatewayApplication | Started ApiGatewayApplication in 3.653 seconds (process running for 4.883)
2026-04-10 15:57:57 | APIGateway | INFO  | l.c.a.filters.AuthenticationFilter | Starting of the filter
2026-04-10 15:57:57 | APIGateway | INFO  | l.c.a.filters.AuthenticationFilter | The route is public. Path: '/api/book/most-popular-books'
2026-04-10 15:58:02 | APIGateway | INFO  | l.c.a.filters.AuthenticationFilter | Starting of the filter
2026-04-10 15:58:02 | APIGateway | INFO  | l.c.a.filters.AuthenticationFilter | The route is public. Path: '/api/book/recently-added-at'
2026-04-10 15:58:02 | APIGateway | INFO  | l.c.a.filters.AuthenticationFilter | Starting of the filter
2026-04-10 15:58:02 | APIGateway | INFO  | l.c.a.filters.AuthenticationFilter | The route is public. Path: '/api/expected-book/get-all'
2026-04-10 15:58:05 | APIGateway | INFO  | l.c.a.filters.AuthenticationFilter | Starting of the filter
2026-04-10 15:58:05 | APIGateway | INFO  | l.c.a.filters.AuthenticationFilter | The route is public. Path: '/api/book/most-popular-books'
2026-04-10 15:58:05 | APIGateway | INFO  | l.c.a.filters.AuthenticationFilter | Starting of the filter
2026-04-10 15:58:05 | APIGateway | INFO  | l.c.a.filters.AuthenticationFilter | The route is public. Path: '/api/book/recently-added-at'
2026-04-10 15:58:05 | APIGateway | INFO  | l.c.a.filters.AuthenticationFilter | Starting of the filter
2026-04-10 15:58:05 | APIGateway | INFO  | l.c.a.filters.AuthenticationFilter | The route is public. Path: '/api/expected-book/get-all'
2026-04-10 16:00:10 | APIGateway | INFO  | l.c.a.filters.AuthenticationFilter | Starting of the filter
2026-04-10 16:00:10 | APIGateway | INFO  | l.c.a.filters.AuthenticationFilter | The route is public. Path: '/api/book/most-popular-books'
2026-04-10 16:00:10 | APIGateway | INFO  | l.c.a.filters.AuthenticationFilter | Starting of the filter
2026-04-10 16:00:10 | APIGateway | INFO  | l.c.a.filters.AuthenticationFilter | The route is public. Path: '/api/book/recently-added-at'
2026-04-10 16:00:10 | APIGateway | INFO  | l.c.a.filters.AuthenticationFilter | Starting of the filter
2026-04-10 16:00:10 | APIGateway | INFO  | l.c.a.filters.AuthenticationFilter | The route is public. Path: '/api/expected-book/get-all'
2026-04-10 16:00:13 | APIGateway | INFO  | l.c.a.filters.AuthenticationFilter | Starting of the filter
2026-04-10 16:00:13 | APIGateway | INFO  | l.c.a.filters.AuthenticationFilter | The route is public. Path: '/api/book/category'
2026-04-10 16:00:13 | APIGateway | INFO  | l.c.a.filters.AuthenticationFilter | Starting of the filter
2026-04-10 16:00:13 | APIGateway | INFO  | l.c.a.filters.AuthenticationFilter | The route is public. Path: '/api/book'
2026-04-10 16:03:19 | APIGateway | INFO  | l.c.a.filters.AuthenticationFilter | Starting of the filter
2026-04-10 16:03:19 | APIGateway | INFO  | l.c.a.filters.AuthenticationFilter | The route is public. Path: '/api/book/category'
2026-04-10 16:03:19 | APIGateway | INFO  | l.c.a.filters.AuthenticationFilter | Starting of the filter
2026-04-10 16:03:19 | APIGateway | INFO  | l.c.a.filters.AuthenticationFilter | The route is public. Path: '/api/book'
2026-04-10 16:03:22 | APIGateway | INFO  | l.c.a.filters.AuthenticationFilter | Starting of the filter
2026-04-10 16:03:22 | APIGateway | INFO  | l.c.a.filters.AuthenticationFilter | The route is public. Path: '/api/book/most-popular-books'
2026-04-10 16:03:22 | APIGateway | INFO  | l.c.a.filters.AuthenticationFilter | Starting of the filter
2026-04-10 16:03:22 | APIGateway | INFO  | l.c.a.filters.AuthenticationFilter | The route is public. Path: '/api/book/recently-added-at'
2026-04-10 16:03:22 | APIGateway | INFO  | l.c.a.filters.AuthenticationFilter | Starting of the filter
2026-04-10 16:03:22 | APIGateway | INFO  | l.c.a.filters.AuthenticationFilter | The route is public. Path: '/api/expected-book/get-all'
2026-04-10 16:04:39 | APIGateway | INFO  | l.c.a.filters.AuthenticationFilter | Starting of the filter
2026-04-10 16:04:39 | APIGateway | INFO  | l.c.a.filters.AuthenticationFilter | The route is public. Path: '/api/book/most-popular-books'
2026-04-10 16:04:39 | APIGateway | INFO  | l.c.a.filters.AuthenticationFilter | Starting of the filter
2026-04-10 16:04:39 | APIGateway | INFO  | l.c.a.filters.AuthenticationFilter | The route is public. Path: '/api/book/recently-added-at'
2026-04-10 16:04:39 | APIGateway | INFO  | l.c.a.filters.AuthenticationFilter | Starting of the filter
2026-04-10 16:04:39 | APIGateway | INFO  | l.c.a.filters.AuthenticationFilter | The route is public. Path: '/api/expected-book/get-all'
2026-04-10 16:20:07 | APIGateway | INFO  | l.c.a.filters.AuthenticationFilter | Starting of the filter
2026-04-10 16:20:07 | APIGateway | INFO  | l.c.a.filters.AuthenticationFilter | The route is public. Path: '/api/book/most-popular-books'
2026-04-10 16:20:07 | APIGateway | INFO  | l.c.a.filters.AuthenticationFilter | Starting of the filter
2026-04-10 16:20:07 | APIGateway | INFO  | l.c.a.filters.AuthenticationFilter | The route is public. Path: '/api/book/recently-added-at'
2026-04-10 16:20:07 | APIGateway | INFO  | l.c.a.filters.AuthenticationFilter | Starting of the filter
2026-04-10 16:20:07 | APIGateway | INFO  | l.c.a.filters.AuthenticationFilter | The route is public. Path: '/api/expected-book/get-all'
2026-04-10 16:30:43 | APIGateway | INFO  | l.c.a.filters.AuthenticationFilter | Starting of the filter
2026-04-10 16:30:43 | APIGateway | INFO  | l.c.a.filters.AuthenticationFilter | The route is public. Path: '/api/book/most-popular-books'
2026-04-10 16:30:43 | APIGateway | INFO  | l.c.a.filters.AuthenticationFilter | Starting of the filter
2026-04-10 16:30:43 | APIGateway | INFO  | l.c.a.filters.AuthenticationFilter | The route is public. Path: '/api/book/recently-added-at'
2026-04-10 16:30:43 | APIGateway | INFO  | l.c.a.filters.AuthenticationFilter | Starting of the filter
2026-04-10 16:30:43 | APIGateway | INFO  | l.c.a.filters.AuthenticationFilter | The route is public. Path: '/api/expected-book/get-all'
2026-04-10 16:32:32 | APIGateway | INFO  | l.c.a.filters.AuthenticationFilter | Starting of the filter
2026-04-10 16:32:32 | APIGateway | INFO  | l.c.a.filters.AuthenticationFilter | The route is public. Path: '/api/book/most-popular-books'
2026-04-10 16:32:32 | APIGateway | INFO  | l.c.a.filters.AuthenticationFilter | Starting of the filter
2026-04-10 16:32:32 | APIGateway | INFO  | l.c.a.filters.AuthenticationFilter | The route is public. Path: '/api/book/recently-added-at'
2026-04-10 16:32:32 | APIGateway | INFO  | l.c.a.filters.AuthenticationFilter | Starting of the filter
2026-04-10 16:32:32 | APIGateway | INFO  | l.c.a.filters.AuthenticationFilter | The route is public. Path: '/api/expected-book/get-all'
2026-04-10 16:32:37 | APIGateway | INFO  | l.c.a.filters.AuthenticationFilter | Starting of the filter
2026-04-10 16:32:37 | APIGateway | INFO  | l.c.a.filters.AuthenticationFilter | The route is public. Path: '/api/book/most-popular-books'
2026-04-10 16:32:37 | APIGateway | INFO  | l.c.a.filters.AuthenticationFilter | Starting of the filter
2026-04-10 16:32:37 | APIGateway | INFO  | l.c.a.filters.AuthenticationFilter | The route is public. Path: '/api/book/recently-added-at'
2026-04-10 16:32:37 | APIGateway | INFO  | l.c.a.filters.AuthenticationFilter | Starting of the filter
2026-04-10 16:32:37 | APIGateway | INFO  | l.c.a.filters.AuthenticationFilter | The route is public. Path: '/api/expected-book/get-all'
2026-04-10 16:32:38 | APIGateway | INFO  | l.c.a.filters.AuthenticationFilter | Starting of the filter
2026-04-10 16:32:38 | APIGateway | INFO  | l.c.a.filters.AuthenticationFilter | The route is public. Path: '/api/book/category'
2026-04-10 16:32:38 | APIGateway | INFO  | l.c.a.filters.AuthenticationFilter | Starting of the filter
2026-04-10 16:32:38 | APIGateway | INFO  | l.c.a.filters.AuthenticationFilter | The route is public. Path: '/api/book'
2026-04-10 16:32:45 | APIGateway | INFO  | l.c.a.filters.AuthenticationFilter | Starting of the filter
2026-04-10 16:32:45 | APIGateway | INFO  | l.c.a.filters.AuthenticationFilter | The route is public. Path: '/api/auth/login'
2026-04-10 16:32:49 | APIGateway | INFO  | l.c.a.filters.AuthenticationFilter | Starting of the filter
2026-04-10 16:32:49 | APIGateway | INFO  | l.c.a.filters.AuthenticationFilter | The route is public. Path: '/api/book/most-popular-books'
2026-04-10 16:32:49 | APIGateway | INFO  | l.c.a.filters.AuthenticationFilter | Starting of the filter
2026-04-10 16:32:49 | APIGateway | INFO  | l.c.a.filters.AuthenticationFilter | The route is public. Path: '/api/book/recently-added-at'
2026-04-10 16:32:49 | APIGateway | INFO  | l.c.a.filters.AuthenticationFilter | Starting of the filter
2026-04-10 16:32:49 | APIGateway | INFO  | l.c.a.filters.AuthenticationFilter | The route is public. Path: '/api/expected-book/get-all'
2026-04-10 16:32:50 | APIGateway | INFO  | l.c.a.filters.AuthenticationFilter | Starting of the filter
2026-04-10 16:32:50 | APIGateway | INFO  | l.c.a.filters.AuthenticationFilter | The route is public. Path: '/api/book/most-popular-books'
2026-04-10 16:32:50 | APIGateway | INFO  | l.c.a.filters.AuthenticationFilter | Starting of the filter
2026-04-10 16:32:50 | APIGateway | INFO  | l.c.a.filters.AuthenticationFilter | The route is public. Path: '/api/book/recently-added-at'
2026-04-10 16:32:50 | APIGateway | INFO  | l.c.a.filters.AuthenticationFilter | Starting of the filter
2026-04-10 16:32:50 | APIGateway | INFO  | l.c.a.filters.AuthenticationFilter | The route is public. Path: '/api/expected-book/get-all'
2026-04-10 16:33:01 | APIGateway | INFO  | l.c.a.filters.AuthenticationFilter | Starting of the filter
2026-04-10 16:33:01 | APIGateway | INFO  | l.c.a.filters.AuthenticationFilter | The route is public. Path: '/api/book/most-popular-books'
2026-04-10 16:33:01 | APIGateway | INFO  | l.c.a.filters.AuthenticationFilter | Starting of the filter
2026-04-10 16:33:01 | APIGateway | INFO  | l.c.a.filters.AuthenticationFilter | The route is public. Path: '/api/book/recently-added-at'
2026-04-10 16:33:01 | APIGateway | INFO  | l.c.a.filters.AuthenticationFilter | Starting of the filter
2026-04-10 16:33:01 | APIGateway | INFO  | l.c.a.filters.AuthenticationFilter | The route is public. Path: '/api/expected-book/get-all'
2026-04-10 16:33:03 | APIGateway | INFO  | l.c.a.filters.AuthenticationFilter | Starting of the filter
2026-04-10 16:33:03 | APIGateway | INFO  | l.c.a.filters.AuthenticationFilter | The route is public. Path: '/api/auth/login'
2026-04-10 16:33:03 | APIGateway | INFO  | l.c.a.filters.AuthenticationFilter | Starting of the filter
2026-04-10 16:33:03 | APIGateway | INFO  | l.c.a.filters.AuthenticationFilter | The route is public. Path: '/api/book/most-popular-books'
2026-04-10 16:33:03 | APIGateway | INFO  | l.c.a.filters.AuthenticationFilter | Starting of the filter
2026-04-10 16:33:03 | APIGateway | INFO  | l.c.a.filters.AuthenticationFilter | The route is public. Path: '/api/book/recently-added-at'
2026-04-10 16:33:03 | APIGateway | INFO  | l.c.a.filters.AuthenticationFilter | Starting of the filter
2026-04-10 16:33:03 | APIGateway | INFO  | l.c.a.filters.AuthenticationFilter | The route is public. Path: '/api/expected-book/get-all'
2026-04-10 16:33:03 | APIGateway | INFO  | l.c.a.filters.AuthenticationFilter | Starting of the filter
2026-04-10 16:33:03 | APIGateway | INFO  | l.c.a.filters.AuthenticationFilter | The route is public. Path: '/api/book/most-popular-books'
2026-04-10 16:33:04 | APIGateway | INFO  | l.c.a.filters.AuthenticationFilter | Starting of the filter
2026-04-10 16:33:04 | APIGateway | INFO  | l.c.a.filters.AuthenticationFilter | The route is public. Path: '/api/book/recently-added-at'
2026-04-10 16:33:04 | APIGateway | INFO  | l.c.a.filters.AuthenticationFilter | Starting of the filter
2026-04-10 16:33:04 | APIGateway | INFO  | l.c.a.filters.AuthenticationFilter | The route is public. Path: '/api/expected-book/get-all'
2026-04-10 16:33:08 | APIGateway | INFO  | l.c.a.filters.AuthenticationFilter | Starting of the filter
2026-04-10 16:33:08 | APIGateway | INFO  | l.c.a.filters.AuthenticationFilter | The route is public. Path: '/api/book/most-popular-books'
2026-04-10 16:33:08 | APIGateway | INFO  | l.c.a.filters.AuthenticationFilter | Starting of the filter
2026-04-10 16:33:08 | APIGateway | INFO  | l.c.a.filters.AuthenticationFilter | The route is public. Path: '/api/book/recently-added-at'
2026-04-10 16:33:08 | APIGateway | INFO  | l.c.a.filters.AuthenticationFilter | Starting of the filter
2026-04-10 16:33:08 | APIGateway | INFO  | l.c.a.filters.AuthenticationFilter | The route is public. Path: '/api/expected-book/get-all'
2026-04-10 16:35:16 | APIGateway | INFO  | l.c.a.filters.AuthenticationFilter | Starting of the filter
2026-04-10 16:35:16 | APIGateway | INFO  | l.c.a.filters.AuthenticationFilter | The route is public. Path: '/api/book/most-popular-books'
2026-04-10 16:35:16 | APIGateway | INFO  | l.c.a.filters.AuthenticationFilter | Starting of the filter
2026-04-10 16:35:16 | APIGateway | INFO  | l.c.a.filters.AuthenticationFilter | The route is public. Path: '/api/book/recently-added-at'
2026-04-10 16:35:16 | APIGateway | INFO  | l.c.a.filters.AuthenticationFilter | Starting of the filter
2026-04-10 16:35:16 | APIGateway | INFO  | l.c.a.filters.AuthenticationFilter | The route is public. Path: '/api/expected-book/get-all'
2026-04-10 16:38:38 | APIGateway | INFO  | l.c.a.filters.AuthenticationFilter | Starting of the filter
2026-04-10 16:38:38 | APIGateway | INFO  | l.c.a.filters.AuthenticationFilter | The route is public. Path: '/api/book/category'
2026-04-10 16:38:38 | APIGateway | INFO  | l.c.a.filters.AuthenticationFilter | Starting of the filter
2026-04-10 16:38:38 | APIGateway | INFO  | l.c.a.filters.AuthenticationFilter | The route is public. Path: '/api/book'
2026-04-10 16:38:40 | APIGateway | INFO  | l.c.a.filters.AuthenticationFilter | Starting of the filter
2026-04-10 16:38:40 | APIGateway | INFO  | l.c.a.filters.AuthenticationFilter | The route is public. Path: '/api/book/most-popular-books'
2026-04-10 16:38:40 | APIGateway | INFO  | l.c.a.filters.AuthenticationFilter | Starting of the filter
2026-04-10 16:38:40 | APIGateway | INFO  | l.c.a.filters.AuthenticationFilter | The route is public. Path: '/api/book/recently-added-at'
2026-04-10 16:38:40 | APIGateway | INFO  | l.c.a.filters.AuthenticationFilter | Starting of the filter
2026-04-10 16:38:40 | APIGateway | INFO  | l.c.a.filters.AuthenticationFilter | The route is public. Path: '/api/expected-book/get-all'
2026-04-10 16:38:42 | APIGateway | INFO  | l.c.a.filters.AuthenticationFilter | Starting of the filter
2026-04-10 16:38:42 | APIGateway | INFO  | l.c.a.filters.AuthenticationFilter | The route is public. Path: '/api/auth/login'
2026-04-10 16:38:43 | APIGateway | INFO  | l.c.a.filters.AuthenticationFilter | Starting of the filter
2026-04-10 16:38:43 | APIGateway | INFO  | l.c.a.filters.AuthenticationFilter | The route is public. Path: '/api/book/most-popular-books'
2026-04-10 16:38:43 | APIGateway | INFO  | l.c.a.filters.AuthenticationFilter | Starting of the filter
2026-04-10 16:38:43 | APIGateway | INFO  | l.c.a.filters.AuthenticationFilter | The route is public. Path: '/api/book/recently-added-at'
2026-04-10 16:38:43 | APIGateway | INFO  | l.c.a.filters.AuthenticationFilter | Starting of the filter
2026-04-10 16:38:43 | APIGateway | INFO  | l.c.a.filters.AuthenticationFilter | The route is public. Path: '/api/expected-book/get-all'
2026-04-10 16:38:43 | APIGateway | INFO  | l.c.a.filters.AuthenticationFilter | Starting of the filter
2026-04-10 16:38:43 | APIGateway | INFO  | l.c.a.filters.AuthenticationFilter | The route is public. Path: '/api/book/most-popular-books'
2026-04-10 16:38:43 | APIGateway | INFO  | l.c.a.filters.AuthenticationFilter | Starting of the filter
2026-04-10 16:38:43 | APIGateway | INFO  | l.c.a.filters.AuthenticationFilter | The route is public. Path: '/api/book/recently-added-at'
2026-04-10 16:38:43 | APIGateway | INFO  | l.c.a.filters.AuthenticationFilter | Starting of the filter
2026-04-10 16:38:43 | APIGateway | INFO  | l.c.a.filters.AuthenticationFilter | The route is public. Path: '/api/expected-book/get-all'
2026-04-10 16:39:44 | APIGateway | INFO  | l.c.a.filters.AuthenticationFilter | Starting of the filter
2026-04-10 16:39:44 | APIGateway | INFO  | l.c.a.filters.AuthenticationFilter | The route is public. Path: '/api/book/most-popular-books'
2026-04-10 16:39:44 | APIGateway | INFO  | l.c.a.filters.AuthenticationFilter | Starting of the filter
2026-04-10 16:39:44 | APIGateway | INFO  | l.c.a.filters.AuthenticationFilter | The route is public. Path: '/api/book/recently-added-at'
2026-04-10 16:39:44 | APIGateway | INFO  | l.c.a.filters.AuthenticationFilter | Starting of the filter
2026-04-10 16:39:44 | APIGateway | INFO  | l.c.a.filters.AuthenticationFilter | The route is public. Path: '/api/expected-book/get-all'
2026-04-10 16:39:50 | APIGateway | INFO  | l.c.a.filters.AuthenticationFilter | Starting of the filter
2026-04-10 16:39:50 | APIGateway | INFO  | l.c.a.filters.AuthenticationFilter | The route is public. Path: '/api/auth/login'
2026-04-10 16:39:50 | APIGateway | INFO  | l.c.a.filters.AuthenticationFilter | Starting of the filter
2026-04-10 16:39:50 | APIGateway | INFO  | l.c.a.filters.AuthenticationFilter | The route is public. Path: '/api/book/most-popular-books'
2026-04-10 16:39:50 | APIGateway | INFO  | l.c.a.filters.AuthenticationFilter | Starting of the filter
2026-04-10 16:39:50 | APIGateway | INFO  | l.c.a.filters.AuthenticationFilter | The route is public. Path: '/api/book/recently-added-at'
2026-04-10 16:39:50 | APIGateway | INFO  | l.c.a.filters.AuthenticationFilter | Starting of the filter
2026-04-10 16:39:50 | APIGateway | INFO  | l.c.a.filters.AuthenticationFilter | The route is public. Path: '/api/expected-book/get-all'
2026-04-10 16:39:50 | APIGateway | INFO  | l.c.a.filters.AuthenticationFilter | Starting of the filter
2026-04-10 16:39:50 | APIGateway | INFO  | l.c.a.filters.AuthenticationFilter | The route is public. Path: '/api/book/most-popular-books'
2026-04-10 16:39:50 | APIGateway | INFO  | l.c.a.filters.AuthenticationFilter | Starting of the filter
2026-04-10 16:39:50 | APIGateway | INFO  | l.c.a.filters.AuthenticationFilter | The route is public. Path: '/api/book/recently-added-at'
2026-04-10 16:39:50 | APIGateway | INFO  | l.c.a.filters.AuthenticationFilter | Starting of the filter
2026-04-10 16:39:50 | APIGateway | INFO  | l.c.a.filters.AuthenticationFilter | The route is public. Path: '/api/expected-book/get-all'
2026-04-10 16:40:23 | APIGateway | INFO  | l.c.a.filters.AuthenticationFilter | Starting of the filter
2026-04-10 16:40:23 | APIGateway | INFO  | l.c.a.filters.AuthenticationFilter | The route is public. Path: '/api/book/most-popular-books'
2026-04-10 16:40:23 | APIGateway | INFO  | l.c.a.filters.AuthenticationFilter | Starting of the filter
2026-04-10 16:40:23 | APIGateway | INFO  | l.c.a.filters.AuthenticationFilter | The route is public. Path: '/api/book/recently-added-at'
2026-04-10 16:40:23 | APIGateway | INFO  | l.c.a.filters.AuthenticationFilter | Starting of the filter
2026-04-10 16:40:23 | APIGateway | INFO  | l.c.a.filters.AuthenticationFilter | The route is public. Path: '/api/expected-book/get-all'
2026-04-10 16:40:36 | APIGateway | INFO  | l.c.a.filters.AuthenticationFilter | Starting of the filter
2026-04-10 16:40:36 | APIGateway | INFO  | l.c.a.filters.AuthenticationFilter | The route is public. Path: '/api/auth/login'
2026-04-10 16:40:36 | APIGateway | INFO  | l.c.a.filters.AuthenticationFilter | Starting of the filter
2026-04-10 16:40:36 | APIGateway | INFO  | l.c.a.filters.AuthenticationFilter | The route is public. Path: '/api/book/most-popular-books'
2026-04-10 16:40:36 | APIGateway | INFO  | l.c.a.filters.AuthenticationFilter | Starting of the filter
2026-04-10 16:40:36 | APIGateway | INFO  | l.c.a.filters.AuthenticationFilter | The route is public. Path: '/api/book/recently-added-at'
2026-04-10 16:40:36 | APIGateway | INFO  | l.c.a.filters.AuthenticationFilter | Starting of the filter
2026-04-10 16:40:36 | APIGateway | INFO  | l.c.a.filters.AuthenticationFilter | The route is public. Path: '/api/expected-book/get-all'
2026-04-10 16:40:36 | APIGateway | INFO  | l.c.a.filters.AuthenticationFilter | Starting of the filter
2026-04-10 16:40:36 | APIGateway | INFO  | l.c.a.filters.AuthenticationFilter | The route is public. Path: '/api/book/most-popular-books'
2026-04-10 16:40:36 | APIGateway | INFO  | l.c.a.filters.AuthenticationFilter | Starting of the filter
2026-04-10 16:40:36 | APIGateway | INFO  | l.c.a.filters.AuthenticationFilter | The route is public. Path: '/api/book/recently-added-at'
2026-04-10 16:40:36 | APIGateway | INFO  | l.c.a.filters.AuthenticationFilter | Starting of the filter
2026-04-10 16:40:36 | APIGateway | INFO  | l.c.a.filters.AuthenticationFilter | The route is public. Path: '/api/expected-book/get-all'
2026-04-10 16:41:47 | APIGateway | INFO  | l.c.a.filters.AuthenticationFilter | Starting of the filter
2026-04-10 16:41:47 | APIGateway | INFO  | l.c.a.filters.AuthenticationFilter | The route is public. Path: '/api/book/most-popular-books'
2026-04-10 16:41:47 | APIGateway | INFO  | l.c.a.filters.AuthenticationFilter | Starting of the filter
2026-04-10 16:41:47 | APIGateway | INFO  | l.c.a.filters.AuthenticationFilter | The route is public. Path: '/api/book/recently-added-at'
2026-04-10 16:41:47 | APIGateway | INFO  | l.c.a.filters.AuthenticationFilter | Starting of the filter
2026-04-10 16:41:47 | APIGateway | INFO  | l.c.a.filters.AuthenticationFilter | The route is public. Path: '/api/expected-book/get-all'
2026-04-10 16:43:54 | APIGateway | INFO  | l.c.a.filters.AuthenticationFilter | Starting of the filter
2026-04-10 16:43:54 | APIGateway | INFO  | l.c.a.filters.AuthenticationFilter | The route is public. Path: '/api/book/most-popular-books'
2026-04-10 16:43:54 | APIGateway | INFO  | l.c.a.filters.AuthenticationFilter | Starting of the filter
2026-04-10 16:43:54 | APIGateway | INFO  | l.c.a.filters.AuthenticationFilter | The route is public. Path: '/api/book/recently-added-at'
2026-04-10 16:43:54 | APIGateway | INFO  | l.c.a.filters.AuthenticationFilter | Starting of the filter
2026-04-10 16:43:54 | APIGateway | INFO  | l.c.a.filters.AuthenticationFilter | The route is public. Path: '/api/expected-book/get-all'
2026-04-10 16:43:56 | APIGateway | INFO  | l.c.a.filters.AuthenticationFilter | Starting of the filter
2026-04-10 16:43:56 | APIGateway | INFO  | l.c.a.filters.AuthenticationFilter | The route is public. Path: '/api/book/most-popular-books'
2026-04-10 16:43:56 | APIGateway | INFO  | l.c.a.filters.AuthenticationFilter | Starting of the filter
2026-04-10 16:43:56 | APIGateway | INFO  | l.c.a.filters.AuthenticationFilter | The route is public. Path: '/api/book/recently-added-at'
2026-04-10 16:43:56 | APIGateway | INFO  | l.c.a.filters.AuthenticationFilter | Starting of the filter
2026-04-10 16:43:56 | APIGateway | INFO  | l.c.a.filters.AuthenticationFilter | The route is public. Path: '/api/expected-book/get-all'
2026-04-10 16:43:59 | APIGateway | INFO  | l.c.a.filters.AuthenticationFilter | Starting of the filter
2026-04-10 16:43:59 | APIGateway | INFO  | l.c.a.filters.AuthenticationFilter | The route is public. Path: '/api/book/most-popular-books'
2026-04-10 16:43:59 | APIGateway | INFO  | l.c.a.filters.AuthenticationFilter | Starting of the filter
2026-04-10 16:43:59 | APIGateway | INFO  | l.c.a.filters.AuthenticationFilter | The route is public. Path: '/api/book/recently-added-at'
2026-04-10 16:43:59 | APIGateway | INFO  | l.c.a.filters.AuthenticationFilter | Starting of the filter
2026-04-10 16:43:59 | APIGateway | INFO  | l.c.a.filters.AuthenticationFilter | The route is public. Path: '/api/expected-book/get-all'
2026-04-10 16:43:59 | APIGateway | INFO  | l.c.a.filters.AuthenticationFilter | Starting of the filter
2026-04-10 16:43:59 | APIGateway | INFO  | l.c.a.filters.AuthenticationFilter | The route is public. Path: '/api/book/category'
2026-04-10 16:43:59 | APIGateway | INFO  | l.c.a.filters.AuthenticationFilter | Starting of the filter
2026-04-10 16:43:59 | APIGateway | INFO  | l.c.a.filters.AuthenticationFilter | The route is public. Path: '/api/book'
2026-04-10 16:46:20 | APIGateway | INFO  | l.c.a.filters.AuthenticationFilter | Starting of the filter
2026-04-10 16:46:20 | APIGateway | INFO  | l.c.a.filters.AuthenticationFilter | The route is public. Path: '/api/book/most-popular-books'
2026-04-10 16:46:20 | APIGateway | INFO  | l.c.a.filters.AuthenticationFilter | Starting of the filter
2026-04-10 16:46:20 | APIGateway | INFO  | l.c.a.filters.AuthenticationFilter | The route is public. Path: '/api/book/recently-added-at'
2026-04-10 16:46:20 | APIGateway | INFO  | l.c.a.filters.AuthenticationFilter | Starting of the filter
2026-04-10 16:46:20 | APIGateway | INFO  | l.c.a.filters.AuthenticationFilter | The route is public. Path: '/api/expected-book/get-all'
2026-04-10 16:48:09 | APIGateway | INFO  | l.c.a.filters.AuthenticationFilter | Starting of the filter
2026-04-10 16:48:09 | APIGateway | INFO  | l.c.a.filters.AuthenticationFilter | The route is public. Path: '/api/book/most-popular-books'
2026-04-10 16:48:09 | APIGateway | INFO  | l.c.a.filters.AuthenticationFilter | Starting of the filter
2026-04-10 16:48:09 | APIGateway | INFO  | l.c.a.filters.AuthenticationFilter | The route is public. Path: '/api/book/recently-added-at'
2026-04-10 16:48:09 | APIGateway | INFO  | l.c.a.filters.AuthenticationFilter | Starting of the filter
2026-04-10 16:48:09 | APIGateway | INFO  | l.c.a.filters.AuthenticationFilter | The route is public. Path: '/api/expected-book/get-all'
2026-04-10 16:48:21 | APIGateway | INFO  | l.c.a.filters.AuthenticationFilter | Starting of the filter
2026-04-10 16:48:21 | APIGateway | INFO  | l.c.a.filters.AuthenticationFilter | The route is public. Path: '/api/book/category'
2026-04-10 16:48:21 | APIGateway | INFO  | l.c.a.filters.AuthenticationFilter | Starting of the filter
2026-04-10 16:48:21 | APIGateway | INFO  | l.c.a.filters.AuthenticationFilter | The route is public. Path: '/api/book'
2026-04-10 16:48:23 | APIGateway | INFO  | l.c.a.filters.AuthenticationFilter | Starting of the filter
2026-04-10 16:48:23 | APIGateway | INFO  | l.c.a.filters.AuthenticationFilter | The route is public. Path: '/api/book/most-popular-books'
2026-04-10 16:48:23 | APIGateway | INFO  | l.c.a.filters.AuthenticationFilter | Starting of the filter
2026-04-10 16:48:23 | APIGateway | INFO  | l.c.a.filters.AuthenticationFilter | The route is public. Path: '/api/book/recently-added-at'
2026-04-10 16:48:23 | APIGateway | INFO  | l.c.a.filters.AuthenticationFilter | Starting of the filter
2026-04-10 16:48:23 | APIGateway | INFO  | l.c.a.filters.AuthenticationFilter | The route is public. Path: '/api/expected-book/get-all'
2026-04-10 16:48:27 | APIGateway | INFO  | l.c.a.filters.AuthenticationFilter | Starting of the filter
2026-04-10 16:48:27 | APIGateway | INFO  | l.c.a.filters.AuthenticationFilter | The route is public. Path: '/api/book/most-popular-books'
2026-04-10 16:48:27 | APIGateway | INFO  | l.c.a.filters.AuthenticationFilter | Starting of the filter
2026-04-10 16:48:27 | APIGateway | INFO  | l.c.a.filters.AuthenticationFilter | The route is public. Path: '/api/book/recently-added-at'
2026-04-10 16:48:27 | APIGateway | INFO  | l.c.a.filters.AuthenticationFilter | Starting of the filter
2026-04-10 16:48:27 | APIGateway | INFO  | l.c.a.filters.AuthenticationFilter | The route is public. Path: '/api/expected-book/get-all'
2026-04-10 16:48:32 | APIGateway | INFO  | l.c.a.filters.AuthenticationFilter | Starting of the filter
2026-04-10 16:48:32 | APIGateway | INFO  | l.c.a.filters.AuthenticationFilter | The route is public. Path: '/api/auth/login'
2026-04-10 16:48:32 | APIGateway | INFO  | l.c.a.filters.AuthenticationFilter | Starting of the filter
2026-04-10 16:48:32 | APIGateway | INFO  | l.c.a.filters.AuthenticationFilter | The route is public. Path: '/api/book/most-popular-books'
2026-04-10 16:48:32 | APIGateway | INFO  | l.c.a.filters.AuthenticationFilter | Starting of the filter
2026-04-10 16:48:32 | APIGateway | INFO  | l.c.a.filters.AuthenticationFilter | The route is public. Path: '/api/book/recently-added-at'
2026-04-10 16:48:32 | APIGateway | INFO  | l.c.a.filters.AuthenticationFilter | Starting of the filter
2026-04-10 16:48:32 | APIGateway | INFO  | l.c.a.filters.AuthenticationFilter | The route is public. Path: '/api/expected-book/get-all'
2026-04-10 16:48:32 | APIGateway | INFO  | l.c.a.filters.AuthenticationFilter | Starting of the filter
2026-04-10 16:48:32 | APIGateway | INFO  | l.c.a.filters.AuthenticationFilter | The route is public. Path: '/api/book/most-popular-books'
2026-04-10 16:48:32 | APIGateway | INFO  | l.c.a.filters.AuthenticationFilter | Starting of the filter
2026-04-10 16:48:32 | APIGateway | INFO  | l.c.a.filters.AuthenticationFilter | The route is public. Path: '/api/book/recently-added-at'
2026-04-10 16:48:32 | APIGateway | INFO  | l.c.a.filters.AuthenticationFilter | Starting of the filter
2026-04-10 16:48:32 | APIGateway | INFO  | l.c.a.filters.AuthenticationFilter | The route is public. Path: '/api/expected-book/get-all'
2026-04-10 16:49:13 | APIGateway | INFO  | l.c.a.filters.AuthenticationFilter | Starting of the filter
2026-04-10 16:49:13 | APIGateway | INFO  | l.c.a.filters.AuthenticationFilter | The route is public. Path: '/api/book/most-popular-books'
2026-04-10 16:49:13 | APIGateway | INFO  | l.c.a.filters.AuthenticationFilter | Starting of the filter
2026-04-10 16:49:13 | APIGateway | INFO  | l.c.a.filters.AuthenticationFilter | The route is public. Path: '/api/book/recently-added-at'
2026-04-10 16:49:13 | APIGateway | INFO  | l.c.a.filters.AuthenticationFilter | Starting of the filter
2026-04-10 16:49:13 | APIGateway | INFO  | l.c.a.filters.AuthenticationFilter | The route is public. Path: '/api/expected-book/get-all'
2026-04-10 16:50:15 | APIGateway | INFO  | l.c.a.filters.AuthenticationFilter | Starting of the filter
2026-04-10 16:50:15 | APIGateway | INFO  | l.c.a.filters.AuthenticationFilter | The route is public. Path: '/api/book/most-popular-books'
2026-04-10 16:50:15 | APIGateway | INFO  | l.c.a.filters.AuthenticationFilter | Starting of the filter
2026-04-10 16:50:15 | APIGateway | INFO  | l.c.a.filters.AuthenticationFilter | The route is public. Path: '/api/book/recently-added-at'
2026-04-10 16:50:15 | APIGateway | INFO  | l.c.a.filters.AuthenticationFilter | Starting of the filter
2026-04-10 16:50:15 | APIGateway | INFO  | l.c.a.filters.AuthenticationFilter | The route is public. Path: '/api/expected-book/get-all'
2026-04-10 16:50:32 | APIGateway | INFO  | l.c.a.filters.AuthenticationFilter | Starting of the filter
2026-04-10 16:50:32 | APIGateway | INFO  | l.c.a.filters.AuthenticationFilter | The route is public. Path: '/api/book/most-popular-books'
2026-04-10 16:50:32 | APIGateway | INFO  | l.c.a.filters.AuthenticationFilter | Starting of the filter
2026-04-10 16:50:32 | APIGateway | INFO  | l.c.a.filters.AuthenticationFilter | The route is public. Path: '/api/book/recently-added-at'
2026-04-10 16:50:32 | APIGateway | INFO  | l.c.a.filters.AuthenticationFilter | Starting of the filter
2026-04-10 16:50:32 | APIGateway | INFO  | l.c.a.filters.AuthenticationFilter | The route is public. Path: '/api/expected-book/get-all'
2026-04-10 16:52:34 | APIGateway | INFO  | l.c.a.filters.AuthenticationFilter | Starting of the filter
2026-04-10 16:52:34 | APIGateway | INFO  | l.c.a.filters.AuthenticationFilter | The route is public. Path: '/api/book/most-popular-books'
2026-04-10 16:52:34 | APIGateway | INFO  | l.c.a.filters.AuthenticationFilter | Starting of the filter
2026-04-10 16:52:34 | APIGateway | INFO  | l.c.a.filters.AuthenticationFilter | The route is public. Path: '/api/book/recently-added-at'
2026-04-10 16:52:34 | APIGateway | INFO  | l.c.a.filters.AuthenticationFilter | Starting of the filter
2026-04-10 16:52:34 | APIGateway | INFO  | l.c.a.filters.AuthenticationFilter | The route is public. Path: '/api/expected-book/get-all'
2026-04-10 16:56:15 | APIGateway | INFO  | l.c.a.filters.AuthenticationFilter | Starting of the filter
2026-04-10 16:56:15 | APIGateway | INFO  | l.c.a.filters.AuthenticationFilter | The route is public. Path: '/api/book/most-popular-books'
2026-04-10 16:56:15 | APIGateway | INFO  | l.c.a.filters.AuthenticationFilter | Starting of the filter
2026-04-10 16:56:15 | APIGateway | INFO  | l.c.a.filters.AuthenticationFilter | The route is public. Path: '/api/book/recently-added-at'
2026-04-10 16:56:15 | APIGateway | INFO  | l.c.a.filters.AuthenticationFilter | Starting of the filter
2026-04-10 16:56:15 | APIGateway | INFO  | l.c.a.filters.AuthenticationFilter | The route is public. Path: '/api/expected-book/get-all'
2026-04-10 16:56:18 | APIGateway | INFO  | l.c.a.filters.AuthenticationFilter | Starting of the filter
2026-04-10 16:56:18 | APIGateway | INFO  | l.c.a.filters.AuthenticationFilter | The route is public. Path: '/api/book/most-popular-books'
2026-04-10 16:56:18 | APIGateway | INFO  | l.c.a.filters.AuthenticationFilter | Starting of the filter
2026-04-10 16:56:18 | APIGateway | INFO  | l.c.a.filters.AuthenticationFilter | The route is public. Path: '/api/book/recently-added-at'
2026-04-10 16:56:18 | APIGateway | INFO  | l.c.a.filters.AuthenticationFilter | Starting of the filter
2026-04-10 16:56:18 | APIGateway | INFO  | l.c.a.filters.AuthenticationFilter | The route is public. Path: '/api/expected-book/get-all'
2026-04-10 16:56:24 | APIGateway | INFO  | l.c.a.filters.AuthenticationFilter | Starting of the filter
2026-04-10 16:56:24 | APIGateway | INFO  | l.c.a.filters.AuthenticationFilter | The route is public. Path: '/api/book/most-popular-books'
2026-04-10 16:56:24 | APIGateway | INFO  | l.c.a.filters.AuthenticationFilter | Starting of the filter
2026-04-10 16:56:24 | APIGateway | INFO  | l.c.a.filters.AuthenticationFilter | The route is public. Path: '/api/book/recently-added-at'
2026-04-10 16:56:24 | APIGateway | INFO  | l.c.a.filters.AuthenticationFilter | Starting of the filter
2026-04-10 16:56:24 | APIGateway | INFO  | l.c.a.filters.AuthenticationFilter | The route is public. Path: '/api/expected-book/get-all'
2026-04-10 16:56:25 | APIGateway | INFO  | l.c.a.filters.AuthenticationFilter | Starting of the filter
2026-04-10 16:56:25 | APIGateway | INFO  | l.c.a.filters.AuthenticationFilter | The route is public. Path: '/api/book/category'
2026-04-10 16:56:25 | APIGateway | INFO  | l.c.a.filters.AuthenticationFilter | Starting of the filter
2026-04-10 16:56:25 | APIGateway | INFO  | l.c.a.filters.AuthenticationFilter | The route is public. Path: '/api/book'
2026-04-10 16:56:25 | APIGateway | INFO  | l.c.a.filters.AuthenticationFilter | Starting of the filter
2026-04-10 16:56:25 | APIGateway | INFO  | l.c.a.filters.AuthenticationFilter | The route is public. Path: '/api/book/most-popular-books'
2026-04-10 16:56:25 | APIGateway | INFO  | l.c.a.filters.AuthenticationFilter | Starting of the filter
2026-04-10 16:56:25 | APIGateway | INFO  | l.c.a.filters.AuthenticationFilter | The route is public. Path: '/api/book/recently-added-at'
2026-04-10 16:56:25 | APIGateway | INFO  | l.c.a.filters.AuthenticationFilter | Starting of the filter
2026-04-10 16:56:25 | APIGateway | INFO  | l.c.a.filters.AuthenticationFilter | The route is public. Path: '/api/expected-book/get-all'
2026-04-10 16:56:26 | APIGateway | INFO  | l.c.a.filters.AuthenticationFilter | Starting of the filter
2026-04-10 16:56:26 | APIGateway | INFO  | l.c.a.filters.AuthenticationFilter | The route is public. Path: '/api/news/get-all'
2026-04-10 16:56:26 | APIGateway | ERROR | o.s.b.a.w.r.e.AbstractErrorWebExceptionHandler | [afc7937b-150]  500 Server Error for HTTP GET "/api/news/get-all?page=0"
io.netty.channel.AbstractChannel$AnnotatedConnectException: Connection refused: getsockopt: localhost/127.0.0.1:8083
	Suppressed: reactor.core.publisher.FluxOnAssembly$OnAssemblyException: 
Error has been observed at the following site(s):
	*__checkpoint ⇢ org.springframework.cloud.gateway.filter.WeightCalculatorWebFilter [DefaultWebFilterChain]
	*__checkpoint ⇢ HTTP GET "/api/news/get-all?page=0" [ExceptionHandlingWebHandler]
Original Stack Trace:
Caused by: java.net.ConnectException: Connection refused: getsockopt
	at java.base/sun.nio.ch.Net.pollConnect(Native Method)
	at java.base/sun.nio.ch.Net.pollConnectNow(Net.java:682)
	at java.base/sun.nio.ch.SocketChannelImpl.finishConnect(SocketChannelImpl.java:1060)
	at io.netty.channel.socket.nio.NioSocketChannel.doFinishConnect(NioSocketChannel.java:336)
	at io.netty.channel.nio.AbstractNioChannel$AbstractNioUnsafe.finishConnect(AbstractNioChannel.java:339)
	at io.netty.channel.nio.NioEventLoop.processSelectedKey(NioEventLoop.java:784)
	at io.netty.channel.nio.NioEventLoop.processSelectedKeysOptimized(NioEventLoop.java:732)
	at io.netty.channel.nio.NioEventLoop.processSelectedKeys(NioEventLoop.java:658)
	at io.netty.channel.nio.NioEventLoop.run(NioEventLoop.java:562)
	at io.netty.util.concurrent.SingleThreadEventExecutor$4.run(SingleThreadEventExecutor.java:998)
	at io.netty.util.internal.ThreadExecutorMap$2.run(ThreadExecutorMap.java:74)
	at io.netty.util.concurrent.FastThreadLocalRunnable.run(FastThreadLocalRunnable.java:30)
	at java.base/java.lang.Thread.run(Thread.java:1570)
2026-04-10 16:56:26 | APIGateway | INFO  | l.c.a.filters.AuthenticationFilter | Starting of the filter
2026-04-10 16:56:26 | APIGateway | INFO  | l.c.a.filters.AuthenticationFilter | The route is public. Path: '/api/announcement/get-all'
2026-04-10 16:56:26 | APIGateway | ERROR | o.s.b.a.w.r.e.AbstractErrorWebExceptionHandler | [afc7937b-151]  500 Server Error for HTTP GET "/api/announcement/get-all?page=0"
io.netty.channel.AbstractChannel$AnnotatedConnectException: Connection refused: getsockopt: localhost/127.0.0.1:8083
	Suppressed: reactor.core.publisher.FluxOnAssembly$OnAssemblyException: 
Error has been observed at the following site(s):
	*__checkpoint ⇢ org.springframework.cloud.gateway.filter.WeightCalculatorWebFilter [DefaultWebFilterChain]
	*__checkpoint ⇢ HTTP GET "/api/announcement/get-all?page=0" [ExceptionHandlingWebHandler]
Original Stack Trace:
Caused by: java.net.ConnectException: Connection refused: getsockopt
	at java.base/sun.nio.ch.Net.pollConnect(Native Method)
	at java.base/sun.nio.ch.Net.pollConnectNow(Net.java:682)
	at java.base/sun.nio.ch.SocketChannelImpl.finishConnect(SocketChannelImpl.java:1060)
	at io.netty.channel.socket.nio.NioSocketChannel.doFinishConnect(NioSocketChannel.java:336)
	at io.netty.channel.nio.AbstractNioChannel$AbstractNioUnsafe.finishConnect(AbstractNioChannel.java:339)
	at io.netty.channel.nio.NioEventLoop.processSelectedKey(NioEventLoop.java:784)
	at io.netty.channel.nio.NioEventLoop.processSelectedKeysOptimized(NioEventLoop.java:732)
	at io.netty.channel.nio.NioEventLoop.processSelectedKeys(NioEventLoop.java:658)
	at io.netty.channel.nio.NioEventLoop.run(NioEventLoop.java:562)
	at io.netty.util.concurrent.SingleThreadEventExecutor$4.run(SingleThreadEventExecutor.java:998)
	at io.netty.util.internal.ThreadExecutorMap$2.run(ThreadExecutorMap.java:74)
	at io.netty.util.concurrent.FastThreadLocalRunnable.run(FastThreadLocalRunnable.java:30)
	at java.base/java.lang.Thread.run(Thread.java:1570)
2026-04-10 16:56:35 | APIGateway | INFO  | l.c.a.filters.AuthenticationFilter | Starting of the filter
2026-04-10 16:56:35 | APIGateway | INFO  | l.c.a.filters.AuthenticationFilter | The route is public. Path: '/api/book/category'
2026-04-10 16:56:35 | APIGateway | INFO  | l.c.a.filters.AuthenticationFilter | Starting of the filter
2026-04-10 16:56:35 | APIGateway | INFO  | l.c.a.filters.AuthenticationFilter | The route is public. Path: '/api/book'
2026-04-10 16:58:11 | APIGateway | INFO  | l.c.a.filters.AuthenticationFilter | Starting of the filter
2026-04-10 16:58:11 | APIGateway | INFO  | l.c.a.filters.AuthenticationFilter | The route is public. Path: '/api/book/most-popular-books'
2026-04-10 16:58:11 | APIGateway | INFO  | l.c.a.filters.AuthenticationFilter | Starting of the filter
2026-04-10 16:58:11 | APIGateway | INFO  | l.c.a.filters.AuthenticationFilter | The route is public. Path: '/api/book/recently-added-at'
2026-04-10 16:58:11 | APIGateway | INFO  | l.c.a.filters.AuthenticationFilter | Starting of the filter
2026-04-10 16:58:11 | APIGateway | INFO  | l.c.a.filters.AuthenticationFilter | The route is public. Path: '/api/expected-book/get-all'
2026-04-10 16:58:27 | APIGateway | INFO  | l.c.a.filters.AuthenticationFilter | Starting of the filter
2026-04-10 16:58:27 | APIGateway | INFO  | l.c.a.filters.AuthenticationFilter | The route is public. Path: '/api/book/most-popular-books'
2026-04-10 16:58:27 | APIGateway | INFO  | l.c.a.filters.AuthenticationFilter | Starting of the filter
2026-04-10 16:58:27 | APIGateway | INFO  | l.c.a.filters.AuthenticationFilter | The route is public. Path: '/api/book/recently-added-at'
2026-04-10 16:58:27 | APIGateway | INFO  | l.c.a.filters.AuthenticationFilter | Starting of the filter
2026-04-10 16:58:27 | APIGateway | INFO  | l.c.a.filters.AuthenticationFilter | The route is public. Path: '/api/expected-book/get-all'
2026-04-10 16:58:28 | APIGateway | INFO  | l.c.a.filters.AuthenticationFilter | Starting of the filter
2026-04-10 16:58:28 | APIGateway | INFO  | l.c.a.filters.AuthenticationFilter | The route is public. Path: '/api/book/category'
2026-04-10 16:58:28 | APIGateway | INFO  | l.c.a.filters.AuthenticationFilter | Starting of the filter
2026-04-10 16:58:28 | APIGateway | INFO  | l.c.a.filters.AuthenticationFilter | The route is public. Path: '/api/book'
2026-04-10 16:58:29 | APIGateway | INFO  | l.c.a.filters.AuthenticationFilter | Starting of the filter
2026-04-10 16:58:29 | APIGateway | INFO  | l.c.a.filters.AuthenticationFilter | The route is public. Path: '/api/book/category'
2026-04-10 16:58:29 | APIGateway | INFO  | l.c.a.filters.AuthenticationFilter | Starting of the filter
2026-04-10 16:58:29 | APIGateway | INFO  | l.c.a.filters.AuthenticationFilter | The route is public. Path: '/api/book/most-popular-books'
2026-04-10 16:59:49 | APIGateway | INFO  | l.c.a.filters.AuthenticationFilter | Starting of the filter
2026-04-10 16:59:49 | APIGateway | INFO  | l.c.a.filters.AuthenticationFilter | The route is public. Path: '/api/book/most-popular-books'
2026-04-10 16:59:49 | APIGateway | INFO  | l.c.a.filters.AuthenticationFilter | Starting of the filter
2026-04-10 16:59:49 | APIGateway | INFO  | l.c.a.filters.AuthenticationFilter | The route is public. Path: '/api/book/recently-added-at'
2026-04-10 16:59:49 | APIGateway | INFO  | l.c.a.filters.AuthenticationFilter | Starting of the filter
2026-04-10 16:59:49 | APIGateway | INFO  | l.c.a.filters.AuthenticationFilter | The route is public. Path: '/api/expected-book/get-all'
2026-04-10 17:01:59 | APIGateway | INFO  | l.c.a.filters.AuthenticationFilter | Starting of the filter
2026-04-10 17:01:59 | APIGateway | INFO  | l.c.a.filters.AuthenticationFilter | The route is public. Path: '/api/book/most-popular-books'
2026-04-10 17:01:59 | APIGateway | INFO  | l.c.a.filters.AuthenticationFilter | Starting of the filter
2026-04-10 17:01:59 | APIGateway | INFO  | l.c.a.filters.AuthenticationFilter | The route is public. Path: '/api/book/recently-added-at'
2026-04-10 17:01:59 | APIGateway | INFO  | l.c.a.filters.AuthenticationFilter | Starting of the filter
2026-04-10 17:01:59 | APIGateway | INFO  | l.c.a.filters.AuthenticationFilter | The route is public. Path: '/api/expected-book/get-all'
2026-04-10 17:02:45 | APIGateway | INFO  | o.s.b.w.e.netty.GracefulShutdown | Commencing graceful shutdown. Waiting for active requests to complete
2026-04-10 17:02:45 | APIGateway | INFO  | o.s.b.w.e.netty.GracefulShutdown | Graceful shutdown complete
