2026-04-12 15:04:12 | UserService | INFO  | o.h.validator.internal.util.Version | HV000001: Hibernate Validator 9.0.1.Final
2026-04-12 15:04:12 | UserService | INFO  | l.c.u.UserServiceApplication | Starting UserServiceApplication using Java 22.0.1 with PID 4516 (D:\Library\UserService\target\classes started by vasia in D:\Library\UserService)
2026-04-12 15:04:12 | UserService | INFO  | l.c.u.UserServiceApplication | No active profile set, falling back to 1 default profile: "default"
2026-04-12 15:04:13 | UserService | INFO  | o.s.d.r.c.RepositoryConfigurationDelegate | Bootstrapping Spring Data JPA repositories in DEFAULT mode.
2026-04-12 15:04:13 | UserService | INFO  | o.s.d.r.c.RepositoryConfigurationDelegate | Finished Spring Data repository scanning in 76 ms. Found 1 JPA repository interface.
2026-04-12 15:04:14 | UserService | INFO  | o.s.boot.tomcat.TomcatWebServer | Tomcat initialized with port 8087 (http)
2026-04-12 15:04:14 | UserService | INFO  | o.a.coyote.http11.Http11NioProtocol | Initializing ProtocolHandler ["http-nio-8087"]
2026-04-12 15:04:14 | UserService | INFO  | o.a.catalina.core.StandardService | Starting service [Tomcat]
2026-04-12 15:04:14 | UserService | INFO  | o.a.catalina.core.StandardEngine | Starting Servlet engine: [Apache Tomcat/11.0.20]
2026-04-12 15:04:14 | UserService | INFO  | o.s.b.w.c.s.WebApplicationContextInitializer | Root WebApplicationContext: initialization completed in 1281 ms
2026-04-12 15:04:14 | UserService | INFO  | com.zaxxer.hikari.HikariDataSource | HikariPool-1 - Starting...
2026-04-12 15:04:14 | UserService | INFO  | com.zaxxer.hikari.pool.HikariPool | HikariPool-1 - Added connection org.postgresql.jdbc.PgConnection@4b87074a
2026-04-12 15:04:14 | UserService | INFO  | com.zaxxer.hikari.HikariDataSource | HikariPool-1 - Start completed.
2026-04-12 15:04:14 | UserService | INFO  | org.hibernate.orm.jpa | HHH008540: Processing PersistenceUnitInfo [name: default]
2026-04-12 15:04:14 | UserService | INFO  | org.hibernate.orm.core | HHH000001: Hibernate ORM core version 7.2.7.Final
2026-04-12 15:04:15 | UserService | INFO  | o.s.o.j.p.SpringPersistenceUnitInfo | No LoadTimeWeaver setup: ignoring JPA class transformer
2026-04-12 15:04:15 | UserService | WARN  | org.hibernate.orm.deprecation | HHH90000025: PostgreSQLDialect does not need to be specified explicitly using 'hibernate.dialect' (remove the property setting and it will be selected by default)
2026-04-12 15:04:15 | UserService | INFO  | o.hibernate.orm.connections.pooling | HHH10001005: Database info:
	Database JDBC URL [jdbc:postgresql://localhost:5432/library_db]
	Database driver: PostgreSQL JDBC Driver
	Database dialect: PostgreSQLDialect
	Database version: 17.2
	Default catalog/schema: library_db/public
	Autocommit mode: undefined/unknown
	Isolation level: READ_COMMITTED [default READ_COMMITTED]
	JDBC fetch size: none
	Pool: DataSourceConnectionProvider
	Minimum pool size: undefined/unknown
	Maximum pool size: undefined/unknown
2026-04-12 15:04:16 | UserService | INFO  | org.hibernate.orm.core | HHH000489: No JTA platform available (set 'hibernate.transaction.jta.platform' to enable JTA platform integration)
2026-04-12 15:04:16 | UserService | INFO  | o.s.o.j.LocalContainerEntityManagerFactoryBean | Initialized JPA EntityManagerFactory for persistence unit 'default'
2026-04-12 15:04:16 | UserService | INFO  | o.s.d.j.r.q.QueryEnhancerFactories | Hibernate is in classpath; If applicable, HQL parser will be used.
2026-04-12 15:04:16 | UserService | WARN  | o.s.b.j.a.JpaBaseConfiguration$JpaWebConfiguration | spring.jpa.open-in-view is enabled by default. Therefore, database queries may be performed during view rendering. Explicitly configure spring.jpa.open-in-view to disable this warning
2026-04-12 15:04:16 | UserService | INFO  | o.a.coyote.http11.Http11NioProtocol | Starting ProtocolHandler ["http-nio-8087"]
2026-04-12 15:04:16 | UserService | INFO  | o.s.boot.tomcat.TomcatWebServer | Tomcat started on port 8087 (http) with context path '/'
2026-04-12 15:04:17 | UserService | INFO  | l.c.u.UserServiceApplication | Started UserServiceApplication in 4.783 seconds (process running for 9.661)
2026-04-12 15:05:43 | UserService | INFO  | o.a.c.c.C.[Tomcat].[localhost].[/] | Initializing Spring DispatcherServlet 'dispatcherServlet'
2026-04-12 15:05:43 | UserService | INFO  | o.s.web.servlet.DispatcherServlet | Initializing Servlet 'dispatcherServlet'
2026-04-12 15:05:43 | UserService | INFO  | o.s.web.servlet.DispatcherServlet | Completed initialization in 2 ms
2026-04-12 15:05:44 | UserService | INFO  | l.c.userservice.services.UserService | The user found. ID: 'c0a80065-9d3f-168f-819d-3f0734b20000'
2026-04-12 15:05:44 | UserService | INFO  | l.c.userservice.services.UserService | Mapping the user entity to userDTO for view
2026-04-12 15:05:57 | UserService | INFO  | l.c.userservice.services.UserService | The user found. ID: 'c0a80065-9d3f-168f-819d-3f0734b20000'
2026-04-12 15:05:57 | UserService | INFO  | l.c.userservice.services.UserService | Mapping the user entity to userDTO for view
2026-04-12 15:05:57 | UserService | INFO  | l.c.userservice.services.UserService | The user found. ID: 'c0a80065-9d3f-168f-819d-3f0734b20000'
2026-04-12 15:05:57 | UserService | INFO  | l.c.userservice.services.UserService | Mapping the user entity to userDTO for view
2026-04-12 15:08:07 | UserService | INFO  | l.c.userservice.services.UserService | The user found. ID: 'c0a80065-9d3f-168f-819d-3f0734b20000'
2026-04-12 15:08:07 | UserService | INFO  | l.c.userservice.services.UserService | Mapping the user entity to userDTO for view
2026-04-12 15:08:19 | UserService | INFO  | l.c.userservice.services.UserService | The user found. ID: 'c0a80065-9d3f-168f-819d-3f0734b20000'
2026-04-12 15:08:19 | UserService | INFO  | l.c.userservice.services.UserService | Mapping the user entity to userDTO for view
2026-04-12 15:08:19 | UserService | INFO  | l.c.userservice.services.UserService | The user found. ID: 'c0a80065-9d3f-168f-819d-3f0734b20000'
2026-04-12 15:08:19 | UserService | INFO  | l.c.userservice.services.UserService | Mapping the user entity to userDTO for view
2026-04-12 15:10:44 | UserService | INFO  | l.c.userservice.services.UserService | The user found. ID: 'c0a80065-9d3f-168f-819d-3f0734b20000'
2026-04-12 15:10:44 | UserService | INFO  | l.c.userservice.services.UserService | Mapping the user entity to userDTO for view
2026-04-12 15:10:54 | UserService | INFO  | l.c.userservice.services.UserService | The user found. ID: 'c0a80065-9d3f-168f-819d-3f0734b20000'
2026-04-12 15:10:54 | UserService | INFO  | l.c.userservice.services.UserService | Mapping the user entity to userDTO for view
2026-04-12 15:10:54 | UserService | INFO  | l.c.userservice.services.UserService | The user found. ID: 'c0a80065-9d3f-168f-819d-3f0734b20000'
2026-04-12 15:10:54 | UserService | INFO  | l.c.userservice.services.UserService | Mapping the user entity to userDTO for view
2026-04-12 15:16:00 | UserService | INFO  | l.c.userservice.services.UserService | The user found. ID: 'c0a80065-9d3f-168f-819d-3f0734b20000'
2026-04-12 15:16:00 | UserService | INFO  | l.c.userservice.services.UserService | Mapping the user entity to userDTO for view
2026-04-12 15:16:10 | UserService | INFO  | l.c.userservice.services.UserService | The user found. ID: 'c0a80065-9d3f-168f-819d-3f0734b20000'
2026-04-12 15:16:10 | UserService | INFO  | l.c.userservice.services.UserService | Mapping the user entity to userDTO for view
2026-04-12 15:16:10 | UserService | INFO  | l.c.userservice.services.UserService | The user found. ID: 'c0a80065-9d3f-168f-819d-3f0734b20000'
2026-04-12 15:16:10 | UserService | INFO  | l.c.userservice.services.UserService | Mapping the user entity to userDTO for view
2026-04-12 15:17:52 | UserService | INFO  | l.c.userservice.services.UserService | The user found. ID: 'c0a80065-9d3f-168f-819d-3f0734b20000'
2026-04-12 15:17:52 | UserService | INFO  | l.c.userservice.services.UserService | Mapping the user entity to userDTO for view
2026-04-12 15:18:01 | UserService | INFO  | l.c.userservice.services.UserService | The user updated. ID: 'c0a80065-9d3f-168f-819d-3f0734b20000'
2026-04-12 15:18:02 | UserService | INFO  | l.c.userservice.services.UserService | The user found. ID: 'c0a80065-9d3f-168f-819d-3f0734b20000'
2026-04-12 15:18:02 | UserService | INFO  | l.c.userservice.services.UserService | Mapping the user entity to userDTO for view
2026-04-12 15:18:02 | UserService | INFO  | l.c.userservice.services.UserService | The user found. ID: 'c0a80065-9d3f-168f-819d-3f0734b20000'
2026-04-12 15:18:02 | UserService | INFO  | l.c.userservice.services.UserService | Mapping the user entity to userDTO for view
2026-04-12 15:21:22 | UserService | INFO  | l.c.userservice.services.UserService | The user found. ID: 'c0a80065-9d3f-168f-819d-3f0734b20000'
2026-04-12 15:21:22 | UserService | INFO  | l.c.userservice.services.UserService | Mapping the user entity to userDTO for view
2026-04-12 15:21:36 | UserService | INFO  | l.c.userservice.services.UserService | The user updated. ID: 'c0a80065-9d3f-168f-819d-3f0734b20000'
2026-04-12 15:21:36 | UserService | WARN  | org.hibernate.orm.jdbc.error | HHH000247: ErrorCode: 0, SQLState: 23505
2026-04-12 15:21:36 | UserService | WARN  | org.hibernate.orm.jdbc.error | ОШИБКА: повторяющееся значение ключа нарушает ограничение уникальности "person_user_email_key"
  Подробности: Ключ "(user_email)=(abracadabra@gmail.com)" уже существует.
2026-04-12 15:21:36 | UserService | ERROR | o.a.c.c.C.[.[.[.[dispatcherServlet] | Servlet.service() for servlet [dispatcherServlet] in context with path [] threw exception [Request processing failed: org.springframework.dao.DataIntegrityViolationException: could not execute statement [ОШИБКА: повторяющееся значение ключа нарушает ограничение уникальности "person_user_email_key"
  Подробности: Ключ "(user_email)=(abracadabra@gmail.com)" уже существует.] [update person set user_email=?,user_library_code=?,user_name=? where user_id=?]; SQL [update person set user_email=?,user_library_code=?,user_name=? where user_id=?]; constraint [null]] with root cause
org.postgresql.util.PSQLException: ОШИБКА: повторяющееся значение ключа нарушает ограничение уникальности "person_user_email_key"
  Подробности: Ключ "(user_email)=(abracadabra@gmail.com)" уже существует.
	at org.postgresql.core.v3.QueryExecutorImpl.receiveErrorResponse(QueryExecutorImpl.java:2875)
	at org.postgresql.core.v3.QueryExecutorImpl.processResults(QueryExecutorImpl.java:2560)
	at org.postgresql.core.v3.QueryExecutorImpl.execute(QueryExecutorImpl.java:429)
	at org.postgresql.jdbc.PgStatement.executeInternal(PgStatement.java:526)
	at org.postgresql.jdbc.PgStatement.execute(PgStatement.java:436)
	at org.postgresql.jdbc.PgPreparedStatement.executeWithFlags(PgPreparedStatement.java:196)
	at org.postgresql.jdbc.PgPreparedStatement.executeUpdate(PgPreparedStatement.java:157)
	at com.zaxxer.hikari.pool.ProxyPreparedStatement.executeUpdate(ProxyPreparedStatement.java:61)
	at com.zaxxer.hikari.pool.HikariProxyPreparedStatement.executeUpdate(HikariProxyPreparedStatement.java)
	at org.hibernate.engine.jdbc.internal.ResultSetReturnImpl.executeUpdate(ResultSetReturnImpl.java:181)
	at org.hibernate.engine.jdbc.mutation.internal.AbstractMutationExecutor.performNonBatchedMutation(AbstractMutationExecutor.java:145)
	at org.hibernate.engine.jdbc.mutation.internal.MutationExecutorSingleNonBatched.performNonBatchedOperations(MutationExecutorSingleNonBatched.java:53)
	at org.hibernate.engine.jdbc.mutation.internal.AbstractMutationExecutor.execute(AbstractMutationExecutor.java:66)
	at org.hibernate.persister.entity.mutation.UpdateCoordinatorStandard.doStaticUpdate(UpdateCoordinatorStandard.java:776)
	at org.hibernate.persister.entity.mutation.UpdateCoordinatorStandard.performUpdate(UpdateCoordinatorStandard.java:313)
	at org.hibernate.persister.entity.mutation.UpdateCoordinatorStandard.update(UpdateCoordinatorStandard.java:231)
	at org.hibernate.action.internal.EntityUpdateAction.execute(EntityUpdateAction.java:161)
	at org.hibernate.engine.spi.ActionQueue.executeActions(ActionQueue.java:634)
	at org.hibernate.engine.spi.ActionQueue.executeActions(ActionQueue.java:505)
	at org.hibernate.event.internal.AbstractFlushingEventListener.performExecutions(AbstractFlushingEventListener.java:381)
	at org.hibernate.event.internal.DefaultFlushEventListener.onFlush(DefaultFlushEventListener.java:40)
	at org.hibernate.event.service.internal.EventListenerGroupImpl.fireEventOnEachListener(EventListenerGroupImpl.java:138)
	at org.hibernate.internal.SessionImpl.fireFlush(SessionImpl.java:1484)
	at org.hibernate.internal.SessionImpl.managedFlush(SessionImpl.java:481)
	at org.hibernate.internal.SessionImpl.flushBeforeTransactionCompletion(SessionImpl.java:2111)
	at org.hibernate.internal.SessionImpl.beforeTransactionCompletion(SessionImpl.java:2033)
	at org.hibernate.engine.jdbc.internal.JdbcCoordinatorImpl.beforeTransactionCompletion(JdbcCoordinatorImpl.java:410)
	at org.hibernate.resource.transaction.backend.jdbc.internal.JdbcResourceLocalTransactionCoordinatorImpl.beforeCompletionCallback(JdbcResourceLocalTransactionCoordinatorImpl.java:166)
	at org.hibernate.resource.transaction.backend.jdbc.internal.JdbcResourceLocalTransactionCoordinatorImpl$TransactionDriverControlImpl.commitNoRollbackOnly(JdbcResourceLocalTransactionCoordinatorImpl.java:248)
	at org.hibernate.resource.transaction.backend.jdbc.internal.JdbcResourceLocalTransactionCoordinatorImpl$TransactionDriverControlImpl.commit(JdbcResourceLocalTransactionCoordinatorImpl.java:242)
	at org.hibernate.engine.transaction.internal.TransactionImpl.commit(TransactionImpl.java:89)
	at org.springframework.orm.jpa.JpaTransactionManager.doCommit(JpaTransactionManager.java:553)
	at org.springframework.transaction.support.AbstractPlatformTransactionManager.processCommit(AbstractPlatformTransactionManager.java:794)
	at org.springframework.transaction.support.AbstractPlatformTransactionManager.commit(AbstractPlatformTransactionManager.java:757)
	at org.springframework.transaction.interceptor.TransactionAspectSupport.commitTransactionAfterReturning(TransactionAspectSupport.java:687)
	at org.springframework.transaction.interceptor.TransactionAspectSupport.invokeWithinTransaction(TransactionAspectSupport.java:408)
	at org.springframework.transaction.interceptor.TransactionInterceptor.invoke(TransactionInterceptor.java:130)
	at org.springframework.aop.framework.ReflectiveMethodInvocation.proceed(ReflectiveMethodInvocation.java:179)
	at org.springframework.aop.framework.CglibAopProxy$DynamicAdvisedInterceptor.intercept(CglibAopProxy.java:719)
	at library.com.userservice.services.UserService$$SpringCGLIB$$0.updateCredential(<generated>)
	at library.com.userservice.controllers.UserController.changeCredential(UserController.java:58)
	at java.base/jdk.internal.reflect.DirectMethodHandleAccessor.invoke(DirectMethodHandleAccessor.java:103)
	at java.base/java.lang.reflect.Method.invoke(Method.java:580)
	at org.springframework.web.method.support.InvocableHandlerMethod.doInvoke(InvocableHandlerMethod.java:252)
	at org.springframework.web.method.support.InvocableHandlerMethod.invokeForRequest(InvocableHandlerMethod.java:184)
	at org.springframework.web.servlet.mvc.method.annotation.ServletInvocableHandlerMethod.invokeAndHandle(ServletInvocableHandlerMethod.java:117)
	at org.springframework.web.servlet.mvc.method.annotation.RequestMappingHandlerAdapter.invokeHandlerMethod(RequestMappingHandlerAdapter.java:934)
	at org.springframework.web.servlet.mvc.method.annotation.RequestMappingHandlerAdapter.handleInternal(RequestMappingHandlerAdapter.java:853)
	at org.springframework.web.servlet.mvc.method.AbstractHandlerMethodAdapter.handle(AbstractHandlerMethodAdapter.java:86)
	at org.springframework.web.servlet.DispatcherServlet.doDispatch(DispatcherServlet.java:963)
	at org.springframework.web.servlet.DispatcherServlet.doService(DispatcherServlet.java:866)
	at org.springframework.web.servlet.FrameworkServlet.processRequest(FrameworkServlet.java:1000)
	at org.springframework.web.servlet.FrameworkServlet.service(FrameworkServlet.java:877)
	at jakarta.servlet.http.HttpServlet.service(HttpServlet.java:710)
	at org.apache.catalina.core.ApplicationFilterChain.doFilter(ApplicationFilterChain.java:128)
	at org.apache.tomcat.websocket.server.WsFilter.doFilter(WsFilter.java:53)
	at org.apache.catalina.core.ApplicationFilterChain.doFilter(ApplicationFilterChain.java:107)
	at org.springframework.web.filter.RequestContextFilter.doFilterInternal(RequestContextFilter.java:100)
	at org.springframework.web.filter.OncePerRequestFilter.doFilter(OncePerRequestFilter.java:116)
	at org.apache.catalina.core.ApplicationFilterChain.doFilter(ApplicationFilterChain.java:107)
	at org.springframework.web.filter.FormContentFilter.doFilterInternal(FormContentFilter.java:93)
	at org.springframework.web.filter.OncePerRequestFilter.doFilter(OncePerRequestFilter.java:116)
	at org.apache.catalina.core.ApplicationFilterChain.doFilter(ApplicationFilterChain.java:107)
	at org.springframework.web.filter.CharacterEncodingFilter.doFilterInternal(CharacterEncodingFilter.java:199)
	at org.springframework.web.filter.OncePerRequestFilter.doFilter(OncePerRequestFilter.java:116)
	at org.apache.catalina.core.ApplicationFilterChain.doFilter(ApplicationFilterChain.java:107)
	at org.apache.catalina.core.StandardWrapperValve.invoke(StandardWrapperValve.java:165)
	at org.apache.catalina.core.StandardContextValve.invoke(StandardContextValve.java:77)
	at org.apache.catalina.authenticator.AuthenticatorBase.invoke(AuthenticatorBase.java:492)
	at org.apache.catalina.core.StandardHostValve.invoke(StandardHostValve.java:113)
	at org.apache.catalina.valves.ErrorReportValve.invoke(ErrorReportValve.java:83)
	at org.apache.catalina.core.StandardEngineValve.invoke(StandardEngineValve.java:72)
	at org.apache.catalina.connector.CoyoteAdapter.service(CoyoteAdapter.java:341)
	at org.apache.coyote.http11.Http11Processor.service(Http11Processor.java:397)
	at org.apache.coyote.AbstractProcessorLight.process(AbstractProcessorLight.java:63)
	at org.apache.coyote.AbstractProtocol$ConnectionHandler.process(AbstractProtocol.java:903)
	at org.apache.tomcat.util.net.NioEndpoint$SocketProcessor.doRun(NioEndpoint.java:1779)
	at org.apache.tomcat.util.net.SocketProcessorBase.run(SocketProcessorBase.java:52)
	at org.apache.tomcat.util.threads.ThreadPoolExecutor.runWorker(ThreadPoolExecutor.java:946)
	at org.apache.tomcat.util.threads.ThreadPoolExecutor$Worker.run(ThreadPoolExecutor.java:480)
	at org.apache.tomcat.util.threads.TaskThread$WrappingRunnable.run(TaskThread.java:57)
	at java.base/java.lang.Thread.run(Thread.java:1570)
2026-04-12 15:21:36 | UserService | INFO  | l.c.userservice.services.UserService | The user found. ID: 'c0a80065-9d3f-168f-819d-3f0734b20000'
2026-04-12 15:21:36 | UserService | INFO  | l.c.userservice.services.UserService | Mapping the user entity to userDTO for view
2026-04-12 15:21:36 | UserService | INFO  | l.c.userservice.services.UserService | The user found. ID: 'c0a80065-9d3f-168f-819d-3f0734b20000'
2026-04-12 15:21:36 | UserService | INFO  | l.c.userservice.services.UserService | Mapping the user entity to userDTO for view
2026-04-12 15:22:29 | UserService | INFO  | l.c.userservice.services.UserService | The user updated. ID: 'c0a80065-9d3f-168f-819d-3f0734b20000'
2026-04-12 15:22:29 | UserService | WARN  | org.hibernate.orm.jdbc.error | HHH000247: ErrorCode: 0, SQLState: 23505
2026-04-12 15:22:29 | UserService | WARN  | org.hibernate.orm.jdbc.error | ОШИБКА: повторяющееся значение ключа нарушает ограничение уникальности "person_user_email_key"
  Подробности: Ключ "(user_email)=(abracadabra@gmail.com)" уже существует.
2026-04-12 15:22:29 | UserService | ERROR | o.a.c.c.C.[.[.[.[dispatcherServlet] | Servlet.service() for servlet [dispatcherServlet] in context with path [] threw exception [Request processing failed: org.springframework.dao.DataIntegrityViolationException: could not execute statement [ОШИБКА: повторяющееся значение ключа нарушает ограничение уникальности "person_user_email_key"
  Подробности: Ключ "(user_email)=(abracadabra@gmail.com)" уже существует.] [update person set user_email=?,user_library_code=?,user_name=? where user_id=?]; SQL [update person set user_email=?,user_library_code=?,user_name=? where user_id=?]; constraint [null]] with root cause
org.postgresql.util.PSQLException: ОШИБКА: повторяющееся значение ключа нарушает ограничение уникальности "person_user_email_key"
  Подробности: Ключ "(user_email)=(abracadabra@gmail.com)" уже существует.
	at org.postgresql.core.v3.QueryExecutorImpl.receiveErrorResponse(QueryExecutorImpl.java:2875)
	at org.postgresql.core.v3.QueryExecutorImpl.processResults(QueryExecutorImpl.java:2560)
	at org.postgresql.core.v3.QueryExecutorImpl.execute(QueryExecutorImpl.java:429)
	at org.postgresql.jdbc.PgStatement.executeInternal(PgStatement.java:526)
	at org.postgresql.jdbc.PgStatement.execute(PgStatement.java:436)
	at org.postgresql.jdbc.PgPreparedStatement.executeWithFlags(PgPreparedStatement.java:196)
	at org.postgresql.jdbc.PgPreparedStatement.executeUpdate(PgPreparedStatement.java:157)
	at com.zaxxer.hikari.pool.ProxyPreparedStatement.executeUpdate(ProxyPreparedStatement.java:61)
	at com.zaxxer.hikari.pool.HikariProxyPreparedStatement.executeUpdate(HikariProxyPreparedStatement.java)
	at org.hibernate.engine.jdbc.internal.ResultSetReturnImpl.executeUpdate(ResultSetReturnImpl.java:181)
	at org.hibernate.engine.jdbc.mutation.internal.AbstractMutationExecutor.performNonBatchedMutation(AbstractMutationExecutor.java:145)
	at org.hibernate.engine.jdbc.mutation.internal.MutationExecutorSingleNonBatched.performNonBatchedOperations(MutationExecutorSingleNonBatched.java:53)
	at org.hibernate.engine.jdbc.mutation.internal.AbstractMutationExecutor.execute(AbstractMutationExecutor.java:66)
	at org.hibernate.persister.entity.mutation.UpdateCoordinatorStandard.doStaticUpdate(UpdateCoordinatorStandard.java:776)
	at org.hibernate.persister.entity.mutation.UpdateCoordinatorStandard.performUpdate(UpdateCoordinatorStandard.java:313)
	at org.hibernate.persister.entity.mutation.UpdateCoordinatorStandard.update(UpdateCoordinatorStandard.java:231)
	at org.hibernate.action.internal.EntityUpdateAction.execute(EntityUpdateAction.java:161)
	at org.hibernate.engine.spi.ActionQueue.executeActions(ActionQueue.java:634)
	at org.hibernate.engine.spi.ActionQueue.executeActions(ActionQueue.java:505)
	at org.hibernate.event.internal.AbstractFlushingEventListener.performExecutions(AbstractFlushingEventListener.java:381)
	at org.hibernate.event.internal.DefaultFlushEventListener.onFlush(DefaultFlushEventListener.java:40)
	at org.hibernate.event.service.internal.EventListenerGroupImpl.fireEventOnEachListener(EventListenerGroupImpl.java:138)
	at org.hibernate.internal.SessionImpl.fireFlush(SessionImpl.java:1484)
	at org.hibernate.internal.SessionImpl.managedFlush(SessionImpl.java:481)
	at org.hibernate.internal.SessionImpl.flushBeforeTransactionCompletion(SessionImpl.java:2111)
	at org.hibernate.internal.SessionImpl.beforeTransactionCompletion(SessionImpl.java:2033)
	at org.hibernate.engine.jdbc.internal.JdbcCoordinatorImpl.beforeTransactionCompletion(JdbcCoordinatorImpl.java:410)
	at org.hibernate.resource.transaction.backend.jdbc.internal.JdbcResourceLocalTransactionCoordinatorImpl.beforeCompletionCallback(JdbcResourceLocalTransactionCoordinatorImpl.java:166)
	at org.hibernate.resource.transaction.backend.jdbc.internal.JdbcResourceLocalTransactionCoordinatorImpl$TransactionDriverControlImpl.commitNoRollbackOnly(JdbcResourceLocalTransactionCoordinatorImpl.java:248)
	at org.hibernate.resource.transaction.backend.jdbc.internal.JdbcResourceLocalTransactionCoordinatorImpl$TransactionDriverControlImpl.commit(JdbcResourceLocalTransactionCoordinatorImpl.java:242)
	at org.hibernate.engine.transaction.internal.TransactionImpl.commit(TransactionImpl.java:89)
	at org.springframework.orm.jpa.JpaTransactionManager.doCommit(JpaTransactionManager.java:553)
	at org.springframework.transaction.support.AbstractPlatformTransactionManager.processCommit(AbstractPlatformTransactionManager.java:794)
	at org.springframework.transaction.support.AbstractPlatformTransactionManager.commit(AbstractPlatformTransactionManager.java:757)
	at org.springframework.transaction.interceptor.TransactionAspectSupport.commitTransactionAfterReturning(TransactionAspectSupport.java:687)
	at org.springframework.transaction.interceptor.TransactionAspectSupport.invokeWithinTransaction(TransactionAspectSupport.java:408)
	at org.springframework.transaction.interceptor.TransactionInterceptor.invoke(TransactionInterceptor.java:130)
	at org.springframework.aop.framework.ReflectiveMethodInvocation.proceed(ReflectiveMethodInvocation.java:179)
	at org.springframework.aop.framework.CglibAopProxy$DynamicAdvisedInterceptor.intercept(CglibAopProxy.java:719)
	at library.com.userservice.services.UserService$$SpringCGLIB$$0.updateCredential(<generated>)
	at library.com.userservice.controllers.UserController.changeCredential(UserController.java:58)
	at java.base/jdk.internal.reflect.DirectMethodHandleAccessor.invoke(DirectMethodHandleAccessor.java:103)
	at java.base/java.lang.reflect.Method.invoke(Method.java:580)
	at org.springframework.web.method.support.InvocableHandlerMethod.doInvoke(InvocableHandlerMethod.java:252)
	at org.springframework.web.method.support.InvocableHandlerMethod.invokeForRequest(InvocableHandlerMethod.java:184)
	at org.springframework.web.servlet.mvc.method.annotation.ServletInvocableHandlerMethod.invokeAndHandle(ServletInvocableHandlerMethod.java:117)
	at org.springframework.web.servlet.mvc.method.annotation.RequestMappingHandlerAdapter.invokeHandlerMethod(RequestMappingHandlerAdapter.java:934)
	at org.springframework.web.servlet.mvc.method.annotation.RequestMappingHandlerAdapter.handleInternal(RequestMappingHandlerAdapter.java:853)
	at org.springframework.web.servlet.mvc.method.AbstractHandlerMethodAdapter.handle(AbstractHandlerMethodAdapter.java:86)
	at org.springframework.web.servlet.DispatcherServlet.doDispatch(DispatcherServlet.java:963)
	at org.springframework.web.servlet.DispatcherServlet.doService(DispatcherServlet.java:866)
	at org.springframework.web.servlet.FrameworkServlet.processRequest(FrameworkServlet.java:1000)
	at org.springframework.web.servlet.FrameworkServlet.service(FrameworkServlet.java:877)
	at jakarta.servlet.http.HttpServlet.service(HttpServlet.java:710)
	at org.apache.catalina.core.ApplicationFilterChain.doFilter(ApplicationFilterChain.java:128)
	at org.apache.tomcat.websocket.server.WsFilter.doFilter(WsFilter.java:53)
	at org.apache.catalina.core.ApplicationFilterChain.doFilter(ApplicationFilterChain.java:107)
	at org.springframework.web.filter.RequestContextFilter.doFilterInternal(RequestContextFilter.java:100)
	at org.springframework.web.filter.OncePerRequestFilter.doFilter(OncePerRequestFilter.java:116)
	at org.apache.catalina.core.ApplicationFilterChain.doFilter(ApplicationFilterChain.java:107)
	at org.springframework.web.filter.FormContentFilter.doFilterInternal(FormContentFilter.java:93)
	at org.springframework.web.filter.OncePerRequestFilter.doFilter(OncePerRequestFilter.java:116)
	at org.apache.catalina.core.ApplicationFilterChain.doFilter(ApplicationFilterChain.java:107)
	at org.springframework.web.filter.CharacterEncodingFilter.doFilterInternal(CharacterEncodingFilter.java:199)
	at org.springframework.web.filter.OncePerRequestFilter.doFilter(OncePerRequestFilter.java:116)
	at org.apache.catalina.core.ApplicationFilterChain.doFilter(ApplicationFilterChain.java:107)
	at org.apache.catalina.core.StandardWrapperValve.invoke(StandardWrapperValve.java:165)
	at org.apache.catalina.core.StandardContextValve.invoke(StandardContextValve.java:77)
	at org.apache.catalina.authenticator.AuthenticatorBase.invoke(AuthenticatorBase.java:492)
	at org.apache.catalina.core.StandardHostValve.invoke(StandardHostValve.java:113)
	at org.apache.catalina.valves.ErrorReportValve.invoke(ErrorReportValve.java:83)
	at org.apache.catalina.core.StandardEngineValve.invoke(StandardEngineValve.java:72)
	at org.apache.catalina.connector.CoyoteAdapter.service(CoyoteAdapter.java:341)
	at org.apache.coyote.http11.Http11Processor.service(Http11Processor.java:397)
	at org.apache.coyote.AbstractProcessorLight.process(AbstractProcessorLight.java:63)
	at org.apache.coyote.AbstractProtocol$ConnectionHandler.process(AbstractProtocol.java:903)
	at org.apache.tomcat.util.net.NioEndpoint$SocketProcessor.doRun(NioEndpoint.java:1779)
	at org.apache.tomcat.util.net.SocketProcessorBase.run(SocketProcessorBase.java:52)
	at org.apache.tomcat.util.threads.ThreadPoolExecutor.runWorker(ThreadPoolExecutor.java:946)
	at org.apache.tomcat.util.threads.ThreadPoolExecutor$Worker.run(ThreadPoolExecutor.java:480)
	at org.apache.tomcat.util.threads.TaskThread$WrappingRunnable.run(TaskThread.java:57)
	at java.base/java.lang.Thread.run(Thread.java:1570)
2026-04-12 15:22:29 | UserService | INFO  | l.c.userservice.services.UserService | The user found. ID: 'c0a80065-9d3f-168f-819d-3f0734b20000'
2026-04-12 15:22:29 | UserService | INFO  | l.c.userservice.services.UserService | Mapping the user entity to userDTO for view
2026-04-12 15:22:29 | UserService | INFO  | l.c.userservice.services.UserService | The user found. ID: 'c0a80065-9d3f-168f-819d-3f0734b20000'
2026-04-12 15:22:29 | UserService | INFO  | l.c.userservice.services.UserService | Mapping the user entity to userDTO for view
2026-04-12 15:26:44 | UserService | INFO  | l.c.userservice.services.UserService | The user updated. ID: 'c0a80065-9d3f-168f-819d-3f0734b20000'
2026-04-12 15:26:51 | UserService | WARN  | o.s.w.s.m.s.DefaultHandlerExceptionResolver | Resolved [org.springframework.web.HttpRequestMethodNotSupportedException: Request method 'POST' is not supported]
2026-04-12 15:27:53 | UserService | INFO  | l.c.userservice.services.UserService | The user updated. ID: 'c0a80065-9d3f-168f-819d-3f0734b20000'
2026-04-12 15:27:53 | UserService | INFO  | l.c.userservice.services.UserService | The user found. ID: 'c0a80065-9d3f-168f-819d-3f0734b20000'
2026-04-12 15:27:53 | UserService | INFO  | l.c.userservice.services.UserService | Mapping the user entity to userDTO for view
2026-04-12 15:27:53 | UserService | INFO  | l.c.userservice.services.UserService | The user found. ID: 'c0a80065-9d3f-168f-819d-3f0734b20000'
2026-04-12 15:27:53 | UserService | INFO  | l.c.userservice.services.UserService | Mapping the user entity to userDTO for view
2026-04-12 15:28:57 | UserService | INFO  | l.c.userservice.services.UserService | The user found. ID: 'c0a80065-9d3f-168f-819d-3f0734b20000'
2026-04-12 15:28:57 | UserService | INFO  | l.c.userservice.services.UserService | Mapping the user entity to userDTO for view
2026-04-12 15:28:57 | UserService | INFO  | l.c.userservice.services.UserService | The user found. ID: 'c0a80065-9d3f-168f-819d-3f0734b20000'
2026-04-12 15:28:57 | UserService | INFO  | l.c.userservice.services.UserService | Mapping the user entity to userDTO for view
2026-04-12 15:29:30 | UserService | INFO  | l.c.userservice.services.UserService | The user found. ID: 'c0a80065-9d3f-168f-819d-3f0734b20000'
2026-04-12 15:29:30 | UserService | INFO  | l.c.userservice.services.UserService | Mapping the user entity to userDTO for view
2026-04-12 15:29:30 | UserService | INFO  | l.c.userservice.services.UserService | The user found. ID: 'c0a80065-9d3f-168f-819d-3f0734b20000'
2026-04-12 15:29:30 | UserService | INFO  | l.c.userservice.services.UserService | Mapping the user entity to userDTO for view
2026-04-12 15:31:06 | UserService | WARN  | l.c.userservice.services.UserService | The user not found. ID: 'c0a80065-9d3e-1e22-819d-3f0373d40001'
2026-04-12 15:31:21 | UserService | WARN  | l.c.userservice.services.UserService | The user not found. ID: 'c0a80065-9d3e-1e22-819d-3f0373d40001'
2026-04-12 15:31:21 | UserService | WARN  | l.c.userservice.services.UserService | The user not found. ID: 'c0a80065-9d3e-1e22-819d-3f0373d40001'
2026-04-12 15:36:20 | UserService | WARN  | l.c.userservice.services.UserService | The user not found. ID: 'c0a80065-9d3e-1e22-819d-3f0373d40001'
2026-04-12 15:36:20 | UserService | WARN  | l.c.userservice.services.UserService | The user not found. ID: 'c0a80065-9d3e-1e22-819d-3f0373d40001'
2026-04-12 15:36:20 | UserService | WARN  | l.c.userservice.services.UserService | The user not found. ID: 'c0a80065-9d3e-1e22-819d-3f0373d40001'
2026-04-12 15:36:54 | UserService | WARN  | l.c.userservice.services.UserService | The user not found. ID: 'c0a80065-9d3e-1e22-819d-3f0373d40001'
2026-04-12 15:36:54 | UserService | WARN  | l.c.userservice.services.UserService | The user not found. ID: 'c0a80065-9d3e-1e22-819d-3f0373d40001'
2026-04-12 15:36:54 | UserService | WARN  | l.c.userservice.services.UserService | The user not found. ID: 'c0a80065-9d3e-1e22-819d-3f0373d40001'
2026-04-12 15:37:03 | UserService | WARN  | o.s.w.s.m.s.DefaultHandlerExceptionResolver | Resolved [org.springframework.web.HttpRequestMethodNotSupportedException: Request method 'POST' is not supported]
2026-04-12 15:37:08 | UserService | INFO  | l.c.userservice.services.UserService | The user updated. ID: 'c0a80065-9d3f-168f-819d-3f0734b20000'
2026-04-12 15:37:22 | UserService | WARN  | l.c.userservice.services.UserService | The user not found. ID: 'c0a80065-9d3e-1e22-819d-3f0373d40001'
2026-04-12 15:37:22 | UserService | WARN  | l.c.userservice.services.UserService | The user not found. ID: 'c0a80065-9d3e-1e22-819d-3f0373d40001'
2026-04-12 15:37:23 | UserService | WARN  | l.c.userservice.services.UserService | The user not found. ID: 'c0a80065-9d3e-1e22-819d-3f0373d40001'
2026-04-12 15:38:49 | UserService | INFO  | l.c.userservice.services.UserService | Mapping the userDTO to entity
2026-04-12 15:38:50 | UserService | INFO  | l.c.userservice.services.UserService | User saved. ID: 'c0a80065-9d81-1ffe-819d-81b3af5f0000'
2026-04-12 15:38:50 | UserService | WARN  | org.hibernate.orm.jdbc.error | HHH000247: ErrorCode: 0, SQLState: 23505
2026-04-12 15:38:50 | UserService | WARN  | org.hibernate.orm.jdbc.error | ОШИБКА: повторяющееся значение ключа нарушает ограничение уникальности "person_user_email_key"
  Подробности: Ключ "(user_email)=(abracadabra@gmail.com)" уже существует.
2026-04-12 15:38:50 | UserService | ERROR | o.a.c.c.C.[.[.[.[dispatcherServlet] | Servlet.service() for servlet [dispatcherServlet] in context with path [] threw exception [Request processing failed: org.springframework.dao.DataIntegrityViolationException: could not execute statement [ОШИБКА: повторяющееся значение ключа нарушает ограничение уникальности "person_user_email_key"
  Подробности: Ключ "(user_email)=(abracadabra@gmail.com)" уже существует.] [insert into person (user_email,user_library_code,user_name,user_id) values (?,?,?,?)]; SQL [insert into person (user_email,user_library_code,user_name,user_id) values (?,?,?,?)]; constraint [null]] with root cause
org.postgresql.util.PSQLException: ОШИБКА: повторяющееся значение ключа нарушает ограничение уникальности "person_user_email_key"
  Подробности: Ключ "(user_email)=(abracadabra@gmail.com)" уже существует.
	at org.postgresql.core.v3.QueryExecutorImpl.receiveErrorResponse(QueryExecutorImpl.java:2875)
	at org.postgresql.core.v3.QueryExecutorImpl.processResults(QueryExecutorImpl.java:2560)
	at org.postgresql.core.v3.QueryExecutorImpl.execute(QueryExecutorImpl.java:429)
	at org.postgresql.jdbc.PgStatement.executeInternal(PgStatement.java:526)
	at org.postgresql.jdbc.PgStatement.execute(PgStatement.java:436)
	at org.postgresql.jdbc.PgPreparedStatement.executeWithFlags(PgPreparedStatement.java:196)
	at org.postgresql.jdbc.PgPreparedStatement.executeUpdate(PgPreparedStatement.java:157)
	at com.zaxxer.hikari.pool.ProxyPreparedStatement.executeUpdate(ProxyPreparedStatement.java:61)
	at com.zaxxer.hikari.pool.HikariProxyPreparedStatement.executeUpdate(HikariProxyPreparedStatement.java)
	at org.hibernate.engine.jdbc.internal.ResultSetReturnImpl.executeUpdate(ResultSetReturnImpl.java:181)
	at org.hibernate.engine.jdbc.mutation.internal.AbstractMutationExecutor.performNonBatchedMutation(AbstractMutationExecutor.java:145)
	at org.hibernate.engine.jdbc.mutation.internal.MutationExecutorSingleNonBatched.performNonBatchedOperations(MutationExecutorSingleNonBatched.java:53)
	at org.hibernate.engine.jdbc.mutation.internal.AbstractMutationExecutor.execute(AbstractMutationExecutor.java:66)
	at org.hibernate.engine.jdbc.mutation.internal.AbstractMutationExecutor.execute(AbstractMutationExecutor.java:55)
	at org.hibernate.persister.entity.mutation.InsertCoordinatorStandard.doStaticInserts(InsertCoordinatorStandard.java:180)
	at org.hibernate.persister.entity.mutation.InsertCoordinatorStandard.coordinateInsert(InsertCoordinatorStandard.java:120)
	at org.hibernate.persister.entity.mutation.InsertCoordinatorStandard.insert(InsertCoordinatorStandard.java:93)
	at org.hibernate.action.internal.EntityInsertAction.execute(EntityInsertAction.java:108)
	at org.hibernate.engine.spi.ActionQueue.executeActions(ActionQueue.java:634)
	at org.hibernate.engine.spi.ActionQueue.executeActions(ActionQueue.java:505)
	at org.hibernate.event.internal.AbstractFlushingEventListener.performExecutions(AbstractFlushingEventListener.java:381)
	at org.hibernate.event.internal.DefaultFlushEventListener.onFlush(DefaultFlushEventListener.java:40)
	at org.hibernate.event.service.internal.EventListenerGroupImpl.fireEventOnEachListener(EventListenerGroupImpl.java:138)
	at org.hibernate.internal.SessionImpl.fireFlush(SessionImpl.java:1484)
	at org.hibernate.internal.SessionImpl.managedFlush(SessionImpl.java:481)
	at org.hibernate.internal.SessionImpl.flushBeforeTransactionCompletion(SessionImpl.java:2111)
	at org.hibernate.internal.SessionImpl.beforeTransactionCompletion(SessionImpl.java:2033)
	at org.hibernate.engine.jdbc.internal.JdbcCoordinatorImpl.beforeTransactionCompletion(JdbcCoordinatorImpl.java:410)
	at org.hibernate.resource.transaction.backend.jdbc.internal.JdbcResourceLocalTransactionCoordinatorImpl.beforeCompletionCallback(JdbcResourceLocalTransactionCoordinatorImpl.java:166)
	at org.hibernate.resource.transaction.backend.jdbc.internal.JdbcResourceLocalTransactionCoordinatorImpl$TransactionDriverControlImpl.commitNoRollbackOnly(JdbcResourceLocalTransactionCoordinatorImpl.java:248)
	at org.hibernate.resource.transaction.backend.jdbc.internal.JdbcResourceLocalTransactionCoordinatorImpl$TransactionDriverControlImpl.commit(JdbcResourceLocalTransactionCoordinatorImpl.java:242)
	at org.hibernate.engine.transaction.internal.TransactionImpl.commit(TransactionImpl.java:89)
	at org.springframework.orm.jpa.JpaTransactionManager.doCommit(JpaTransactionManager.java:553)
	at org.springframework.transaction.support.AbstractPlatformTransactionManager.processCommit(AbstractPlatformTransactionManager.java:794)
	at org.springframework.transaction.support.AbstractPlatformTransactionManager.commit(AbstractPlatformTransactionManager.java:757)
	at org.springframework.transaction.interceptor.TransactionAspectSupport.commitTransactionAfterReturning(TransactionAspectSupport.java:687)
	at org.springframework.transaction.interceptor.TransactionAspectSupport.invokeWithinTransaction(TransactionAspectSupport.java:408)
	at org.springframework.transaction.interceptor.TransactionInterceptor.invoke(TransactionInterceptor.java:130)
	at org.springframework.aop.framework.ReflectiveMethodInvocation.proceed(ReflectiveMethodInvocation.java:179)
	at org.springframework.aop.framework.CglibAopProxy$DynamicAdvisedInterceptor.intercept(CglibAopProxy.java:719)
	at library.com.userservice.services.UserService$$SpringCGLIB$$0.save(<generated>)
	at library.com.userservice.controllers.UserController.create(UserController.java:45)
	at java.base/jdk.internal.reflect.DirectMethodHandleAccessor.invoke(DirectMethodHandleAccessor.java:103)
	at java.base/java.lang.reflect.Method.invoke(Method.java:580)
	at org.springframework.web.method.support.InvocableHandlerMethod.doInvoke(InvocableHandlerMethod.java:252)
	at org.springframework.web.method.support.InvocableHandlerMethod.invokeForRequest(InvocableHandlerMethod.java:184)
	at org.springframework.web.servlet.mvc.method.annotation.ServletInvocableHandlerMethod.invokeAndHandle(ServletInvocableHandlerMethod.java:117)
	at org.springframework.web.servlet.mvc.method.annotation.RequestMappingHandlerAdapter.invokeHandlerMethod(RequestMappingHandlerAdapter.java:934)
	at org.springframework.web.servlet.mvc.method.annotation.RequestMappingHandlerAdapter.handleInternal(RequestMappingHandlerAdapter.java:853)
	at org.springframework.web.servlet.mvc.method.AbstractHandlerMethodAdapter.handle(AbstractHandlerMethodAdapter.java:86)
	at org.springframework.web.servlet.DispatcherServlet.doDispatch(DispatcherServlet.java:963)
	at org.springframework.web.servlet.DispatcherServlet.doService(DispatcherServlet.java:866)
	at org.springframework.web.servlet.FrameworkServlet.processRequest(FrameworkServlet.java:1000)
	at org.springframework.web.servlet.FrameworkServlet.doPost(FrameworkServlet.java:903)
	at jakarta.servlet.http.HttpServlet.service(HttpServlet.java:649)
	at org.springframework.web.servlet.FrameworkServlet.service(FrameworkServlet.java:874)
	at jakarta.servlet.http.HttpServlet.service(HttpServlet.java:710)
	at org.apache.catalina.core.ApplicationFilterChain.doFilter(ApplicationFilterChain.java:128)
	at org.apache.tomcat.websocket.server.WsFilter.doFilter(WsFilter.java:53)
	at org.apache.catalina.core.ApplicationFilterChain.doFilter(ApplicationFilterChain.java:107)
	at org.springframework.web.filter.RequestContextFilter.doFilterInternal(RequestContextFilter.java:100)
	at org.springframework.web.filter.OncePerRequestFilter.doFilter(OncePerRequestFilter.java:116)
	at org.apache.catalina.core.ApplicationFilterChain.doFilter(ApplicationFilterChain.java:107)
	at org.springframework.web.filter.FormContentFilter.doFilterInternal(FormContentFilter.java:93)
	at org.springframework.web.filter.OncePerRequestFilter.doFilter(OncePerRequestFilter.java:116)
	at org.apache.catalina.core.ApplicationFilterChain.doFilter(ApplicationFilterChain.java:107)
	at org.springframework.web.filter.CharacterEncodingFilter.doFilterInternal(CharacterEncodingFilter.java:199)
	at org.springframework.web.filter.OncePerRequestFilter.doFilter(OncePerRequestFilter.java:116)
	at org.apache.catalina.core.ApplicationFilterChain.doFilter(ApplicationFilterChain.java:107)
	at org.apache.catalina.core.StandardWrapperValve.invoke(StandardWrapperValve.java:165)
	at org.apache.catalina.core.StandardContextValve.invoke(StandardContextValve.java:77)
	at org.apache.catalina.authenticator.AuthenticatorBase.invoke(AuthenticatorBase.java:492)
	at org.apache.catalina.core.StandardHostValve.invoke(StandardHostValve.java:113)
	at org.apache.catalina.valves.ErrorReportValve.invoke(ErrorReportValve.java:83)
	at org.apache.catalina.core.StandardEngineValve.invoke(StandardEngineValve.java:72)
	at org.apache.catalina.connector.CoyoteAdapter.service(CoyoteAdapter.java:341)
	at org.apache.coyote.http11.Http11Processor.service(Http11Processor.java:397)
	at org.apache.coyote.AbstractProcessorLight.process(AbstractProcessorLight.java:63)
	at org.apache.coyote.AbstractProtocol$ConnectionHandler.process(AbstractProtocol.java:903)
	at org.apache.tomcat.util.net.NioEndpoint$SocketProcessor.doRun(NioEndpoint.java:1779)
	at org.apache.tomcat.util.net.SocketProcessorBase.run(SocketProcessorBase.java:52)
	at org.apache.tomcat.util.threads.ThreadPoolExecutor.runWorker(ThreadPoolExecutor.java:946)
	at org.apache.tomcat.util.threads.ThreadPoolExecutor$Worker.run(ThreadPoolExecutor.java:480)
	at org.apache.tomcat.util.threads.TaskThread$WrappingRunnable.run(TaskThread.java:57)
	at java.base/java.lang.Thread.run(Thread.java:1570)
2026-04-12 15:40:34 | UserService | INFO  | l.c.userservice.services.UserService | Mapping the userDTO to entity
2026-04-12 15:40:34 | UserService | INFO  | l.c.userservice.services.UserService | User saved. ID: 'c0a80065-9d81-1ffe-819d-81b5493c0001'
2026-04-12 15:40:40 | UserService | INFO  | l.c.userservice.services.UserService | The user found. ID: 'c0a80065-9d81-1ffe-819d-81b5493c0001'
2026-04-12 15:40:40 | UserService | INFO  | l.c.userservice.services.UserService | Mapping the user entity to userDTO for view
2026-04-12 15:40:49 | UserService | INFO  | l.c.userservice.services.UserService | The user updated. ID: 'c0a80065-9d81-1ffe-819d-81b5493c0001'
2026-04-12 16:20:22 | UserService | INFO  | o.s.boot.tomcat.GracefulShutdown | Commencing graceful shutdown. Waiting for active requests to complete
2026-04-12 16:20:22 | UserService | INFO  | o.s.boot.tomcat.GracefulShutdown | Graceful shutdown complete
2026-04-12 16:20:22 | UserService | INFO  | o.s.o.j.LocalContainerEntityManagerFactoryBean | Closing JPA EntityManagerFactory for persistence unit 'default'
2026-04-12 16:20:22 | UserService | INFO  | com.zaxxer.hikari.HikariDataSource | HikariPool-1 - Shutdown initiated...
2026-04-12 16:20:22 | UserService | INFO  | com.zaxxer.hikari.HikariDataSource | HikariPool-1 - Shutdown completed.
2026-04-12 16:20:28 | UserService | INFO  | o.h.validator.internal.util.Version | HV000001: Hibernate Validator 9.0.1.Final
2026-04-12 16:20:28 | UserService | INFO  | l.c.u.UserServiceApplication | Starting UserServiceApplication using Java 22.0.1 with PID 26000 (D:\Library\UserService\target\classes started by vasia in D:\Library\UserService)
2026-04-12 16:20:28 | UserService | INFO  | l.c.u.UserServiceApplication | No active profile set, falling back to 1 default profile: "default"
2026-04-12 16:20:29 | UserService | INFO  | o.s.d.r.c.RepositoryConfigurationDelegate | Bootstrapping Spring Data JPA repositories in DEFAULT mode.
2026-04-12 16:20:29 | UserService | INFO  | o.s.d.r.c.RepositoryConfigurationDelegate | Finished Spring Data repository scanning in 44 ms. Found 1 JPA repository interface.
2026-04-12 16:20:29 | UserService | INFO  | o.s.boot.tomcat.TomcatWebServer | Tomcat initialized with port 8087 (http)
2026-04-12 16:20:29 | UserService | INFO  | o.a.coyote.http11.Http11NioProtocol | Initializing ProtocolHandler ["http-nio-8087"]
2026-04-12 16:20:29 | UserService | INFO  | o.a.catalina.core.StandardService | Starting service [Tomcat]
2026-04-12 16:20:29 | UserService | INFO  | o.a.catalina.core.StandardEngine | Starting Servlet engine: [Apache Tomcat/11.0.20]
2026-04-12 16:20:30 | UserService | INFO  | o.s.b.w.c.s.WebApplicationContextInitializer | Root WebApplicationContext: initialization completed in 1217 ms
2026-04-12 16:20:30 | UserService | INFO  | com.zaxxer.hikari.HikariDataSource | HikariPool-1 - Starting...
2026-04-12 16:20:30 | UserService | INFO  | com.zaxxer.hikari.pool.HikariPool | HikariPool-1 - Added connection org.postgresql.jdbc.PgConnection@437ed416
2026-04-12 16:20:30 | UserService | INFO  | com.zaxxer.hikari.HikariDataSource | HikariPool-1 - Start completed.
2026-04-12 16:20:30 | UserService | INFO  | org.hibernate.orm.jpa | HHH008540: Processing PersistenceUnitInfo [name: default]
2026-04-12 16:20:30 | UserService | INFO  | org.hibernate.orm.core | HHH000001: Hibernate ORM core version 7.2.7.Final
2026-04-12 16:20:31 | UserService | INFO  | o.s.o.j.p.SpringPersistenceUnitInfo | No LoadTimeWeaver setup: ignoring JPA class transformer
2026-04-12 16:20:31 | UserService | WARN  | org.hibernate.orm.deprecation | HHH90000025: PostgreSQLDialect does not need to be specified explicitly using 'hibernate.dialect' (remove the property setting and it will be selected by default)
2026-04-12 16:20:31 | UserService | INFO  | o.hibernate.orm.connections.pooling | HHH10001005: Database info:
	Database JDBC URL [jdbc:postgresql://localhost:5432/library_db]
	Database driver: PostgreSQL JDBC Driver
	Database dialect: PostgreSQLDialect
	Database version: 17.2
	Default catalog/schema: library_db/public
	Autocommit mode: undefined/unknown
	Isolation level: READ_COMMITTED [default READ_COMMITTED]
	JDBC fetch size: none
	Pool: DataSourceConnectionProvider
	Minimum pool size: undefined/unknown
	Maximum pool size: undefined/unknown
2026-04-12 16:20:32 | UserService | INFO  | org.hibernate.orm.core | HHH000489: No JTA platform available (set 'hibernate.transaction.jta.platform' to enable JTA platform integration)
2026-04-12 16:20:32 | UserService | INFO  | o.s.o.j.LocalContainerEntityManagerFactoryBean | Initialized JPA EntityManagerFactory for persistence unit 'default'
2026-04-12 16:20:32 | UserService | INFO  | o.s.d.j.r.q.QueryEnhancerFactories | Hibernate is in classpath; If applicable, HQL parser will be used.
2026-04-12 16:20:32 | UserService | WARN  | o.s.b.j.a.JpaBaseConfiguration$JpaWebConfiguration | spring.jpa.open-in-view is enabled by default. Therefore, database queries may be performed during view rendering. Explicitly configure spring.jpa.open-in-view to disable this warning
2026-04-12 16:20:32 | UserService | INFO  | o.a.coyote.http11.Http11NioProtocol | Starting ProtocolHandler ["http-nio-8087"]
2026-04-12 16:20:32 | UserService | INFO  | o.s.boot.tomcat.TomcatWebServer | Tomcat started on port 8087 (http) with context path '/'
2026-04-12 16:20:32 | UserService | INFO  | l.c.u.UserServiceApplication | Started UserServiceApplication in 4.677 seconds (process running for 5.68)
2026-04-12 16:22:08 | UserService | INFO  | o.a.c.c.C.[Tomcat].[localhost].[/] | Initializing Spring DispatcherServlet 'dispatcherServlet'
2026-04-12 16:22:08 | UserService | INFO  | o.s.web.servlet.DispatcherServlet | Initializing Servlet 'dispatcherServlet'
2026-04-12 16:22:08 | UserService | INFO  | o.s.web.servlet.DispatcherServlet | Completed initialization in 1 ms
2026-04-12 16:22:08 | UserService | INFO  | l.c.userservice.services.UserService | The user found. ID: 'c0a80065-9d81-1ffe-819d-81b5493c0001'
2026-04-12 16:22:08 | UserService | INFO  | l.c.userservice.services.UserService | Mapping the user entity to userDTO for view
2026-04-12 16:22:29 | UserService | INFO  | l.c.userservice.services.UserService | The user updated. ID: 'c0a80065-9d81-1ffe-819d-81b5493c0001'
2026-04-12 16:22:29 | UserService | WARN  | org.hibernate.orm.jdbc.error | HHH000247: ErrorCode: 0, SQLState: 23505
2026-04-12 16:22:29 | UserService | WARN  | org.hibernate.orm.jdbc.error | ОШИБКА: повторяющееся значение ключа нарушает ограничение уникальности "person_user_email_key"
  Подробности: Ключ "(user_email)=(abracadabra@gmail.com)" уже существует.
2026-04-12 16:22:29 | UserService | ERROR | o.a.c.c.C.[.[.[.[dispatcherServlet] | Servlet.service() for servlet [dispatcherServlet] in context with path [] threw exception [Request processing failed: org.springframework.dao.DataIntegrityViolationException: could not execute statement [ОШИБКА: повторяющееся значение ключа нарушает ограничение уникальности "person_user_email_key"
  Подробности: Ключ "(user_email)=(abracadabra@gmail.com)" уже существует.] [update person set user_email=?,user_library_code=?,user_name=? where user_id=?]; SQL [update person set user_email=?,user_library_code=?,user_name=? where user_id=?]; constraint [null]] with root cause
org.postgresql.util.PSQLException: ОШИБКА: повторяющееся значение ключа нарушает ограничение уникальности "person_user_email_key"
  Подробности: Ключ "(user_email)=(abracadabra@gmail.com)" уже существует.
	at org.postgresql.core.v3.QueryExecutorImpl.receiveErrorResponse(QueryExecutorImpl.java:2875)
	at org.postgresql.core.v3.QueryExecutorImpl.processResults(QueryExecutorImpl.java:2560)
	at org.postgresql.core.v3.QueryExecutorImpl.execute(QueryExecutorImpl.java:429)
	at org.postgresql.jdbc.PgStatement.executeInternal(PgStatement.java:526)
	at org.postgresql.jdbc.PgStatement.execute(PgStatement.java:436)
	at org.postgresql.jdbc.PgPreparedStatement.executeWithFlags(PgPreparedStatement.java:196)
	at org.postgresql.jdbc.PgPreparedStatement.executeUpdate(PgPreparedStatement.java:157)
	at com.zaxxer.hikari.pool.ProxyPreparedStatement.executeUpdate(ProxyPreparedStatement.java:61)
	at com.zaxxer.hikari.pool.HikariProxyPreparedStatement.executeUpdate(HikariProxyPreparedStatement.java)
	at org.hibernate.engine.jdbc.internal.ResultSetReturnImpl.executeUpdate(ResultSetReturnImpl.java:181)
	at org.hibernate.engine.jdbc.mutation.internal.AbstractMutationExecutor.performNonBatchedMutation(AbstractMutationExecutor.java:145)
	at org.hibernate.engine.jdbc.mutation.internal.MutationExecutorSingleNonBatched.performNonBatchedOperations(MutationExecutorSingleNonBatched.java:53)
	at org.hibernate.engine.jdbc.mutation.internal.AbstractMutationExecutor.execute(AbstractMutationExecutor.java:66)
	at org.hibernate.persister.entity.mutation.UpdateCoordinatorStandard.doStaticUpdate(UpdateCoordinatorStandard.java:776)
	at org.hibernate.persister.entity.mutation.UpdateCoordinatorStandard.performUpdate(UpdateCoordinatorStandard.java:313)
	at org.hibernate.persister.entity.mutation.UpdateCoordinatorStandard.update(UpdateCoordinatorStandard.java:231)
	at org.hibernate.action.internal.EntityUpdateAction.execute(EntityUpdateAction.java:161)
	at org.hibernate.engine.spi.ActionQueue.executeActions(ActionQueue.java:634)
	at org.hibernate.engine.spi.ActionQueue.executeActions(ActionQueue.java:505)
	at org.hibernate.event.internal.AbstractFlushingEventListener.performExecutions(AbstractFlushingEventListener.java:381)
	at org.hibernate.event.internal.DefaultFlushEventListener.onFlush(DefaultFlushEventListener.java:40)
	at org.hibernate.event.service.internal.EventListenerGroupImpl.fireEventOnEachListener(EventListenerGroupImpl.java:138)
	at org.hibernate.internal.SessionImpl.fireFlush(SessionImpl.java:1484)
	at org.hibernate.internal.SessionImpl.managedFlush(SessionImpl.java:481)
	at org.hibernate.internal.SessionImpl.flushBeforeTransactionCompletion(SessionImpl.java:2111)
	at org.hibernate.internal.SessionImpl.beforeTransactionCompletion(SessionImpl.java:2033)
	at org.hibernate.engine.jdbc.internal.JdbcCoordinatorImpl.beforeTransactionCompletion(JdbcCoordinatorImpl.java:410)
	at org.hibernate.resource.transaction.backend.jdbc.internal.JdbcResourceLocalTransactionCoordinatorImpl.beforeCompletionCallback(JdbcResourceLocalTransactionCoordinatorImpl.java:166)
	at org.hibernate.resource.transaction.backend.jdbc.internal.JdbcResourceLocalTransactionCoordinatorImpl$TransactionDriverControlImpl.commitNoRollbackOnly(JdbcResourceLocalTransactionCoordinatorImpl.java:248)
	at org.hibernate.resource.transaction.backend.jdbc.internal.JdbcResourceLocalTransactionCoordinatorImpl$TransactionDriverControlImpl.commit(JdbcResourceLocalTransactionCoordinatorImpl.java:242)
	at org.hibernate.engine.transaction.internal.TransactionImpl.commit(TransactionImpl.java:89)
	at org.springframework.orm.jpa.JpaTransactionManager.doCommit(JpaTransactionManager.java:553)
	at org.springframework.transaction.support.AbstractPlatformTransactionManager.processCommit(AbstractPlatformTransactionManager.java:794)
	at org.springframework.transaction.support.AbstractPlatformTransactionManager.commit(AbstractPlatformTransactionManager.java:757)
	at org.springframework.transaction.interceptor.TransactionAspectSupport.commitTransactionAfterReturning(TransactionAspectSupport.java:687)
	at org.springframework.transaction.interceptor.TransactionAspectSupport.invokeWithinTransaction(TransactionAspectSupport.java:408)
	at org.springframework.transaction.interceptor.TransactionInterceptor.invoke(TransactionInterceptor.java:130)
	at org.springframework.aop.framework.ReflectiveMethodInvocation.proceed(ReflectiveMethodInvocation.java:179)
	at org.springframework.aop.framework.CglibAopProxy$DynamicAdvisedInterceptor.intercept(CglibAopProxy.java:719)
	at library.com.userservice.services.UserService$$SpringCGLIB$$0.updateCredential(<generated>)
	at library.com.userservice.controllers.UserController.changeCredential(UserController.java:58)
	at java.base/jdk.internal.reflect.DirectMethodHandleAccessor.invoke(DirectMethodHandleAccessor.java:103)
	at java.base/java.lang.reflect.Method.invoke(Method.java:580)
	at org.springframework.web.method.support.InvocableHandlerMethod.doInvoke(InvocableHandlerMethod.java:252)
	at org.springframework.web.method.support.InvocableHandlerMethod.invokeForRequest(InvocableHandlerMethod.java:184)
	at org.springframework.web.servlet.mvc.method.annotation.ServletInvocableHandlerMethod.invokeAndHandle(ServletInvocableHandlerMethod.java:117)
	at org.springframework.web.servlet.mvc.method.annotation.RequestMappingHandlerAdapter.invokeHandlerMethod(RequestMappingHandlerAdapter.java:934)
	at org.springframework.web.servlet.mvc.method.annotation.RequestMappingHandlerAdapter.handleInternal(RequestMappingHandlerAdapter.java:853)
	at org.springframework.web.servlet.mvc.method.AbstractHandlerMethodAdapter.handle(AbstractHandlerMethodAdapter.java:86)
	at org.springframework.web.servlet.DispatcherServlet.doDispatch(DispatcherServlet.java:963)
	at org.springframework.web.servlet.DispatcherServlet.doService(DispatcherServlet.java:866)
	at org.springframework.web.servlet.FrameworkServlet.processRequest(FrameworkServlet.java:1000)
	at org.springframework.web.servlet.FrameworkServlet.service(FrameworkServlet.java:877)
	at jakarta.servlet.http.HttpServlet.service(HttpServlet.java:710)
	at org.apache.catalina.core.ApplicationFilterChain.doFilter(ApplicationFilterChain.java:128)
	at org.apache.tomcat.websocket.server.WsFilter.doFilter(WsFilter.java:53)
	at org.apache.catalina.core.ApplicationFilterChain.doFilter(ApplicationFilterChain.java:107)
	at org.springframework.web.filter.RequestContextFilter.doFilterInternal(RequestContextFilter.java:100)
	at org.springframework.web.filter.OncePerRequestFilter.doFilter(OncePerRequestFilter.java:116)
	at org.apache.catalina.core.ApplicationFilterChain.doFilter(ApplicationFilterChain.java:107)
	at org.springframework.web.filter.FormContentFilter.doFilterInternal(FormContentFilter.java:93)
	at org.springframework.web.filter.OncePerRequestFilter.doFilter(OncePerRequestFilter.java:116)
	at org.apache.catalina.core.ApplicationFilterChain.doFilter(ApplicationFilterChain.java:107)
	at org.springframework.web.filter.CharacterEncodingFilter.doFilterInternal(CharacterEncodingFilter.java:199)
	at org.springframework.web.filter.OncePerRequestFilter.doFilter(OncePerRequestFilter.java:116)
	at org.apache.catalina.core.ApplicationFilterChain.doFilter(ApplicationFilterChain.java:107)
	at org.apache.catalina.core.StandardWrapperValve.invoke(StandardWrapperValve.java:165)
	at org.apache.catalina.core.StandardContextValve.invoke(StandardContextValve.java:77)
	at org.apache.catalina.authenticator.AuthenticatorBase.invoke(AuthenticatorBase.java:492)
	at org.apache.catalina.core.StandardHostValve.invoke(StandardHostValve.java:113)
	at org.apache.catalina.valves.ErrorReportValve.invoke(ErrorReportValve.java:83)
	at org.apache.catalina.core.StandardEngineValve.invoke(StandardEngineValve.java:72)
	at org.apache.catalina.connector.CoyoteAdapter.service(CoyoteAdapter.java:341)
	at org.apache.coyote.http11.Http11Processor.service(Http11Processor.java:397)
	at org.apache.coyote.AbstractProcessorLight.process(AbstractProcessorLight.java:63)
	at org.apache.coyote.AbstractProtocol$ConnectionHandler.process(AbstractProtocol.java:903)
	at org.apache.tomcat.util.net.NioEndpoint$SocketProcessor.doRun(NioEndpoint.java:1779)
	at org.apache.tomcat.util.net.SocketProcessorBase.run(SocketProcessorBase.java:52)
	at org.apache.tomcat.util.threads.ThreadPoolExecutor.runWorker(ThreadPoolExecutor.java:946)
	at org.apache.tomcat.util.threads.ThreadPoolExecutor$Worker.run(ThreadPoolExecutor.java:480)
	at org.apache.tomcat.util.threads.TaskThread$WrappingRunnable.run(TaskThread.java:57)
	at java.base/java.lang.Thread.run(Thread.java:1570)
2026-04-12 16:22:29 | UserService | INFO  | l.c.userservice.services.UserService | The user found. ID: 'c0a80065-9d81-1ffe-819d-81b5493c0001'
2026-04-12 16:22:29 | UserService | INFO  | l.c.userservice.services.UserService | Mapping the user entity to userDTO for view
2026-04-12 16:22:29 | UserService | INFO  | l.c.userservice.services.UserService | The user found. ID: 'c0a80065-9d81-1ffe-819d-81b5493c0001'
2026-04-12 16:22:29 | UserService | INFO  | l.c.userservice.services.UserService | Mapping the user entity to userDTO for view
2026-04-12 16:22:57 | UserService | INFO  | l.c.userservice.services.UserService | The user updated. ID: 'c0a80065-9d81-1ffe-819d-81b5493c0001'
2026-04-12 16:48:11 | UserService | INFO  | l.c.userservice.services.UserService | The user found. ID: 'c0a80065-9d81-1ffe-819d-81b5493c0001'
2026-04-12 16:48:11 | UserService | INFO  | l.c.userservice.services.UserService | Mapping the user entity to userDTO for view
2026-04-12 16:49:08 | UserService | INFO  | l.c.userservice.services.UserService | The user found. ID: 'c0a80065-9d81-1ffe-819d-81b5493c0001'
2026-04-12 16:49:08 | UserService | INFO  | l.c.userservice.services.UserService | Mapping the user entity to userDTO for view
2026-04-12 16:52:30 | UserService | INFO  | l.c.userservice.services.UserService | The user found. ID: 'c0a80065-9d81-1ffe-819d-81b5493c0001'
2026-04-12 16:52:30 | UserService | INFO  | l.c.userservice.services.UserService | Mapping the user entity to userDTO for view
2026-04-12 16:59:03 | UserService | INFO  | l.c.userservice.services.UserService | The user found. ID: 'c0a80065-9d81-1ffe-819d-81b5493c0001'
2026-04-12 16:59:03 | UserService | INFO  | l.c.userservice.services.UserService | Mapping the user entity to userDTO for view
2026-04-12 17:11:32 | UserService | INFO  | l.c.userservice.services.UserService | Mapping the userDTO to entity
2026-04-12 17:11:32 | UserService | INFO  | l.c.userservice.services.UserService | User saved. ID: 'c0a80065-9d82-186c-819d-82088e0a0000'
2026-04-12 17:11:35 | UserService | INFO  | l.c.userservice.services.UserService | The user found. ID: 'c0a80065-9d82-186c-819d-82088e0a0000'
2026-04-12 17:11:35 | UserService | INFO  | l.c.userservice.services.UserService | Mapping the user entity to userDTO for view
2026-04-12 17:12:01 | UserService | INFO  | l.c.userservice.services.UserService | The user found. ID: 'c0a80065-9d82-186c-819d-82088e0a0000'
2026-04-12 17:12:01 | UserService | INFO  | l.c.userservice.services.UserService | Mapping the user entity to userDTO for view
2026-04-12 17:17:26 | UserService | INFO  | l.c.userservice.services.UserService | Mapping the userDTO to entity
2026-04-12 17:17:26 | UserService | INFO  | l.c.userservice.services.UserService | User saved. ID: 'c0a80065-9d82-1d10-819d-820df6260000'
2026-04-12 17:17:29 | UserService | INFO  | l.c.userservice.services.UserService | The user found. ID: 'c0a80065-9d82-1d10-819d-820df6260000'
2026-04-12 17:17:29 | UserService | INFO  | l.c.userservice.services.UserService | Mapping the user entity to userDTO for view
2026-04-12 17:18:41 | UserService | INFO  | o.s.boot.tomcat.GracefulShutdown | Commencing graceful shutdown. Waiting for active requests to complete
2026-04-12 17:18:41 | UserService | INFO  | o.s.boot.tomcat.GracefulShutdown | Graceful shutdown complete
2026-04-12 17:18:41 | UserService | INFO  | o.s.o.j.LocalContainerEntityManagerFactoryBean | Closing JPA EntityManagerFactory for persistence unit 'default'
2026-04-12 17:18:41 | UserService | INFO  | com.zaxxer.hikari.HikariDataSource | HikariPool-1 - Shutdown initiated...
2026-04-12 17:18:41 | UserService | INFO  | com.zaxxer.hikari.HikariDataSource | HikariPool-1 - Shutdown completed.
