2026-04-17 14:05:26 | UserService | INFO  | o.h.validator.internal.util.Version | HV000001: Hibernate Validator 9.0.1.Final
2026-04-17 14:05:26 | UserService | INFO  | l.c.u.UserServiceApplication | Starting UserServiceApplication using Java 22.0.1 with PID 1612 (D:\Library\UserService\target\classes started by vasia in D:\Library\UserService)
2026-04-17 14:05:26 | UserService | INFO  | l.c.u.UserServiceApplication | No active profile set, falling back to 1 default profile: "default"
2026-04-17 14:05:27 | UserService | INFO  | o.s.d.r.c.RepositoryConfigurationDelegate | Bootstrapping Spring Data JPA repositories in DEFAULT mode.
2026-04-17 14:05:27 | UserService | INFO  | o.s.d.r.c.RepositoryConfigurationDelegate | Finished Spring Data repository scanning in 48 ms. Found 1 JPA repository interface.
2026-04-17 14:05:28 | UserService | INFO  | o.s.boot.tomcat.TomcatWebServer | Tomcat initialized with port 8087 (http)
2026-04-17 14:05:28 | UserService | INFO  | o.a.coyote.http11.Http11NioProtocol | Initializing ProtocolHandler ["http-nio-8087"]
2026-04-17 14:05:28 | UserService | INFO  | o.a.catalina.core.StandardService | Starting service [Tomcat]
2026-04-17 14:05:28 | UserService | INFO  | o.a.catalina.core.StandardEngine | Starting Servlet engine: [Apache Tomcat/11.0.20]
2026-04-17 14:05:28 | UserService | INFO  | o.s.b.w.c.s.WebApplicationContextInitializer | Root WebApplicationContext: initialization completed in 1612 ms
2026-04-17 14:05:28 | UserService | INFO  | com.zaxxer.hikari.HikariDataSource | HikariPool-1 - Starting...
2026-04-17 14:05:28 | UserService | INFO  | com.zaxxer.hikari.pool.HikariPool | HikariPool-1 - Added connection org.postgresql.jdbc.PgConnection@4e140497
2026-04-17 14:05:28 | UserService | INFO  | com.zaxxer.hikari.HikariDataSource | HikariPool-1 - Start completed.
2026-04-17 14:05:29 | UserService | INFO  | org.hibernate.orm.jpa | HHH008540: Processing PersistenceUnitInfo [name: default]
2026-04-17 14:05:29 | UserService | INFO  | org.hibernate.orm.core | HHH000001: Hibernate ORM core version 7.2.7.Final
2026-04-17 14:05:29 | UserService | INFO  | o.s.o.j.p.SpringPersistenceUnitInfo | No LoadTimeWeaver setup: ignoring JPA class transformer
2026-04-17 14:05:29 | UserService | WARN  | org.hibernate.orm.deprecation | HHH90000025: PostgreSQLDialect does not need to be specified explicitly using 'hibernate.dialect' (remove the property setting and it will be selected by default)
2026-04-17 14:05:30 | UserService | INFO  | o.hibernate.orm.connections.pooling | HHH10001005: Database info:
	Database JDBC URL [jdbc:postgresql://localhost:5432/library_db]
	Database driver: PostgreSQL JDBC Driver
	Database dialect: PostgreSQLDialect
	Database version: 17.2
	Default catalog/schema: library_db/public
	Autocommit mode: undefined/unknown
	Isolation level: READ_COMMITTED [default READ_COMMITTED]
	JDBC fetch size: none
	Pool: DataSourceConnectionProvider
	Minimum pool size: undefined/unknown
	Maximum pool size: undefined/unknown
2026-04-17 14:05:32 | UserService | INFO  | org.hibernate.orm.core | HHH000489: No JTA platform available (set 'hibernate.transaction.jta.platform' to enable JTA platform integration)
2026-04-17 14:05:32 | UserService | INFO  | o.s.o.j.LocalContainerEntityManagerFactoryBean | Initialized JPA EntityManagerFactory for persistence unit 'default'
2026-04-17 14:05:32 | UserService | INFO  | o.s.d.j.r.q.QueryEnhancerFactories | Hibernate is in classpath; If applicable, HQL parser will be used.
2026-04-17 14:05:33 | UserService | WARN  | o.s.b.j.a.JpaBaseConfiguration$JpaWebConfiguration | spring.jpa.open-in-view is enabled by default. Therefore, database queries may be performed during view rendering. Explicitly configure spring.jpa.open-in-view to disable this warning
2026-04-17 14:05:33 | UserService | INFO  | o.a.coyote.http11.Http11NioProtocol | Starting ProtocolHandler ["http-nio-8087"]
2026-04-17 14:05:33 | UserService | INFO  | o.s.boot.tomcat.TomcatWebServer | Tomcat started on port 8087 (http) with context path '/'
2026-04-17 14:05:33 | UserService | INFO  | l.c.u.UserServiceApplication | Started UserServiceApplication in 8.172 seconds (process running for 15.715)
2026-04-17 16:01:38 | UserService | INFO  | o.s.boot.tomcat.GracefulShutdown | Commencing graceful shutdown. Waiting for active requests to complete
2026-04-17 16:01:38 | UserService | INFO  | o.s.boot.tomcat.GracefulShutdown | Graceful shutdown complete
2026-04-17 16:01:38 | UserService | INFO  | o.s.o.j.LocalContainerEntityManagerFactoryBean | Closing JPA EntityManagerFactory for persistence unit 'default'
2026-04-17 16:01:38 | UserService | INFO  | com.zaxxer.hikari.HikariDataSource | HikariPool-1 - Shutdown initiated...
2026-04-17 16:01:38 | UserService | INFO  | com.zaxxer.hikari.HikariDataSource | HikariPool-1 - Shutdown completed.
2026-04-17 16:20:49 | UserService | INFO  | o.h.validator.internal.util.Version | HV000001: Hibernate Validator 9.0.1.Final
2026-04-17 16:20:49 | UserService | INFO  | l.c.u.UserServiceApplication | Starting UserServiceApplication using Java 22.0.1 with PID 30464 (D:\Library\UserService\target\classes started by vasia in D:\Library\UserService)
2026-04-17 16:20:49 | UserService | INFO  | l.c.u.UserServiceApplication | No active profile set, falling back to 1 default profile: "default"
2026-04-17 16:20:49 | UserService | INFO  | o.s.d.r.c.RepositoryConfigurationDelegate | Bootstrapping Spring Data JPA repositories in DEFAULT mode.
2026-04-17 16:20:50 | UserService | INFO  | o.s.d.r.c.RepositoryConfigurationDelegate | Finished Spring Data repository scanning in 52 ms. Found 1 JPA repository interface.
2026-04-17 16:20:50 | UserService | INFO  | o.s.boot.tomcat.TomcatWebServer | Tomcat initialized with port 8087 (http)
2026-04-17 16:20:50 | UserService | INFO  | o.a.coyote.http11.Http11NioProtocol | Initializing ProtocolHandler ["http-nio-8087"]
2026-04-17 16:20:50 | UserService | INFO  | o.a.catalina.core.StandardService | Starting service [Tomcat]
2026-04-17 16:20:50 | UserService | INFO  | o.a.catalina.core.StandardEngine | Starting Servlet engine: [Apache Tomcat/11.0.20]
2026-04-17 16:20:50 | UserService | INFO  | o.s.b.w.c.s.WebApplicationContextInitializer | Root WebApplicationContext: initialization completed in 1341 ms
2026-04-17 16:20:50 | UserService | INFO  | com.zaxxer.hikari.HikariDataSource | HikariPool-1 - Starting...
2026-04-17 16:20:51 | UserService | INFO  | com.zaxxer.hikari.pool.HikariPool | HikariPool-1 - Added connection org.postgresql.jdbc.PgConnection@6c951ada
2026-04-17 16:20:51 | UserService | INFO  | com.zaxxer.hikari.HikariDataSource | HikariPool-1 - Start completed.
2026-04-17 16:20:51 | UserService | INFO  | org.hibernate.orm.jpa | HHH008540: Processing PersistenceUnitInfo [name: default]
2026-04-17 16:20:51 | UserService | INFO  | org.hibernate.orm.core | HHH000001: Hibernate ORM core version 7.2.7.Final
2026-04-17 16:20:51 | UserService | INFO  | o.s.o.j.p.SpringPersistenceUnitInfo | No LoadTimeWeaver setup: ignoring JPA class transformer
2026-04-17 16:20:51 | UserService | WARN  | org.hibernate.orm.deprecation | HHH90000025: PostgreSQLDialect does not need to be specified explicitly using 'hibernate.dialect' (remove the property setting and it will be selected by default)
2026-04-17 16:20:51 | UserService | INFO  | o.hibernate.orm.connections.pooling | HHH10001005: Database info:
	Database JDBC URL [jdbc:postgresql://localhost:5432/library_db]
	Database driver: PostgreSQL JDBC Driver
	Database dialect: PostgreSQLDialect
	Database version: 17.2
	Default catalog/schema: library_db/public
	Autocommit mode: undefined/unknown
	Isolation level: READ_COMMITTED [default READ_COMMITTED]
	JDBC fetch size: none
	Pool: DataSourceConnectionProvider
	Minimum pool size: undefined/unknown
	Maximum pool size: undefined/unknown
2026-04-17 16:20:52 | UserService | INFO  | org.hibernate.orm.core | HHH000489: No JTA platform available (set 'hibernate.transaction.jta.platform' to enable JTA platform integration)
2026-04-17 16:20:52 | UserService | INFO  | o.s.o.j.LocalContainerEntityManagerFactoryBean | Initialized JPA EntityManagerFactory for persistence unit 'default'
2026-04-17 16:20:52 | UserService | INFO  | o.s.d.j.r.q.QueryEnhancerFactories | Hibernate is in classpath; If applicable, HQL parser will be used.
2026-04-17 16:20:53 | UserService | WARN  | o.s.b.j.a.JpaBaseConfiguration$JpaWebConfiguration | spring.jpa.open-in-view is enabled by default. Therefore, database queries may be performed during view rendering. Explicitly configure spring.jpa.open-in-view to disable this warning
2026-04-17 16:20:53 | UserService | INFO  | o.a.coyote.http11.Http11NioProtocol | Starting ProtocolHandler ["http-nio-8087"]
2026-04-17 16:20:53 | UserService | INFO  | o.s.boot.tomcat.TomcatWebServer | Tomcat started on port 8087 (http) with context path '/'
2026-04-17 16:20:53 | UserService | INFO  | l.c.u.UserServiceApplication | Started UserServiceApplication in 5.24 seconds (process running for 6.038)
2026-04-17 16:59:33 | UserService | INFO  | o.a.c.c.C.[Tomcat].[localhost].[/] | Initializing Spring DispatcherServlet 'dispatcherServlet'
2026-04-17 16:59:33 | UserService | INFO  | o.s.web.servlet.DispatcherServlet | Initializing Servlet 'dispatcherServlet'
2026-04-17 16:59:33 | UserService | INFO  | o.s.web.servlet.DispatcherServlet | Completed initialization in 9 ms
2026-04-17 16:59:33 | UserService | WARN  | o.s.w.s.m.s.DefaultHandlerExceptionResolver | Resolved [org.springframework.web.HttpRequestMethodNotSupportedException: Request method 'POST' is not supported]
2026-04-17 17:00:31 | UserService | INFO  | o.s.boot.tomcat.GracefulShutdown | Commencing graceful shutdown. Waiting for active requests to complete
2026-04-17 17:00:31 | UserService | INFO  | o.s.boot.tomcat.GracefulShutdown | Graceful shutdown complete
2026-04-17 17:00:31 | UserService | INFO  | o.s.o.j.LocalContainerEntityManagerFactoryBean | Closing JPA EntityManagerFactory for persistence unit 'default'
2026-04-17 17:00:31 | UserService | INFO  | com.zaxxer.hikari.HikariDataSource | HikariPool-1 - Shutdown initiated...
2026-04-17 17:00:31 | UserService | INFO  | com.zaxxer.hikari.HikariDataSource | HikariPool-1 - Shutdown completed.
2026-04-17 17:00:38 | UserService | INFO  | o.h.validator.internal.util.Version | HV000001: Hibernate Validator 9.0.1.Final
2026-04-17 17:00:38 | UserService | INFO  | l.c.u.UserServiceApplication | Starting UserServiceApplication using Java 22.0.1 with PID 28244 (D:\Library\UserService\target\classes started by vasia in D:\Library\UserService)
2026-04-17 17:00:38 | UserService | INFO  | l.c.u.UserServiceApplication | No active profile set, falling back to 1 default profile: "default"
2026-04-17 17:00:39 | UserService | INFO  | o.s.d.r.c.RepositoryConfigurationDelegate | Bootstrapping Spring Data JPA repositories in DEFAULT mode.
2026-04-17 17:00:39 | UserService | INFO  | o.s.d.r.c.RepositoryConfigurationDelegate | Finished Spring Data repository scanning in 45 ms. Found 1 JPA repository interface.
2026-04-17 17:00:39 | UserService | INFO  | o.s.boot.tomcat.TomcatWebServer | Tomcat initialized with port 8087 (http)
2026-04-17 17:00:39 | UserService | INFO  | o.a.coyote.http11.Http11NioProtocol | Initializing ProtocolHandler ["http-nio-8087"]
2026-04-17 17:00:39 | UserService | INFO  | o.a.catalina.core.StandardService | Starting service [Tomcat]
2026-04-17 17:00:39 | UserService | INFO  | o.a.catalina.core.StandardEngine | Starting Servlet engine: [Apache Tomcat/11.0.20]
2026-04-17 17:00:39 | UserService | INFO  | o.s.b.w.c.s.WebApplicationContextInitializer | Root WebApplicationContext: initialization completed in 1297 ms
2026-04-17 17:00:40 | UserService | INFO  | com.zaxxer.hikari.HikariDataSource | HikariPool-1 - Starting...
2026-04-17 17:00:40 | UserService | INFO  | com.zaxxer.hikari.pool.HikariPool | HikariPool-1 - Added connection org.postgresql.jdbc.PgConnection@5a9840f3
2026-04-17 17:00:40 | UserService | INFO  | com.zaxxer.hikari.HikariDataSource | HikariPool-1 - Start completed.
2026-04-17 17:00:40 | UserService | INFO  | org.hibernate.orm.jpa | HHH008540: Processing PersistenceUnitInfo [name: default]
2026-04-17 17:00:40 | UserService | INFO  | org.hibernate.orm.core | HHH000001: Hibernate ORM core version 7.2.7.Final
2026-04-17 17:00:41 | UserService | INFO  | o.s.o.j.p.SpringPersistenceUnitInfo | No LoadTimeWeaver setup: ignoring JPA class transformer
2026-04-17 17:00:41 | UserService | WARN  | org.hibernate.orm.deprecation | HHH90000025: PostgreSQLDialect does not need to be specified explicitly using 'hibernate.dialect' (remove the property setting and it will be selected by default)
2026-04-17 17:00:41 | UserService | INFO  | o.hibernate.orm.connections.pooling | HHH10001005: Database info:
	Database JDBC URL [jdbc:postgresql://localhost:5432/library_db]
	Database driver: PostgreSQL JDBC Driver
	Database dialect: PostgreSQLDialect
	Database version: 17.2
	Default catalog/schema: library_db/public
	Autocommit mode: undefined/unknown
	Isolation level: READ_COMMITTED [default READ_COMMITTED]
	JDBC fetch size: none
	Pool: DataSourceConnectionProvider
	Minimum pool size: undefined/unknown
	Maximum pool size: undefined/unknown
2026-04-17 17:00:42 | UserService | INFO  | org.hibernate.orm.core | HHH000489: No JTA platform available (set 'hibernate.transaction.jta.platform' to enable JTA platform integration)
2026-04-17 17:00:42 | UserService | INFO  | o.s.o.j.LocalContainerEntityManagerFactoryBean | Initialized JPA EntityManagerFactory for persistence unit 'default'
2026-04-17 17:00:42 | UserService | INFO  | o.s.d.j.r.q.QueryEnhancerFactories | Hibernate is in classpath; If applicable, HQL parser will be used.
2026-04-17 17:00:42 | UserService | WARN  | o.s.b.j.a.JpaBaseConfiguration$JpaWebConfiguration | spring.jpa.open-in-view is enabled by default. Therefore, database queries may be performed during view rendering. Explicitly configure spring.jpa.open-in-view to disable this warning
2026-04-17 17:00:43 | UserService | INFO  | o.a.coyote.http11.Http11NioProtocol | Starting ProtocolHandler ["http-nio-8087"]
2026-04-17 17:00:43 | UserService | INFO  | o.s.boot.tomcat.TomcatWebServer | Tomcat started on port 8087 (http) with context path '/'
2026-04-17 17:00:43 | UserService | INFO  | l.c.u.UserServiceApplication | Started UserServiceApplication in 5.452 seconds (process running for 6.479)
2026-04-17 17:00:43 | UserService | INFO  | o.a.c.c.C.[Tomcat].[localhost].[/] | Initializing Spring DispatcherServlet 'dispatcherServlet'
2026-04-17 17:00:43 | UserService | INFO  | o.s.web.servlet.DispatcherServlet | Initializing Servlet 'dispatcherServlet'
2026-04-17 17:00:43 | UserService | INFO  | o.s.web.servlet.DispatcherServlet | Completed initialization in 1 ms
2026-04-17 17:07:29 | UserService | INFO  | o.s.boot.tomcat.GracefulShutdown | Commencing graceful shutdown. Waiting for active requests to complete
2026-04-17 17:07:29 | UserService | INFO  | o.s.boot.tomcat.GracefulShutdown | Graceful shutdown complete
2026-04-17 17:07:29 | UserService | INFO  | o.s.o.j.LocalContainerEntityManagerFactoryBean | Closing JPA EntityManagerFactory for persistence unit 'default'
2026-04-17 17:07:29 | UserService | INFO  | com.zaxxer.hikari.HikariDataSource | HikariPool-1 - Shutdown initiated...
2026-04-17 17:07:29 | UserService | INFO  | com.zaxxer.hikari.HikariDataSource | HikariPool-1 - Shutdown completed.
